#
# A fatal error has been detected by the Java Runtime Environment:
#
#  SIGSEGV (0xb) at pc=0x00007f5efbb5dc6a, pid=2008143, tid=2008158
#
# JRE version: OpenJDK Runtime Environment (11.0.13+8) (build 11.0.13+8)
# Java VM: OpenJDK 64-Bit Server VM (11.0.13+8, mixed mode, tiered, compressed oops, g1 gc, linux-amd64)
# Problematic frame:
# V  [libjvm.so+0x5b7c6a]
#
# Core dump will be written. Default location: Core dumps may be processed with "/usr/lib/systemd/systemd-coredump %P %u %g %s %t %c %h" (or dumping to /home/stepanov/workspace/guidedBBF/bbfgradle/core.2008143)
#
# If you would like to submit a bug report, please visit:
#   https://bugreport.java.com/bugreport/crash.jsp
#

---------------  S U M M A R Y ------------

Command Line: Tmp0Kt

Host: Intel(R) Core(TM) i7-4790 CPU @ 3.60GHz, 8 cores, 31G, Arch Linux
Time: Fri Dec  3 01:19:38 2021 MSK elapsed time: 0.158563 seconds (0d 0h 0m 0s)

---------------  T H R E A D  ---------------

Current thread (0x00007f5ef4277000):  JavaThread "C2 CompilerThread0" daemon [_thread_in_native, id=2008158, stack(0x00007f5ec45a4000,0x00007f5ec46a5000)]


Current CompileTask:
C2:    158  272 %     4       kotlin.UnsignedKt::ulongCompare @ 166 (12 bytes)

Stack: [0x00007f5ec45a4000,0x00007f5ec46a5000],  sp=0x00007f5ec46a1d70,  free space=1015k
Native frames: (J=compiled Java code, A=aot compiled Java code, j=interpreted, Vv=VM code, C=native code)
V  [libjvm.so+0x5b7c6a]
V  [libjvm.so+0x5b7de2]
V  [libjvm.so+0x594f9d]
V  [libjvm.so+0xc34b84]
V  [libjvm.so+0x55b19c]
V  [libjvm.so+0x63045e]
V  [libjvm.so+0x55a4c5]
V  [libjvm.so+0x6394c6]
V  [libjvm.so+0x63a788]
V  [libjvm.so+0xd9c2f8]
V  [libjvm.so+0xd997d1]
V  [libjvm.so+0xc03641]


siginfo: si_signo: 11 (SIGSEGV), si_code: 1 (SEGV_MAPERR), si_addr: 0x0000000000000014

Register to memory mapping:

RAX=0x0000000000000014 is an unknown value
RBX=0x00007f5e981c4c50 points into unknown readable memory: 0x00007f5ec46a3970 | 70 39 6a c4 5e 7f 00 00
RCX=0x0 is NULL
RDX=0x00007f5e98206450 points into unknown readable memory: 0x00007f5e98206460 | 60 64 20 98 5e 7f 00 00
RSP=0x00007f5ec46a1d70 is pointing into the stack for thread: 0x00007f5ef4277000
RBP=0x00007f5ec46a1dd0 is pointing into the stack for thread: 0x00007f5ef4277000
RSI=0x00000000000000a6 is an unknown value
RDI=0x00007f5e981c4c50 points into unknown readable memory: 0x00007f5ec46a3970 | 70 39 6a c4 5e 7f 00 00
R8 =0x00007f5e981c3650 points into unknown readable memory: 0x00007f5efc66bfb8 | b8 bf 66 fc 5e 7f 00 00
R9 =0x00000000ffffffff is an unknown value
R10=0x00007f5e80002440 points into unknown readable memory: 0x00000000000007f0 | f0 07 00 00 00 00 00 00
R11=0x00007f5e981c460c points into unknown readable memory: 00 00 00 00
R12=0x00007f5ef4277bd0 points into unknown readable memory: 0x00007f5e00000006 | 06 00 00 00 5e 7f 00 00
R13=0x00007f5e98206450 points into unknown readable memory: 0x00007f5e98206460 | 60 64 20 98 5e 7f 00 00
R14=0x00007f5e98206420 points into unknown readable memory: 0x00007f5e981c4ce0 | e0 4c 1c 98 5e 7f 00 00
R15=0x00007f5e98202ad0 points into unknown readable memory: 0x0000000000000000 | 00 00 00 00 00 00 00 00


Registers:
RAX=0x0000000000000014, RBX=0x00007f5e981c4c50, RCX=0x0000000000000000, RDX=0x00007f5e98206450
RSP=0x00007f5ec46a1d70, RBP=0x00007f5ec46a1dd0, RSI=0x00000000000000a6, RDI=0x00007f5e981c4c50
R8 =0x00007f5e981c3650, R9 =0x00000000ffffffff, R10=0x00007f5e80002440, R11=0x00007f5e981c460c
R12=0x00007f5ef4277bd0, R13=0x00007f5e98206450, R14=0x00007f5e98206420, R15=0x00007f5e98202ad0
RIP=0x00007f5efbb5dc6a, EFLAGS=0x0000000000010246, CSGSFS=0x002b000000000033, ERR=0x0000000000000004
  TRAPNO=0x000000000000000e

Top of Stack: (sp=0x00007f5ec46a1d70)
0x00007f5ec46a1d70:   00007f5e9c15cb30 0000000000000000
0x00007f5ec46a1d80:   00007f5e98202ad0 00007f5e98206420
0x00007f5ec46a1d90:   00000000000083b0 00007f5e9820aab8
0x00007f5ec46a1da0:   00007f5ec46a2cf0 00007f5ec46a1e80 

Instructions: (pc=0x00007f5efbb5dc6a)
0x00007f5efbb5db6a:   48 85 ff 74 16 48 8d 15 e8 7c 8e 00 48 8d 35 23
0x00007f5efbb5db7a:   7d 8e 00 31 c0 67 e8 fb 22 88 00 48 83 7b 30 00
0x00007f5efbb5db8a:   0f 85 a0 fd ff ff 48 8d 05 c7 7c 8e 00 48 89 43
0x00007f5efbb5db9a:   30 e9 90 fd ff ff 4d 89 4d 50 89 95 70 ff ff ff
0x00007f5efbb5dbaa:   4c 89 6b 50 e9 47 fd ff ff 31 c0 eb 8c 90 0f 1f
0x00007f5efbb5dbba:   84 00 00 00 00 00 55 48 89 e5 41 57 41 56 41 55
0x00007f5efbb5dbca:   41 54 53 48 89 fb 48 83 ec 38 66 48 8d 3d 04 63
0x00007f5efbb5dbda:   bc 00 66 48 ff 15 3c 5d bc 00 31 f6 bf 28 00 00
0x00007f5efbb5dbea:   00 48 8b 00 4c 8b a0 78 02 00 00 49 8b 44 24 20
0x00007f5efbb5dbfa:   f3 41 0f 6f 4c 24 10 48 89 45 c8 49 8b 44 24 28
0x00007f5efbb5dc0a:   66 49 0f 7e cf 0f 29 4d b0 48 89 45 c0 67 e8 13
0x00007f5efbb5dc1a:   62 6f 00 49 89 c6 48 85 c0 74 0b 48 89 de 48 89
0x00007f5efbb5dc2a:   c7 e8 d0 77 ff ff 31 f6 bf 08 00 00 00 67 e8 f3
0x00007f5efbb5dc3a:   61 6f 00 49 89 c5 48 85 c0 74 08 48 89 c7 e8 83
0x00007f5efbb5dc4a:   72 ff ff 8b 73 18 31 c0 48 8b 7b 10 83 fe ff 0f
0x00007f5efbb5dc5a:   44 f0 67 e8 4e 51 fe ff 31 c9 4c 89 ea 48 89 df
0x00007f5efbb5dc6a:   8b 30 e8 3f c3 ff ff 48 89 df 48 89 45 a8 e8 93
0x00007f5efbb5dc7a:   ee ff ff 48 8b 13 48 83 7a 60 00 74 49 49 83 3f
0x00007f5efbb5dc8a:   00 74 16 4c 89 e7 48 8b 75 c0 67 e8 f6 16 e7 ff
0x00007f5efbb5dc9a:   4c 89 ff 67 e8 fd 08 e7 ff 66 0f 6f 55 b0 48 8b
0x00007f5efbb5dcaa:   45 c8 41 0f 11 54 24 10 49 89 44 24 20 48 83 c4
0x00007f5efbb5dcba:   38 5b 41 5c 41 5d 41 5e 41 5f 5d c3 66 2e 0f 1f
0x00007f5efbb5dcca:   84 00 00 00 00 00 48 83 7b 30 00 75 b0 48 8b 4d
0x00007f5efbb5dcda:   a8 48 89 c6 48 8b 79 28 e8 59 78 ff ff 48 8b 75
0x00007f5efbb5dcea:   a8 48 89 df 4d 89 e8 4c 89 f1 ba 01 00 00 00 e8
0x00007f5efbb5dcfa:   32 fa ff ff 48 8b 3b 48 83 7f 60 00 0f 85 7b ff
0x00007f5efbb5dd0a:   ff ff 48 83 7b 30 00 0f 85 70 ff ff ff 48 8b 43
0x00007f5efbb5dd1a:   68 48 83 78 10 00 74 30 67 e8 78 e3 fc ff 83 f8
0x00007f5efbb5dd2a:   03 7e 25 eb 31 90 48 8b 46 50 4c 89 e9 4c 89 f2
0x00007f5efbb5dd3a:   48 89 df 48 89 43 50 48 c7 46 50 00 00 00 00 c6
0x00007f5efbb5dd4a:   46 4b 00 e8 6e e8 ff ff 48 8b 73 50 48 85 f6 75
0x00007f5efbb5dd5a:   d5 e9 27 ff ff ff 48 8b 73 68 4c 89 e9 4c 89 f2 


Stack slot to memory mapping:
stack at sp + 0 slots: 0x00007f5e9c15cb30 points into unknown readable memory: 0x00007f5efc678430 | 30 84 67 fc 5e 7f 00 00
stack at sp + 1 slots: 0x0 is NULL
stack at sp + 2 slots: 0x00007f5e98202ad0 points into unknown readable memory: 0x0000000000000000 | 00 00 00 00 00 00 00 00
stack at sp + 3 slots: 0x00007f5e98206420 points into unknown readable memory: 0x00007f5e981c4ce0 | e0 4c 1c 98 5e 7f 00 00
stack at sp + 4 slots: 0x00000000000083b0 is an unknown value
stack at sp + 5 slots: 0x00007f5e9820aab8 points into unknown readable memory: 0x0000000000007ff5 | f5 7f 00 00 00 00 00 00
stack at sp + 6 slots: 0x00007f5ec46a2cf0 is pointing into the stack for thread: 0x00007f5ef4277000
stack at sp + 7 slots: 0x00007f5ec46a1e80 is pointing into the stack for thread: 0x00007f5ef4277000


---------------  P R O C E S S  ---------------

Threads class SMR info:
_java_thread_list=0x00007f5e9c0bf5d0, length=11, elements={
0x00007f5ef4016800, 0x00007f5ef425a000, 0x00007f5ef425e000, 0x00007f5ef4273000,
0x00007f5ef4275000, 0x00007f5ef4277000, 0x00007f5ef4279000, 0x00007f5ef427b800,
0x00007f5ef4353800, 0x00007f5e9c073000, 0x00007f5e9c0be000
}

Java Threads: ( => current thread )
  0x00007f5ef4016800 JavaThread "main" [_thread_in_Java, id=2008147, stack(0x00007f5efb130000,0x00007f5efb231000)]
  0x00007f5ef425a000 JavaThread "Reference Handler" daemon [_thread_blocked, id=2008154, stack(0x00007f5ec4c90000,0x00007f5ec4d91000)]
  0x00007f5ef425e000 JavaThread "Finalizer" daemon [_thread_blocked, id=2008155, stack(0x00007f5ec4b8f000,0x00007f5ec4c90000)]
  0x00007f5ef4273000 JavaThread "Signal Dispatcher" daemon [_thread_blocked, id=2008156, stack(0x00007f5ec47a6000,0x00007f5ec48a7000)]
  0x00007f5ef4275000 JavaThread "Service Thread" daemon [_thread_blocked, id=2008157, stack(0x00007f5ec46a5000,0x00007f5ec47a6000)]
=>0x00007f5ef4277000 JavaThread "C2 CompilerThread0" daemon [_thread_in_native, id=2008158, stack(0x00007f5ec45a4000,0x00007f5ec46a5000)]
  0x00007f5ef4279000 JavaThread "C1 CompilerThread0" daemon [_thread_blocked, id=2008159, stack(0x00007f5ec44a3000,0x00007f5ec45a4000)]
  0x00007f5ef427b800 JavaThread "Sweeper thread" daemon [_thread_blocked, id=2008160, stack(0x00007f5ec43a2000,0x00007f5ec44a3000)]
  0x00007f5ef4353800 JavaThread "Common-Cleaner" daemon [_thread_blocked, id=2008162, stack(0x00007f5ec419f000,0x00007f5ec42a0000)]
  0x00007f5e9c073000 JavaThread "C2 CompilerThread1" daemon [_thread_blocked, id=2008163, stack(0x00007f5ec409e000,0x00007f5ec419f000)]
  0x00007f5e9c0be000 JavaThread "C2 CompilerThread2" daemon [_thread_blocked, id=2008164, stack(0x00007f5e87eff000,0x00007f5e88000000)]

Other Threads:
  0x00007f5ef4252000 VMThread "VM Thread" [stack: 0x00007f5ec4d93000,0x00007f5ec4e93000] [id=2008153] _threads_hazard_ptr=0x00007f5e9c0bf5d0
  0x00007f5ef4342000 WatcherThread [stack: 0x00007f5ec42a2000,0x00007f5ec43a2000] [id=2008161]
  0x00007f5ef402e800 GCTaskThread "GC Thread#0" [stack: 0x00007f5efae04000,0x00007f5efaf04000] [id=2008148]
  0x00007f5eb4001000 GCTaskThread "GC Thread#1" [stack: 0x00007f5e87dff000,0x00007f5e87eff000] [id=2008165]
  0x00007f5eb4002800 GCTaskThread "GC Thread#2" [stack: 0x00007f5e87cfd000,0x00007f5e87dfd000] [id=2008166]
  0x00007f5eb4004000 GCTaskThread "GC Thread#3" [stack: 0x00007f5e87bfb000,0x00007f5e87cfb000] [id=2008167]
  0x00007f5eb4005800 GCTaskThread "GC Thread#4" [stack: 0x00007f5e87af9000,0x00007f5e87bf9000] [id=2008168]
  0x00007f5eb4007800 GCTaskThread "GC Thread#5" [stack: 0x00007f5e879f7000,0x00007f5e87af7000] [id=2008169]
  0x00007f5eb4009000 GCTaskThread "GC Thread#6" [stack: 0x00007f5e878f5000,0x00007f5e879f5000] [id=2008170]
  0x00007f5eb400b000 GCTaskThread "GC Thread#7" [stack: 0x00007f5e877f3000,0x00007f5e878f3000] [id=2008171]
  0x00007f5ef4069000 ConcurrentGCThread "G1 Main Marker" [stack: 0x00007f5ef847f000,0x00007f5ef857f000] [id=2008149]
  0x00007f5ef406a800 ConcurrentGCThread "G1 Conc#0" [stack: 0x00007f5ef837d000,0x00007f5ef847d000] [id=2008150]
  0x00007f5ef41ec800 ConcurrentGCThread "G1 Refine#0" [stack: 0x00007f5edc24e000,0x00007f5edc34e000] [id=2008151]
  0x00007f5ef41ee000 ConcurrentGCThread "G1 Young RemSet Sampling" [stack: 0x00007f5edc14c000,0x00007f5edc24c000] [id=2008152]

Threads with active compile tasks:
C2 CompilerThread0    160  272 %     4       kotlin.UnsignedKt::ulongCompare @ 166 (12 bytes)
C2 CompilerThread1    160  248       4       coverage.MyMethodBasedCoverage::putEntry (86 bytes)
C2 CompilerThread2    160  226       4       java.util.HashMap::putVal (300 bytes)

VM state:synchronizing (normal execution)

VM Mutex/Monitor currently owned by a thread:  ([mutex/lock_event])
[0x00007f5ef4012790] Safepoint_lock - owner thread: 0x00007f5ef4252000
[0x00007f5ef4012820] Threads_lock - owner thread: 0x00007f5ef4252000

Heap address: 0x000000060c600000, size: 7994 MB, Compressed Oops mode: Zero based, Oop shift amount: 3
Narrow klass base: 0x0000000800000000, Narrow klass shift: 0
Compressed class space size: 1073741824 Address: 0x0000000800000000

Heap:
 garbage-first heap   total 512000K, used 1229K [0x000000060c600000, 0x0000000800000000)
  region size 2048K, 2 young (4096K), 1 survivors (2048K)
 Metaspace       used 5962K, capacity 6064K, committed 6144K, reserved 1056768K
  class space    used 424K, capacity 464K, committed 512K, reserved 1048576K
Heap Regions: E=young(eden), S=young(survivor), O=old, HS=humongous(starts), HC=humongous(continues), CS=collection set, F=free, A=archive, TAMS=top-at-mark-start (previous, next)
|   0|0x000000060c600000, 0x000000060c600000, 0x000000060c800000|  0%| F|  |TAMS 0x000000060c600000, 0x000000060c600000| Untracked 
|   1|0x000000060c800000, 0x000000060c800000, 0x000000060ca00000|  0%| F|  |TAMS 0x000000060c800000, 0x000000060c800000| Untracked 
|   2|0x000000060ca00000, 0x000000060ca00000, 0x000000060cc00000|  0%| F|  |TAMS 0x000000060ca00000, 0x000000060ca00000| Untracked 
|   3|0x000000060cc00000, 0x000000060cc00000, 0x000000060ce00000|  0%| F|  |TAMS 0x000000060cc00000, 0x000000060cc00000| Untracked 
|   4|0x000000060ce00000, 0x000000060ce00000, 0x000000060d000000|  0%| F|  |TAMS 0x000000060ce00000, 0x000000060ce00000| Untracked 
|   5|0x000000060d000000, 0x000000060d000000, 0x000000060d200000|  0%| F|  |TAMS 0x000000060d000000, 0x000000060d000000| Untracked 
|   6|0x000000060d200000, 0x000000060d200000, 0x000000060d400000|  0%| F|  |TAMS 0x000000060d200000, 0x000000060d200000| Untracked 
|   7|0x000000060d400000, 0x000000060d400000, 0x000000060d600000|  0%| F|  |TAMS 0x000000060d400000, 0x000000060d400000| Untracked 
|   8|0x000000060d600000, 0x000000060d600000, 0x000000060d800000|  0%| F|  |TAMS 0x000000060d600000, 0x000000060d600000| Untracked 
|   9|0x000000060d800000, 0x000000060d800000, 0x000000060da00000|  0%| F|  |TAMS 0x000000060d800000, 0x000000060d800000| Untracked 
|  10|0x000000060da00000, 0x000000060da00000, 0x000000060dc00000|  0%| F|  |TAMS 0x000000060da00000, 0x000000060da00000| Untracked 
|  11|0x000000060dc00000, 0x000000060dc00000, 0x000000060de00000|  0%| F|  |TAMS 0x000000060dc00000, 0x000000060dc00000| Untracked 
|  12|0x000000060de00000, 0x000000060de00000, 0x000000060e000000|  0%| F|  |TAMS 0x000000060de00000, 0x000000060de00000| Untracked 
|  13|0x000000060e000000, 0x000000060e000000, 0x000000060e200000|  0%| F|  |TAMS 0x000000060e000000, 0x000000060e000000| Untracked 
|  14|0x000000060e200000, 0x000000060e200000, 0x000000060e400000|  0%| F|  |TAMS 0x000000060e200000, 0x000000060e200000| Untracked 
|  15|0x000000060e400000, 0x000000060e400000, 0x000000060e600000|  0%| F|  |TAMS 0x000000060e400000, 0x000000060e400000| Untracked 
|  16|0x000000060e600000, 0x000000060e600000, 0x000000060e800000|  0%| F|  |TAMS 0x000000060e600000, 0x000000060e600000| Untracked 
|  17|0x000000060e800000, 0x000000060e800000, 0x000000060ea00000|  0%| F|  |TAMS 0x000000060e800000, 0x000000060e800000| Untracked 
|  18|0x000000060ea00000, 0x000000060ea00000, 0x000000060ec00000|  0%| F|  |TAMS 0x000000060ea00000, 0x000000060ea00000| Untracked 
|  19|0x000000060ec00000, 0x000000060ec00000, 0x000000060ee00000|  0%| F|  |TAMS 0x000000060ec00000, 0x000000060ec00000| Untracked 
|  20|0x000000060ee00000, 0x000000060ee00000, 0x000000060f000000|  0%| F|  |TAMS 0x000000060ee00000, 0x000000060ee00000| Untracked 
|  21|0x000000060f000000, 0x000000060f000000, 0x000000060f200000|  0%| F|  |TAMS 0x000000060f000000, 0x000000060f000000| Untracked 
|  22|0x000000060f200000, 0x000000060f200000, 0x000000060f400000|  0%| F|  |TAMS 0x000000060f200000, 0x000000060f200000| Untracked 
|  23|0x000000060f400000, 0x000000060f400000, 0x000000060f600000|  0%| F|  |TAMS 0x000000060f400000, 0x000000060f400000| Untracked 
|  24|0x000000060f600000, 0x000000060f600000, 0x000000060f800000|  0%| F|  |TAMS 0x000000060f600000, 0x000000060f600000| Untracked 
|  25|0x000000060f800000, 0x000000060f800000, 0x000000060fa00000|  0%| F|  |TAMS 0x000000060f800000, 0x000000060f800000| Untracked 
|  26|0x000000060fa00000, 0x000000060fa00000, 0x000000060fc00000|  0%| F|  |TAMS 0x000000060fa00000, 0x000000060fa00000| Untracked 
|  27|0x000000060fc00000, 0x000000060fc00000, 0x000000060fe00000|  0%| F|  |TAMS 0x000000060fc00000, 0x000000060fc00000| Untracked 
|  28|0x000000060fe00000, 0x000000060fe00000, 0x0000000610000000|  0%| F|  |TAMS 0x000000060fe00000, 0x000000060fe00000| Untracked 
|  29|0x0000000610000000, 0x0000000610000000, 0x0000000610200000|  0%| F|  |TAMS 0x0000000610000000, 0x0000000610000000| Untracked 
|  30|0x0000000610200000, 0x0000000610200000, 0x0000000610400000|  0%| F|  |TAMS 0x0000000610200000, 0x0000000610200000| Untracked 
|  31|0x0000000610400000, 0x0000000610400000, 0x0000000610600000|  0%| F|  |TAMS 0x0000000610400000, 0x0000000610400000| Untracked 
|  32|0x0000000610600000, 0x0000000610600000, 0x0000000610800000|  0%| F|  |TAMS 0x0000000610600000, 0x0000000610600000| Untracked 
|  33|0x0000000610800000, 0x0000000610800000, 0x0000000610a00000|  0%| F|  |TAMS 0x0000000610800000, 0x0000000610800000| Untracked 
|  34|0x0000000610a00000, 0x0000000610a00000, 0x0000000610c00000|  0%| F|  |TAMS 0x0000000610a00000, 0x0000000610a00000| Untracked 
|  35|0x0000000610c00000, 0x0000000610c00000, 0x0000000610e00000|  0%| F|  |TAMS 0x0000000610c00000, 0x0000000610c00000| Untracked 
|  36|0x0000000610e00000, 0x0000000610e00000, 0x0000000611000000|  0%| F|  |TAMS 0x0000000610e00000, 0x0000000610e00000| Untracked 
|  37|0x0000000611000000, 0x0000000611000000, 0x0000000611200000|  0%| F|  |TAMS 0x0000000611000000, 0x0000000611000000| Untracked 
|  38|0x0000000611200000, 0x0000000611200000, 0x0000000611400000|  0%| F|  |TAMS 0x0000000611200000, 0x0000000611200000| Untracked 
|  39|0x0000000611400000, 0x0000000611400000, 0x0000000611600000|  0%| F|  |TAMS 0x0000000611400000, 0x0000000611400000| Untracked 
|  40|0x0000000611600000, 0x0000000611600000, 0x0000000611800000|  0%| F|  |TAMS 0x0000000611600000, 0x0000000611600000| Untracked 
|  41|0x0000000611800000, 0x0000000611800000, 0x0000000611a00000|  0%| F|  |TAMS 0x0000000611800000, 0x0000000611800000| Untracked 
|  42|0x0000000611a00000, 0x0000000611a00000, 0x0000000611c00000|  0%| F|  |TAMS 0x0000000611a00000, 0x0000000611a00000| Untracked 
|  43|0x0000000611c00000, 0x0000000611c00000, 0x0000000611e00000|  0%| F|  |TAMS 0x0000000611c00000, 0x0000000611c00000| Untracked 
|  44|0x0000000611e00000, 0x0000000611e00000, 0x0000000612000000|  0%| F|  |TAMS 0x0000000611e00000, 0x0000000611e00000| Untracked 
|  45|0x0000000612000000, 0x0000000612000000, 0x0000000612200000|  0%| F|  |TAMS 0x0000000612000000, 0x0000000612000000| Untracked 
|  46|0x0000000612200000, 0x0000000612200000, 0x0000000612400000|  0%| F|  |TAMS 0x0000000612200000, 0x0000000612200000| Untracked 
|  47|0x0000000612400000, 0x0000000612400000, 0x0000000612600000|  0%| F|  |TAMS 0x0000000612400000, 0x0000000612400000| Untracked 
|  48|0x0000000612600000, 0x0000000612600000, 0x0000000612800000|  0%| F|  |TAMS 0x0000000612600000, 0x0000000612600000| Untracked 
|  49|0x0000000612800000, 0x0000000612800000, 0x0000000612a00000|  0%| F|  |TAMS 0x0000000612800000, 0x0000000612800000| Untracked 
|  50|0x0000000612a00000, 0x0000000612a00000, 0x0000000612c00000|  0%| F|  |TAMS 0x0000000612a00000, 0x0000000612a00000| Untracked 
|  51|0x0000000612c00000, 0x0000000612c00000, 0x0000000612e00000|  0%| F|  |TAMS 0x0000000612c00000, 0x0000000612c00000| Untracked 
|  52|0x0000000612e00000, 0x0000000612e00000, 0x0000000613000000|  0%| F|  |TAMS 0x0000000612e00000, 0x0000000612e00000| Untracked 
|  53|0x0000000613000000, 0x0000000613000000, 0x0000000613200000|  0%| F|  |TAMS 0x0000000613000000, 0x0000000613000000| Untracked 
|  54|0x0000000613200000, 0x0000000613200000, 0x0000000613400000|  0%| F|  |TAMS 0x0000000613200000, 0x0000000613200000| Untracked 
|  55|0x0000000613400000, 0x0000000613400000, 0x0000000613600000|  0%| F|  |TAMS 0x0000000613400000, 0x0000000613400000| Untracked 
|  56|0x0000000613600000, 0x0000000613600000, 0x0000000613800000|  0%| F|  |TAMS 0x0000000613600000, 0x0000000613600000| Untracked 
|  57|0x0000000613800000, 0x0000000613800000, 0x0000000613a00000|  0%| F|  |TAMS 0x0000000613800000, 0x0000000613800000| Untracked 
|  58|0x0000000613a00000, 0x0000000613a00000, 0x0000000613c00000|  0%| F|  |TAMS 0x0000000613a00000, 0x0000000613a00000| Untracked 
|  59|0x0000000613c00000, 0x0000000613c00000, 0x0000000613e00000|  0%| F|  |TAMS 0x0000000613c00000, 0x0000000613c00000| Untracked 
|  60|0x0000000613e00000, 0x0000000613e00000, 0x0000000614000000|  0%| F|  |TAMS 0x0000000613e00000, 0x0000000613e00000| Untracked 
|  61|0x0000000614000000, 0x0000000614000000, 0x0000000614200000|  0%| F|  |TAMS 0x0000000614000000, 0x0000000614000000| Untracked 
|  62|0x0000000614200000, 0x0000000614200000, 0x0000000614400000|  0%| F|  |TAMS 0x0000000614200000, 0x0000000614200000| Untracked 
|  63|0x0000000614400000, 0x0000000614400000, 0x0000000614600000|  0%| F|  |TAMS 0x0000000614400000, 0x0000000614400000| Untracked 
|  64|0x0000000614600000, 0x0000000614600000, 0x0000000614800000|  0%| F|  |TAMS 0x0000000614600000, 0x0000000614600000| Untracked 
|  65|0x0000000614800000, 0x0000000614800000, 0x0000000614a00000|  0%| F|  |TAMS 0x0000000614800000, 0x0000000614800000| Untracked 
|  66|0x0000000614a00000, 0x0000000614a00000, 0x0000000614c00000|  0%| F|  |TAMS 0x0000000614a00000, 0x0000000614a00000| Untracked 
|  67|0x0000000614c00000, 0x0000000614c00000, 0x0000000614e00000|  0%| F|  |TAMS 0x0000000614c00000, 0x0000000614c00000| Untracked 
|  68|0x0000000614e00000, 0x0000000614e00000, 0x0000000615000000|  0%| F|  |TAMS 0x0000000614e00000, 0x0000000614e00000| Untracked 
|  69|0x0000000615000000, 0x0000000615000000, 0x0000000615200000|  0%| F|  |TAMS 0x0000000615000000, 0x0000000615000000| Untracked 
|  70|0x0000000615200000, 0x0000000615200000, 0x0000000615400000|  0%| F|  |TAMS 0x0000000615200000, 0x0000000615200000| Untracked 
|  71|0x0000000615400000, 0x0000000615400000, 0x0000000615600000|  0%| F|  |TAMS 0x0000000615400000, 0x0000000615400000| Untracked 
|  72|0x0000000615600000, 0x0000000615600000, 0x0000000615800000|  0%| F|  |TAMS 0x0000000615600000, 0x0000000615600000| Untracked 
|  73|0x0000000615800000, 0x0000000615800000, 0x0000000615a00000|  0%| F|  |TAMS 0x0000000615800000, 0x0000000615800000| Untracked 
|  74|0x0000000615a00000, 0x0000000615a00000, 0x0000000615c00000|  0%| F|  |TAMS 0x0000000615a00000, 0x0000000615a00000| Untracked 
|  75|0x0000000615c00000, 0x0000000615c00000, 0x0000000615e00000|  0%| F|  |TAMS 0x0000000615c00000, 0x0000000615c00000| Untracked 
|  76|0x0000000615e00000, 0x0000000615e00000, 0x0000000616000000|  0%| F|  |TAMS 0x0000000615e00000, 0x0000000615e00000| Untracked 
|  77|0x0000000616000000, 0x0000000616000000, 0x0000000616200000|  0%| F|  |TAMS 0x0000000616000000, 0x0000000616000000| Untracked 
|  78|0x0000000616200000, 0x0000000616200000, 0x0000000616400000|  0%| F|  |TAMS 0x0000000616200000, 0x0000000616200000| Untracked 
|  79|0x0000000616400000, 0x0000000616400000, 0x0000000616600000|  0%| F|  |TAMS 0x0000000616400000, 0x0000000616400000| Untracked 
|  80|0x0000000616600000, 0x0000000616600000, 0x0000000616800000|  0%| F|  |TAMS 0x0000000616600000, 0x0000000616600000| Untracked 
|  81|0x0000000616800000, 0x0000000616800000, 0x0000000616a00000|  0%| F|  |TAMS 0x0000000616800000, 0x0000000616800000| Untracked 
|  82|0x0000000616a00000, 0x0000000616a00000, 0x0000000616c00000|  0%| F|  |TAMS 0x0000000616a00000, 0x0000000616a00000| Untracked 
|  83|0x0000000616c00000, 0x0000000616c00000, 0x0000000616e00000|  0%| F|  |TAMS 0x0000000616c00000, 0x0000000616c00000| Untracked 
|  84|0x0000000616e00000, 0x0000000616e00000, 0x0000000617000000|  0%| F|  |TAMS 0x0000000616e00000, 0x0000000616e00000| Untracked 
|  85|0x0000000617000000, 0x0000000617000000, 0x0000000617200000|  0%| F|  |TAMS 0x0000000617000000, 0x0000000617000000| Untracked 
|  86|0x0000000617200000, 0x0000000617200000, 0x0000000617400000|  0%| F|  |TAMS 0x0000000617200000, 0x0000000617200000| Untracked 
|  87|0x0000000617400000, 0x0000000617400000, 0x0000000617600000|  0%| F|  |TAMS 0x0000000617400000, 0x0000000617400000| Untracked 
|  88|0x0000000617600000, 0x0000000617600000, 0x0000000617800000|  0%| F|  |TAMS 0x0000000617600000, 0x0000000617600000| Untracked 
|  89|0x0000000617800000, 0x0000000617800000, 0x0000000617a00000|  0%| F|  |TAMS 0x0000000617800000, 0x0000000617800000| Untracked 
|  90|0x0000000617a00000, 0x0000000617a00000, 0x0000000617c00000|  0%| F|  |TAMS 0x0000000617a00000, 0x0000000617a00000| Untracked 
|  91|0x0000000617c00000, 0x0000000617c00000, 0x0000000617e00000|  0%| F|  |TAMS 0x0000000617c00000, 0x0000000617c00000| Untracked 
|  92|0x0000000617e00000, 0x0000000617e00000, 0x0000000618000000|  0%| F|  |TAMS 0x0000000617e00000, 0x0000000617e00000| Untracked 
|  93|0x0000000618000000, 0x0000000618000000, 0x0000000618200000|  0%| F|  |TAMS 0x0000000618000000, 0x0000000618000000| Untracked 
|  94|0x0000000618200000, 0x0000000618200000, 0x0000000618400000|  0%| F|  |TAMS 0x0000000618200000, 0x0000000618200000| Untracked 
|  95|0x0000000618400000, 0x0000000618400000, 0x0000000618600000|  0%| F|  |TAMS 0x0000000618400000, 0x0000000618400000| Untracked 
|  96|0x0000000618600000, 0x0000000618600000, 0x0000000618800000|  0%| F|  |TAMS 0x0000000618600000, 0x0000000618600000| Untracked 
|  97|0x0000000618800000, 0x0000000618800000, 0x0000000618a00000|  0%| F|  |TAMS 0x0000000618800000, 0x0000000618800000| Untracked 
|  98|0x0000000618a00000, 0x0000000618a00000, 0x0000000618c00000|  0%| F|  |TAMS 0x0000000618a00000, 0x0000000618a00000| Untracked 
|  99|0x0000000618c00000, 0x0000000618c00000, 0x0000000618e00000|  0%| F|  |TAMS 0x0000000618c00000, 0x0000000618c00000| Untracked 
| 100|0x0000000618e00000, 0x0000000618e00000, 0x0000000619000000|  0%| F|  |TAMS 0x0000000618e00000, 0x0000000618e00000| Untracked 
| 101|0x0000000619000000, 0x0000000619000000, 0x0000000619200000|  0%| F|  |TAMS 0x0000000619000000, 0x0000000619000000| Untracked 
| 102|0x0000000619200000, 0x0000000619200000, 0x0000000619400000|  0%| F|  |TAMS 0x0000000619200000, 0x0000000619200000| Untracked 
| 103|0x0000000619400000, 0x0000000619400000, 0x0000000619600000|  0%| F|  |TAMS 0x0000000619400000, 0x0000000619400000| Untracked 
| 104|0x0000000619600000, 0x0000000619600000, 0x0000000619800000|  0%| F|  |TAMS 0x0000000619600000, 0x0000000619600000| Untracked 
| 105|0x0000000619800000, 0x0000000619800000, 0x0000000619a00000|  0%| F|  |TAMS 0x0000000619800000, 0x0000000619800000| Untracked 
| 106|0x0000000619a00000, 0x0000000619a00000, 0x0000000619c00000|  0%| F|  |TAMS 0x0000000619a00000, 0x0000000619a00000| Untracked 
| 107|0x0000000619c00000, 0x0000000619c00000, 0x0000000619e00000|  0%| F|  |TAMS 0x0000000619c00000, 0x0000000619c00000| Untracked 
| 108|0x0000000619e00000, 0x0000000619e00000, 0x000000061a000000|  0%| F|  |TAMS 0x0000000619e00000, 0x0000000619e00000| Untracked 
| 109|0x000000061a000000, 0x000000061a000000, 0x000000061a200000|  0%| F|  |TAMS 0x000000061a000000, 0x000000061a000000| Untracked 
| 110|0x000000061a200000, 0x000000061a200000, 0x000000061a400000|  0%| F|  |TAMS 0x000000061a200000, 0x000000061a200000| Untracked 
| 111|0x000000061a400000, 0x000000061a400000, 0x000000061a600000|  0%| F|  |TAMS 0x000000061a400000, 0x000000061a400000| Untracked 
| 112|0x000000061a600000, 0x000000061a600000, 0x000000061a800000|  0%| F|  |TAMS 0x000000061a600000, 0x000000061a600000| Untracked 
| 113|0x000000061a800000, 0x000000061a800000, 0x000000061aa00000|  0%| F|  |TAMS 0x000000061a800000, 0x000000061a800000| Untracked 
| 114|0x000000061aa00000, 0x000000061aa00000, 0x000000061ac00000|  0%| F|  |TAMS 0x000000061aa00000, 0x000000061aa00000| Untracked 
| 115|0x000000061ac00000, 0x000000061ac00000, 0x000000061ae00000|  0%| F|  |TAMS 0x000000061ac00000, 0x000000061ac00000| Untracked 
| 116|0x000000061ae00000, 0x000000061ae00000, 0x000000061b000000|  0%| F|  |TAMS 0x000000061ae00000, 0x000000061ae00000| Untracked 
| 117|0x000000061b000000, 0x000000061b000000, 0x000000061b200000|  0%| F|  |TAMS 0x000000061b000000, 0x000000061b000000| Untracked 
| 118|0x000000061b200000, 0x000000061b200000, 0x000000061b400000|  0%| F|  |TAMS 0x000000061b200000, 0x000000061b200000| Untracked 
| 119|0x000000061b400000, 0x000000061b400000, 0x000000061b600000|  0%| F|  |TAMS 0x000000061b400000, 0x000000061b400000| Untracked 
| 120|0x000000061b600000, 0x000000061b600000, 0x000000061b800000|  0%| F|  |TAMS 0x000000061b600000, 0x000000061b600000| Untracked 
| 121|0x000000061b800000, 0x000000061b800000, 0x000000061ba00000|  0%| F|  |TAMS 0x000000061b800000, 0x000000061b800000| Untracked 
| 122|0x000000061ba00000, 0x000000061ba00000, 0x000000061bc00000|  0%| F|  |TAMS 0x000000061ba00000, 0x000000061ba00000| Untracked 
| 123|0x000000061bc00000, 0x000000061bc00000, 0x000000061be00000|  0%| F|  |TAMS 0x000000061bc00000, 0x000000061bc00000| Untracked 
| 124|0x000000061be00000, 0x000000061be00000, 0x000000061c000000|  0%| F|  |TAMS 0x000000061be00000, 0x000000061be00000| Untracked 
| 125|0x000000061c000000, 0x000000061c000000, 0x000000061c200000|  0%| F|  |TAMS 0x000000061c000000, 0x000000061c000000| Untracked 
| 126|0x000000061c200000, 0x000000061c200000, 0x000000061c400000|  0%| F|  |TAMS 0x000000061c200000, 0x000000061c200000| Untracked 
| 127|0x000000061c400000, 0x000000061c400000, 0x000000061c600000|  0%| F|  |TAMS 0x000000061c400000, 0x000000061c400000| Untracked 
| 128|0x000000061c600000, 0x000000061c600000, 0x000000061c800000|  0%| F|  |TAMS 0x000000061c600000, 0x000000061c600000| Untracked 
| 129|0x000000061c800000, 0x000000061c800000, 0x000000061ca00000|  0%| F|  |TAMS 0x000000061c800000, 0x000000061c800000| Untracked 
| 130|0x000000061ca00000, 0x000000061ca00000, 0x000000061cc00000|  0%| F|  |TAMS 0x000000061ca00000, 0x000000061ca00000| Untracked 
| 131|0x000000061cc00000, 0x000000061cc00000, 0x000000061ce00000|  0%| F|  |TAMS 0x000000061cc00000, 0x000000061cc00000| Untracked 
| 132|0x000000061ce00000, 0x000000061ce00000, 0x000000061d000000|  0%| F|  |TAMS 0x000000061ce00000, 0x000000061ce00000| Untracked 
| 133|0x000000061d000000, 0x000000061d000000, 0x000000061d200000|  0%| F|  |TAMS 0x000000061d000000, 0x000000061d000000| Untracked 
| 134|0x000000061d200000, 0x000000061d200000, 0x000000061d400000|  0%| F|  |TAMS 0x000000061d200000, 0x000000061d200000| Untracked 
| 135|0x000000061d400000, 0x000000061d400000, 0x000000061d600000|  0%| F|  |TAMS 0x000000061d400000, 0x000000061d400000| Untracked 
| 136|0x000000061d600000, 0x000000061d600000, 0x000000061d800000|  0%| F|  |TAMS 0x000000061d600000, 0x000000061d600000| Untracked 
| 137|0x000000061d800000, 0x000000061d800000, 0x000000061da00000|  0%| F|  |TAMS 0x000000061d800000, 0x000000061d800000| Untracked 
| 138|0x000000061da00000, 0x000000061da00000, 0x000000061dc00000|  0%| F|  |TAMS 0x000000061da00000, 0x000000061da00000| Untracked 
| 139|0x000000061dc00000, 0x000000061dc00000, 0x000000061de00000|  0%| F|  |TAMS 0x000000061dc00000, 0x000000061dc00000| Untracked 
| 140|0x000000061de00000, 0x000000061de00000, 0x000000061e000000|  0%| F|  |TAMS 0x000000061de00000, 0x000000061de00000| Untracked 
| 141|0x000000061e000000, 0x000000061e000000, 0x000000061e200000|  0%| F|  |TAMS 0x000000061e000000, 0x000000061e000000| Untracked 
| 142|0x000000061e200000, 0x000000061e200000, 0x000000061e400000|  0%| F|  |TAMS 0x000000061e200000, 0x000000061e200000| Untracked 
| 143|0x000000061e400000, 0x000000061e400000, 0x000000061e600000|  0%| F|  |TAMS 0x000000061e400000, 0x000000061e400000| Untracked 
| 144|0x000000061e600000, 0x000000061e600000, 0x000000061e800000|  0%| F|  |TAMS 0x000000061e600000, 0x000000061e600000| Untracked 
| 145|0x000000061e800000, 0x000000061e800000, 0x000000061ea00000|  0%| F|  |TAMS 0x000000061e800000, 0x000000061e800000| Untracked 
| 146|0x000000061ea00000, 0x000000061ea00000, 0x000000061ec00000|  0%| F|  |TAMS 0x000000061ea00000, 0x000000061ea00000| Untracked 
| 147|0x000000061ec00000, 0x000000061ec00000, 0x000000061ee00000|  0%| F|  |TAMS 0x000000061ec00000, 0x000000061ec00000| Untracked 
| 148|0x000000061ee00000, 0x000000061ee00000, 0x000000061f000000|  0%| F|  |TAMS 0x000000061ee00000, 0x000000061ee00000| Untracked 
| 149|0x000000061f000000, 0x000000061f000000, 0x000000061f200000|  0%| F|  |TAMS 0x000000061f000000, 0x000000061f000000| Untracked 
| 150|0x000000061f200000, 0x000000061f200000, 0x000000061f400000|  0%| F|  |TAMS 0x000000061f200000, 0x000000061f200000| Untracked 
| 151|0x000000061f400000, 0x000000061f400000, 0x000000061f600000|  0%| F|  |TAMS 0x000000061f400000, 0x000000061f400000| Untracked 
| 152|0x000000061f600000, 0x000000061f600000, 0x000000061f800000|  0%| F|  |TAMS 0x000000061f600000, 0x000000061f600000| Untracked 
| 153|0x000000061f800000, 0x000000061f800000, 0x000000061fa00000|  0%| F|  |TAMS 0x000000061f800000, 0x000000061f800000| Untracked 
| 154|0x000000061fa00000, 0x000000061fa00000, 0x000000061fc00000|  0%| F|  |TAMS 0x000000061fa00000, 0x000000061fa00000| Untracked 
| 155|0x000000061fc00000, 0x000000061fc00000, 0x000000061fe00000|  0%| F|  |TAMS 0x000000061fc00000, 0x000000061fc00000| Untracked 
| 156|0x000000061fe00000, 0x000000061fe00000, 0x0000000620000000|  0%| F|  |TAMS 0x000000061fe00000, 0x000000061fe00000| Untracked 
| 157|0x0000000620000000, 0x0000000620000000, 0x0000000620200000|  0%| F|  |TAMS 0x0000000620000000, 0x0000000620000000| Untracked 
| 158|0x0000000620200000, 0x0000000620200000, 0x0000000620400000|  0%| F|  |TAMS 0x0000000620200000, 0x0000000620200000| Untracked 
| 159|0x0000000620400000, 0x0000000620400000, 0x0000000620600000|  0%| F|  |TAMS 0x0000000620400000, 0x0000000620400000| Untracked 
| 160|0x0000000620600000, 0x0000000620600000, 0x0000000620800000|  0%| F|  |TAMS 0x0000000620600000, 0x0000000620600000| Untracked 
| 161|0x0000000620800000, 0x0000000620800000, 0x0000000620a00000|  0%| F|  |TAMS 0x0000000620800000, 0x0000000620800000| Untracked 
| 162|0x0000000620a00000, 0x0000000620a00000, 0x0000000620c00000|  0%| F|  |TAMS 0x0000000620a00000, 0x0000000620a00000| Untracked 
| 163|0x0000000620c00000, 0x0000000620c00000, 0x0000000620e00000|  0%| F|  |TAMS 0x0000000620c00000, 0x0000000620c00000| Untracked 
| 164|0x0000000620e00000, 0x0000000620e00000, 0x0000000621000000|  0%| F|  |TAMS 0x0000000620e00000, 0x0000000620e00000| Untracked 
| 165|0x0000000621000000, 0x0000000621000000, 0x0000000621200000|  0%| F|  |TAMS 0x0000000621000000, 0x0000000621000000| Untracked 
| 166|0x0000000621200000, 0x0000000621200000, 0x0000000621400000|  0%| F|  |TAMS 0x0000000621200000, 0x0000000621200000| Untracked 
| 167|0x0000000621400000, 0x0000000621400000, 0x0000000621600000|  0%| F|  |TAMS 0x0000000621400000, 0x0000000621400000| Untracked 
| 168|0x0000000621600000, 0x0000000621600000, 0x0000000621800000|  0%| F|  |TAMS 0x0000000621600000, 0x0000000621600000| Untracked 
| 169|0x0000000621800000, 0x0000000621800000, 0x0000000621a00000|  0%| F|  |TAMS 0x0000000621800000, 0x0000000621800000| Untracked 
| 170|0x0000000621a00000, 0x0000000621a00000, 0x0000000621c00000|  0%| F|  |TAMS 0x0000000621a00000, 0x0000000621a00000| Untracked 
| 171|0x0000000621c00000, 0x0000000621c00000, 0x0000000621e00000|  0%| F|  |TAMS 0x0000000621c00000, 0x0000000621c00000| Untracked 
| 172|0x0000000621e00000, 0x0000000621e00000, 0x0000000622000000|  0%| F|  |TAMS 0x0000000621e00000, 0x0000000621e00000| Untracked 
| 173|0x0000000622000000, 0x0000000622000000, 0x0000000622200000|  0%| F|  |TAMS 0x0000000622000000, 0x0000000622000000| Untracked 
| 174|0x0000000622200000, 0x0000000622200000, 0x0000000622400000|  0%| F|  |TAMS 0x0000000622200000, 0x0000000622200000| Untracked 
| 175|0x0000000622400000, 0x0000000622400000, 0x0000000622600000|  0%| F|  |TAMS 0x0000000622400000, 0x0000000622400000| Untracked 
| 176|0x0000000622600000, 0x0000000622600000, 0x0000000622800000|  0%| F|  |TAMS 0x0000000622600000, 0x0000000622600000| Untracked 
| 177|0x0000000622800000, 0x0000000622800000, 0x0000000622a00000|  0%| F|  |TAMS 0x0000000622800000, 0x0000000622800000| Untracked 
| 178|0x0000000622a00000, 0x0000000622a00000, 0x0000000622c00000|  0%| F|  |TAMS 0x0000000622a00000, 0x0000000622a00000| Untracked 
| 179|0x0000000622c00000, 0x0000000622c00000, 0x0000000622e00000|  0%| F|  |TAMS 0x0000000622c00000, 0x0000000622c00000| Untracked 
| 180|0x0000000622e00000, 0x0000000622e00000, 0x0000000623000000|  0%| F|  |TAMS 0x0000000622e00000, 0x0000000622e00000| Untracked 
| 181|0x0000000623000000, 0x0000000623000000, 0x0000000623200000|  0%| F|  |TAMS 0x0000000623000000, 0x0000000623000000| Untracked 
| 182|0x0000000623200000, 0x0000000623200000, 0x0000000623400000|  0%| F|  |TAMS 0x0000000623200000, 0x0000000623200000| Untracked 
| 183|0x0000000623400000, 0x0000000623400000, 0x0000000623600000|  0%| F|  |TAMS 0x0000000623400000, 0x0000000623400000| Untracked 
| 184|0x0000000623600000, 0x0000000623600000, 0x0000000623800000|  0%| F|  |TAMS 0x0000000623600000, 0x0000000623600000| Untracked 
| 185|0x0000000623800000, 0x0000000623800000, 0x0000000623a00000|  0%| F|  |TAMS 0x0000000623800000, 0x0000000623800000| Untracked 
| 186|0x0000000623a00000, 0x0000000623a00000, 0x0000000623c00000|  0%| F|  |TAMS 0x0000000623a00000, 0x0000000623a00000| Untracked 
| 187|0x0000000623c00000, 0x0000000623c00000, 0x0000000623e00000|  0%| F|  |TAMS 0x0000000623c00000, 0x0000000623c00000| Untracked 
| 188|0x0000000623e00000, 0x0000000623e00000, 0x0000000624000000|  0%| F|  |TAMS 0x0000000623e00000, 0x0000000623e00000| Untracked 
| 189|0x0000000624000000, 0x0000000624000000, 0x0000000624200000|  0%| F|  |TAMS 0x0000000624000000, 0x0000000624000000| Untracked 
| 190|0x0000000624200000, 0x0000000624200000, 0x0000000624400000|  0%| F|  |TAMS 0x0000000624200000, 0x0000000624200000| Untracked 
| 191|0x0000000624400000, 0x0000000624400000, 0x0000000624600000|  0%| F|  |TAMS 0x0000000624400000, 0x0000000624400000| Untracked 
| 192|0x0000000624600000, 0x0000000624600000, 0x0000000624800000|  0%| F|  |TAMS 0x0000000624600000, 0x0000000624600000| Untracked 
| 193|0x0000000624800000, 0x0000000624800000, 0x0000000624a00000|  0%| F|  |TAMS 0x0000000624800000, 0x0000000624800000| Untracked 
| 194|0x0000000624a00000, 0x0000000624a00000, 0x0000000624c00000|  0%| F|  |TAMS 0x0000000624a00000, 0x0000000624a00000| Untracked 
| 195|0x0000000624c00000, 0x0000000624c00000, 0x0000000624e00000|  0%| F|  |TAMS 0x0000000624c00000, 0x0000000624c00000| Untracked 
| 196|0x0000000624e00000, 0x0000000624e00000, 0x0000000625000000|  0%| F|  |TAMS 0x0000000624e00000, 0x0000000624e00000| Untracked 
| 197|0x0000000625000000, 0x0000000625000000, 0x0000000625200000|  0%| F|  |TAMS 0x0000000625000000, 0x0000000625000000| Untracked 
| 198|0x0000000625200000, 0x0000000625200000, 0x0000000625400000|  0%| F|  |TAMS 0x0000000625200000, 0x0000000625200000| Untracked 
| 199|0x0000000625400000, 0x0000000625400000, 0x0000000625600000|  0%| F|  |TAMS 0x0000000625400000, 0x0000000625400000| Untracked 
| 200|0x0000000625600000, 0x0000000625600000, 0x0000000625800000|  0%| F|  |TAMS 0x0000000625600000, 0x0000000625600000| Untracked 
| 201|0x0000000625800000, 0x0000000625800000, 0x0000000625a00000|  0%| F|  |TAMS 0x0000000625800000, 0x0000000625800000| Untracked 
| 202|0x0000000625a00000, 0x0000000625a00000, 0x0000000625c00000|  0%| F|  |TAMS 0x0000000625a00000, 0x0000000625a00000| Untracked 
| 203|0x0000000625c00000, 0x0000000625c00000, 0x0000000625e00000|  0%| F|  |TAMS 0x0000000625c00000, 0x0000000625c00000| Untracked 
| 204|0x0000000625e00000, 0x0000000625e00000, 0x0000000626000000|  0%| F|  |TAMS 0x0000000625e00000, 0x0000000625e00000| Untracked 
| 205|0x0000000626000000, 0x0000000626000000, 0x0000000626200000|  0%| F|  |TAMS 0x0000000626000000, 0x0000000626000000| Untracked 
| 206|0x0000000626200000, 0x0000000626200000, 0x0000000626400000|  0%| F|  |TAMS 0x0000000626200000, 0x0000000626200000| Untracked 
| 207|0x0000000626400000, 0x0000000626400000, 0x0000000626600000|  0%| F|  |TAMS 0x0000000626400000, 0x0000000626400000| Untracked 
| 208|0x0000000626600000, 0x0000000626600000, 0x0000000626800000|  0%| F|  |TAMS 0x0000000626600000, 0x0000000626600000| Untracked 
| 209|0x0000000626800000, 0x0000000626800000, 0x0000000626a00000|  0%| F|  |TAMS 0x0000000626800000, 0x0000000626800000| Untracked 
| 210|0x0000000626a00000, 0x0000000626a00000, 0x0000000626c00000|  0%| F|  |TAMS 0x0000000626a00000, 0x0000000626a00000| Untracked 
| 211|0x0000000626c00000, 0x0000000626c00000, 0x0000000626e00000|  0%| F|  |TAMS 0x0000000626c00000, 0x0000000626c00000| Untracked 
| 212|0x0000000626e00000, 0x0000000626e00000, 0x0000000627000000|  0%| F|  |TAMS 0x0000000626e00000, 0x0000000626e00000| Untracked 
| 213|0x0000000627000000, 0x0000000627000000, 0x0000000627200000|  0%| F|  |TAMS 0x0000000627000000, 0x0000000627000000| Untracked 
| 214|0x0000000627200000, 0x0000000627200000, 0x0000000627400000|  0%| F|  |TAMS 0x0000000627200000, 0x0000000627200000| Untracked 
| 215|0x0000000627400000, 0x0000000627400000, 0x0000000627600000|  0%| F|  |TAMS 0x0000000627400000, 0x0000000627400000| Untracked 
| 216|0x0000000627600000, 0x0000000627600000, 0x0000000627800000|  0%| F|  |TAMS 0x0000000627600000, 0x0000000627600000| Untracked 
| 217|0x0000000627800000, 0x0000000627800000, 0x0000000627a00000|  0%| F|  |TAMS 0x0000000627800000, 0x0000000627800000| Untracked 
| 218|0x0000000627a00000, 0x0000000627a00000, 0x0000000627c00000|  0%| F|  |TAMS 0x0000000627a00000, 0x0000000627a00000| Untracked 
| 219|0x0000000627c00000, 0x0000000627c00000, 0x0000000627e00000|  0%| F|  |TAMS 0x0000000627c00000, 0x0000000627c00000| Untracked 
| 220|0x0000000627e00000, 0x0000000627e00000, 0x0000000628000000|  0%| F|  |TAMS 0x0000000627e00000, 0x0000000627e00000| Untracked 
| 221|0x0000000628000000, 0x0000000628000000, 0x0000000628200000|  0%| F|  |TAMS 0x0000000628000000, 0x0000000628000000| Untracked 
| 222|0x0000000628200000, 0x0000000628200000, 0x0000000628400000|  0%| F|  |TAMS 0x0000000628200000, 0x0000000628200000| Untracked 
| 223|0x0000000628400000, 0x0000000628400000, 0x0000000628600000|  0%| F|  |TAMS 0x0000000628400000, 0x0000000628400000| Untracked 
| 224|0x0000000628600000, 0x0000000628600000, 0x0000000628800000|  0%| F|  |TAMS 0x0000000628600000, 0x0000000628600000| Untracked 
| 225|0x0000000628800000, 0x0000000628800000, 0x0000000628a00000|  0%| F|  |TAMS 0x0000000628800000, 0x0000000628800000| Untracked 
| 226|0x0000000628a00000, 0x0000000628a00000, 0x0000000628c00000|  0%| F|  |TAMS 0x0000000628a00000, 0x0000000628a00000| Untracked 
| 227|0x0000000628c00000, 0x0000000628c00000, 0x0000000628e00000|  0%| F|  |TAMS 0x0000000628c00000, 0x0000000628c00000| Untracked 
| 228|0x0000000628e00000, 0x0000000628e00000, 0x0000000629000000|  0%| F|  |TAMS 0x0000000628e00000, 0x0000000628e00000| Untracked 
| 229|0x0000000629000000, 0x0000000629000000, 0x0000000629200000|  0%| F|  |TAMS 0x0000000629000000, 0x0000000629000000| Untracked 
| 230|0x0000000629200000, 0x0000000629200000, 0x0000000629400000|  0%| F|  |TAMS 0x0000000629200000, 0x0000000629200000| Untracked 
| 231|0x0000000629400000, 0x0000000629400000, 0x0000000629600000|  0%| F|  |TAMS 0x0000000629400000, 0x0000000629400000| Untracked 
| 232|0x0000000629600000, 0x0000000629600000, 0x0000000629800000|  0%| F|  |TAMS 0x0000000629600000, 0x0000000629600000| Untracked 
| 233|0x0000000629800000, 0x0000000629800000, 0x0000000629a00000|  0%| F|  |TAMS 0x0000000629800000, 0x0000000629800000| Untracked 
| 234|0x0000000629a00000, 0x0000000629a00000, 0x0000000629c00000|  0%| F|  |TAMS 0x0000000629a00000, 0x0000000629a00000| Untracked 
| 235|0x0000000629c00000, 0x0000000629c00000, 0x0000000629e00000|  0%| F|  |TAMS 0x0000000629c00000, 0x0000000629c00000| Untracked 
| 236|0x0000000629e00000, 0x0000000629e00000, 0x000000062a000000|  0%| F|  |TAMS 0x0000000629e00000, 0x0000000629e00000| Untracked 
| 237|0x000000062a000000, 0x000000062a133460, 0x000000062a200000| 60%| S|CS|TAMS 0x000000062a000000, 0x000000062a000000| Complete 
| 238|0x000000062a200000, 0x000000062a200000, 0x000000062a400000|  0%| F|  |TAMS 0x000000062a200000, 0x000000062a200000| Untracked 
| 239|0x000000062a400000, 0x000000062a400000, 0x000000062a600000|  0%| F|  |TAMS 0x000000062a400000, 0x000000062a400000| Untracked 
| 240|0x000000062a600000, 0x000000062a600000, 0x000000062a800000|  0%| F|  |TAMS 0x000000062a600000, 0x000000062a600000| Untracked 
| 241|0x000000062a800000, 0x000000062a800000, 0x000000062aa00000|  0%| F|  |TAMS 0x000000062a800000, 0x000000062a800000| Untracked 
| 242|0x000000062aa00000, 0x000000062aa00000, 0x000000062ac00000|  0%| F|  |TAMS 0x000000062aa00000, 0x000000062aa00000| Untracked 
| 243|0x000000062ac00000, 0x000000062ac00000, 0x000000062ae00000|  0%| F|  |TAMS 0x000000062ac00000, 0x000000062ac00000| Untracked 
| 244|0x000000062ae00000, 0x000000062ae00000, 0x000000062b000000|  0%| F|  |TAMS 0x000000062ae00000, 0x000000062ae00000| Untracked 
| 245|0x000000062b000000, 0x000000062b000000, 0x000000062b200000|  0%| F|  |TAMS 0x000000062b000000, 0x000000062b000000| Untracked 
| 246|0x000000062b200000, 0x000000062b200000, 0x000000062b400000|  0%| F|  |TAMS 0x000000062b200000, 0x000000062b200000| Untracked 
| 247|0x000000062b400000, 0x000000062b400000, 0x000000062b600000|  0%| F|  |TAMS 0x000000062b400000, 0x000000062b400000| Untracked 
| 248|0x000000062b600000, 0x000000062b600000, 0x000000062b800000|  0%| F|  |TAMS 0x000000062b600000, 0x000000062b600000| Untracked 
| 249|0x000000062b800000, 0x000000062b900800, 0x000000062ba00000| 50%| E|  |TAMS 0x000000062b800000, 0x000000062b800000| Complete 

Card table byte_map: [0x00007f5ef8681000,0x00007f5ef961e000] _byte_map_base: 0x00007f5ef561e000

Marking Bits (Prev, Next): (CMBitMap*) 0x00007f5ef40583e8, (CMBitMap*) 0x00007f5ef4058420
 Prev Bits: [0x00007f5ecf37b000, 0x00007f5ed7063000)
 Next Bits: [0x00007f5ec7693000, 0x00007f5ecf37b000)

Polling page: 0x00007f5efc9d6000

Metaspace:

Usage:
  Non-class:      5.47 MB capacity,     5.41 MB ( 99%) used,    59.45 KB (  1%) free+waste,     2.00 KB ( <1%) overhead. 
      Class:    464.00 KB capacity,   424.08 KB ( 91%) used,    39.23 KB (  8%) free+waste,   704 bytes ( <1%) overhead. 
       Both:      5.92 MB capacity,     5.82 MB ( 98%) used,    98.69 KB (  2%) free+waste,     2.69 KB ( <1%) overhead. 

Virtual space:
  Non-class space:        8.00 MB reserved,       5.50 MB ( 69%) committed 
      Class space:        1.00 GB reserved,     512.00 KB ( <1%) committed 
             Both:        1.01 GB reserved,       6.00 MB ( <1%) committed 

Chunk freelists:
   Non-Class:  20.00 KB
       Class:  16.00 KB
        Both:  36.00 KB

MaxMetaspaceSize: unlimited
CompressedClassSpaceSize: 1.00 GB
Initial GC threshold: 20.80 MB
Current GC threshold: 20.80 MB
CDS: off

CodeHeap 'non-profiled nmethods': size=120032Kb used=89Kb max_used=89Kb free=119942Kb
 bounds [0x00007f5ee431b000, 0x00007f5ee458b000, 0x00007f5eeb853000]
CodeHeap 'profiled nmethods': size=120028Kb used=433Kb max_used=433Kb free=119594Kb
 bounds [0x00007f5edcde4000, 0x00007f5edd054000, 0x00007f5ee431b000]
CodeHeap 'non-nmethods': size=5700Kb used=1071Kb max_used=1091Kb free=4628Kb
 bounds [0x00007f5edc853000, 0x00007f5edcac3000, 0x00007f5edcde4000]
 total_blobs=567 nmethods=264 adapters=216
 compilation: enabled
              stopped_count=0, restarted_count=0
 full_count=0

Compilation events (20 events):
Event: 0.125 Thread 0x00007f5ef4279000  268       3       java.util.ArrayList::checkForComodification (17 bytes)
Event: 0.125 Thread 0x00007f5ef4279000 nmethod 268 0x00007f5edce4ac10 code [0x00007f5edce4ade0, 0x00007f5edce4af80]
Event: 0.125 Thread 0x00007f5ef4279000  269       3       kotlin.UInt::box-impl (9 bytes)
Event: 0.125 Thread 0x00007f5ef4279000 nmethod 269 0x00007f5edce4b090 code [0x00007f5edce4b240, 0x00007f5edce4b430]
Event: 0.125 Thread 0x00007f5ef4279000  263       3       java.util.Arrays$ArrayList::<init> (16 bytes)
Event: 0.125 Thread 0x00007f5ef4279000 nmethod 263 0x00007f5edce4b510 code [0x00007f5edce4b700, 0x00007f5edce4bae0]
Event: 0.125 Thread 0x00007f5ef4279000  270       3       Tmp0Kt::testWrappingUIntLoop (339 bytes)
Event: 0.127 Thread 0x00007f5ef4279000 nmethod 270 0x00007f5edce4bc90 code [0x00007f5edce4c1c0, 0x00007f5edce4ea80]
Event: 0.127 Thread 0x00007f5ef4279000  271       3       java.util.ArrayList::equals (62 bytes)
Event: 0.127 Thread 0x00007f5ef4279000 nmethod 271 0x00007f5edce4fa90 code [0x00007f5edce4fca0, 0x00007f5edce503a0]
Event: 0.129 Thread 0x00007f5e9c073000 nmethod 238 0x00007f5ee432b490 code [0x00007f5ee432b640, 0x00007f5ee432bd38]
Event: 0.129 Thread 0x00007f5e9c073000  237       4       kotlin.ULong::constructor-impl (2 bytes)
Event: 0.129 Thread 0x00007f5e9c073000 nmethod 237 0x00007f5ee432c190 code [0x00007f5ee432c320, 0x00007f5ee432c358]
Event: 0.129 Thread 0x00007f5e9c073000  216       4       coverage.CoverageEntry::isSameEntries (61 bytes)
Event: 0.136 Thread 0x00007f5ef4277000 nmethod 229 0x00007f5ee432c490 code [0x00007f5ee432c7a0, 0x00007f5ee432dea8]
Event: 0.136 Thread 0x00007f5ef4277000  220       4       coverage.CoverageEntry::compareParamsAndRtv (134 bytes)
Event: 0.136 Thread 0x00007f5e9c073000 nmethod 216 0x00007f5ee432f190 code [0x00007f5ee432f3e0, 0x00007f5ee432fd30]
Event: 0.136 Thread 0x00007f5e9c073000  248       4       coverage.MyMethodBasedCoverage::putEntry (86 bytes)
Event: 0.142 Thread 0x00007f5ef4277000 nmethod 220 0x00007f5ee4330690 code [0x00007f5ee4330880, 0x00007f5ee4330eb8]
Event: 0.142 Thread 0x00007f5ef4277000  272 %     4       kotlin.UnsignedKt::ulongCompare @ 166 (12 bytes)

GC Heap History (0 events):
No events

Deoptimization events (4 events):
Event: 0.056 Thread 0x00007f5ef4016800 Uncommon trap: trap_request=0xffffff4d fr.pc=0x00007f5ee431f320 relative=0x0000000000000200
Event: 0.056 Thread 0x00007f5ef4016800 Uncommon trap: reason=unstable_if action=reinterpret pc=0x00007f5ee431f320 method=java.lang.String.hashCode()I @ 14 c2
Event: 0.056 Thread 0x00007f5ef4016800 DEOPT PACKING pc=0x00007f5ee431f320 sp=0x00007f5efb22e0d0
Event: 0.056 Thread 0x00007f5ef4016800 DEOPT UNPACKING pc=0x00007f5edc89cea5 sp=0x00007f5efb22e088 mode 2

Classes redefined (0 events):
No events

Internal exceptions (0 events):
No events

Events (20 events):
Event: 0.091 loading class kotlin/collections/ArraysKt
Event: 0.091 loading class kotlin/collections/ArraysKt done
Event: 0.091 loading class kotlin/collections/ArraysKt___ArraysKt
Event: 0.091 loading class kotlin/collections/ArraysKt___ArraysKt done
Event: 0.096 loading class kotlin/collections/ArraysKt___ArraysJvmKt
Event: 0.096 loading class kotlin/collections/ArraysKt___ArraysJvmKt done
Event: 0.097 loading class kotlin/collections/ArraysKt__ArraysKt
Event: 0.097 loading class kotlin/collections/ArraysKt__ArraysKt done
Event: 0.097 loading class kotlin/collections/ArraysKt__ArraysJVMKt
Event: 0.097 loading class kotlin/collections/ArraysKt__ArraysJVMKt done
Event: 0.098 loading class kotlin/collections/ArraysUtilJVM
Event: 0.098 loading class kotlin/collections/ArraysUtilJVM done
Event: 0.098 loading class java/util/Arrays$ArrayList
Event: 0.098 loading class java/util/Arrays$ArrayList done
Event: 0.098 loading class java/util/Arrays$ArrayItr
Event: 0.098 loading class java/util/Arrays$ArrayItr done
Event: 0.104 Thread 0x00007f5e9c073000 Thread added: 0x00007f5e9c073000
Event: 0.104 Protecting memory [0x00007f5ec409e000,0x00007f5ec40a2000] with protection modes 0
Event: 0.109 Thread 0x00007f5e9c0be000 Thread added: 0x00007f5e9c0be000
Event: 0.109 Protecting memory [0x00007f5e87eff000,0x00007f5e87f03000] with protection modes 0


Dynamic libraries:
60c600000-62ba00000 rw-p 00000000 00:00 0 
62ba00000-800000000 ---p 00000000 00:00 0 
800000000-800080000 rw-p 00000000 00:00 0 
800080000-840000000 ---p 00000000 00:00 0 
55888253c000-55888253d000 r--p 00000000 08:02 1968997                    /usr/lib/jvm/java-11-openjdk/bin/java
55888253d000-55888253e000 r-xp 00001000 08:02 1968997                    /usr/lib/jvm/java-11-openjdk/bin/java
55888253e000-55888253f000 r--p 00002000 08:02 1968997                    /usr/lib/jvm/java-11-openjdk/bin/java
55888253f000-558882540000 r--p 00002000 08:02 1968997                    /usr/lib/jvm/java-11-openjdk/bin/java
558882540000-558882541000 rw-p 00003000 08:02 1968997                    /usr/lib/jvm/java-11-openjdk/bin/java
55888375a000-55888377b000 rw-p 00000000 00:00 0                          [heap]
7f5e60000000-7f5e60021000 rw-p 00000000 00:00 0 
7f5e60021000-7f5e64000000 ---p 00000000 00:00 0 
7f5e68000000-7f5e68021000 rw-p 00000000 00:00 0 
7f5e68021000-7f5e6c000000 ---p 00000000 00:00 0 
7f5e6c000000-7f5e6c021000 rw-p 00000000 00:00 0 
7f5e6c021000-7f5e70000000 ---p 00000000 00:00 0 
7f5e70000000-7f5e70021000 rw-p 00000000 00:00 0 
7f5e70021000-7f5e74000000 ---p 00000000 00:00 0 
7f5e74000000-7f5e74021000 rw-p 00000000 00:00 0 
7f5e74021000-7f5e78000000 ---p 00000000 00:00 0 
7f5e78000000-7f5e78021000 rw-p 00000000 00:00 0 
7f5e78021000-7f5e7c000000 ---p 00000000 00:00 0 
7f5e7c000000-7f5e7c021000 rw-p 00000000 00:00 0 
7f5e7c021000-7f5e80000000 ---p 00000000 00:00 0 
7f5e80000000-7f5e80351000 rw-p 00000000 00:00 0 
7f5e80351000-7f5e84000000 ---p 00000000 00:00 0 
7f5e877f1000-7f5e877f2000 ---p 00000000 00:00 0 
7f5e877f2000-7f5e878f3000 rw-p 00000000 00:00 0 
7f5e878f3000-7f5e878f4000 ---p 00000000 00:00 0 
7f5e878f4000-7f5e879f5000 rw-p 00000000 00:00 0 
7f5e879f5000-7f5e879f6000 ---p 00000000 00:00 0 
7f5e879f6000-7f5e87af7000 rw-p 00000000 00:00 0 
7f5e87af7000-7f5e87af8000 ---p 00000000 00:00 0 
7f5e87af8000-7f5e87bf9000 rw-p 00000000 00:00 0 
7f5e87bf9000-7f5e87bfa000 ---p 00000000 00:00 0 
7f5e87bfa000-7f5e87cfb000 rw-p 00000000 00:00 0 
7f5e87cfb000-7f5e87cfc000 ---p 00000000 00:00 0 
7f5e87cfc000-7f5e87dfd000 rw-p 00000000 00:00 0 
7f5e87dfd000-7f5e87dfe000 ---p 00000000 00:00 0 
7f5e87dfe000-7f5e87eff000 rw-p 00000000 00:00 0 
7f5e87eff000-7f5e87f03000 ---p 00000000 00:00 0 
7f5e87f03000-7f5e88000000 rw-p 00000000 00:00 0 
7f5e88000000-7f5e88021000 rw-p 00000000 00:00 0 
7f5e88021000-7f5e8c000000 ---p 00000000 00:00 0 
7f5e8c000000-7f5e8c308000 rw-p 00000000 00:00 0 
7f5e8c308000-7f5e90000000 ---p 00000000 00:00 0 
7f5e90000000-7f5e90021000 rw-p 00000000 00:00 0 
7f5e90021000-7f5e94000000 ---p 00000000 00:00 0 
7f5e94000000-7f5e94021000 rw-p 00000000 00:00 0 
7f5e94021000-7f5e98000000 ---p 00000000 00:00 0 
7f5e98000000-7f5e9837e000 rw-p 00000000 00:00 0 
7f5e9837e000-7f5e9c000000 ---p 00000000 00:00 0 
7f5e9c000000-7f5e9c19b000 rw-p 00000000 00:00 0 
7f5e9c19b000-7f5ea0000000 ---p 00000000 00:00 0 
7f5ea0000000-7f5ea0021000 rw-p 00000000 00:00 0 
7f5ea0021000-7f5ea4000000 ---p 00000000 00:00 0 
7f5ea4000000-7f5ea4021000 rw-p 00000000 00:00 0 
7f5ea4021000-7f5ea8000000 ---p 00000000 00:00 0 
7f5ea8000000-7f5ea8021000 rw-p 00000000 00:00 0 
7f5ea8021000-7f5eac000000 ---p 00000000 00:00 0 
7f5eac000000-7f5eac021000 rw-p 00000000 00:00 0 
7f5eac021000-7f5eb0000000 ---p 00000000 00:00 0 
7f5eb0000000-7f5eb0021000 rw-p 00000000 00:00 0 
7f5eb0021000-7f5eb4000000 ---p 00000000 00:00 0 
7f5eb4000000-7f5eb4021000 rw-p 00000000 00:00 0 
7f5eb4021000-7f5eb8000000 ---p 00000000 00:00 0 
7f5eb8000000-7f5eb8021000 rw-p 00000000 00:00 0 
7f5eb8021000-7f5ebc000000 ---p 00000000 00:00 0 
7f5ebc000000-7f5ebc021000 rw-p 00000000 00:00 0 
7f5ebc021000-7f5ec0000000 ---p 00000000 00:00 0 
7f5ec0000000-7f5ec0021000 rw-p 00000000 00:00 0 
7f5ec0021000-7f5ec4000000 ---p 00000000 00:00 0 
7f5ec409e000-7f5ec40a2000 ---p 00000000 00:00 0 
7f5ec40a2000-7f5ec419f000 rw-p 00000000 00:00 0 
7f5ec419f000-7f5ec41a3000 ---p 00000000 00:00 0 
7f5ec41a3000-7f5ec42a0000 rw-p 00000000 00:00 0 
7f5ec42a0000-7f5ec42a1000 ---p 00000000 00:00 0 
7f5ec42a1000-7f5ec43a2000 rw-p 00000000 00:00 0 
7f5ec43a2000-7f5ec43a6000 ---p 00000000 00:00 0 
7f5ec43a6000-7f5ec44a3000 rw-p 00000000 00:00 0 
7f5ec44a3000-7f5ec44a7000 ---p 00000000 00:00 0 
7f5ec44a7000-7f5ec45a4000 rw-p 00000000 00:00 0 
7f5ec45a4000-7f5ec45a8000 ---p 00000000 00:00 0 
7f5ec45a8000-7f5ec46a5000 rw-p 00000000 00:00 0 
7f5ec46a5000-7f5ec46a9000 ---p 00000000 00:00 0 
7f5ec46a9000-7f5ec47a6000 rw-p 00000000 00:00 0 
7f5ec47a6000-7f5ec47aa000 ---p 00000000 00:00 0 
7f5ec47aa000-7f5ec48a7000 rw-p 00000000 00:00 0 
7f5ec48a7000-7f5ec4b8f000 r--p 00000000 08:02 14491448                   /usr/lib/locale/locale-archive
7f5ec4b8f000-7f5ec4b93000 ---p 00000000 00:00 0 
7f5ec4b93000-7f5ec4c90000 rw-p 00000000 00:00 0 
7f5ec4c90000-7f5ec4c94000 ---p 00000000 00:00 0 
7f5ec4c94000-7f5ec4d91000 rw-p 00000000 00:00 0 
7f5ec4d91000-7f5ec4d92000 ---p 00000000 00:00 0 
7f5ec4d92000-7f5ec5413000 rw-p 00000000 00:00 0 
7f5ec5413000-7f5ec5693000 ---p 00000000 00:00 0 
7f5ec5693000-7f5ec7e63000 rw-p 00000000 00:00 0 
7f5ec7e63000-7f5ecf37b000 ---p 00000000 00:00 0 
7f5ecf37b000-7f5ecfb4b000 rw-p 00000000 00:00 0 
7f5ecfb4b000-7f5ed7063000 ---p 00000000 00:00 0 
7f5ed7063000-7f5ed715d000 rw-p 00000000 00:00 0 
7f5ed715d000-7f5ed8000000 ---p 00000000 00:00 0 
7f5ed8000000-7f5ed8021000 rw-p 00000000 00:00 0 
7f5ed8021000-7f5edc000000 ---p 00000000 00:00 0 
7f5edc011000-7f5edc042000 rw-p 00000000 00:00 0 
7f5edc042000-7f5edc046000 r--p 00000000 08:02 1976496                    /usr/lib/jvm/java-11-openjdk/lib/libnet.so
7f5edc046000-7f5edc055000 r-xp 00004000 08:02 1976496                    /usr/lib/jvm/java-11-openjdk/lib/libnet.so
7f5edc055000-7f5edc059000 r--p 00013000 08:02 1976496                    /usr/lib/jvm/java-11-openjdk/lib/libnet.so
7f5edc059000-7f5edc05a000 r--p 00016000 08:02 1976496                    /usr/lib/jvm/java-11-openjdk/lib/libnet.so
7f5edc05a000-7f5edc05b000 rw-p 00017000 08:02 1976496                    /usr/lib/jvm/java-11-openjdk/lib/libnet.so
7f5edc05b000-7f5edc062000 r--p 00000000 08:02 1976501                    /usr/lib/jvm/java-11-openjdk/lib/libnio.so
7f5edc062000-7f5edc069000 r-xp 00007000 08:02 1976501                    /usr/lib/jvm/java-11-openjdk/lib/libnio.so
7f5edc069000-7f5edc06c000 r--p 0000e000 08:02 1976501                    /usr/lib/jvm/java-11-openjdk/lib/libnio.so
7f5edc06c000-7f5edc06d000 r--p 00010000 08:02 1976501                    /usr/lib/jvm/java-11-openjdk/lib/libnio.so
7f5edc06d000-7f5edc06e000 rw-p 00011000 08:02 1976501                    /usr/lib/jvm/java-11-openjdk/lib/libnio.so
7f5edc06e000-7f5edc14a000 rw-p 00000000 00:00 0 
7f5edc14a000-7f5edc14b000 ---p 00000000 00:00 0 
7f5edc14b000-7f5edc24c000 rw-p 00000000 00:00 0 
7f5edc24c000-7f5edc24d000 ---p 00000000 00:00 0 
7f5edc24d000-7f5edc853000 rw-p 00000000 00:00 0 
7f5edc853000-7f5edcac3000 rwxp 00000000 00:00 0 
7f5edcac3000-7f5edcde4000 ---p 00000000 00:00 0 
7f5edcde4000-7f5edd054000 rwxp 00000000 00:00 0 
7f5edd054000-7f5ee431b000 ---p 00000000 00:00 0 
7f5ee431b000-7f5ee458b000 rwxp 00000000 00:00 0 
7f5ee458b000-7f5eeb853000 ---p 00000000 00:00 0 
7f5eeb853000-7f5ef4000000 r--s 00000000 08:02 1976524                    /usr/lib/jvm/java-11-openjdk/lib/modules
7f5ef4000000-7f5ef4490000 rw-p 00000000 00:00 0 
7f5ef4490000-7f5ef8000000 ---p 00000000 00:00 0 
7f5ef800e000-7f5ef837b000 rw-p 00000000 00:00 0 
7f5ef837b000-7f5ef837c000 ---p 00000000 00:00 0 
7f5ef837c000-7f5ef847d000 rw-p 00000000 00:00 0 
7f5ef847d000-7f5ef847e000 ---p 00000000 00:00 0 
7f5ef847e000-7f5ef877b000 rw-p 00000000 00:00 0 
7f5ef877b000-7f5ef961e000 ---p 00000000 00:00 0 
7f5ef961e000-7f5ef9718000 rw-p 00000000 00:00 0 
7f5ef9718000-7f5efa5bb000 ---p 00000000 00:00 0 
7f5efa5bb000-7f5efae02000 rw-p 00000000 00:00 0 
7f5efae02000-7f5efae03000 ---p 00000000 00:00 0 
7f5efae03000-7f5efaf09000 rw-p 00000000 00:00 0 
7f5efaf09000-7f5efafef000 ---p 00000000 00:00 0 
7f5efafef000-7f5efaff4000 rw-p 00000000 00:00 0 
7f5efaff4000-7f5efb0da000 ---p 00000000 00:00 0 
7f5efb0da000-7f5efb0df000 rw-p 00000000 00:00 0 
7f5efb0df000-7f5efb0e6000 ---p 00000000 00:00 0 
7f5efb0e6000-7f5efb0e8000 r--p 00000000 08:02 1976523                    /usr/lib/jvm/java-11-openjdk/lib/libzip.so
7f5efb0e8000-7f5efb0ec000 r-xp 00002000 08:02 1976523                    /usr/lib/jvm/java-11-openjdk/lib/libzip.so
7f5efb0ec000-7f5efb0ee000 r--p 00006000 08:02 1976523                    /usr/lib/jvm/java-11-openjdk/lib/libzip.so
7f5efb0ee000-7f5efb0ef000 r--p 00007000 08:02 1976523                    /usr/lib/jvm/java-11-openjdk/lib/libzip.so
7f5efb0ef000-7f5efb0f0000 rw-p 00008000 08:02 1976523                    /usr/lib/jvm/java-11-openjdk/lib/libzip.so
7f5efb0f0000-7f5efb0f8000 rw-s 00000000 00:24 434647                     /tmp/hsperfdata_stepanov/2008143
7f5efb0f8000-7f5efb106000 r--p 00000000 08:02 1976470                    /usr/lib/jvm/java-11-openjdk/lib/libjava.so
7f5efb106000-7f5efb11b000 r-xp 0000e000 08:02 1976470                    /usr/lib/jvm/java-11-openjdk/lib/libjava.so
7f5efb11b000-7f5efb121000 r--p 00023000 08:02 1976470                    /usr/lib/jvm/java-11-openjdk/lib/libjava.so
7f5efb121000-7f5efb122000 ---p 00029000 08:02 1976470                    /usr/lib/jvm/java-11-openjdk/lib/libjava.so
7f5efb122000-7f5efb123000 r--p 00029000 08:02 1976470                    /usr/lib/jvm/java-11-openjdk/lib/libjava.so
7f5efb123000-7f5efb124000 rw-p 0002a000 08:02 1976470                    /usr/lib/jvm/java-11-openjdk/lib/libjava.so
7f5efb124000-7f5efb125000 rw-p 00000000 00:00 0 
7f5efb125000-7f5efb128000 r--p 00000000 08:02 14421227                   /usr/lib/librt-2.33.so
7f5efb128000-7f5efb12c000 r-xp 00003000 08:02 14421227                   /usr/lib/librt-2.33.so
7f5efb12c000-7f5efb12e000 r--p 00007000 08:02 14421227                   /usr/lib/librt-2.33.so
7f5efb12e000-7f5efb12f000 r--p 00008000 08:02 14421227                   /usr/lib/librt-2.33.so
7f5efb12f000-7f5efb130000 rw-p 00009000 08:02 14421227                   /usr/lib/librt-2.33.so
7f5efb130000-7f5efb134000 ---p 00000000 00:00 0 
7f5efb134000-7f5efb231000 rw-p 00000000 00:00 0 
7f5efb231000-7f5efb234000 r--p 00000000 08:02 14421476                   /usr/lib/libgcc_s.so.1
7f5efb234000-7f5efb246000 r-xp 00003000 08:02 14421476                   /usr/lib/libgcc_s.so.1
7f5efb246000-7f5efb249000 r--p 00015000 08:02 14421476                   /usr/lib/libgcc_s.so.1
7f5efb249000-7f5efb24a000 ---p 00018000 08:02 14421476                   /usr/lib/libgcc_s.so.1
7f5efb24a000-7f5efb24b000 r--p 00018000 08:02 14421476                   /usr/lib/libgcc_s.so.1
7f5efb24b000-7f5efb24c000 rw-p 00019000 08:02 14421476                   /usr/lib/libgcc_s.so.1
7f5efb24c000-7f5efb25b000 r--p 00000000 08:02 14421113                   /usr/lib/libm-2.33.so
7f5efb25b000-7f5efb2f5000 r-xp 0000f000 08:02 14421113                   /usr/lib/libm-2.33.so
7f5efb2f5000-7f5efb38d000 r--p 000a9000 08:02 14421113                   /usr/lib/libm-2.33.so
7f5efb38d000-7f5efb38e000 ---p 00141000 08:02 14421113                   /usr/lib/libm-2.33.so
7f5efb38e000-7f5efb38f000 r--p 00141000 08:02 14421113                   /usr/lib/libm-2.33.so
7f5efb38f000-7f5efb390000 rw-p 00142000 08:02 14421113                   /usr/lib/libm-2.33.so
7f5efb390000-7f5efb429000 r--p 00000000 08:02 14477167                   /usr/lib/libstdc++.so.6.0.29
7f5efb429000-7f5efb529000 r-xp 00099000 08:02 14477167                   /usr/lib/libstdc++.so.6.0.29
7f5efb529000-7f5efb595000 r--p 00199000 08:02 14477167                   /usr/lib/libstdc++.so.6.0.29
7f5efb595000-7f5efb5a2000 r--p 00204000 08:02 14477167                   /usr/lib/libstdc++.so.6.0.29
7f5efb5a2000-7f5efb5a3000 rw-p 00211000 08:02 14477167                   /usr/lib/libstdc++.so.6.0.29
7f5efb5a3000-7f5efb5a6000 rw-p 00000000 00:00 0 
7f5efb5a6000-7f5efb81e000 r--p 00000000 08:02 1976538                    /usr/lib/jvm/java-11-openjdk/lib/server/libjvm.so
7f5efb81e000-7f5efc422000 r-xp 00278000 08:02 1976538                    /usr/lib/jvm/java-11-openjdk/lib/server/libjvm.so
7f5efc422000-7f5efc662000 r--p 00e7c000 08:02 1976538                    /usr/lib/jvm/java-11-openjdk/lib/server/libjvm.so
7f5efc662000-7f5efc663000 ---p 010bc000 08:02 1976538                    /usr/lib/jvm/java-11-openjdk/lib/server/libjvm.so
7f5efc663000-7f5efc724000 r--p 010bc000 08:02 1976538                    /usr/lib/jvm/java-11-openjdk/lib/server/libjvm.so
7f5efc724000-7f5efc75e000 rw-p 0117d000 08:02 1976538                    /usr/lib/jvm/java-11-openjdk/lib/server/libjvm.so
7f5efc75e000-7f5efc7b6000 rw-p 00000000 00:00 0 
7f5efc7b6000-7f5efc7bd000 r--p 00000000 08:02 14421201                   /usr/lib/libpthread-2.33.so
7f5efc7bd000-7f5efc7cc000 r-xp 00007000 08:02 14421201                   /usr/lib/libpthread-2.33.so
7f5efc7cc000-7f5efc7d0000 r--p 00016000 08:02 14421201                   /usr/lib/libpthread-2.33.so
7f5efc7d0000-7f5efc7d1000 ---p 0001a000 08:02 14421201                   /usr/lib/libpthread-2.33.so
7f5efc7d1000-7f5efc7d2000 r--p 0001a000 08:02 14421201                   /usr/lib/libpthread-2.33.so
7f5efc7d2000-7f5efc7d3000 rw-p 0001b000 08:02 14421201                   /usr/lib/libpthread-2.33.so
7f5efc7d3000-7f5efc7d7000 rw-p 00000000 00:00 0 
7f5efc7d7000-7f5efc7d9000 r--p 00000000 08:02 14421089                   /usr/lib/libdl-2.33.so
7f5efc7d9000-7f5efc7db000 r-xp 00002000 08:02 14421089                   /usr/lib/libdl-2.33.so
7f5efc7db000-7f5efc7dc000 r--p 00004000 08:02 14421089                   /usr/lib/libdl-2.33.so
7f5efc7dc000-7f5efc7dd000 r--p 00004000 08:02 14421089                   /usr/lib/libdl-2.33.so
7f5efc7dd000-7f5efc7de000 rw-p 00005000 08:02 14421089                   /usr/lib/libdl-2.33.so
7f5efc7de000-7f5efc7e1000 r--p 00000000 08:02 14439370                   /usr/lib/libz.so.1.2.11
7f5efc7e1000-7f5efc7ef000 r-xp 00003000 08:02 14439370                   /usr/lib/libz.so.1.2.11
7f5efc7ef000-7f5efc7f5000 r--p 00011000 08:02 14439370                   /usr/lib/libz.so.1.2.11
7f5efc7f5000-7f5efc7f6000 ---p 00017000 08:02 14439370                   /usr/lib/libz.so.1.2.11
7f5efc7f6000-7f5efc7f7000 r--p 00017000 08:02 14439370                   /usr/lib/libz.so.1.2.11
7f5efc7f7000-7f5efc7f8000 rw-p 00018000 08:02 14439370                   /usr/lib/libz.so.1.2.11
7f5efc7f8000-7f5efc81e000 r--p 00000000 08:02 14421056                   /usr/lib/libc-2.33.so
7f5efc81e000-7f5efc969000 r-xp 00026000 08:02 14421056                   /usr/lib/libc-2.33.so
7f5efc969000-7f5efc9b5000 r--p 00171000 08:02 14421056                   /usr/lib/libc-2.33.so
7f5efc9b5000-7f5efc9b8000 r--p 001bc000 08:02 14421056                   /usr/lib/libc-2.33.so
7f5efc9b8000-7f5efc9bb000 rw-p 001bf000 08:02 14421056                   /usr/lib/libc-2.33.so
7f5efc9bb000-7f5efc9c4000 rw-p 00000000 00:00 0 
7f5efc9cb000-7f5efc9cd000 r--p 00000000 08:02 14421153                   /usr/lib/libnss_compat-2.33.so
7f5efc9cd000-7f5efc9d3000 r-xp 00002000 08:02 14421153                   /usr/lib/libnss_compat-2.33.so
7f5efc9d3000-7f5efc9d4000 r--p 00008000 08:02 14421153                   /usr/lib/libnss_compat-2.33.so
7f5efc9d4000-7f5efc9d5000 r--p 00008000 08:02 14421153                   /usr/lib/libnss_compat-2.33.so
7f5efc9d5000-7f5efc9d6000 rw-p 00009000 08:02 14421153                   /usr/lib/libnss_compat-2.33.so
7f5efc9d6000-7f5efc9d7000 ---p 00000000 00:00 0 
7f5efc9d7000-7f5efc9d8000 r--p 00000000 00:00 0 
7f5efc9d8000-7f5efc9da000 r--p 00000000 08:02 1976476                    /usr/lib/jvm/java-11-openjdk/lib/libjimage.so
7f5efc9da000-7f5efc9dd000 r-xp 00002000 08:02 1976476                    /usr/lib/jvm/java-11-openjdk/lib/libjimage.so
7f5efc9dd000-7f5efc9de000 r--p 00005000 08:02 1976476                    /usr/lib/jvm/java-11-openjdk/lib/libjimage.so
7f5efc9de000-7f5efc9df000 ---p 00006000 08:02 1976476                    /usr/lib/jvm/java-11-openjdk/lib/libjimage.so
7f5efc9df000-7f5efc9e0000 r--p 00006000 08:02 1976476                    /usr/lib/jvm/java-11-openjdk/lib/libjimage.so
7f5efc9e0000-7f5efc9e1000 rw-p 00007000 08:02 1976476                    /usr/lib/jvm/java-11-openjdk/lib/libjimage.so
7f5efc9e1000-7f5efc9e6000 r--p 00000000 08:02 1976521                    /usr/lib/jvm/java-11-openjdk/lib/libverify.so
7f5efc9e6000-7f5efc9ed000 r-xp 00005000 08:02 1976521                    /usr/lib/jvm/java-11-openjdk/lib/libverify.so
7f5efc9ed000-7f5efc9ef000 r--p 0000c000 08:02 1976521                    /usr/lib/jvm/java-11-openjdk/lib/libverify.so
7f5efc9ef000-7f5efc9f1000 r--p 0000d000 08:02 1976521                    /usr/lib/jvm/java-11-openjdk/lib/libverify.so
7f5efc9f1000-7f5efc9f2000 rw-p 0000f000 08:02 1976521                    /usr/lib/jvm/java-11-openjdk/lib/libverify.so
7f5efc9f2000-7f5efc9f5000 r--p 00000000 08:02 1976252                    /usr/lib/jvm/java-11-openjdk/lib/jli/libjli.so
7f5efc9f5000-7f5efc9ff000 r-xp 00003000 08:02 1976252                    /usr/lib/jvm/java-11-openjdk/lib/jli/libjli.so
7f5efc9ff000-7f5efca02000 r--p 0000d000 08:02 1976252                    /usr/lib/jvm/java-11-openjdk/lib/jli/libjli.so
7f5efca02000-7f5efca03000 ---p 00010000 08:02 1976252                    /usr/lib/jvm/java-11-openjdk/lib/jli/libjli.so
7f5efca03000-7f5efca04000 r--p 00010000 08:02 1976252                    /usr/lib/jvm/java-11-openjdk/lib/jli/libjli.so
7f5efca04000-7f5efca05000 rw-p 00011000 08:02 1976252                    /usr/lib/jvm/java-11-openjdk/lib/jli/libjli.so
7f5efca05000-7f5efca07000 rw-p 00000000 00:00 0 
7f5efca07000-7f5efca08000 r--p 00000000 08:02 14420974                   /usr/lib/ld-2.33.so
7f5efca08000-7f5efca2c000 r-xp 00001000 08:02 14420974                   /usr/lib/ld-2.33.so
7f5efca2c000-7f5efca35000 r--p 00025000 08:02 14420974                   /usr/lib/ld-2.33.so
7f5efca35000-7f5efca37000 r--p 0002d000 08:02 14420974                   /usr/lib/ld-2.33.so
7f5efca37000-7f5efca39000 rw-p 0002f000 08:02 14420974                   /usr/lib/ld-2.33.so
7fff2e19d000-7fff2e1be000 rw-p 00000000 00:00 0                          [stack]
7fff2e1dd000-7fff2e1e1000 r--p 00000000 00:00 0                          [vvar]
7fff2e1e1000-7fff2e1e3000 r-xp 00000000 00:00 0                          [vdso]
ffffffffff600000-ffffffffff601000 --xp 00000000 00:00 0                  [vsyscall]


VM Arguments:
java_command: Tmp0Kt
java_class_path (initial): tmp/lib/kotlin-stdlib-1.4.0.jar:tmp/lib/kotlin-stdlib-common-1.4.0.jar:tmp/lib/kotlin-test-1.4.0.jar:tmp/lib/kotlin-test-common-1.4.0.jar:tmp/lib/kotlin-reflect-1.4.0.jar:tmp/lib/kotlin-script-runtime-1.4.0.jar:tmp/lib/kotlin-stdlib-jdk8-1.4.0.jar:tmp/lib/kotlin-stdlib-jdk7-1.4.0.jar:tmp/tmp.jar
Launcher Type: SUN_STANDARD

[Global flags]
     intx CICompilerCount                          = 4                                         {product} {ergonomic}
     uint ConcGCThreads                            = 2                                         {product} {ergonomic}
     uint G1ConcRefinementThreads                  = 8                                         {product} {ergonomic}
   size_t G1HeapRegionSize                         = 2097152                                   {product} {ergonomic}
    uintx GCDrainStackTargetSize                   = 64                                        {product} {ergonomic}
   size_t InitialHeapSize                          = 524288000                                 {product} {ergonomic}
   size_t MarkStackSize                            = 4194304                                   {product} {ergonomic}
   size_t MaxHeapSize                              = 8382316544                                {product} {ergonomic}
   size_t MaxNewSize                               = 5028970496                                {product} {ergonomic}
   size_t MinHeapDeltaBytes                        = 2097152                                   {product} {ergonomic}
    uintx NonNMethodCodeHeapSize                   = 5836300                                {pd product} {ergonomic}
    uintx NonProfiledCodeHeapSize                  = 122910970                              {pd product} {ergonomic}
    uintx ProfiledCodeHeapSize                     = 122910970                              {pd product} {ergonomic}
    uintx ReservedCodeCacheSize                    = 251658240                              {pd product} {ergonomic}
     bool SegmentedCodeCache                       = true                                      {product} {ergonomic}
     bool UseCompressedClassPointers               = true                                 {lp64_product} {ergonomic}
     bool UseCompressedOops                        = true                                 {lp64_product} {ergonomic}
     bool UseG1GC                                  = true                                      {product} {ergonomic}

Logging:
Log output configuration:
 #0: stdout all=warning uptime,level,tags
 #1: stderr all=off uptime,level,tags

Environment Variables:
JAVA_HOME=/usr/lib/jvm/java-11-openjdk
PATH=/usr/lib/jvm/java-14-openjdk/bin:/usr/local/bin:/usr/local/sbin:/usr/bin:/opt/android-sdk/tools:/opt/android-sdk/tools/bin:/usr/lib/jvm/default/bin:/usr/lib/smlnj/bin
LD_LIBRARY_PATH=/opt/cuda/lib64
SHELL=/bin/bash
DISPLAY=:0.0
LANG=en_US.UTF-8

Signal Handlers:
SIGSEGV: [libjvm.so+0xe0a500], sa_mask[0]=11111111011111111101111111111110, sa_flags=SA_RESTART|SA_SIGINFO
SIGBUS: [libjvm.so+0xe0a500], sa_mask[0]=11111111011111111101111111111110, sa_flags=SA_RESTART|SA_SIGINFO
SIGFPE: [libjvm.so+0xe0a500], sa_mask[0]=11111111011111111101111111111110, sa_flags=SA_RESTART|SA_SIGINFO
SIGPIPE: [libjvm.so+0xbf93d0], sa_mask[0]=11111111011111111101111111111110, sa_flags=SA_RESTART|SA_SIGINFO
SIGXFSZ: [libjvm.so+0xbf93d0], sa_mask[0]=11111111011111111101111111111110, sa_flags=SA_RESTART|SA_SIGINFO
SIGILL: [libjvm.so+0xe0a500], sa_mask[0]=11111111011111111101111111111110, sa_flags=SA_RESTART|SA_SIGINFO
SIGUSR2: [libjvm.so+0xbf9260], sa_mask[0]=00100000000000000000000000000000, sa_flags=SA_RESTART|SA_SIGINFO
SIGHUP: [libjvm.so+0xbf9860], sa_mask[0]=11111111011111111101111111111110, sa_flags=SA_RESTART|SA_SIGINFO
SIGINT: [libjvm.so+0xbf9860], sa_mask[0]=11111111011111111101111111111110, sa_flags=SA_RESTART|SA_SIGINFO
SIGTERM: [libjvm.so+0xbf9860], sa_mask[0]=11111111011111111101111111111110, sa_flags=SA_RESTART|SA_SIGINFO
SIGQUIT: [libjvm.so+0xbf9860], sa_mask[0]=11111111011111111101111111111110, sa_flags=SA_RESTART|SA_SIGINFO


---------------  S Y S T E M  ---------------

OS:LSB_VERSION=1.4
DISTRIB_ID=Arch
DISTRIB_RELEASE=rolling
DISTRIB_DESCRIPTION="Arch Linux"
uname:Linux 5.15.4-arch1-1 #1 SMP PREEMPT Sun, 21 Nov 2021 21:34:33 +0000 x86_64
OS uptime: 9 days 8:46 hours
libc:glibc 2.33 NPTL 2.33 
rlimit (soft/hard): STACK 8192k/infinity , CORE infinity/infinity , NPROC 127832/127832 , NOFILE 524288/524288 , AS infinity/infinity , CPU infinity/infinity , DATA infinity/infinity , FSIZE infinity/infinity , MEMLOCK 1024k/1024k
load average:1.56 2.65 2.97

/proc/meminfo:
MemTotal:       32740680 kB
MemFree:        15130540 kB
MemAvailable:   20918412 kB
Buffers:          385024 kB
Cached:          5914512 kB
SwapCached:            0 kB
Active:          2297504 kB
Inactive:       14534140 kB
Active(anon):      55276 kB
Inactive(anon): 10800168 kB
Active(file):    2242228 kB
Inactive(file):  3733972 kB
Unevictable:      246596 kB
Mlocked:              64 kB
SwapTotal:      32575484 kB
SwapFree:       32575484 kB
Dirty:               508 kB
Writeback:             0 kB
AnonPages:      10778888 kB
Mapped:          1346952 kB
Shmem:            323336 kB
KReclaimable:     274828 kB
Slab:             366136 kB
SReclaimable:     274828 kB
SUnreclaim:        91308 kB
KernelStack:       14588 kB
PageTables:        45200 kB
NFS_Unstable:          0 kB
Bounce:                0 kB
WritebackTmp:          0 kB
CommitLimit:    48945824 kB
Committed_AS:   14496312 kB
VmallocTotal:   34359738367 kB
VmallocUsed:       37920 kB
VmallocChunk:          0 kB
Percpu:             5600 kB
HardwareCorrupted:     0 kB
AnonHugePages:         0 kB
ShmemHugePages:        0 kB
ShmemPmdMapped:        0 kB
FileHugePages:         0 kB
FilePmdMapped:         0 kB
CmaTotal:              0 kB
CmaFree:               0 kB
HugePages_Total:       0
HugePages_Free:        0
HugePages_Rsvd:        0
HugePages_Surp:        0
Hugepagesize:       2048 kB
Hugetlb:               0 kB
DirectMap4k:      393304 kB
DirectMap2M:    22542336 kB
DirectMap1G:    11534336 kB

/sys/kernel/mm/transparent_hugepage/enabled:
always [madvise] never
/sys/kernel/mm/transparent_hugepage/defrag (defrag/compaction efforts parameter):
always defer defer+madvise [madvise] never

Process Memory:
Virtual Size: 11677508K (peak: 11743044K)
Resident Set Size: 72080K (peak: 72080K) (anon: 53076K, file: 18972K, shmem: 32K)
Swapped out: 0K
C-Heap outstanding allocations: 14154K

/proc/sys/kernel/threads-max (system-wide limit on the number of threads):
255665
/proc/sys/vm/max_map_count (maximum number of memory map areas a process may have):
65530
/proc/sys/kernel/pid_max (system-wide limit on number of process identifiers):
4194304

Steal ticks since vm start: 0
Steal ticks percentage since vm start:  0.000

CPU:total 8 (initial active 8) (4 cores per cpu, 2 threads per core) family 6 model 60 stepping 3 microcode 0x1c, cmov, cx8, fxsr, mmx, sse, sse2, sse3, ssse3, sse4.1, sse4.2, popcnt, avx, avx2, aes, clmul, erms, lzcnt, ht, tsc, tscinvbit, bmi1, bmi2, fma
CPU Model and flags from /proc/cpuinfo:
model name	: Intel(R) Core(TM) i7-4790 CPU @ 3.60GHz
flags		: fpu vme de pse tsc msr pae mce cx8 apic sep mtrr pge mca cmov pat pse36 clflush dts acpi mmx fxsr sse sse2 ss ht tm pbe syscall nx pdpe1gb rdtscp lm constant_tsc arch_perfmon pebs bts rep_good nopl xtopology nonstop_tsc cpuid aperfmperf pni pclmulqdq dtes64 monitor ds_cpl vmx smx est tm2 ssse3 sdbg fma cx16 xtpr pdcm pcid sse4_1 sse4_2 x2apic movbe popcnt aes xsave avx f16c rdrand lahf_lm abm cpuid_fault invpcid_single pti tpr_shadow vnmi flexpriority ept vpid ept_ad fsgsbase tsc_adjust bmi1 avx2 smep bmi2 erms invpcid xsaveopt dtherm ida arat pln pts
Online cpus:
0-7
Offline cpus:

BIOS frequency limitation:
<Not Available>
Frequency switch latency (ns):
20000
Available cpu frequencies:
<Not Available>
Current governor:
schedutil
Core performance/turbo boost:
<Not Available>

Memory: 4k page, physical 32740680k(15130540k free), swap 32575484k(32575484k free)

vm_info: OpenJDK 64-Bit Server VM (11.0.13+8) for linux-amd64 JRE (11.0.13+8), built on Nov  9 2021 19:45:44 by "builduser" with gcc 11.1.0

END.
