#
# A fatal error has been detected by the Java Runtime Environment:
#
#  SIGSEGV (0xb) at pc=0x00007fca9a91bfee, pid=2844491, tid=2844513
#
# JRE version: OpenJDK Runtime Environment (11.0.13+8) (build 11.0.13+8)
# Java VM: OpenJDK 64-Bit Server VM (11.0.13+8, mixed mode, tiered, compressed oops, g1 gc, linux-amd64)
# Problematic frame:
# V  [libjvm.so+0x5b3fee]
#
# Core dump will be written. Default location: Core dumps may be processed with "/usr/lib/systemd/systemd-coredump %P %u %g %s %t %c %h" (or dumping to /home/stepanov/workspace/guidedBBF/bbfgradle/core.2844491)
#
# If you would like to submit a bug report, please visit:
#   https://bugreport.java.com/bugreport/crash.jsp
#

---------------  S U M M A R Y ------------

Command Line: Tmp0Kt

Host: Intel(R) Core(TM) i7-4790 CPU @ 3.60GHz, 8 cores, 31G, Arch Linux
Time: Fri Dec  3 09:50:31 2021 MSK elapsed time: 0.161420 seconds (0d 0h 0m 0s)

---------------  T H R E A D  ---------------

Current thread (0x00007fca34131800):  JavaThread "C2 CompilerThread2" daemon [_thread_in_native, id=2844513, stack(0x00007fca56d0f000,0x00007fca56e10000)]


Current CompileTask:
C2:    161  233 %     4       kotlin.UnsignedKt::ulongCompare @ 347 (12 bytes)

Stack: [0x00007fca56d0f000,0x00007fca56e10000],  sp=0x00007fca56e0cd20,  free space=1015k
Native frames: (J=compiled Java code, A=aot compiled Java code, j=interpreted, Vv=VM code, C=native code)
V  [libjvm.so+0x5b3fee]
V  [libjvm.so+0x5b7c71]
V  [libjvm.so+0x5b7de2]
V  [libjvm.so+0x594f9d]
V  [libjvm.so+0xc34b84]
V  [libjvm.so+0x55b19c]
V  [libjvm.so+0x63045e]
V  [libjvm.so+0x55a4c5]
V  [libjvm.so+0x6394c6]
V  [libjvm.so+0x63a788]
V  [libjvm.so+0xd9c2f8]
V  [libjvm.so+0xd997d1]
V  [libjvm.so+0xc03641]


siginfo: si_signo: 11 (SIGSEGV), si_code: 1 (SEGV_MAPERR), si_addr: 0xffffffff00000000

Register to memory mapping:

RAX=0x00007fca281acfb0 points into unknown readable memory: 0x0000000000000000 | 00 00 00 00 00 00 00 00
RBX=0xffffffff00000000 is an unknown value
RCX=0x0 is NULL
RDX=0x00007fca280c6130 points into unknown readable memory: 0x00007fca280c6140 | 40 61 0c 28 ca 7f 00 00
RSP=0x00007fca56e0cd20 is pointing into the stack for thread: 0x00007fca34131800
RBP=0x00007fca56e0cd60 is pointing into the stack for thread: 0x00007fca34131800
RSI=0x00000000000000fe is an unknown value
RDI=0x00007fca281acf30 points into unknown readable memory: 0x00007fca56e0e970 | 70 e9 e0 56 ca 7f 00 00
R8 =0x00007fca56e0e978 is pointing into the stack for thread: 0x00007fca34131800
R9 =0x00000000ffffffff is an unknown value
R10=0x00007fca28231e60 points into unknown readable memory: 0x00000000000007f0 | f0 07 00 00 00 00 00 00
R11=0x00007fca281ac8ec points into unknown readable memory: ca 7f 00 00
R12=0x00007fca34089860 points into unknown readable memory: 0x0000000700000006 | 06 00 00 00 07 00 00 00
R13=0x00007fca280c6130 points into unknown readable memory: 0x00007fca280c6140 | 40 61 0c 28 ca 7f 00 00
R14=0x00007fca281acf30 points into unknown readable memory: 0x00007fca56e0e970 | 70 e9 e0 56 ca 7f 00 00
R15=0x00000000000000fe is an unknown value


Registers:
RAX=0x00007fca281acfb0, RBX=0xffffffff00000000, RCX=0x0000000000000000, RDX=0x00007fca280c6130
RSP=0x00007fca56e0cd20, RBP=0x00007fca56e0cd60, RSI=0x00000000000000fe, RDI=0x00007fca281acf30
R8 =0x00007fca56e0e978, R9 =0x00000000ffffffff, R10=0x00007fca28231e60, R11=0x00007fca281ac8ec
R12=0x00007fca34089860, R13=0x00007fca280c6130, R14=0x00007fca281acf30, R15=0x00000000000000fe
RIP=0x00007fca9a91bfee, EFLAGS=0x0000000000010297, CSGSFS=0x002b000000000033, ERR=0x0000000000000005
  TRAPNO=0x000000000000000e

Top of Stack: (sp=0x00007fca56e0cd20)
0x00007fca56e0cd20:   00007fca56e0cdc0 00000000280c6140
0x00007fca56e0cd30:   00007fca280c6130 00007fca281acf30
0x00007fca56e0cd40:   00007fca34089860 00007fca280c6130
0x00007fca56e0cd50:   00007fca280c6100 00007fca280c27b0 

Instructions: (pc=0x00007fca9a91bfee)
0x00007fca9a91beee:   85 c0 7e 35 66 0f 1f 44 00 00 49 8b 45 00 48 8b
0x00007fca9a91befe:   19 4c 8b 78 18 48 63 33 4d 01 f7 3b 73 04 74 5a
0x00007fca9a91bf0e:   8d 46 01 49 83 c6 08 89 03 48 8b 43 18 49 8b 17
0x00007fca9a91bf1e:   48 89 14 f0 4d 39 c6 75 d1 66 0f 6f 05 a1 b4 8e
0x00007fca9a91bf2e:   00 49 89 4c 24 30 49 c7 44 24 60 00 00 00 00 41
0x00007fca9a91bf3e:   0f 11 44 24 38 66 0f ef c0 41 c7 44 24 48 00 00
0x00007fca9a91bf4e:   00 00 41 0f 11 44 24 50 48 83 c4 18 5b 41 5c 41
0x00007fca9a91bf5e:   5d 41 5e 41 5f 5d c3 0f 1f 00 48 89 df 4c 89 45
0x00007fca9a91bf6e:   c0 49 83 c6 08 48 89 4d c8 e8 34 40 00 00 48 63
0x00007fca9a91bf7e:   03 4c 8b 45 c0 48 8b 4d c8 8d 50 01 4d 39 c6 89
0x00007fca9a91bf8e:   13 48 8b 53 18 49 8b 37 48 89 34 c2 0f 85 58 ff
0x00007fca9a91bf9e:   ff ff eb 85 66 0f 1f 44 00 00 31 d2 e9 7a fe ff
0x00007fca9a91bfae:   ff 90 55 48 89 e5 41 57 4c 63 fe 41 56 49 89 fe
0x00007fca9a91bfbe:   41 55 49 89 d5 41 54 53 48 83 ec 18 48 8b 07 89
0x00007fca9a91bfce:   4d cc 4c 8b 00 48 8b 47 40 4a 8b 1c f8 48 85 db
0x00007fca9a91bfde:   0f 84 64 01 00 00 83 7d cc 01 0f 84 02 01 00 00
0x00007fca9a91bfee:   8b 03 85 c0 7e 7d 48 8b 73 18 83 e8 01 4c 8d 5c
0x00007fca9a91bffe:   c6 08 4c 8b 26 41 80 7c 24 48 00 75 5d 49 8b 55
0x00007fca9a91c00e:   00 8b 02 85 c0 0f 84 ae 00 00 00 49 8b 4c 24 30
0x00007fca9a91c01e:   48 8b 09 48 63 39 39 c7 75 40 85 ff 0f 8e 97 00
0x00007fca9a91c02e:   00 00 4c 8b 51 18 4c 8b 4a 18 4c 89 65 c0 31 c0
0x00007fca9a91c03e:   eb 15 8b 52 04 39 51 04 75 20 48 83 c0 01 48 39
0x00007fca9a91c04e:   f8 0f 84 8b 00 00 00 49 8b 14 c1 49 8b 0c c2 44
0x00007fca9a91c05e:   8b 22 44 39 21 74 db 0f 1f 00 48 83 c6 08 49 39
0x00007fca9a91c06e:   f3 75 8f 83 7d cc 02 0f 84 b5 01 00 00 49 8b 46
0x00007fca9a91c07e:   10 4c 89 c6 bf 68 00 00 00 48 8b 40 10 48 8b 40
0x00007fca9a91c08e:   18 4e 8b 3c f8 67 e8 57 85 e6 ff 49 89 c4 48 85
0x00007fca9a91c09e:   c0 74 11 4c 89 e9 4c 89 fa 4c 89 f6 48 89 c7 e8
0x00007fca9a91c0ae:   be fc ff ff 48 63 33 3b 73 04 74 7b 8d 46 01 89
0x00007fca9a91c0be:   03 48 8b 43 18 4c 89 24 f0 48 83 c4 18 4c 89 e0
0x00007fca9a91c0ce:   5b 41 5c 41 5d 41 5e 41 5f 5d c3 0f 1f 80 00 00
0x00007fca9a91c0de:   00 00 4c 8b 65 c0 eb e1 66 2e 0f 1f 84 00 00 00 


Stack slot to memory mapping:
stack at sp + 0 slots: 0x00007fca56e0cdc0 is pointing into the stack for thread: 0x00007fca34131800
stack at sp + 1 slots: 0x00000000280c6140 is an unknown value
stack at sp + 2 slots: 0x00007fca280c6130 points into unknown readable memory: 0x00007fca280c6140 | 40 61 0c 28 ca 7f 00 00
stack at sp + 3 slots: 0x00007fca281acf30 points into unknown readable memory: 0x00007fca56e0e970 | 70 e9 e0 56 ca 7f 00 00
stack at sp + 4 slots: 0x00007fca34089860 points into unknown readable memory: 0x0000000700000006 | 06 00 00 00 07 00 00 00
stack at sp + 5 slots: 0x00007fca280c6130 points into unknown readable memory: 0x00007fca280c6140 | 40 61 0c 28 ca 7f 00 00
stack at sp + 6 slots: 0x00007fca280c6100 points into unknown readable memory: 0x00007fca281acfc0 | c0 cf 1a 28 ca 7f 00 00
stack at sp + 7 slots: 0x00007fca280c27b0 points into unknown readable memory: 0x0000000000000000 | 00 00 00 00 00 00 00 00


---------------  P R O C E S S  ---------------

Threads class SMR info:
_java_thread_list=0x00007fca34132ec0, length=11, elements={
0x00007fca94016800, 0x00007fca9425a000, 0x00007fca9425e000, 0x00007fca94273000,
0x00007fca94275000, 0x00007fca94277000, 0x00007fca94279000, 0x00007fca9427b800,
0x00007fca9435b000, 0x00007fca38061800, 0x00007fca34131800
}

Java Threads: ( => current thread )
  0x00007fca94016800 JavaThread "main" [_thread_in_Java, id=2844495, stack(0x00007fca99ef2000,0x00007fca99ff3000)]
  0x00007fca9425a000 JavaThread "Reference Handler" daemon [_thread_blocked, id=2844502, stack(0x00007fca6426e000,0x00007fca6436f000)]
  0x00007fca9425e000 JavaThread "Finalizer" daemon [_thread_blocked, id=2844503, stack(0x00007fca6416d000,0x00007fca6426e000)]
  0x00007fca94273000 JavaThread "Signal Dispatcher" daemon [_thread_blocked, id=2844504, stack(0x00007fca6406c000,0x00007fca6416d000)]
  0x00007fca94275000 JavaThread "Service Thread" daemon [_thread_blocked, id=2844505, stack(0x00007fca57417000,0x00007fca57518000)]
  0x00007fca94277000 JavaThread "C2 CompilerThread0" daemon [_thread_blocked, id=2844506, stack(0x00007fca57316000,0x00007fca57417000)]
  0x00007fca94279000 JavaThread "C1 CompilerThread0" daemon [_thread_blocked, id=2844507, stack(0x00007fca57215000,0x00007fca57316000)]
  0x00007fca9427b800 JavaThread "Sweeper thread" daemon [_thread_blocked, id=2844508, stack(0x00007fca57114000,0x00007fca57215000)]
  0x00007fca9435b000 JavaThread "Common-Cleaner" daemon [_thread_blocked, id=2844510, stack(0x00007fca56f11000,0x00007fca57012000)]
  0x00007fca38061800 JavaThread "C2 CompilerThread1" daemon [_thread_blocked, id=2844512, stack(0x00007fca56e10000,0x00007fca56f11000)]
=>0x00007fca34131800 JavaThread "C2 CompilerThread2" daemon [_thread_in_native, id=2844513, stack(0x00007fca56d0f000,0x00007fca56e10000)]

Other Threads:
  0x00007fca94252000 VMThread "VM Thread" [stack: 0x00007fca64371000,0x00007fca64471000] [id=2844501] _threads_hazard_ptr=0x00007fca34132ec0
  0x00007fca9434a000 WatcherThread [stack: 0x00007fca57014000,0x00007fca57114000] [id=2844509]
  0x00007fca9402e800 GCTaskThread "GC Thread#0" [stack: 0x00007fca99bc6000,0x00007fca99cc6000] [id=2844496]
  0x00007fca4c001000 GCTaskThread "GC Thread#1" [stack: 0x00007fca56c0f000,0x00007fca56d0f000] [id=2844514]
  0x00007fca4c002800 GCTaskThread "GC Thread#2" [stack: 0x00007fca56b0d000,0x00007fca56c0d000] [id=2844515]
  0x00007fca4c004000 GCTaskThread "GC Thread#3" [stack: 0x00007fca56a0b000,0x00007fca56b0b000] [id=2844516]
  0x00007fca4c005800 GCTaskThread "GC Thread#4" [stack: 0x00007fca56909000,0x00007fca56a09000] [id=2844517]
  0x00007fca4c007800 GCTaskThread "GC Thread#5" [stack: 0x00007fca56807000,0x00007fca56907000] [id=2844518]
  0x00007fca4c009000 GCTaskThread "GC Thread#6" [stack: 0x00007fca56705000,0x00007fca56805000] [id=2844519]
  0x00007fca4c00a800 GCTaskThread "GC Thread#7" [stack: 0x00007fca56603000,0x00007fca56703000] [id=2844520]
  0x00007fca94069000 ConcurrentGCThread "G1 Main Marker" [stack: 0x00007fca981de000,0x00007fca982de000] [id=2844497]
  0x00007fca9406a800 ConcurrentGCThread "G1 Conc#0" [stack: 0x00007fca980dc000,0x00007fca981dc000] [id=2844498]
  0x00007fca941ec800 ConcurrentGCThread "G1 Refine#0" [stack: 0x00007fca645f6000,0x00007fca646f6000] [id=2844499]
  0x00007fca941ee000 ConcurrentGCThread "G1 Young RemSet Sampling" [stack: 0x00007fca644f4000,0x00007fca645f4000] [id=2844500]

Threads with active compile tasks:
C2 CompilerThread1    163  229       4       coverage.MyMethodBasedCoverage::putEntry (86 bytes)
C2 CompilerThread2    163  233 %     4       kotlin.UnsignedKt::ulongCompare @ 347 (12 bytes)

VM state:synchronizing (normal execution)

VM Mutex/Monitor currently owned by a thread:  ([mutex/lock_event])
[0x00007fca94012790] Safepoint_lock - owner thread: 0x00007fca94252000
[0x00007fca94012820] Threads_lock - owner thread: 0x00007fca94252000

Heap address: 0x000000060c600000, size: 7994 MB, Compressed Oops mode: Zero based, Oop shift amount: 3
Narrow klass base: 0x0000000800000000, Narrow klass shift: 0
Compressed class space size: 1073741824 Address: 0x0000000800000000

Heap:
 garbage-first heap   total 512000K, used 1030K [0x000000060c600000, 0x0000000800000000)
  region size 2048K, 2 young (4096K), 1 survivors (2048K)
 Metaspace       used 5189K, capacity 5296K, committed 5376K, reserved 1056768K
  class space    used 418K, capacity 464K, committed 512K, reserved 1048576K
Heap Regions: E=young(eden), S=young(survivor), O=old, HS=humongous(starts), HC=humongous(continues), CS=collection set, F=free, A=archive, TAMS=top-at-mark-start (previous, next)
|   0|0x000000060c600000, 0x000000060c600000, 0x000000060c800000|  0%| F|  |TAMS 0x000000060c600000, 0x000000060c600000| Untracked 
|   1|0x000000060c800000, 0x000000060c800000, 0x000000060ca00000|  0%| F|  |TAMS 0x000000060c800000, 0x000000060c800000| Untracked 
|   2|0x000000060ca00000, 0x000000060ca00000, 0x000000060cc00000|  0%| F|  |TAMS 0x000000060ca00000, 0x000000060ca00000| Untracked 
|   3|0x000000060cc00000, 0x000000060cc00000, 0x000000060ce00000|  0%| F|  |TAMS 0x000000060cc00000, 0x000000060cc00000| Untracked 
|   4|0x000000060ce00000, 0x000000060ce00000, 0x000000060d000000|  0%| F|  |TAMS 0x000000060ce00000, 0x000000060ce00000| Untracked 
|   5|0x000000060d000000, 0x000000060d000000, 0x000000060d200000|  0%| F|  |TAMS 0x000000060d000000, 0x000000060d000000| Untracked 
|   6|0x000000060d200000, 0x000000060d200000, 0x000000060d400000|  0%| F|  |TAMS 0x000000060d200000, 0x000000060d200000| Untracked 
|   7|0x000000060d400000, 0x000000060d400000, 0x000000060d600000|  0%| F|  |TAMS 0x000000060d400000, 0x000000060d400000| Untracked 
|   8|0x000000060d600000, 0x000000060d600000, 0x000000060d800000|  0%| F|  |TAMS 0x000000060d600000, 0x000000060d600000| Untracked 
|   9|0x000000060d800000, 0x000000060d800000, 0x000000060da00000|  0%| F|  |TAMS 0x000000060d800000, 0x000000060d800000| Untracked 
|  10|0x000000060da00000, 0x000000060da00000, 0x000000060dc00000|  0%| F|  |TAMS 0x000000060da00000, 0x000000060da00000| Untracked 
|  11|0x000000060dc00000, 0x000000060dc00000, 0x000000060de00000|  0%| F|  |TAMS 0x000000060dc00000, 0x000000060dc00000| Untracked 
|  12|0x000000060de00000, 0x000000060de00000, 0x000000060e000000|  0%| F|  |TAMS 0x000000060de00000, 0x000000060de00000| Untracked 
|  13|0x000000060e000000, 0x000000060e000000, 0x000000060e200000|  0%| F|  |TAMS 0x000000060e000000, 0x000000060e000000| Untracked 
|  14|0x000000060e200000, 0x000000060e200000, 0x000000060e400000|  0%| F|  |TAMS 0x000000060e200000, 0x000000060e200000| Untracked 
|  15|0x000000060e400000, 0x000000060e400000, 0x000000060e600000|  0%| F|  |TAMS 0x000000060e400000, 0x000000060e400000| Untracked 
|  16|0x000000060e600000, 0x000000060e600000, 0x000000060e800000|  0%| F|  |TAMS 0x000000060e600000, 0x000000060e600000| Untracked 
|  17|0x000000060e800000, 0x000000060e800000, 0x000000060ea00000|  0%| F|  |TAMS 0x000000060e800000, 0x000000060e800000| Untracked 
|  18|0x000000060ea00000, 0x000000060ea00000, 0x000000060ec00000|  0%| F|  |TAMS 0x000000060ea00000, 0x000000060ea00000| Untracked 
|  19|0x000000060ec00000, 0x000000060ec00000, 0x000000060ee00000|  0%| F|  |TAMS 0x000000060ec00000, 0x000000060ec00000| Untracked 
|  20|0x000000060ee00000, 0x000000060ee00000, 0x000000060f000000|  0%| F|  |TAMS 0x000000060ee00000, 0x000000060ee00000| Untracked 
|  21|0x000000060f000000, 0x000000060f000000, 0x000000060f200000|  0%| F|  |TAMS 0x000000060f000000, 0x000000060f000000| Untracked 
|  22|0x000000060f200000, 0x000000060f200000, 0x000000060f400000|  0%| F|  |TAMS 0x000000060f200000, 0x000000060f200000| Untracked 
|  23|0x000000060f400000, 0x000000060f400000, 0x000000060f600000|  0%| F|  |TAMS 0x000000060f400000, 0x000000060f400000| Untracked 
|  24|0x000000060f600000, 0x000000060f600000, 0x000000060f800000|  0%| F|  |TAMS 0x000000060f600000, 0x000000060f600000| Untracked 
|  25|0x000000060f800000, 0x000000060f800000, 0x000000060fa00000|  0%| F|  |TAMS 0x000000060f800000, 0x000000060f800000| Untracked 
|  26|0x000000060fa00000, 0x000000060fa00000, 0x000000060fc00000|  0%| F|  |TAMS 0x000000060fa00000, 0x000000060fa00000| Untracked 
|  27|0x000000060fc00000, 0x000000060fc00000, 0x000000060fe00000|  0%| F|  |TAMS 0x000000060fc00000, 0x000000060fc00000| Untracked 
|  28|0x000000060fe00000, 0x000000060fe00000, 0x0000000610000000|  0%| F|  |TAMS 0x000000060fe00000, 0x000000060fe00000| Untracked 
|  29|0x0000000610000000, 0x0000000610000000, 0x0000000610200000|  0%| F|  |TAMS 0x0000000610000000, 0x0000000610000000| Untracked 
|  30|0x0000000610200000, 0x0000000610200000, 0x0000000610400000|  0%| F|  |TAMS 0x0000000610200000, 0x0000000610200000| Untracked 
|  31|0x0000000610400000, 0x0000000610400000, 0x0000000610600000|  0%| F|  |TAMS 0x0000000610400000, 0x0000000610400000| Untracked 
|  32|0x0000000610600000, 0x0000000610600000, 0x0000000610800000|  0%| F|  |TAMS 0x0000000610600000, 0x0000000610600000| Untracked 
|  33|0x0000000610800000, 0x0000000610800000, 0x0000000610a00000|  0%| F|  |TAMS 0x0000000610800000, 0x0000000610800000| Untracked 
|  34|0x0000000610a00000, 0x0000000610a00000, 0x0000000610c00000|  0%| F|  |TAMS 0x0000000610a00000, 0x0000000610a00000| Untracked 
|  35|0x0000000610c00000, 0x0000000610c00000, 0x0000000610e00000|  0%| F|  |TAMS 0x0000000610c00000, 0x0000000610c00000| Untracked 
|  36|0x0000000610e00000, 0x0000000610e00000, 0x0000000611000000|  0%| F|  |TAMS 0x0000000610e00000, 0x0000000610e00000| Untracked 
|  37|0x0000000611000000, 0x0000000611000000, 0x0000000611200000|  0%| F|  |TAMS 0x0000000611000000, 0x0000000611000000| Untracked 
|  38|0x0000000611200000, 0x0000000611200000, 0x0000000611400000|  0%| F|  |TAMS 0x0000000611200000, 0x0000000611200000| Untracked 
|  39|0x0000000611400000, 0x0000000611400000, 0x0000000611600000|  0%| F|  |TAMS 0x0000000611400000, 0x0000000611400000| Untracked 
|  40|0x0000000611600000, 0x0000000611600000, 0x0000000611800000|  0%| F|  |TAMS 0x0000000611600000, 0x0000000611600000| Untracked 
|  41|0x0000000611800000, 0x0000000611800000, 0x0000000611a00000|  0%| F|  |TAMS 0x0000000611800000, 0x0000000611800000| Untracked 
|  42|0x0000000611a00000, 0x0000000611a00000, 0x0000000611c00000|  0%| F|  |TAMS 0x0000000611a00000, 0x0000000611a00000| Untracked 
|  43|0x0000000611c00000, 0x0000000611c00000, 0x0000000611e00000|  0%| F|  |TAMS 0x0000000611c00000, 0x0000000611c00000| Untracked 
|  44|0x0000000611e00000, 0x0000000611e00000, 0x0000000612000000|  0%| F|  |TAMS 0x0000000611e00000, 0x0000000611e00000| Untracked 
|  45|0x0000000612000000, 0x0000000612000000, 0x0000000612200000|  0%| F|  |TAMS 0x0000000612000000, 0x0000000612000000| Untracked 
|  46|0x0000000612200000, 0x0000000612200000, 0x0000000612400000|  0%| F|  |TAMS 0x0000000612200000, 0x0000000612200000| Untracked 
|  47|0x0000000612400000, 0x0000000612400000, 0x0000000612600000|  0%| F|  |TAMS 0x0000000612400000, 0x0000000612400000| Untracked 
|  48|0x0000000612600000, 0x0000000612600000, 0x0000000612800000|  0%| F|  |TAMS 0x0000000612600000, 0x0000000612600000| Untracked 
|  49|0x0000000612800000, 0x0000000612800000, 0x0000000612a00000|  0%| F|  |TAMS 0x0000000612800000, 0x0000000612800000| Untracked 
|  50|0x0000000612a00000, 0x0000000612a00000, 0x0000000612c00000|  0%| F|  |TAMS 0x0000000612a00000, 0x0000000612a00000| Untracked 
|  51|0x0000000612c00000, 0x0000000612c00000, 0x0000000612e00000|  0%| F|  |TAMS 0x0000000612c00000, 0x0000000612c00000| Untracked 
|  52|0x0000000612e00000, 0x0000000612e00000, 0x0000000613000000|  0%| F|  |TAMS 0x0000000612e00000, 0x0000000612e00000| Untracked 
|  53|0x0000000613000000, 0x0000000613000000, 0x0000000613200000|  0%| F|  |TAMS 0x0000000613000000, 0x0000000613000000| Untracked 
|  54|0x0000000613200000, 0x0000000613200000, 0x0000000613400000|  0%| F|  |TAMS 0x0000000613200000, 0x0000000613200000| Untracked 
|  55|0x0000000613400000, 0x0000000613400000, 0x0000000613600000|  0%| F|  |TAMS 0x0000000613400000, 0x0000000613400000| Untracked 
|  56|0x0000000613600000, 0x0000000613600000, 0x0000000613800000|  0%| F|  |TAMS 0x0000000613600000, 0x0000000613600000| Untracked 
|  57|0x0000000613800000, 0x0000000613800000, 0x0000000613a00000|  0%| F|  |TAMS 0x0000000613800000, 0x0000000613800000| Untracked 
|  58|0x0000000613a00000, 0x0000000613a00000, 0x0000000613c00000|  0%| F|  |TAMS 0x0000000613a00000, 0x0000000613a00000| Untracked 
|  59|0x0000000613c00000, 0x0000000613c00000, 0x0000000613e00000|  0%| F|  |TAMS 0x0000000613c00000, 0x0000000613c00000| Untracked 
|  60|0x0000000613e00000, 0x0000000613e00000, 0x0000000614000000|  0%| F|  |TAMS 0x0000000613e00000, 0x0000000613e00000| Untracked 
|  61|0x0000000614000000, 0x0000000614000000, 0x0000000614200000|  0%| F|  |TAMS 0x0000000614000000, 0x0000000614000000| Untracked 
|  62|0x0000000614200000, 0x0000000614200000, 0x0000000614400000|  0%| F|  |TAMS 0x0000000614200000, 0x0000000614200000| Untracked 
|  63|0x0000000614400000, 0x0000000614400000, 0x0000000614600000|  0%| F|  |TAMS 0x0000000614400000, 0x0000000614400000| Untracked 
|  64|0x0000000614600000, 0x0000000614600000, 0x0000000614800000|  0%| F|  |TAMS 0x0000000614600000, 0x0000000614600000| Untracked 
|  65|0x0000000614800000, 0x0000000614800000, 0x0000000614a00000|  0%| F|  |TAMS 0x0000000614800000, 0x0000000614800000| Untracked 
|  66|0x0000000614a00000, 0x0000000614a00000, 0x0000000614c00000|  0%| F|  |TAMS 0x0000000614a00000, 0x0000000614a00000| Untracked 
|  67|0x0000000614c00000, 0x0000000614c00000, 0x0000000614e00000|  0%| F|  |TAMS 0x0000000614c00000, 0x0000000614c00000| Untracked 
|  68|0x0000000614e00000, 0x0000000614e00000, 0x0000000615000000|  0%| F|  |TAMS 0x0000000614e00000, 0x0000000614e00000| Untracked 
|  69|0x0000000615000000, 0x0000000615000000, 0x0000000615200000|  0%| F|  |TAMS 0x0000000615000000, 0x0000000615000000| Untracked 
|  70|0x0000000615200000, 0x0000000615200000, 0x0000000615400000|  0%| F|  |TAMS 0x0000000615200000, 0x0000000615200000| Untracked 
|  71|0x0000000615400000, 0x0000000615400000, 0x0000000615600000|  0%| F|  |TAMS 0x0000000615400000, 0x0000000615400000| Untracked 
|  72|0x0000000615600000, 0x0000000615600000, 0x0000000615800000|  0%| F|  |TAMS 0x0000000615600000, 0x0000000615600000| Untracked 
|  73|0x0000000615800000, 0x0000000615800000, 0x0000000615a00000|  0%| F|  |TAMS 0x0000000615800000, 0x0000000615800000| Untracked 
|  74|0x0000000615a00000, 0x0000000615a00000, 0x0000000615c00000|  0%| F|  |TAMS 0x0000000615a00000, 0x0000000615a00000| Untracked 
|  75|0x0000000615c00000, 0x0000000615c00000, 0x0000000615e00000|  0%| F|  |TAMS 0x0000000615c00000, 0x0000000615c00000| Untracked 
|  76|0x0000000615e00000, 0x0000000615e00000, 0x0000000616000000|  0%| F|  |TAMS 0x0000000615e00000, 0x0000000615e00000| Untracked 
|  77|0x0000000616000000, 0x0000000616000000, 0x0000000616200000|  0%| F|  |TAMS 0x0000000616000000, 0x0000000616000000| Untracked 
|  78|0x0000000616200000, 0x0000000616200000, 0x0000000616400000|  0%| F|  |TAMS 0x0000000616200000, 0x0000000616200000| Untracked 
|  79|0x0000000616400000, 0x0000000616400000, 0x0000000616600000|  0%| F|  |TAMS 0x0000000616400000, 0x0000000616400000| Untracked 
|  80|0x0000000616600000, 0x0000000616600000, 0x0000000616800000|  0%| F|  |TAMS 0x0000000616600000, 0x0000000616600000| Untracked 
|  81|0x0000000616800000, 0x0000000616800000, 0x0000000616a00000|  0%| F|  |TAMS 0x0000000616800000, 0x0000000616800000| Untracked 
|  82|0x0000000616a00000, 0x0000000616a00000, 0x0000000616c00000|  0%| F|  |TAMS 0x0000000616a00000, 0x0000000616a00000| Untracked 
|  83|0x0000000616c00000, 0x0000000616c00000, 0x0000000616e00000|  0%| F|  |TAMS 0x0000000616c00000, 0x0000000616c00000| Untracked 
|  84|0x0000000616e00000, 0x0000000616e00000, 0x0000000617000000|  0%| F|  |TAMS 0x0000000616e00000, 0x0000000616e00000| Untracked 
|  85|0x0000000617000000, 0x0000000617000000, 0x0000000617200000|  0%| F|  |TAMS 0x0000000617000000, 0x0000000617000000| Untracked 
|  86|0x0000000617200000, 0x0000000617200000, 0x0000000617400000|  0%| F|  |TAMS 0x0000000617200000, 0x0000000617200000| Untracked 
|  87|0x0000000617400000, 0x0000000617400000, 0x0000000617600000|  0%| F|  |TAMS 0x0000000617400000, 0x0000000617400000| Untracked 
|  88|0x0000000617600000, 0x0000000617600000, 0x0000000617800000|  0%| F|  |TAMS 0x0000000617600000, 0x0000000617600000| Untracked 
|  89|0x0000000617800000, 0x0000000617800000, 0x0000000617a00000|  0%| F|  |TAMS 0x0000000617800000, 0x0000000617800000| Untracked 
|  90|0x0000000617a00000, 0x0000000617a00000, 0x0000000617c00000|  0%| F|  |TAMS 0x0000000617a00000, 0x0000000617a00000| Untracked 
|  91|0x0000000617c00000, 0x0000000617c00000, 0x0000000617e00000|  0%| F|  |TAMS 0x0000000617c00000, 0x0000000617c00000| Untracked 
|  92|0x0000000617e00000, 0x0000000617e00000, 0x0000000618000000|  0%| F|  |TAMS 0x0000000617e00000, 0x0000000617e00000| Untracked 
|  93|0x0000000618000000, 0x0000000618000000, 0x0000000618200000|  0%| F|  |TAMS 0x0000000618000000, 0x0000000618000000| Untracked 
|  94|0x0000000618200000, 0x0000000618200000, 0x0000000618400000|  0%| F|  |TAMS 0x0000000618200000, 0x0000000618200000| Untracked 
|  95|0x0000000618400000, 0x0000000618400000, 0x0000000618600000|  0%| F|  |TAMS 0x0000000618400000, 0x0000000618400000| Untracked 
|  96|0x0000000618600000, 0x0000000618600000, 0x0000000618800000|  0%| F|  |TAMS 0x0000000618600000, 0x0000000618600000| Untracked 
|  97|0x0000000618800000, 0x0000000618800000, 0x0000000618a00000|  0%| F|  |TAMS 0x0000000618800000, 0x0000000618800000| Untracked 
|  98|0x0000000618a00000, 0x0000000618a00000, 0x0000000618c00000|  0%| F|  |TAMS 0x0000000618a00000, 0x0000000618a00000| Untracked 
|  99|0x0000000618c00000, 0x0000000618c00000, 0x0000000618e00000|  0%| F|  |TAMS 0x0000000618c00000, 0x0000000618c00000| Untracked 
| 100|0x0000000618e00000, 0x0000000618e00000, 0x0000000619000000|  0%| F|  |TAMS 0x0000000618e00000, 0x0000000618e00000| Untracked 
| 101|0x0000000619000000, 0x0000000619000000, 0x0000000619200000|  0%| F|  |TAMS 0x0000000619000000, 0x0000000619000000| Untracked 
| 102|0x0000000619200000, 0x0000000619200000, 0x0000000619400000|  0%| F|  |TAMS 0x0000000619200000, 0x0000000619200000| Untracked 
| 103|0x0000000619400000, 0x0000000619400000, 0x0000000619600000|  0%| F|  |TAMS 0x0000000619400000, 0x0000000619400000| Untracked 
| 104|0x0000000619600000, 0x0000000619600000, 0x0000000619800000|  0%| F|  |TAMS 0x0000000619600000, 0x0000000619600000| Untracked 
| 105|0x0000000619800000, 0x0000000619800000, 0x0000000619a00000|  0%| F|  |TAMS 0x0000000619800000, 0x0000000619800000| Untracked 
| 106|0x0000000619a00000, 0x0000000619a00000, 0x0000000619c00000|  0%| F|  |TAMS 0x0000000619a00000, 0x0000000619a00000| Untracked 
| 107|0x0000000619c00000, 0x0000000619c00000, 0x0000000619e00000|  0%| F|  |TAMS 0x0000000619c00000, 0x0000000619c00000| Untracked 
| 108|0x0000000619e00000, 0x0000000619e00000, 0x000000061a000000|  0%| F|  |TAMS 0x0000000619e00000, 0x0000000619e00000| Untracked 
| 109|0x000000061a000000, 0x000000061a000000, 0x000000061a200000|  0%| F|  |TAMS 0x000000061a000000, 0x000000061a000000| Untracked 
| 110|0x000000061a200000, 0x000000061a200000, 0x000000061a400000|  0%| F|  |TAMS 0x000000061a200000, 0x000000061a200000| Untracked 
| 111|0x000000061a400000, 0x000000061a400000, 0x000000061a600000|  0%| F|  |TAMS 0x000000061a400000, 0x000000061a400000| Untracked 
| 112|0x000000061a600000, 0x000000061a600000, 0x000000061a800000|  0%| F|  |TAMS 0x000000061a600000, 0x000000061a600000| Untracked 
| 113|0x000000061a800000, 0x000000061a800000, 0x000000061aa00000|  0%| F|  |TAMS 0x000000061a800000, 0x000000061a800000| Untracked 
| 114|0x000000061aa00000, 0x000000061aa00000, 0x000000061ac00000|  0%| F|  |TAMS 0x000000061aa00000, 0x000000061aa00000| Untracked 
| 115|0x000000061ac00000, 0x000000061ac00000, 0x000000061ae00000|  0%| F|  |TAMS 0x000000061ac00000, 0x000000061ac00000| Untracked 
| 116|0x000000061ae00000, 0x000000061ae00000, 0x000000061b000000|  0%| F|  |TAMS 0x000000061ae00000, 0x000000061ae00000| Untracked 
| 117|0x000000061b000000, 0x000000061b000000, 0x000000061b200000|  0%| F|  |TAMS 0x000000061b000000, 0x000000061b000000| Untracked 
| 118|0x000000061b200000, 0x000000061b200000, 0x000000061b400000|  0%| F|  |TAMS 0x000000061b200000, 0x000000061b200000| Untracked 
| 119|0x000000061b400000, 0x000000061b400000, 0x000000061b600000|  0%| F|  |TAMS 0x000000061b400000, 0x000000061b400000| Untracked 
| 120|0x000000061b600000, 0x000000061b600000, 0x000000061b800000|  0%| F|  |TAMS 0x000000061b600000, 0x000000061b600000| Untracked 
| 121|0x000000061b800000, 0x000000061b800000, 0x000000061ba00000|  0%| F|  |TAMS 0x000000061b800000, 0x000000061b800000| Untracked 
| 122|0x000000061ba00000, 0x000000061ba00000, 0x000000061bc00000|  0%| F|  |TAMS 0x000000061ba00000, 0x000000061ba00000| Untracked 
| 123|0x000000061bc00000, 0x000000061bc00000, 0x000000061be00000|  0%| F|  |TAMS 0x000000061bc00000, 0x000000061bc00000| Untracked 
| 124|0x000000061be00000, 0x000000061be00000, 0x000000061c000000|  0%| F|  |TAMS 0x000000061be00000, 0x000000061be00000| Untracked 
| 125|0x000000061c000000, 0x000000061c000000, 0x000000061c200000|  0%| F|  |TAMS 0x000000061c000000, 0x000000061c000000| Untracked 
| 126|0x000000061c200000, 0x000000061c200000, 0x000000061c400000|  0%| F|  |TAMS 0x000000061c200000, 0x000000061c200000| Untracked 
| 127|0x000000061c400000, 0x000000061c400000, 0x000000061c600000|  0%| F|  |TAMS 0x000000061c400000, 0x000000061c400000| Untracked 
| 128|0x000000061c600000, 0x000000061c600000, 0x000000061c800000|  0%| F|  |TAMS 0x000000061c600000, 0x000000061c600000| Untracked 
| 129|0x000000061c800000, 0x000000061c800000, 0x000000061ca00000|  0%| F|  |TAMS 0x000000061c800000, 0x000000061c800000| Untracked 
| 130|0x000000061ca00000, 0x000000061ca00000, 0x000000061cc00000|  0%| F|  |TAMS 0x000000061ca00000, 0x000000061ca00000| Untracked 
| 131|0x000000061cc00000, 0x000000061cc00000, 0x000000061ce00000|  0%| F|  |TAMS 0x000000061cc00000, 0x000000061cc00000| Untracked 
| 132|0x000000061ce00000, 0x000000061ce00000, 0x000000061d000000|  0%| F|  |TAMS 0x000000061ce00000, 0x000000061ce00000| Untracked 
| 133|0x000000061d000000, 0x000000061d000000, 0x000000061d200000|  0%| F|  |TAMS 0x000000061d000000, 0x000000061d000000| Untracked 
| 134|0x000000061d200000, 0x000000061d200000, 0x000000061d400000|  0%| F|  |TAMS 0x000000061d200000, 0x000000061d200000| Untracked 
| 135|0x000000061d400000, 0x000000061d400000, 0x000000061d600000|  0%| F|  |TAMS 0x000000061d400000, 0x000000061d400000| Untracked 
| 136|0x000000061d600000, 0x000000061d600000, 0x000000061d800000|  0%| F|  |TAMS 0x000000061d600000, 0x000000061d600000| Untracked 
| 137|0x000000061d800000, 0x000000061d800000, 0x000000061da00000|  0%| F|  |TAMS 0x000000061d800000, 0x000000061d800000| Untracked 
| 138|0x000000061da00000, 0x000000061da00000, 0x000000061dc00000|  0%| F|  |TAMS 0x000000061da00000, 0x000000061da00000| Untracked 
| 139|0x000000061dc00000, 0x000000061dc00000, 0x000000061de00000|  0%| F|  |TAMS 0x000000061dc00000, 0x000000061dc00000| Untracked 
| 140|0x000000061de00000, 0x000000061de00000, 0x000000061e000000|  0%| F|  |TAMS 0x000000061de00000, 0x000000061de00000| Untracked 
| 141|0x000000061e000000, 0x000000061e000000, 0x000000061e200000|  0%| F|  |TAMS 0x000000061e000000, 0x000000061e000000| Untracked 
| 142|0x000000061e200000, 0x000000061e200000, 0x000000061e400000|  0%| F|  |TAMS 0x000000061e200000, 0x000000061e200000| Untracked 
| 143|0x000000061e400000, 0x000000061e400000, 0x000000061e600000|  0%| F|  |TAMS 0x000000061e400000, 0x000000061e400000| Untracked 
| 144|0x000000061e600000, 0x000000061e600000, 0x000000061e800000|  0%| F|  |TAMS 0x000000061e600000, 0x000000061e600000| Untracked 
| 145|0x000000061e800000, 0x000000061e800000, 0x000000061ea00000|  0%| F|  |TAMS 0x000000061e800000, 0x000000061e800000| Untracked 
| 146|0x000000061ea00000, 0x000000061ea00000, 0x000000061ec00000|  0%| F|  |TAMS 0x000000061ea00000, 0x000000061ea00000| Untracked 
| 147|0x000000061ec00000, 0x000000061ec00000, 0x000000061ee00000|  0%| F|  |TAMS 0x000000061ec00000, 0x000000061ec00000| Untracked 
| 148|0x000000061ee00000, 0x000000061ee00000, 0x000000061f000000|  0%| F|  |TAMS 0x000000061ee00000, 0x000000061ee00000| Untracked 
| 149|0x000000061f000000, 0x000000061f000000, 0x000000061f200000|  0%| F|  |TAMS 0x000000061f000000, 0x000000061f000000| Untracked 
| 150|0x000000061f200000, 0x000000061f200000, 0x000000061f400000|  0%| F|  |TAMS 0x000000061f200000, 0x000000061f200000| Untracked 
| 151|0x000000061f400000, 0x000000061f400000, 0x000000061f600000|  0%| F|  |TAMS 0x000000061f400000, 0x000000061f400000| Untracked 
| 152|0x000000061f600000, 0x000000061f600000, 0x000000061f800000|  0%| F|  |TAMS 0x000000061f600000, 0x000000061f600000| Untracked 
| 153|0x000000061f800000, 0x000000061f800000, 0x000000061fa00000|  0%| F|  |TAMS 0x000000061f800000, 0x000000061f800000| Untracked 
| 154|0x000000061fa00000, 0x000000061fa00000, 0x000000061fc00000|  0%| F|  |TAMS 0x000000061fa00000, 0x000000061fa00000| Untracked 
| 155|0x000000061fc00000, 0x000000061fc00000, 0x000000061fe00000|  0%| F|  |TAMS 0x000000061fc00000, 0x000000061fc00000| Untracked 
| 156|0x000000061fe00000, 0x000000061fe00000, 0x0000000620000000|  0%| F|  |TAMS 0x000000061fe00000, 0x000000061fe00000| Untracked 
| 157|0x0000000620000000, 0x0000000620000000, 0x0000000620200000|  0%| F|  |TAMS 0x0000000620000000, 0x0000000620000000| Untracked 
| 158|0x0000000620200000, 0x0000000620200000, 0x0000000620400000|  0%| F|  |TAMS 0x0000000620200000, 0x0000000620200000| Untracked 
| 159|0x0000000620400000, 0x0000000620400000, 0x0000000620600000|  0%| F|  |TAMS 0x0000000620400000, 0x0000000620400000| Untracked 
| 160|0x0000000620600000, 0x0000000620600000, 0x0000000620800000|  0%| F|  |TAMS 0x0000000620600000, 0x0000000620600000| Untracked 
| 161|0x0000000620800000, 0x0000000620800000, 0x0000000620a00000|  0%| F|  |TAMS 0x0000000620800000, 0x0000000620800000| Untracked 
| 162|0x0000000620a00000, 0x0000000620a00000, 0x0000000620c00000|  0%| F|  |TAMS 0x0000000620a00000, 0x0000000620a00000| Untracked 
| 163|0x0000000620c00000, 0x0000000620c00000, 0x0000000620e00000|  0%| F|  |TAMS 0x0000000620c00000, 0x0000000620c00000| Untracked 
| 164|0x0000000620e00000, 0x0000000620e00000, 0x0000000621000000|  0%| F|  |TAMS 0x0000000620e00000, 0x0000000620e00000| Untracked 
| 165|0x0000000621000000, 0x0000000621000000, 0x0000000621200000|  0%| F|  |TAMS 0x0000000621000000, 0x0000000621000000| Untracked 
| 166|0x0000000621200000, 0x0000000621200000, 0x0000000621400000|  0%| F|  |TAMS 0x0000000621200000, 0x0000000621200000| Untracked 
| 167|0x0000000621400000, 0x0000000621400000, 0x0000000621600000|  0%| F|  |TAMS 0x0000000621400000, 0x0000000621400000| Untracked 
| 168|0x0000000621600000, 0x0000000621600000, 0x0000000621800000|  0%| F|  |TAMS 0x0000000621600000, 0x0000000621600000| Untracked 
| 169|0x0000000621800000, 0x0000000621800000, 0x0000000621a00000|  0%| F|  |TAMS 0x0000000621800000, 0x0000000621800000| Untracked 
| 170|0x0000000621a00000, 0x0000000621a00000, 0x0000000621c00000|  0%| F|  |TAMS 0x0000000621a00000, 0x0000000621a00000| Untracked 
| 171|0x0000000621c00000, 0x0000000621c00000, 0x0000000621e00000|  0%| F|  |TAMS 0x0000000621c00000, 0x0000000621c00000| Untracked 
| 172|0x0000000621e00000, 0x0000000621e00000, 0x0000000622000000|  0%| F|  |TAMS 0x0000000621e00000, 0x0000000621e00000| Untracked 
| 173|0x0000000622000000, 0x0000000622000000, 0x0000000622200000|  0%| F|  |TAMS 0x0000000622000000, 0x0000000622000000| Untracked 
| 174|0x0000000622200000, 0x0000000622200000, 0x0000000622400000|  0%| F|  |TAMS 0x0000000622200000, 0x0000000622200000| Untracked 
| 175|0x0000000622400000, 0x0000000622400000, 0x0000000622600000|  0%| F|  |TAMS 0x0000000622400000, 0x0000000622400000| Untracked 
| 176|0x0000000622600000, 0x0000000622600000, 0x0000000622800000|  0%| F|  |TAMS 0x0000000622600000, 0x0000000622600000| Untracked 
| 177|0x0000000622800000, 0x0000000622800000, 0x0000000622a00000|  0%| F|  |TAMS 0x0000000622800000, 0x0000000622800000| Untracked 
| 178|0x0000000622a00000, 0x0000000622a00000, 0x0000000622c00000|  0%| F|  |TAMS 0x0000000622a00000, 0x0000000622a00000| Untracked 
| 179|0x0000000622c00000, 0x0000000622c00000, 0x0000000622e00000|  0%| F|  |TAMS 0x0000000622c00000, 0x0000000622c00000| Untracked 
| 180|0x0000000622e00000, 0x0000000622e00000, 0x0000000623000000|  0%| F|  |TAMS 0x0000000622e00000, 0x0000000622e00000| Untracked 
| 181|0x0000000623000000, 0x0000000623000000, 0x0000000623200000|  0%| F|  |TAMS 0x0000000623000000, 0x0000000623000000| Untracked 
| 182|0x0000000623200000, 0x0000000623200000, 0x0000000623400000|  0%| F|  |TAMS 0x0000000623200000, 0x0000000623200000| Untracked 
| 183|0x0000000623400000, 0x0000000623400000, 0x0000000623600000|  0%| F|  |TAMS 0x0000000623400000, 0x0000000623400000| Untracked 
| 184|0x0000000623600000, 0x0000000623600000, 0x0000000623800000|  0%| F|  |TAMS 0x0000000623600000, 0x0000000623600000| Untracked 
| 185|0x0000000623800000, 0x0000000623800000, 0x0000000623a00000|  0%| F|  |TAMS 0x0000000623800000, 0x0000000623800000| Untracked 
| 186|0x0000000623a00000, 0x0000000623a00000, 0x0000000623c00000|  0%| F|  |TAMS 0x0000000623a00000, 0x0000000623a00000| Untracked 
| 187|0x0000000623c00000, 0x0000000623c00000, 0x0000000623e00000|  0%| F|  |TAMS 0x0000000623c00000, 0x0000000623c00000| Untracked 
| 188|0x0000000623e00000, 0x0000000623e00000, 0x0000000624000000|  0%| F|  |TAMS 0x0000000623e00000, 0x0000000623e00000| Untracked 
| 189|0x0000000624000000, 0x0000000624000000, 0x0000000624200000|  0%| F|  |TAMS 0x0000000624000000, 0x0000000624000000| Untracked 
| 190|0x0000000624200000, 0x0000000624200000, 0x0000000624400000|  0%| F|  |TAMS 0x0000000624200000, 0x0000000624200000| Untracked 
| 191|0x0000000624400000, 0x0000000624400000, 0x0000000624600000|  0%| F|  |TAMS 0x0000000624400000, 0x0000000624400000| Untracked 
| 192|0x0000000624600000, 0x0000000624600000, 0x0000000624800000|  0%| F|  |TAMS 0x0000000624600000, 0x0000000624600000| Untracked 
| 193|0x0000000624800000, 0x0000000624800000, 0x0000000624a00000|  0%| F|  |TAMS 0x0000000624800000, 0x0000000624800000| Untracked 
| 194|0x0000000624a00000, 0x0000000624a00000, 0x0000000624c00000|  0%| F|  |TAMS 0x0000000624a00000, 0x0000000624a00000| Untracked 
| 195|0x0000000624c00000, 0x0000000624c00000, 0x0000000624e00000|  0%| F|  |TAMS 0x0000000624c00000, 0x0000000624c00000| Untracked 
| 196|0x0000000624e00000, 0x0000000624e00000, 0x0000000625000000|  0%| F|  |TAMS 0x0000000624e00000, 0x0000000624e00000| Untracked 
| 197|0x0000000625000000, 0x0000000625000000, 0x0000000625200000|  0%| F|  |TAMS 0x0000000625000000, 0x0000000625000000| Untracked 
| 198|0x0000000625200000, 0x0000000625200000, 0x0000000625400000|  0%| F|  |TAMS 0x0000000625200000, 0x0000000625200000| Untracked 
| 199|0x0000000625400000, 0x0000000625400000, 0x0000000625600000|  0%| F|  |TAMS 0x0000000625400000, 0x0000000625400000| Untracked 
| 200|0x0000000625600000, 0x0000000625600000, 0x0000000625800000|  0%| F|  |TAMS 0x0000000625600000, 0x0000000625600000| Untracked 
| 201|0x0000000625800000, 0x0000000625800000, 0x0000000625a00000|  0%| F|  |TAMS 0x0000000625800000, 0x0000000625800000| Untracked 
| 202|0x0000000625a00000, 0x0000000625a00000, 0x0000000625c00000|  0%| F|  |TAMS 0x0000000625a00000, 0x0000000625a00000| Untracked 
| 203|0x0000000625c00000, 0x0000000625c00000, 0x0000000625e00000|  0%| F|  |TAMS 0x0000000625c00000, 0x0000000625c00000| Untracked 
| 204|0x0000000625e00000, 0x0000000625e00000, 0x0000000626000000|  0%| F|  |TAMS 0x0000000625e00000, 0x0000000625e00000| Untracked 
| 205|0x0000000626000000, 0x0000000626000000, 0x0000000626200000|  0%| F|  |TAMS 0x0000000626000000, 0x0000000626000000| Untracked 
| 206|0x0000000626200000, 0x0000000626200000, 0x0000000626400000|  0%| F|  |TAMS 0x0000000626200000, 0x0000000626200000| Untracked 
| 207|0x0000000626400000, 0x0000000626400000, 0x0000000626600000|  0%| F|  |TAMS 0x0000000626400000, 0x0000000626400000| Untracked 
| 208|0x0000000626600000, 0x0000000626600000, 0x0000000626800000|  0%| F|  |TAMS 0x0000000626600000, 0x0000000626600000| Untracked 
| 209|0x0000000626800000, 0x0000000626800000, 0x0000000626a00000|  0%| F|  |TAMS 0x0000000626800000, 0x0000000626800000| Untracked 
| 210|0x0000000626a00000, 0x0000000626a00000, 0x0000000626c00000|  0%| F|  |TAMS 0x0000000626a00000, 0x0000000626a00000| Untracked 
| 211|0x0000000626c00000, 0x0000000626c00000, 0x0000000626e00000|  0%| F|  |TAMS 0x0000000626c00000, 0x0000000626c00000| Untracked 
| 212|0x0000000626e00000, 0x0000000626e00000, 0x0000000627000000|  0%| F|  |TAMS 0x0000000626e00000, 0x0000000626e00000| Untracked 
| 213|0x0000000627000000, 0x0000000627000000, 0x0000000627200000|  0%| F|  |TAMS 0x0000000627000000, 0x0000000627000000| Untracked 
| 214|0x0000000627200000, 0x0000000627200000, 0x0000000627400000|  0%| F|  |TAMS 0x0000000627200000, 0x0000000627200000| Untracked 
| 215|0x0000000627400000, 0x0000000627400000, 0x0000000627600000|  0%| F|  |TAMS 0x0000000627400000, 0x0000000627400000| Untracked 
| 216|0x0000000627600000, 0x0000000627600000, 0x0000000627800000|  0%| F|  |TAMS 0x0000000627600000, 0x0000000627600000| Untracked 
| 217|0x0000000627800000, 0x0000000627800000, 0x0000000627a00000|  0%| F|  |TAMS 0x0000000627800000, 0x0000000627800000| Untracked 
| 218|0x0000000627a00000, 0x0000000627a00000, 0x0000000627c00000|  0%| F|  |TAMS 0x0000000627a00000, 0x0000000627a00000| Untracked 
| 219|0x0000000627c00000, 0x0000000627c00000, 0x0000000627e00000|  0%| F|  |TAMS 0x0000000627c00000, 0x0000000627c00000| Untracked 
| 220|0x0000000627e00000, 0x0000000627e00000, 0x0000000628000000|  0%| F|  |TAMS 0x0000000627e00000, 0x0000000627e00000| Untracked 
| 221|0x0000000628000000, 0x0000000628000000, 0x0000000628200000|  0%| F|  |TAMS 0x0000000628000000, 0x0000000628000000| Untracked 
| 222|0x0000000628200000, 0x0000000628200000, 0x0000000628400000|  0%| F|  |TAMS 0x0000000628200000, 0x0000000628200000| Untracked 
| 223|0x0000000628400000, 0x0000000628400000, 0x0000000628600000|  0%| F|  |TAMS 0x0000000628400000, 0x0000000628400000| Untracked 
| 224|0x0000000628600000, 0x0000000628600000, 0x0000000628800000|  0%| F|  |TAMS 0x0000000628600000, 0x0000000628600000| Untracked 
| 225|0x0000000628800000, 0x0000000628800000, 0x0000000628a00000|  0%| F|  |TAMS 0x0000000628800000, 0x0000000628800000| Untracked 
| 226|0x0000000628a00000, 0x0000000628a00000, 0x0000000628c00000|  0%| F|  |TAMS 0x0000000628a00000, 0x0000000628a00000| Untracked 
| 227|0x0000000628c00000, 0x0000000628c00000, 0x0000000628e00000|  0%| F|  |TAMS 0x0000000628c00000, 0x0000000628c00000| Untracked 
| 228|0x0000000628e00000, 0x0000000628e00000, 0x0000000629000000|  0%| F|  |TAMS 0x0000000628e00000, 0x0000000628e00000| Untracked 
| 229|0x0000000629000000, 0x0000000629000000, 0x0000000629200000|  0%| F|  |TAMS 0x0000000629000000, 0x0000000629000000| Untracked 
| 230|0x0000000629200000, 0x0000000629200000, 0x0000000629400000|  0%| F|  |TAMS 0x0000000629200000, 0x0000000629200000| Untracked 
| 231|0x0000000629400000, 0x0000000629400000, 0x0000000629600000|  0%| F|  |TAMS 0x0000000629400000, 0x0000000629400000| Untracked 
| 232|0x0000000629600000, 0x0000000629600000, 0x0000000629800000|  0%| F|  |TAMS 0x0000000629600000, 0x0000000629600000| Untracked 
| 233|0x0000000629800000, 0x0000000629800000, 0x0000000629a00000|  0%| F|  |TAMS 0x0000000629800000, 0x0000000629800000| Untracked 
| 234|0x0000000629a00000, 0x0000000629a00000, 0x0000000629c00000|  0%| F|  |TAMS 0x0000000629a00000, 0x0000000629a00000| Untracked 
| 235|0x0000000629c00000, 0x0000000629c00000, 0x0000000629e00000|  0%| F|  |TAMS 0x0000000629c00000, 0x0000000629c00000| Untracked 
| 236|0x0000000629e00000, 0x0000000629e00000, 0x000000062a000000|  0%| F|  |TAMS 0x0000000629e00000, 0x0000000629e00000| Untracked 
| 237|0x000000062a000000, 0x000000062a101908, 0x000000062a200000| 50%| S|CS|TAMS 0x000000062a000000, 0x000000062a000000| Complete 
| 238|0x000000062a200000, 0x000000062a200000, 0x000000062a400000|  0%| F|  |TAMS 0x000000062a200000, 0x000000062a200000| Untracked 
| 239|0x000000062a400000, 0x000000062a400000, 0x000000062a600000|  0%| F|  |TAMS 0x000000062a400000, 0x000000062a400000| Untracked 
| 240|0x000000062a600000, 0x000000062a600000, 0x000000062a800000|  0%| F|  |TAMS 0x000000062a600000, 0x000000062a600000| Untracked 
| 241|0x000000062a800000, 0x000000062a800000, 0x000000062aa00000|  0%| F|  |TAMS 0x000000062a800000, 0x000000062a800000| Untracked 
| 242|0x000000062aa00000, 0x000000062aa00000, 0x000000062ac00000|  0%| F|  |TAMS 0x000000062aa00000, 0x000000062aa00000| Untracked 
| 243|0x000000062ac00000, 0x000000062ac00000, 0x000000062ae00000|  0%| F|  |TAMS 0x000000062ac00000, 0x000000062ac00000| Untracked 
| 244|0x000000062ae00000, 0x000000062ae00000, 0x000000062b000000|  0%| F|  |TAMS 0x000000062ae00000, 0x000000062ae00000| Untracked 
| 245|0x000000062b000000, 0x000000062b000000, 0x000000062b200000|  0%| F|  |TAMS 0x000000062b000000, 0x000000062b000000| Untracked 
| 246|0x000000062b200000, 0x000000062b200000, 0x000000062b400000|  0%| F|  |TAMS 0x000000062b200000, 0x000000062b200000| Untracked 
| 247|0x000000062b400000, 0x000000062b400000, 0x000000062b600000|  0%| F|  |TAMS 0x000000062b400000, 0x000000062b400000| Untracked 
| 248|0x000000062b600000, 0x000000062b600000, 0x000000062b800000|  0%| F|  |TAMS 0x000000062b600000, 0x000000062b600000| Untracked 
| 249|0x000000062b800000, 0x000000062b900800, 0x000000062ba00000| 50%| E|  |TAMS 0x000000062b800000, 0x000000062b800000| Complete 

Card table byte_map: [0x00007fca77063000,0x00007fca78000000] _byte_map_base: 0x00007fca74000000

Marking Bits (Prev, Next): (CMBitMap*) 0x00007fca940583e8, (CMBitMap*) 0x00007fca94058420
 Prev Bits: [0x00007fca6e3de000, 0x00007fca760c6000)
 Next Bits: [0x00007fca666f6000, 0x00007fca6e3de000)

Polling page: 0x00007fca9b798000

Metaspace:

Usage:
  Non-class:      4.72 MB capacity,     4.66 MB ( 99%) used,    59.95 KB (  1%) free+waste,     1.25 KB ( <1%) overhead. 
      Class:    464.00 KB capacity,   418.24 KB ( 90%) used,    45.07 KB ( 10%) free+waste,   704 bytes ( <1%) overhead. 
       Both:      5.17 MB capacity,     5.07 MB ( 98%) used,   105.02 KB (  2%) free+waste,     1.94 KB ( <1%) overhead. 

Virtual space:
  Non-class space:        8.00 MB reserved,       4.75 MB ( 59%) committed 
      Class space:        1.00 GB reserved,     512.00 KB ( <1%) committed 
             Both:        1.01 GB reserved,       5.25 MB ( <1%) committed 

Chunk freelists:
   Non-Class:  32.00 KB
       Class:  16.00 KB
        Both:  48.00 KB

MaxMetaspaceSize: unlimited
CompressedClassSpaceSize: 1.00 GB
Initial GC threshold: 20.80 MB
Current GC threshold: 20.80 MB
CDS: off

CodeHeap 'non-profiled nmethods': size=120032Kb used=103Kb max_used=103Kb free=119928Kb
 bounds [0x00007fca8431b000, 0x00007fca8458b000, 0x00007fca8b853000]
CodeHeap 'profiled nmethods': size=120028Kb used=320Kb max_used=320Kb free=119707Kb
 bounds [0x00007fca7cde4000, 0x00007fca7d054000, 0x00007fca8431b000]
CodeHeap 'non-nmethods': size=5700Kb used=1059Kb max_used=1079Kb free=4640Kb
 bounds [0x00007fca7c853000, 0x00007fca7cac3000, 0x00007fca7cde4000]
 total_blobs=525 nmethods=231 adapters=208
 compilation: enabled
              stopped_count=0, restarted_count=0
 full_count=0

Compilation events (20 events):
Event: 0.127 Thread 0x00007fca94277000  219       4       kotlin.UnsignedKt::ulongCompare (12 bytes)
Event: 0.127 Thread 0x00007fca94277000 nmethod 219 0x00007fca8432de90 code [0x00007fca8432e020, 0x00007fca8432e078]
Event: 0.127 Thread 0x00007fca94277000  220       4       kotlin.ULong::constructor-impl (2 bytes)
Event: 0.128 Thread 0x00007fca94277000 nmethod 220 0x00007fca8432e190 code [0x00007fca8432e320, 0x00007fca8432e358]
Event: 0.128 Thread 0x00007fca94277000  223       4       coverage.CoverageEntry::<init> (60 bytes)
Event: 0.132 Thread 0x00007fca94277000 nmethod 223 0x00007fca8432e490 code [0x00007fca8432e640, 0x00007fca8432ed38]
Event: 0.132 Thread 0x00007fca94277000  230       4       java.util.LinkedHashMap::afterNodeAccess (116 bytes)
Event: 0.133 Thread 0x00007fca94277000 nmethod 230 0x00007fca8432f190 code [0x00007fca8432f320, 0x00007fca8432f398]
Event: 0.133 Thread 0x00007fca94277000  224       4       kotlin.text.StringsKt__StringsKt::split (176 bytes)
Event: 0.136 Thread 0x00007fca94277000 nmethod 224 0x00007fca8432f490 code [0x00007fca8432f660, 0x00007fca8432fc18]
Event: 0.136 Thread 0x00007fca94277000  225       4       kotlin.text.StringsKt__StringsKt::split$StringsKt__StringsKt (246 bytes)
Event: 0.138 Thread 0x00007fca34131800 nmethod 218 0x00007fca84330190 code [0x00007fca84330400, 0x00007fca84332678]
Event: 0.138 Thread 0x00007fca34131800  226       4       kotlin.text.StringsKt__StringsKt::indexOf (65 bytes)
Event: 0.139 Thread 0x00007fca34131800 nmethod 226 0x00007fca84333810 code [0x00007fca843339c0, 0x00007fca84333db8]
Event: 0.140 Thread 0x00007fca94277000 nmethod 225 0x00007fca84334110 code [0x00007fca843342c0, 0x00007fca84334858]
Event: 0.141 Thread 0x00007fca94279000  231 %     3       Tmp0Kt::testULongLoop @ 235 (439 bytes)
Event: 0.142 Thread 0x00007fca94279000 nmethod 231% 0x00007fca7ce30010 code [0x00007fca7ce30400, 0x00007fca7ce31770]
Event: 0.143 Thread 0x00007fca94279000  232       3       Tmp0Kt::testULongLoop (439 bytes)
Event: 0.143 Thread 0x00007fca94279000 nmethod 232 0x00007fca7ce32110 code [0x00007fca7ce32500, 0x00007fca7ce337f0]
Event: 0.145 Thread 0x00007fca34131800  233 %     4       kotlin.UnsignedKt::ulongCompare @ 347 (12 bytes)

GC Heap History (0 events):
No events

Deoptimization events (4 events):
Event: 0.052 Thread 0x00007fca94016800 Uncommon trap: trap_request=0xffffff4d fr.pc=0x00007fca8431f320 relative=0x0000000000000200
Event: 0.052 Thread 0x00007fca94016800 Uncommon trap: reason=unstable_if action=reinterpret pc=0x00007fca8431f320 method=java.lang.String.hashCode()I @ 14 c2
Event: 0.052 Thread 0x00007fca94016800 DEOPT PACKING pc=0x00007fca8431f320 sp=0x00007fca99ff00d0
Event: 0.052 Thread 0x00007fca94016800 DEOPT UNPACKING pc=0x00007fca7c89cea5 sp=0x00007fca99ff0088 mode 2

Classes redefined (0 events):
No events

Internal exceptions (0 events):
No events

Events (20 events):
Event: 0.083 loading class kotlin/ULong$Companion
Event: 0.083 loading class kotlin/ULong$Companion done
Event: 0.084 loading class kotlin/UInt
Event: 0.084 loading class kotlin/UInt done
Event: 0.084 loading class kotlin/UInt$Companion
Event: 0.084 loading class kotlin/UInt$Companion done
Event: 0.084 loading class java/util/AbstractList$ListItr
Event: 0.084 loading class java/util/AbstractList$Itr
Event: 0.084 loading class java/util/AbstractList$Itr done
Event: 0.084 loading class java/util/AbstractList$ListItr done
Event: 0.084 loading class kotlin/UnsignedKt
Event: 0.084 loading class kotlin/UnsignedKt done
Event: 0.085 loading class kotlin/ranges/URangesKt
Event: 0.085 loading class kotlin/ranges/URangesKt done
Event: 0.085 loading class kotlin/ranges/URangesKt___URangesKt
Event: 0.085 loading class kotlin/ranges/URangesKt___URangesKt done
Event: 0.091 Thread 0x00007fca38061800 Thread added: 0x00007fca38061800
Event: 0.091 Protecting memory [0x00007fca56e10000,0x00007fca56e14000] with protection modes 0
Event: 0.098 Thread 0x00007fca34131800 Thread added: 0x00007fca34131800
Event: 0.098 Protecting memory [0x00007fca56d0f000,0x00007fca56d13000] with protection modes 0


Dynamic libraries:
60c600000-62ba00000 rw-p 00000000 00:00 0 
62ba00000-800000000 ---p 00000000 00:00 0 
800000000-800080000 rw-p 00000000 00:00 0 
800080000-840000000 ---p 00000000 00:00 0 
55e86f337000-55e86f338000 r--p 00000000 08:02 1968997                    /usr/lib/jvm/java-11-openjdk/bin/java
55e86f338000-55e86f339000 r-xp 00001000 08:02 1968997                    /usr/lib/jvm/java-11-openjdk/bin/java
55e86f339000-55e86f33a000 r--p 00002000 08:02 1968997                    /usr/lib/jvm/java-11-openjdk/bin/java
55e86f33a000-55e86f33b000 r--p 00002000 08:02 1968997                    /usr/lib/jvm/java-11-openjdk/bin/java
55e86f33b000-55e86f33c000 rw-p 00003000 08:02 1968997                    /usr/lib/jvm/java-11-openjdk/bin/java
55e871285000-55e8712a6000 rw-p 00000000 00:00 0                          [heap]
7fca04000000-7fca04021000 rw-p 00000000 00:00 0 
7fca04021000-7fca08000000 ---p 00000000 00:00 0 
7fca08000000-7fca08021000 rw-p 00000000 00:00 0 
7fca08021000-7fca0c000000 ---p 00000000 00:00 0 
7fca0c000000-7fca0c021000 rw-p 00000000 00:00 0 
7fca0c021000-7fca10000000 ---p 00000000 00:00 0 
7fca10000000-7fca10021000 rw-p 00000000 00:00 0 
7fca10021000-7fca14000000 ---p 00000000 00:00 0 
7fca14000000-7fca14021000 rw-p 00000000 00:00 0 
7fca14021000-7fca18000000 ---p 00000000 00:00 0 
7fca18000000-7fca18021000 rw-p 00000000 00:00 0 
7fca18021000-7fca1c000000 ---p 00000000 00:00 0 
7fca1c000000-7fca1c383000 rw-p 00000000 00:00 0 
7fca1c383000-7fca20000000 ---p 00000000 00:00 0 
7fca20000000-7fca20021000 rw-p 00000000 00:00 0 
7fca20021000-7fca24000000 ---p 00000000 00:00 0 
7fca24000000-7fca24021000 rw-p 00000000 00:00 0 
7fca24021000-7fca28000000 ---p 00000000 00:00 0 
7fca28000000-7fca285fb000 rw-p 00000000 00:00 0 
7fca285fb000-7fca2c000000 ---p 00000000 00:00 0 
7fca2c000000-7fca2c021000 rw-p 00000000 00:00 0 
7fca2c021000-7fca30000000 ---p 00000000 00:00 0 
7fca30000000-7fca30021000 rw-p 00000000 00:00 0 
7fca30021000-7fca34000000 ---p 00000000 00:00 0 
7fca34000000-7fca34386000 rw-p 00000000 00:00 0 
7fca34386000-7fca38000000 ---p 00000000 00:00 0 
7fca38000000-7fca3807d000 rw-p 00000000 00:00 0 
7fca3807d000-7fca3c000000 ---p 00000000 00:00 0 
7fca3c000000-7fca3c021000 rw-p 00000000 00:00 0 
7fca3c021000-7fca40000000 ---p 00000000 00:00 0 
7fca40000000-7fca40021000 rw-p 00000000 00:00 0 
7fca40021000-7fca44000000 ---p 00000000 00:00 0 
7fca44000000-7fca44021000 rw-p 00000000 00:00 0 
7fca44021000-7fca48000000 ---p 00000000 00:00 0 
7fca48000000-7fca48021000 rw-p 00000000 00:00 0 
7fca48021000-7fca4c000000 ---p 00000000 00:00 0 
7fca4c000000-7fca4c021000 rw-p 00000000 00:00 0 
7fca4c021000-7fca50000000 ---p 00000000 00:00 0 
7fca50000000-7fca50021000 rw-p 00000000 00:00 0 
7fca50021000-7fca54000000 ---p 00000000 00:00 0 
7fca56601000-7fca56602000 ---p 00000000 00:00 0 
7fca56602000-7fca56703000 rw-p 00000000 00:00 0 
7fca56703000-7fca56704000 ---p 00000000 00:00 0 
7fca56704000-7fca56805000 rw-p 00000000 00:00 0 
7fca56805000-7fca56806000 ---p 00000000 00:00 0 
7fca56806000-7fca56907000 rw-p 00000000 00:00 0 
7fca56907000-7fca56908000 ---p 00000000 00:00 0 
7fca56908000-7fca56a09000 rw-p 00000000 00:00 0 
7fca56a09000-7fca56a0a000 ---p 00000000 00:00 0 
7fca56a0a000-7fca56b0b000 rw-p 00000000 00:00 0 
7fca56b0b000-7fca56b0c000 ---p 00000000 00:00 0 
7fca56b0c000-7fca56c0d000 rw-p 00000000 00:00 0 
7fca56c0d000-7fca56c0e000 ---p 00000000 00:00 0 
7fca56c0e000-7fca56d0f000 rw-p 00000000 00:00 0 
7fca56d0f000-7fca56d13000 ---p 00000000 00:00 0 
7fca56d13000-7fca56e10000 rw-p 00000000 00:00 0 
7fca56e10000-7fca56e14000 ---p 00000000 00:00 0 
7fca56e14000-7fca56f11000 rw-p 00000000 00:00 0 
7fca56f11000-7fca56f15000 ---p 00000000 00:00 0 
7fca56f15000-7fca57012000 rw-p 00000000 00:00 0 
7fca57012000-7fca57013000 ---p 00000000 00:00 0 
7fca57013000-7fca57114000 rw-p 00000000 00:00 0 
7fca57114000-7fca57118000 ---p 00000000 00:00 0 
7fca57118000-7fca57215000 rw-p 00000000 00:00 0 
7fca57215000-7fca57219000 ---p 00000000 00:00 0 
7fca57219000-7fca57316000 rw-p 00000000 00:00 0 
7fca57316000-7fca5731a000 ---p 00000000 00:00 0 
7fca5731a000-7fca57417000 rw-p 00000000 00:00 0 
7fca57417000-7fca5741b000 ---p 00000000 00:00 0 
7fca5741b000-7fca57518000 rw-p 00000000 00:00 0 
7fca57518000-7fca57800000 r--p 00000000 08:02 14491448                   /usr/lib/locale/locale-archive
7fca57800000-7fca57cc0000 rw-p 00000000 00:00 0 
7fca57cc0000-7fca58000000 ---p 00000000 00:00 0 
7fca58000000-7fca58021000 rw-p 00000000 00:00 0 
7fca58021000-7fca5c000000 ---p 00000000 00:00 0 
7fca5c000000-7fca5c021000 rw-p 00000000 00:00 0 
7fca5c021000-7fca60000000 ---p 00000000 00:00 0 
7fca60000000-7fca60021000 rw-p 00000000 00:00 0 
7fca60021000-7fca64000000 ---p 00000000 00:00 0 
7fca6406c000-7fca64070000 ---p 00000000 00:00 0 
7fca64070000-7fca6416d000 rw-p 00000000 00:00 0 
7fca6416d000-7fca64171000 ---p 00000000 00:00 0 
7fca64171000-7fca6426e000 rw-p 00000000 00:00 0 
7fca6426e000-7fca64272000 ---p 00000000 00:00 0 
7fca64272000-7fca6436f000 rw-p 00000000 00:00 0 
7fca6436f000-7fca64370000 ---p 00000000 00:00 0 
7fca64370000-7fca644f2000 rw-p 00000000 00:00 0 
7fca644f2000-7fca644f3000 ---p 00000000 00:00 0 
7fca644f3000-7fca645f4000 rw-p 00000000 00:00 0 
7fca645f4000-7fca645f5000 ---p 00000000 00:00 0 
7fca645f5000-7fca66ec6000 rw-p 00000000 00:00 0 
7fca66ec6000-7fca6e3de000 ---p 00000000 00:00 0 
7fca6e3de000-7fca6ebae000 rw-p 00000000 00:00 0 
7fca6ebae000-7fca760c6000 ---p 00000000 00:00 0 
7fca760c6000-7fca761c0000 rw-p 00000000 00:00 0 
7fca761c0000-7fca77063000 ---p 00000000 00:00 0 
7fca77063000-7fca7715d000 rw-p 00000000 00:00 0 
7fca7715d000-7fca78000000 ---p 00000000 00:00 0 
7fca78000000-7fca78021000 rw-p 00000000 00:00 0 
7fca78021000-7fca7c000000 ---p 00000000 00:00 0 
7fca7c001000-7fca7c032000 rw-p 00000000 00:00 0 
7fca7c032000-7fca7c036000 r--p 00000000 08:02 1976496                    /usr/lib/jvm/java-11-openjdk/lib/libnet.so
7fca7c036000-7fca7c045000 r-xp 00004000 08:02 1976496                    /usr/lib/jvm/java-11-openjdk/lib/libnet.so
7fca7c045000-7fca7c049000 r--p 00013000 08:02 1976496                    /usr/lib/jvm/java-11-openjdk/lib/libnet.so
7fca7c049000-7fca7c04a000 r--p 00016000 08:02 1976496                    /usr/lib/jvm/java-11-openjdk/lib/libnet.so
7fca7c04a000-7fca7c04b000 rw-p 00017000 08:02 1976496                    /usr/lib/jvm/java-11-openjdk/lib/libnet.so
7fca7c04b000-7fca7c853000 rw-p 00000000 00:00 0 
7fca7c853000-7fca7cac3000 rwxp 00000000 00:00 0 
7fca7cac3000-7fca7cde4000 ---p 00000000 00:00 0 
7fca7cde4000-7fca7d054000 rwxp 00000000 00:00 0 
7fca7d054000-7fca8431b000 ---p 00000000 00:00 0 
7fca8431b000-7fca8458b000 rwxp 00000000 00:00 0 
7fca8458b000-7fca8b853000 ---p 00000000 00:00 0 
7fca8b853000-7fca94000000 r--s 00000000 08:02 1976524                    /usr/lib/jvm/java-11-openjdk/lib/modules
7fca94000000-7fca94460000 rw-p 00000000 00:00 0 
7fca94460000-7fca98000000 ---p 00000000 00:00 0 
7fca98002000-7fca98009000 r--p 00000000 08:02 1976501                    /usr/lib/jvm/java-11-openjdk/lib/libnio.so
7fca98009000-7fca98010000 r-xp 00007000 08:02 1976501                    /usr/lib/jvm/java-11-openjdk/lib/libnio.so
7fca98010000-7fca98013000 r--p 0000e000 08:02 1976501                    /usr/lib/jvm/java-11-openjdk/lib/libnio.so
7fca98013000-7fca98014000 r--p 00010000 08:02 1976501                    /usr/lib/jvm/java-11-openjdk/lib/libnio.so
7fca98014000-7fca98015000 rw-p 00011000 08:02 1976501                    /usr/lib/jvm/java-11-openjdk/lib/libnio.so
7fca98015000-7fca980da000 rw-p 00000000 00:00 0 
7fca980da000-7fca980db000 ---p 00000000 00:00 0 
7fca980db000-7fca981dc000 rw-p 00000000 00:00 0 
7fca981dc000-7fca981dd000 ---p 00000000 00:00 0 
7fca981dd000-7fca984da000 rw-p 00000000 00:00 0 
7fca984da000-7fca9937d000 ---p 00000000 00:00 0 
7fca9937d000-7fca99bc4000 rw-p 00000000 00:00 0 
7fca99bc4000-7fca99bc5000 ---p 00000000 00:00 0 
7fca99bc5000-7fca99ccb000 rw-p 00000000 00:00 0 
7fca99ccb000-7fca99db1000 ---p 00000000 00:00 0 
7fca99db1000-7fca99db6000 rw-p 00000000 00:00 0 
7fca99db6000-7fca99e9c000 ---p 00000000 00:00 0 
7fca99e9c000-7fca99ea1000 rw-p 00000000 00:00 0 
7fca99ea1000-7fca99ea8000 ---p 00000000 00:00 0 
7fca99ea8000-7fca99eaa000 r--p 00000000 08:02 1976523                    /usr/lib/jvm/java-11-openjdk/lib/libzip.so
7fca99eaa000-7fca99eae000 r-xp 00002000 08:02 1976523                    /usr/lib/jvm/java-11-openjdk/lib/libzip.so
7fca99eae000-7fca99eb0000 r--p 00006000 08:02 1976523                    /usr/lib/jvm/java-11-openjdk/lib/libzip.so
7fca99eb0000-7fca99eb1000 r--p 00007000 08:02 1976523                    /usr/lib/jvm/java-11-openjdk/lib/libzip.so
7fca99eb1000-7fca99eb2000 rw-p 00008000 08:02 1976523                    /usr/lib/jvm/java-11-openjdk/lib/libzip.so
7fca99eb2000-7fca99eba000 rw-s 00000000 00:24 469797                     /tmp/hsperfdata_stepanov/2844491
7fca99eba000-7fca99ec8000 r--p 00000000 08:02 1976470                    /usr/lib/jvm/java-11-openjdk/lib/libjava.so
7fca99ec8000-7fca99edd000 r-xp 0000e000 08:02 1976470                    /usr/lib/jvm/java-11-openjdk/lib/libjava.so
7fca99edd000-7fca99ee3000 r--p 00023000 08:02 1976470                    /usr/lib/jvm/java-11-openjdk/lib/libjava.so
7fca99ee3000-7fca99ee4000 ---p 00029000 08:02 1976470                    /usr/lib/jvm/java-11-openjdk/lib/libjava.so
7fca99ee4000-7fca99ee5000 r--p 00029000 08:02 1976470                    /usr/lib/jvm/java-11-openjdk/lib/libjava.so
7fca99ee5000-7fca99ee6000 rw-p 0002a000 08:02 1976470                    /usr/lib/jvm/java-11-openjdk/lib/libjava.so
7fca99ee6000-7fca99ee7000 rw-p 00000000 00:00 0 
7fca99ee7000-7fca99eea000 r--p 00000000 08:02 14421227                   /usr/lib/librt-2.33.so
7fca99eea000-7fca99eee000 r-xp 00003000 08:02 14421227                   /usr/lib/librt-2.33.so
7fca99eee000-7fca99ef0000 r--p 00007000 08:02 14421227                   /usr/lib/librt-2.33.so
7fca99ef0000-7fca99ef1000 r--p 00008000 08:02 14421227                   /usr/lib/librt-2.33.so
7fca99ef1000-7fca99ef2000 rw-p 00009000 08:02 14421227                   /usr/lib/librt-2.33.so
7fca99ef2000-7fca99ef6000 ---p 00000000 00:00 0 
7fca99ef6000-7fca99ff3000 rw-p 00000000 00:00 0 
7fca99ff3000-7fca99ff6000 r--p 00000000 08:02 14421476                   /usr/lib/libgcc_s.so.1
7fca99ff6000-7fca9a008000 r-xp 00003000 08:02 14421476                   /usr/lib/libgcc_s.so.1
7fca9a008000-7fca9a00b000 r--p 00015000 08:02 14421476                   /usr/lib/libgcc_s.so.1
7fca9a00b000-7fca9a00c000 ---p 00018000 08:02 14421476                   /usr/lib/libgcc_s.so.1
7fca9a00c000-7fca9a00d000 r--p 00018000 08:02 14421476                   /usr/lib/libgcc_s.so.1
7fca9a00d000-7fca9a00e000 rw-p 00019000 08:02 14421476                   /usr/lib/libgcc_s.so.1
7fca9a00e000-7fca9a01d000 r--p 00000000 08:02 14421113                   /usr/lib/libm-2.33.so
7fca9a01d000-7fca9a0b7000 r-xp 0000f000 08:02 14421113                   /usr/lib/libm-2.33.so
7fca9a0b7000-7fca9a14f000 r--p 000a9000 08:02 14421113                   /usr/lib/libm-2.33.so
7fca9a14f000-7fca9a150000 ---p 00141000 08:02 14421113                   /usr/lib/libm-2.33.so
7fca9a150000-7fca9a151000 r--p 00141000 08:02 14421113                   /usr/lib/libm-2.33.so
7fca9a151000-7fca9a152000 rw-p 00142000 08:02 14421113                   /usr/lib/libm-2.33.so
7fca9a152000-7fca9a1eb000 r--p 00000000 08:02 14477167                   /usr/lib/libstdc++.so.6.0.29
7fca9a1eb000-7fca9a2eb000 r-xp 00099000 08:02 14477167                   /usr/lib/libstdc++.so.6.0.29
7fca9a2eb000-7fca9a357000 r--p 00199000 08:02 14477167                   /usr/lib/libstdc++.so.6.0.29
7fca9a357000-7fca9a364000 r--p 00204000 08:02 14477167                   /usr/lib/libstdc++.so.6.0.29
7fca9a364000-7fca9a365000 rw-p 00211000 08:02 14477167                   /usr/lib/libstdc++.so.6.0.29
7fca9a365000-7fca9a368000 rw-p 00000000 00:00 0 
7fca9a368000-7fca9a5e0000 r--p 00000000 08:02 1976538                    /usr/lib/jvm/java-11-openjdk/lib/server/libjvm.so
7fca9a5e0000-7fca9b1e4000 r-xp 00278000 08:02 1976538                    /usr/lib/jvm/java-11-openjdk/lib/server/libjvm.so
7fca9b1e4000-7fca9b424000 r--p 00e7c000 08:02 1976538                    /usr/lib/jvm/java-11-openjdk/lib/server/libjvm.so
7fca9b424000-7fca9b425000 ---p 010bc000 08:02 1976538                    /usr/lib/jvm/java-11-openjdk/lib/server/libjvm.so
7fca9b425000-7fca9b4e6000 r--p 010bc000 08:02 1976538                    /usr/lib/jvm/java-11-openjdk/lib/server/libjvm.so
7fca9b4e6000-7fca9b520000 rw-p 0117d000 08:02 1976538                    /usr/lib/jvm/java-11-openjdk/lib/server/libjvm.so
7fca9b520000-7fca9b578000 rw-p 00000000 00:00 0 
7fca9b578000-7fca9b57f000 r--p 00000000 08:02 14421201                   /usr/lib/libpthread-2.33.so
7fca9b57f000-7fca9b58e000 r-xp 00007000 08:02 14421201                   /usr/lib/libpthread-2.33.so
7fca9b58e000-7fca9b592000 r--p 00016000 08:02 14421201                   /usr/lib/libpthread-2.33.so
7fca9b592000-7fca9b593000 ---p 0001a000 08:02 14421201                   /usr/lib/libpthread-2.33.so
7fca9b593000-7fca9b594000 r--p 0001a000 08:02 14421201                   /usr/lib/libpthread-2.33.so
7fca9b594000-7fca9b595000 rw-p 0001b000 08:02 14421201                   /usr/lib/libpthread-2.33.so
7fca9b595000-7fca9b599000 rw-p 00000000 00:00 0 
7fca9b599000-7fca9b59b000 r--p 00000000 08:02 14421089                   /usr/lib/libdl-2.33.so
7fca9b59b000-7fca9b59d000 r-xp 00002000 08:02 14421089                   /usr/lib/libdl-2.33.so
7fca9b59d000-7fca9b59e000 r--p 00004000 08:02 14421089                   /usr/lib/libdl-2.33.so
7fca9b59e000-7fca9b59f000 r--p 00004000 08:02 14421089                   /usr/lib/libdl-2.33.so
7fca9b59f000-7fca9b5a0000 rw-p 00005000 08:02 14421089                   /usr/lib/libdl-2.33.so
7fca9b5a0000-7fca9b5a3000 r--p 00000000 08:02 14439370                   /usr/lib/libz.so.1.2.11
7fca9b5a3000-7fca9b5b1000 r-xp 00003000 08:02 14439370                   /usr/lib/libz.so.1.2.11
7fca9b5b1000-7fca9b5b7000 r--p 00011000 08:02 14439370                   /usr/lib/libz.so.1.2.11
7fca9b5b7000-7fca9b5b8000 ---p 00017000 08:02 14439370                   /usr/lib/libz.so.1.2.11
7fca9b5b8000-7fca9b5b9000 r--p 00017000 08:02 14439370                   /usr/lib/libz.so.1.2.11
7fca9b5b9000-7fca9b5ba000 rw-p 00018000 08:02 14439370                   /usr/lib/libz.so.1.2.11
7fca9b5ba000-7fca9b5e0000 r--p 00000000 08:02 14421056                   /usr/lib/libc-2.33.so
7fca9b5e0000-7fca9b72b000 r-xp 00026000 08:02 14421056                   /usr/lib/libc-2.33.so
7fca9b72b000-7fca9b777000 r--p 00171000 08:02 14421056                   /usr/lib/libc-2.33.so
7fca9b777000-7fca9b77a000 r--p 001bc000 08:02 14421056                   /usr/lib/libc-2.33.so
7fca9b77a000-7fca9b77d000 rw-p 001bf000 08:02 14421056                   /usr/lib/libc-2.33.so
7fca9b77d000-7fca9b786000 rw-p 00000000 00:00 0 
7fca9b78d000-7fca9b78f000 r--p 00000000 08:02 14421153                   /usr/lib/libnss_compat-2.33.so
7fca9b78f000-7fca9b795000 r-xp 00002000 08:02 14421153                   /usr/lib/libnss_compat-2.33.so
7fca9b795000-7fca9b796000 r--p 00008000 08:02 14421153                   /usr/lib/libnss_compat-2.33.so
7fca9b796000-7fca9b797000 r--p 00008000 08:02 14421153                   /usr/lib/libnss_compat-2.33.so
7fca9b797000-7fca9b798000 rw-p 00009000 08:02 14421153                   /usr/lib/libnss_compat-2.33.so
7fca9b798000-7fca9b799000 ---p 00000000 00:00 0 
7fca9b799000-7fca9b79a000 r--p 00000000 00:00 0 
7fca9b79a000-7fca9b79c000 r--p 00000000 08:02 1976476                    /usr/lib/jvm/java-11-openjdk/lib/libjimage.so
7fca9b79c000-7fca9b79f000 r-xp 00002000 08:02 1976476                    /usr/lib/jvm/java-11-openjdk/lib/libjimage.so
7fca9b79f000-7fca9b7a0000 r--p 00005000 08:02 1976476                    /usr/lib/jvm/java-11-openjdk/lib/libjimage.so
7fca9b7a0000-7fca9b7a1000 ---p 00006000 08:02 1976476                    /usr/lib/jvm/java-11-openjdk/lib/libjimage.so
7fca9b7a1000-7fca9b7a2000 r--p 00006000 08:02 1976476                    /usr/lib/jvm/java-11-openjdk/lib/libjimage.so
7fca9b7a2000-7fca9b7a3000 rw-p 00007000 08:02 1976476                    /usr/lib/jvm/java-11-openjdk/lib/libjimage.so
7fca9b7a3000-7fca9b7a8000 r--p 00000000 08:02 1976521                    /usr/lib/jvm/java-11-openjdk/lib/libverify.so
7fca9b7a8000-7fca9b7af000 r-xp 00005000 08:02 1976521                    /usr/lib/jvm/java-11-openjdk/lib/libverify.so
7fca9b7af000-7fca9b7b1000 r--p 0000c000 08:02 1976521                    /usr/lib/jvm/java-11-openjdk/lib/libverify.so
7fca9b7b1000-7fca9b7b3000 r--p 0000d000 08:02 1976521                    /usr/lib/jvm/java-11-openjdk/lib/libverify.so
7fca9b7b3000-7fca9b7b4000 rw-p 0000f000 08:02 1976521                    /usr/lib/jvm/java-11-openjdk/lib/libverify.so
7fca9b7b4000-7fca9b7b7000 r--p 00000000 08:02 1976252                    /usr/lib/jvm/java-11-openjdk/lib/jli/libjli.so
7fca9b7b7000-7fca9b7c1000 r-xp 00003000 08:02 1976252                    /usr/lib/jvm/java-11-openjdk/lib/jli/libjli.so
7fca9b7c1000-7fca9b7c4000 r--p 0000d000 08:02 1976252                    /usr/lib/jvm/java-11-openjdk/lib/jli/libjli.so
7fca9b7c4000-7fca9b7c5000 ---p 00010000 08:02 1976252                    /usr/lib/jvm/java-11-openjdk/lib/jli/libjli.so
7fca9b7c5000-7fca9b7c6000 r--p 00010000 08:02 1976252                    /usr/lib/jvm/java-11-openjdk/lib/jli/libjli.so
7fca9b7c6000-7fca9b7c7000 rw-p 00011000 08:02 1976252                    /usr/lib/jvm/java-11-openjdk/lib/jli/libjli.so
7fca9b7c7000-7fca9b7c9000 rw-p 00000000 00:00 0 
7fca9b7c9000-7fca9b7ca000 r--p 00000000 08:02 14420974                   /usr/lib/ld-2.33.so
7fca9b7ca000-7fca9b7ee000 r-xp 00001000 08:02 14420974                   /usr/lib/ld-2.33.so
7fca9b7ee000-7fca9b7f7000 r--p 00025000 08:02 14420974                   /usr/lib/ld-2.33.so
7fca9b7f7000-7fca9b7f9000 r--p 0002d000 08:02 14420974                   /usr/lib/ld-2.33.so
7fca9b7f9000-7fca9b7fb000 rw-p 0002f000 08:02 14420974                   /usr/lib/ld-2.33.so
7ffca8d43000-7ffca8d64000 rw-p 00000000 00:00 0                          [stack]
7ffca8da3000-7ffca8da7000 r--p 00000000 00:00 0                          [vvar]
7ffca8da7000-7ffca8da9000 r-xp 00000000 00:00 0                          [vdso]
ffffffffff600000-ffffffffff601000 --xp 00000000 00:00 0                  [vsyscall]


VM Arguments:
java_command: Tmp0Kt
java_class_path (initial): tmp/lib/kotlin-stdlib-1.4.0.jar:tmp/lib/kotlin-stdlib-common-1.4.0.jar:tmp/lib/kotlin-test-1.4.0.jar:tmp/lib/kotlin-test-common-1.4.0.jar:tmp/lib/kotlin-reflect-1.4.0.jar:tmp/lib/kotlin-script-runtime-1.4.0.jar:tmp/lib/kotlin-stdlib-jdk8-1.4.0.jar:tmp/lib/kotlin-stdlib-jdk7-1.4.0.jar:tmp/tmp.jar
Launcher Type: SUN_STANDARD

[Global flags]
     intx CICompilerCount                          = 4                                         {product} {ergonomic}
     uint ConcGCThreads                            = 2                                         {product} {ergonomic}
     uint G1ConcRefinementThreads                  = 8                                         {product} {ergonomic}
   size_t G1HeapRegionSize                         = 2097152                                   {product} {ergonomic}
    uintx GCDrainStackTargetSize                   = 64                                        {product} {ergonomic}
   size_t InitialHeapSize                          = 524288000                                 {product} {ergonomic}
   size_t MarkStackSize                            = 4194304                                   {product} {ergonomic}
   size_t MaxHeapSize                              = 8382316544                                {product} {ergonomic}
   size_t MaxNewSize                               = 5028970496                                {product} {ergonomic}
   size_t MinHeapDeltaBytes                        = 2097152                                   {product} {ergonomic}
    uintx NonNMethodCodeHeapSize                   = 5836300                                {pd product} {ergonomic}
    uintx NonProfiledCodeHeapSize                  = 122910970                              {pd product} {ergonomic}
    uintx ProfiledCodeHeapSize                     = 122910970                              {pd product} {ergonomic}
    uintx ReservedCodeCacheSize                    = 251658240                              {pd product} {ergonomic}
     bool SegmentedCodeCache                       = true                                      {product} {ergonomic}
     bool UseCompressedClassPointers               = true                                 {lp64_product} {ergonomic}
     bool UseCompressedOops                        = true                                 {lp64_product} {ergonomic}
     bool UseG1GC                                  = true                                      {product} {ergonomic}

Logging:
Log output configuration:
 #0: stdout all=warning uptime,level,tags
 #1: stderr all=off uptime,level,tags

Environment Variables:
JAVA_HOME=/usr/lib/jvm/java-11-openjdk
PATH=/usr/lib/jvm/java-14-openjdk/bin:/usr/local/bin:/usr/local/sbin:/usr/bin:/opt/android-sdk/tools:/opt/android-sdk/tools/bin:/usr/lib/jvm/default/bin:/usr/lib/smlnj/bin
LD_LIBRARY_PATH=/opt/cuda/lib64
SHELL=/bin/bash
DISPLAY=:0.0
LANG=en_US.UTF-8

Signal Handlers:
SIGSEGV: [libjvm.so+0xe0a500], sa_mask[0]=11111111011111111101111111111110, sa_flags=SA_RESTART|SA_SIGINFO
SIGBUS: [libjvm.so+0xe0a500], sa_mask[0]=11111111011111111101111111111110, sa_flags=SA_RESTART|SA_SIGINFO
SIGFPE: [libjvm.so+0xe0a500], sa_mask[0]=11111111011111111101111111111110, sa_flags=SA_RESTART|SA_SIGINFO
SIGPIPE: [libjvm.so+0xbf93d0], sa_mask[0]=11111111011111111101111111111110, sa_flags=SA_RESTART|SA_SIGINFO
SIGXFSZ: [libjvm.so+0xbf93d0], sa_mask[0]=11111111011111111101111111111110, sa_flags=SA_RESTART|SA_SIGINFO
SIGILL: [libjvm.so+0xe0a500], sa_mask[0]=11111111011111111101111111111110, sa_flags=SA_RESTART|SA_SIGINFO
SIGUSR2: [libjvm.so+0xbf9260], sa_mask[0]=00100000000000000000000000000000, sa_flags=SA_RESTART|SA_SIGINFO
SIGHUP: [libjvm.so+0xbf9860], sa_mask[0]=11111111011111111101111111111110, sa_flags=SA_RESTART|SA_SIGINFO
SIGINT: [libjvm.so+0xbf9860], sa_mask[0]=11111111011111111101111111111110, sa_flags=SA_RESTART|SA_SIGINFO
SIGTERM: [libjvm.so+0xbf9860], sa_mask[0]=11111111011111111101111111111110, sa_flags=SA_RESTART|SA_SIGINFO
SIGQUIT: [libjvm.so+0xbf9860], sa_mask[0]=11111111011111111101111111111110, sa_flags=SA_RESTART|SA_SIGINFO


---------------  S Y S T E M  ---------------

OS:LSB_VERSION=1.4
DISTRIB_ID=Arch
DISTRIB_RELEASE=rolling
DISTRIB_DESCRIPTION="Arch Linux"
uname:Linux 5.15.4-arch1-1 #1 SMP PREEMPT Sun, 21 Nov 2021 21:34:33 +0000 x86_64
OS uptime: 9 days 17:17 hours
libc:glibc 2.33 NPTL 2.33 
rlimit (soft/hard): STACK 8192k/infinity , CORE infinity/infinity , NPROC 127832/127832 , NOFILE 524288/524288 , AS infinity/infinity , CPU infinity/infinity , DATA infinity/infinity , FSIZE infinity/infinity , MEMLOCK 1024k/1024k
load average:1.59 2.55 2.88

/proc/meminfo:
MemTotal:       32740680 kB
MemFree:        14554460 kB
MemAvailable:   20577844 kB
Buffers:          385272 kB
Cached:          6160580 kB
SwapCached:            0 kB
Active:          2298844 kB
Inactive:       15073856 kB
Active(anon):      55292 kB
Inactive(anon): 11112640 kB
Active(file):    2243552 kB
Inactive(file):  3961216 kB
Unevictable:      264352 kB
Mlocked:              64 kB
SwapTotal:      32575484 kB
SwapFree:       32575484 kB
Dirty:               572 kB
Writeback:             0 kB
AnonPages:      11091356 kB
Mapped:          1347352 kB
Shmem:            341084 kB
KReclaimable:     281772 kB
Slab:             374260 kB
SReclaimable:     281772 kB
SUnreclaim:        92488 kB
KernelStack:       14512 kB
PageTables:        46220 kB
NFS_Unstable:          0 kB
Bounce:                0 kB
WritebackTmp:          0 kB
CommitLimit:    48945824 kB
Committed_AS:   14760108 kB
VmallocTotal:   34359738367 kB
VmallocUsed:       37824 kB
VmallocChunk:          0 kB
Percpu:             5984 kB
HardwareCorrupted:     0 kB
AnonHugePages:         0 kB
ShmemHugePages:        0 kB
ShmemPmdMapped:        0 kB
FileHugePages:         0 kB
FilePmdMapped:         0 kB
CmaTotal:              0 kB
CmaFree:               0 kB
HugePages_Total:       0
HugePages_Free:        0
HugePages_Rsvd:        0
HugePages_Surp:        0
Hugepagesize:       2048 kB
Hugetlb:               0 kB
DirectMap4k:      393304 kB
DirectMap2M:    22542336 kB
DirectMap1G:    11534336 kB

/sys/kernel/mm/transparent_hugepage/enabled:
always [madvise] never
/sys/kernel/mm/transparent_hugepage/defrag (defrag/compaction efforts parameter):
always defer defer+madvise [madvise] never

Process Memory:
Virtual Size: 11677508K (peak: 11677508K)
Resident Set Size: 72480K (peak: 72480K) (anon: 53396K, file: 19052K, shmem: 32K)
Swapped out: 0K
C-Heap outstanding allocations: 15033K

/proc/sys/kernel/threads-max (system-wide limit on the number of threads):
255665
/proc/sys/vm/max_map_count (maximum number of memory map areas a process may have):
65530
/proc/sys/kernel/pid_max (system-wide limit on number of process identifiers):
4194304

Steal ticks since vm start: 0
Steal ticks percentage since vm start:  0.000

CPU:total 8 (initial active 8) (4 cores per cpu, 2 threads per core) family 6 model 60 stepping 3 microcode 0x1c, cmov, cx8, fxsr, mmx, sse, sse2, sse3, ssse3, sse4.1, sse4.2, popcnt, avx, avx2, aes, clmul, erms, lzcnt, ht, tsc, tscinvbit, bmi1, bmi2, fma
CPU Model and flags from /proc/cpuinfo:
model name	: Intel(R) Core(TM) i7-4790 CPU @ 3.60GHz
flags		: fpu vme de pse tsc msr pae mce cx8 apic sep mtrr pge mca cmov pat pse36 clflush dts acpi mmx fxsr sse sse2 ss ht tm pbe syscall nx pdpe1gb rdtscp lm constant_tsc arch_perfmon pebs bts rep_good nopl xtopology nonstop_tsc cpuid aperfmperf pni pclmulqdq dtes64 monitor ds_cpl vmx smx est tm2 ssse3 sdbg fma cx16 xtpr pdcm pcid sse4_1 sse4_2 x2apic movbe popcnt aes xsave avx f16c rdrand lahf_lm abm cpuid_fault invpcid_single pti tpr_shadow vnmi flexpriority ept vpid ept_ad fsgsbase tsc_adjust bmi1 avx2 smep bmi2 erms invpcid xsaveopt dtherm ida arat pln pts
Online cpus:
0-7
Offline cpus:

BIOS frequency limitation:
<Not Available>
Frequency switch latency (ns):
20000
Available cpu frequencies:
<Not Available>
Current governor:
schedutil
Core performance/turbo boost:
<Not Available>

Memory: 4k page, physical 32740680k(14554460k free), swap 32575484k(32575484k free)

vm_info: OpenJDK 64-Bit Server VM (11.0.13+8) for linux-amd64 JRE (11.0.13+8), built on Nov  9 2021 19:45:44 by "builduser" with gcc 11.1.0

END.
