#
# A fatal error has been detected by the Java Runtime Environment:
#
#  SIGSEGV (0xb) at pc=0x00007fd31b862c6a, pid=2001191, tid=2001212
#
# JRE version: OpenJDK Runtime Environment (11.0.13+8) (build 11.0.13+8)
# Java VM: OpenJDK 64-Bit Server VM (11.0.13+8, mixed mode, tiered, compressed oops, g1 gc, linux-amd64)
# Problematic frame:
# V  [libjvm.so+0x5b7c6a]
#
# Core dump will be written. Default location: Core dumps may be processed with "/usr/lib/systemd/systemd-coredump %P %u %g %s %t %c %h" (or dumping to /home/stepanov/workspace/guidedBBF/bbfgradle/core.2001191)
#
# If you would like to submit a bug report, please visit:
#   https://bugreport.java.com/bugreport/crash.jsp
#

---------------  S U M M A R Y ------------

Command Line: Tmp0Kt

Host: Intel(R) Core(TM) i7-4790 CPU @ 3.60GHz, 8 cores, 31G, Arch Linux
Time: Fri Dec  3 01:13:43 2021 MSK elapsed time: 0.131809 seconds (0d 0h 0m 0s)

---------------  T H R E A D  ---------------

Current thread (0x00007fd2b80c6000):  JavaThread "C2 CompilerThread2" daemon [_thread_in_native, id=2001212, stack(0x00007fd2b7bfb000,0x00007fd2b7cfc000)]


Current CompileTask:
C2:    131  237 %     4       kotlin.UnsignedKt::ulongCompare @ 166 (12 bytes)

Stack: [0x00007fd2b7bfb000,0x00007fd2b7cfc000],  sp=0x00007fd2b7cf8d70,  free space=1015k
Native frames: (J=compiled Java code, A=aot compiled Java code, j=interpreted, Vv=VM code, C=native code)
V  [libjvm.so+0x5b7c6a]
V  [libjvm.so+0x5b7de2]
V  [libjvm.so+0x594f9d]
V  [libjvm.so+0xc34b84]
V  [libjvm.so+0x55b19c]
V  [libjvm.so+0x63045e]
V  [libjvm.so+0x55a4c5]
V  [libjvm.so+0x6394c6]
V  [libjvm.so+0x63a788]
V  [libjvm.so+0xd9c2f8]
V  [libjvm.so+0xd997d1]
V  [libjvm.so+0xc03641]


siginfo: si_signo: 11 (SIGSEGV), si_code: 1 (SEGV_MAPERR), si_addr: 0x00007fd200000014

Register to memory mapping:

RAX=0x00007fd200000014 is an unknown value
RBX=0x00007fd2a811eb80 points into unknown readable memory: 0x00007fd2b7cfa970 | 70 a9 cf b7 d2 7f 00 00
RCX=0x0 is NULL
RDX=0x00007fd2b8048c60 points into unknown readable memory: 0x00007fd2b8048c70 | 70 8c 04 b8 d2 7f 00 00
RSP=0x00007fd2b7cf8d70 is pointing into the stack for thread: 0x00007fd2b80c6000
RBP=0x00007fd2b7cf8dd0 is pointing into the stack for thread: 0x00007fd2b80c6000
RSI=0x00000000000000a6 is an unknown value
RDI=0x00007fd2a811eb80 points into unknown readable memory: 0x00007fd2b7cfa970 | 70 a9 cf b7 d2 7f 00 00
R8 =0x00007fd2a811d580 points into unknown readable memory: 0x00007fd31c370fb8 | b8 0f 37 1c d3 7f 00 00
R9 =0x00000000ffffffff is an unknown value
R10=0x00007fd2bc0d8890 points into unknown readable memory: 0x0021d521c821c029 | 29 c0 21 c8 21 d5 21 00
R11=0x00007fd2a811e53c points into unknown readable memory: 00 00 00 00
R12=0x00007fd2b80c6b50 points into unknown readable memory: 0x0000000000000006 | 06 00 00 00 00 00 00 00
R13=0x00007fd2b8048c60 points into unknown readable memory: 0x00007fd2b8048c70 | 70 8c 04 b8 d2 7f 00 00
R14=0x00007fd2b8048c30 points into unknown readable memory: 0x00007fd2a811ec10 | 10 ec 11 a8 d2 7f 00 00
R15=0x00007fd2b80452e0 points into unknown readable memory: 0x0000000000000000 | 00 00 00 00 00 00 00 00


Registers:
RAX=0x00007fd200000014, RBX=0x00007fd2a811eb80, RCX=0x0000000000000000, RDX=0x00007fd2b8048c60
RSP=0x00007fd2b7cf8d70, RBP=0x00007fd2b7cf8dd0, RSI=0x00000000000000a6, RDI=0x00007fd2a811eb80
R8 =0x00007fd2a811d580, R9 =0x00000000ffffffff, R10=0x00007fd2bc0d8890, R11=0x00007fd2a811e53c
R12=0x00007fd2b80c6b50, R13=0x00007fd2b8048c60, R14=0x00007fd2b8048c30, R15=0x00007fd2b80452e0
RIP=0x00007fd31b862c6a, EFLAGS=0x0000000000010246, CSGSFS=0x002b000000000033, ERR=0x0000000000000004
  TRAPNO=0x000000000000000e

Top of Stack: (sp=0x00007fd2b7cf8d70)
0x00007fd2b7cf8d70:   00007fd2bc0d9040 0000000000000010
0x00007fd2b7cf8d80:   00007fd2b80452e0 00007fd2b8048c30
0x00007fd2b7cf8d90:   00000000000083b0 00007fd2b804d2c8
0x00007fd2b7cf8da0:   00007fd2b7cf9cf0 00007fd2b7cf8e80 

Instructions: (pc=0x00007fd31b862c6a)
0x00007fd31b862b6a:   48 85 ff 74 16 48 8d 15 e8 7c 8e 00 48 8d 35 23
0x00007fd31b862b7a:   7d 8e 00 31 c0 67 e8 fb 22 88 00 48 83 7b 30 00
0x00007fd31b862b8a:   0f 85 a0 fd ff ff 48 8d 05 c7 7c 8e 00 48 89 43
0x00007fd31b862b9a:   30 e9 90 fd ff ff 4d 89 4d 50 89 95 70 ff ff ff
0x00007fd31b862baa:   4c 89 6b 50 e9 47 fd ff ff 31 c0 eb 8c 90 0f 1f
0x00007fd31b862bba:   84 00 00 00 00 00 55 48 89 e5 41 57 41 56 41 55
0x00007fd31b862bca:   41 54 53 48 89 fb 48 83 ec 38 66 48 8d 3d 04 63
0x00007fd31b862bda:   bc 00 66 48 ff 15 3c 5d bc 00 31 f6 bf 28 00 00
0x00007fd31b862bea:   00 48 8b 00 4c 8b a0 78 02 00 00 49 8b 44 24 20
0x00007fd31b862bfa:   f3 41 0f 6f 4c 24 10 48 89 45 c8 49 8b 44 24 28
0x00007fd31b862c0a:   66 49 0f 7e cf 0f 29 4d b0 48 89 45 c0 67 e8 13
0x00007fd31b862c1a:   62 6f 00 49 89 c6 48 85 c0 74 0b 48 89 de 48 89
0x00007fd31b862c2a:   c7 e8 d0 77 ff ff 31 f6 bf 08 00 00 00 67 e8 f3
0x00007fd31b862c3a:   61 6f 00 49 89 c5 48 85 c0 74 08 48 89 c7 e8 83
0x00007fd31b862c4a:   72 ff ff 8b 73 18 31 c0 48 8b 7b 10 83 fe ff 0f
0x00007fd31b862c5a:   44 f0 67 e8 4e 51 fe ff 31 c9 4c 89 ea 48 89 df
0x00007fd31b862c6a:   8b 30 e8 3f c3 ff ff 48 89 df 48 89 45 a8 e8 93
0x00007fd31b862c7a:   ee ff ff 48 8b 13 48 83 7a 60 00 74 49 49 83 3f
0x00007fd31b862c8a:   00 74 16 4c 89 e7 48 8b 75 c0 67 e8 f6 16 e7 ff
0x00007fd31b862c9a:   4c 89 ff 67 e8 fd 08 e7 ff 66 0f 6f 55 b0 48 8b
0x00007fd31b862caa:   45 c8 41 0f 11 54 24 10 49 89 44 24 20 48 83 c4
0x00007fd31b862cba:   38 5b 41 5c 41 5d 41 5e 41 5f 5d c3 66 2e 0f 1f
0x00007fd31b862cca:   84 00 00 00 00 00 48 83 7b 30 00 75 b0 48 8b 4d
0x00007fd31b862cda:   a8 48 89 c6 48 8b 79 28 e8 59 78 ff ff 48 8b 75
0x00007fd31b862cea:   a8 48 89 df 4d 89 e8 4c 89 f1 ba 01 00 00 00 e8
0x00007fd31b862cfa:   32 fa ff ff 48 8b 3b 48 83 7f 60 00 0f 85 7b ff
0x00007fd31b862d0a:   ff ff 48 83 7b 30 00 0f 85 70 ff ff ff 48 8b 43
0x00007fd31b862d1a:   68 48 83 78 10 00 74 30 67 e8 78 e3 fc ff 83 f8
0x00007fd31b862d2a:   03 7e 25 eb 31 90 48 8b 46 50 4c 89 e9 4c 89 f2
0x00007fd31b862d3a:   48 89 df 48 89 43 50 48 c7 46 50 00 00 00 00 c6
0x00007fd31b862d4a:   46 4b 00 e8 6e e8 ff ff 48 8b 73 50 48 85 f6 75
0x00007fd31b862d5a:   d5 e9 27 ff ff ff 48 8b 73 68 4c 89 e9 4c 89 f2 


Stack slot to memory mapping:
stack at sp + 0 slots: 0x00007fd2bc0d9040 points into unknown readable memory: 0x00007fd31c37d430 | 30 d4 37 1c d3 7f 00 00
stack at sp + 1 slots: 0x0000000000000010 is an unknown value
stack at sp + 2 slots: 0x00007fd2b80452e0 points into unknown readable memory: 0x0000000000000000 | 00 00 00 00 00 00 00 00
stack at sp + 3 slots: 0x00007fd2b8048c30 points into unknown readable memory: 0x00007fd2a811ec10 | 10 ec 11 a8 d2 7f 00 00
stack at sp + 4 slots: 0x00000000000083b0 is an unknown value
stack at sp + 5 slots: 0x00007fd2b804d2c8 points into unknown readable memory: 0x0000000000000025 | 25 00 00 00 00 00 00 00
stack at sp + 6 slots: 0x00007fd2b7cf9cf0 is pointing into the stack for thread: 0x00007fd2b80c6000
stack at sp + 7 slots: 0x00007fd2b7cf8e80 is pointing into the stack for thread: 0x00007fd2b80c6000


---------------  P R O C E S S  ---------------

Threads class SMR info:
_java_thread_list=0x00007fd2b80c7a00, length=11, elements={
0x00007fd314016800, 0x00007fd31425a000, 0x00007fd31425e000, 0x00007fd314273000,
0x00007fd314275000, 0x00007fd314277000, 0x00007fd314279000, 0x00007fd31427b800,
0x00007fd31434b800, 0x00007fd2bc072800, 0x00007fd2b80c6000
}

Java Threads: ( => current thread )
  0x00007fd314016800 JavaThread "main" [_thread_in_Java, id=2001195, stack(0x00007fd31ae35000,0x00007fd31af36000)]
  0x00007fd31425a000 JavaThread "Reference Handler" daemon [_thread_blocked, id=2001202, stack(0x00007fd2e49b0000,0x00007fd2e4ab1000)]
  0x00007fd31425e000 JavaThread "Finalizer" daemon [_thread_blocked, id=2001203, stack(0x00007fd2e48af000,0x00007fd2e49b0000)]
  0x00007fd314273000 JavaThread "Signal Dispatcher" daemon [_thread_blocked, id=2001204, stack(0x00007fd2e44c6000,0x00007fd2e45c7000)]
  0x00007fd314275000 JavaThread "Service Thread" daemon [_thread_blocked, id=2001205, stack(0x00007fd2e43c5000,0x00007fd2e44c6000)]
  0x00007fd314277000 JavaThread "C2 CompilerThread0" daemon [_thread_in_native, id=2001206, stack(0x00007fd2e42c4000,0x00007fd2e43c5000)]
  0x00007fd314279000 JavaThread "C1 CompilerThread0" daemon [_thread_blocked, id=2001207, stack(0x00007fd2e41c3000,0x00007fd2e42c4000)]
  0x00007fd31427b800 JavaThread "Sweeper thread" daemon [_thread_blocked, id=2001208, stack(0x00007fd2e40c2000,0x00007fd2e41c3000)]
  0x00007fd31434b800 JavaThread "Common-Cleaner" daemon [_thread_blocked, id=2001210, stack(0x00007fd2b7dfd000,0x00007fd2b7efe000)]
  0x00007fd2bc072800 JavaThread "C2 CompilerThread1" daemon [_thread_in_native, id=2001211, stack(0x00007fd2b7cfc000,0x00007fd2b7dfd000)]
=>0x00007fd2b80c6000 JavaThread "C2 CompilerThread2" daemon [_thread_in_native, id=2001212, stack(0x00007fd2b7bfb000,0x00007fd2b7cfc000)]

Other Threads:
  0x00007fd314252000 VMThread "VM Thread" [stack: 0x00007fd2e4ab3000,0x00007fd2e4bb3000] [id=2001201]
  0x00007fd31433a000 WatcherThread [stack: 0x00007fd2b7f00000,0x00007fd2b8000000] [id=2001209]
  0x00007fd31402e800 GCTaskThread "GC Thread#0" [stack: 0x00007fd31ab09000,0x00007fd31ac09000] [id=2001196]
  0x00007fd314069000 ConcurrentGCThread "G1 Main Marker" [stack: 0x00007fd318184000,0x00007fd318284000] [id=2001197]
  0x00007fd31406a800 ConcurrentGCThread "G1 Conc#0" [stack: 0x00007fd318082000,0x00007fd318182000] [id=2001198]
  0x00007fd3141ec800 ConcurrentGCThread "G1 Refine#0" [stack: 0x00007fd2e5593000,0x00007fd2e5693000] [id=2001199]
  0x00007fd3141ee000 ConcurrentGCThread "G1 Young RemSet Sampling" [stack: 0x00007fd2e5491000,0x00007fd2e5591000] [id=2001200]

Threads with active compile tasks:
C2 CompilerThread0    134  217       4       java.util.HashMap::putVal (300 bytes)
C2 CompilerThread1    134  232       4       coverage.CoverageEntry::<init> (51 bytes)
C2 CompilerThread2    134  237 %     4       kotlin.UnsignedKt::ulongCompare @ 166 (12 bytes)

VM state:not at safepoint (normal execution)

VM Mutex/Monitor currently owned by a thread: None

Heap address: 0x000000060c600000, size: 7994 MB, Compressed Oops mode: Zero based, Oop shift amount: 3
Narrow klass base: 0x0000000800000000, Narrow klass shift: 0
Compressed class space size: 1073741824 Address: 0x0000000800000000

Heap:
 garbage-first heap   total 512000K, used 12288K [0x000000060c600000, 0x0000000800000000)
  region size 2048K, 8 young (16384K), 0 survivors (0K)
 Metaspace       used 5181K, capacity 5296K, committed 5632K, reserved 1056768K
  class space    used 417K, capacity 464K, committed 512K, reserved 1048576K
Heap Regions: E=young(eden), S=young(survivor), O=old, HS=humongous(starts), HC=humongous(continues), CS=collection set, F=free, A=archive, TAMS=top-at-mark-start (previous, next)
|   0|0x000000060c600000, 0x000000060c600000, 0x000000060c800000|  0%| F|  |TAMS 0x000000060c600000, 0x000000060c600000| Untracked 
|   1|0x000000060c800000, 0x000000060c800000, 0x000000060ca00000|  0%| F|  |TAMS 0x000000060c800000, 0x000000060c800000| Untracked 
|   2|0x000000060ca00000, 0x000000060ca00000, 0x000000060cc00000|  0%| F|  |TAMS 0x000000060ca00000, 0x000000060ca00000| Untracked 
|   3|0x000000060cc00000, 0x000000060cc00000, 0x000000060ce00000|  0%| F|  |TAMS 0x000000060cc00000, 0x000000060cc00000| Untracked 
|   4|0x000000060ce00000, 0x000000060ce00000, 0x000000060d000000|  0%| F|  |TAMS 0x000000060ce00000, 0x000000060ce00000| Untracked 
|   5|0x000000060d000000, 0x000000060d000000, 0x000000060d200000|  0%| F|  |TAMS 0x000000060d000000, 0x000000060d000000| Untracked 
|   6|0x000000060d200000, 0x000000060d200000, 0x000000060d400000|  0%| F|  |TAMS 0x000000060d200000, 0x000000060d200000| Untracked 
|   7|0x000000060d400000, 0x000000060d400000, 0x000000060d600000|  0%| F|  |TAMS 0x000000060d400000, 0x000000060d400000| Untracked 
|   8|0x000000060d600000, 0x000000060d600000, 0x000000060d800000|  0%| F|  |TAMS 0x000000060d600000, 0x000000060d600000| Untracked 
|   9|0x000000060d800000, 0x000000060d800000, 0x000000060da00000|  0%| F|  |TAMS 0x000000060d800000, 0x000000060d800000| Untracked 
|  10|0x000000060da00000, 0x000000060da00000, 0x000000060dc00000|  0%| F|  |TAMS 0x000000060da00000, 0x000000060da00000| Untracked 
|  11|0x000000060dc00000, 0x000000060dc00000, 0x000000060de00000|  0%| F|  |TAMS 0x000000060dc00000, 0x000000060dc00000| Untracked 
|  12|0x000000060de00000, 0x000000060de00000, 0x000000060e000000|  0%| F|  |TAMS 0x000000060de00000, 0x000000060de00000| Untracked 
|  13|0x000000060e000000, 0x000000060e000000, 0x000000060e200000|  0%| F|  |TAMS 0x000000060e000000, 0x000000060e000000| Untracked 
|  14|0x000000060e200000, 0x000000060e200000, 0x000000060e400000|  0%| F|  |TAMS 0x000000060e200000, 0x000000060e200000| Untracked 
|  15|0x000000060e400000, 0x000000060e400000, 0x000000060e600000|  0%| F|  |TAMS 0x000000060e400000, 0x000000060e400000| Untracked 
|  16|0x000000060e600000, 0x000000060e600000, 0x000000060e800000|  0%| F|  |TAMS 0x000000060e600000, 0x000000060e600000| Untracked 
|  17|0x000000060e800000, 0x000000060e800000, 0x000000060ea00000|  0%| F|  |TAMS 0x000000060e800000, 0x000000060e800000| Untracked 
|  18|0x000000060ea00000, 0x000000060ea00000, 0x000000060ec00000|  0%| F|  |TAMS 0x000000060ea00000, 0x000000060ea00000| Untracked 
|  19|0x000000060ec00000, 0x000000060ec00000, 0x000000060ee00000|  0%| F|  |TAMS 0x000000060ec00000, 0x000000060ec00000| Untracked 
|  20|0x000000060ee00000, 0x000000060ee00000, 0x000000060f000000|  0%| F|  |TAMS 0x000000060ee00000, 0x000000060ee00000| Untracked 
|  21|0x000000060f000000, 0x000000060f000000, 0x000000060f200000|  0%| F|  |TAMS 0x000000060f000000, 0x000000060f000000| Untracked 
|  22|0x000000060f200000, 0x000000060f200000, 0x000000060f400000|  0%| F|  |TAMS 0x000000060f200000, 0x000000060f200000| Untracked 
|  23|0x000000060f400000, 0x000000060f400000, 0x000000060f600000|  0%| F|  |TAMS 0x000000060f400000, 0x000000060f400000| Untracked 
|  24|0x000000060f600000, 0x000000060f600000, 0x000000060f800000|  0%| F|  |TAMS 0x000000060f600000, 0x000000060f600000| Untracked 
|  25|0x000000060f800000, 0x000000060f800000, 0x000000060fa00000|  0%| F|  |TAMS 0x000000060f800000, 0x000000060f800000| Untracked 
|  26|0x000000060fa00000, 0x000000060fa00000, 0x000000060fc00000|  0%| F|  |TAMS 0x000000060fa00000, 0x000000060fa00000| Untracked 
|  27|0x000000060fc00000, 0x000000060fc00000, 0x000000060fe00000|  0%| F|  |TAMS 0x000000060fc00000, 0x000000060fc00000| Untracked 
|  28|0x000000060fe00000, 0x000000060fe00000, 0x0000000610000000|  0%| F|  |TAMS 0x000000060fe00000, 0x000000060fe00000| Untracked 
|  29|0x0000000610000000, 0x0000000610000000, 0x0000000610200000|  0%| F|  |TAMS 0x0000000610000000, 0x0000000610000000| Untracked 
|  30|0x0000000610200000, 0x0000000610200000, 0x0000000610400000|  0%| F|  |TAMS 0x0000000610200000, 0x0000000610200000| Untracked 
|  31|0x0000000610400000, 0x0000000610400000, 0x0000000610600000|  0%| F|  |TAMS 0x0000000610400000, 0x0000000610400000| Untracked 
|  32|0x0000000610600000, 0x0000000610600000, 0x0000000610800000|  0%| F|  |TAMS 0x0000000610600000, 0x0000000610600000| Untracked 
|  33|0x0000000610800000, 0x0000000610800000, 0x0000000610a00000|  0%| F|  |TAMS 0x0000000610800000, 0x0000000610800000| Untracked 
|  34|0x0000000610a00000, 0x0000000610a00000, 0x0000000610c00000|  0%| F|  |TAMS 0x0000000610a00000, 0x0000000610a00000| Untracked 
|  35|0x0000000610c00000, 0x0000000610c00000, 0x0000000610e00000|  0%| F|  |TAMS 0x0000000610c00000, 0x0000000610c00000| Untracked 
|  36|0x0000000610e00000, 0x0000000610e00000, 0x0000000611000000|  0%| F|  |TAMS 0x0000000610e00000, 0x0000000610e00000| Untracked 
|  37|0x0000000611000000, 0x0000000611000000, 0x0000000611200000|  0%| F|  |TAMS 0x0000000611000000, 0x0000000611000000| Untracked 
|  38|0x0000000611200000, 0x0000000611200000, 0x0000000611400000|  0%| F|  |TAMS 0x0000000611200000, 0x0000000611200000| Untracked 
|  39|0x0000000611400000, 0x0000000611400000, 0x0000000611600000|  0%| F|  |TAMS 0x0000000611400000, 0x0000000611400000| Untracked 
|  40|0x0000000611600000, 0x0000000611600000, 0x0000000611800000|  0%| F|  |TAMS 0x0000000611600000, 0x0000000611600000| Untracked 
|  41|0x0000000611800000, 0x0000000611800000, 0x0000000611a00000|  0%| F|  |TAMS 0x0000000611800000, 0x0000000611800000| Untracked 
|  42|0x0000000611a00000, 0x0000000611a00000, 0x0000000611c00000|  0%| F|  |TAMS 0x0000000611a00000, 0x0000000611a00000| Untracked 
|  43|0x0000000611c00000, 0x0000000611c00000, 0x0000000611e00000|  0%| F|  |TAMS 0x0000000611c00000, 0x0000000611c00000| Untracked 
|  44|0x0000000611e00000, 0x0000000611e00000, 0x0000000612000000|  0%| F|  |TAMS 0x0000000611e00000, 0x0000000611e00000| Untracked 
|  45|0x0000000612000000, 0x0000000612000000, 0x0000000612200000|  0%| F|  |TAMS 0x0000000612000000, 0x0000000612000000| Untracked 
|  46|0x0000000612200000, 0x0000000612200000, 0x0000000612400000|  0%| F|  |TAMS 0x0000000612200000, 0x0000000612200000| Untracked 
|  47|0x0000000612400000, 0x0000000612400000, 0x0000000612600000|  0%| F|  |TAMS 0x0000000612400000, 0x0000000612400000| Untracked 
|  48|0x0000000612600000, 0x0000000612600000, 0x0000000612800000|  0%| F|  |TAMS 0x0000000612600000, 0x0000000612600000| Untracked 
|  49|0x0000000612800000, 0x0000000612800000, 0x0000000612a00000|  0%| F|  |TAMS 0x0000000612800000, 0x0000000612800000| Untracked 
|  50|0x0000000612a00000, 0x0000000612a00000, 0x0000000612c00000|  0%| F|  |TAMS 0x0000000612a00000, 0x0000000612a00000| Untracked 
|  51|0x0000000612c00000, 0x0000000612c00000, 0x0000000612e00000|  0%| F|  |TAMS 0x0000000612c00000, 0x0000000612c00000| Untracked 
|  52|0x0000000612e00000, 0x0000000612e00000, 0x0000000613000000|  0%| F|  |TAMS 0x0000000612e00000, 0x0000000612e00000| Untracked 
|  53|0x0000000613000000, 0x0000000613000000, 0x0000000613200000|  0%| F|  |TAMS 0x0000000613000000, 0x0000000613000000| Untracked 
|  54|0x0000000613200000, 0x0000000613200000, 0x0000000613400000|  0%| F|  |TAMS 0x0000000613200000, 0x0000000613200000| Untracked 
|  55|0x0000000613400000, 0x0000000613400000, 0x0000000613600000|  0%| F|  |TAMS 0x0000000613400000, 0x0000000613400000| Untracked 
|  56|0x0000000613600000, 0x0000000613600000, 0x0000000613800000|  0%| F|  |TAMS 0x0000000613600000, 0x0000000613600000| Untracked 
|  57|0x0000000613800000, 0x0000000613800000, 0x0000000613a00000|  0%| F|  |TAMS 0x0000000613800000, 0x0000000613800000| Untracked 
|  58|0x0000000613a00000, 0x0000000613a00000, 0x0000000613c00000|  0%| F|  |TAMS 0x0000000613a00000, 0x0000000613a00000| Untracked 
|  59|0x0000000613c00000, 0x0000000613c00000, 0x0000000613e00000|  0%| F|  |TAMS 0x0000000613c00000, 0x0000000613c00000| Untracked 
|  60|0x0000000613e00000, 0x0000000613e00000, 0x0000000614000000|  0%| F|  |TAMS 0x0000000613e00000, 0x0000000613e00000| Untracked 
|  61|0x0000000614000000, 0x0000000614000000, 0x0000000614200000|  0%| F|  |TAMS 0x0000000614000000, 0x0000000614000000| Untracked 
|  62|0x0000000614200000, 0x0000000614200000, 0x0000000614400000|  0%| F|  |TAMS 0x0000000614200000, 0x0000000614200000| Untracked 
|  63|0x0000000614400000, 0x0000000614400000, 0x0000000614600000|  0%| F|  |TAMS 0x0000000614400000, 0x0000000614400000| Untracked 
|  64|0x0000000614600000, 0x0000000614600000, 0x0000000614800000|  0%| F|  |TAMS 0x0000000614600000, 0x0000000614600000| Untracked 
|  65|0x0000000614800000, 0x0000000614800000, 0x0000000614a00000|  0%| F|  |TAMS 0x0000000614800000, 0x0000000614800000| Untracked 
|  66|0x0000000614a00000, 0x0000000614a00000, 0x0000000614c00000|  0%| F|  |TAMS 0x0000000614a00000, 0x0000000614a00000| Untracked 
|  67|0x0000000614c00000, 0x0000000614c00000, 0x0000000614e00000|  0%| F|  |TAMS 0x0000000614c00000, 0x0000000614c00000| Untracked 
|  68|0x0000000614e00000, 0x0000000614e00000, 0x0000000615000000|  0%| F|  |TAMS 0x0000000614e00000, 0x0000000614e00000| Untracked 
|  69|0x0000000615000000, 0x0000000615000000, 0x0000000615200000|  0%| F|  |TAMS 0x0000000615000000, 0x0000000615000000| Untracked 
|  70|0x0000000615200000, 0x0000000615200000, 0x0000000615400000|  0%| F|  |TAMS 0x0000000615200000, 0x0000000615200000| Untracked 
|  71|0x0000000615400000, 0x0000000615400000, 0x0000000615600000|  0%| F|  |TAMS 0x0000000615400000, 0x0000000615400000| Untracked 
|  72|0x0000000615600000, 0x0000000615600000, 0x0000000615800000|  0%| F|  |TAMS 0x0000000615600000, 0x0000000615600000| Untracked 
|  73|0x0000000615800000, 0x0000000615800000, 0x0000000615a00000|  0%| F|  |TAMS 0x0000000615800000, 0x0000000615800000| Untracked 
|  74|0x0000000615a00000, 0x0000000615a00000, 0x0000000615c00000|  0%| F|  |TAMS 0x0000000615a00000, 0x0000000615a00000| Untracked 
|  75|0x0000000615c00000, 0x0000000615c00000, 0x0000000615e00000|  0%| F|  |TAMS 0x0000000615c00000, 0x0000000615c00000| Untracked 
|  76|0x0000000615e00000, 0x0000000615e00000, 0x0000000616000000|  0%| F|  |TAMS 0x0000000615e00000, 0x0000000615e00000| Untracked 
|  77|0x0000000616000000, 0x0000000616000000, 0x0000000616200000|  0%| F|  |TAMS 0x0000000616000000, 0x0000000616000000| Untracked 
|  78|0x0000000616200000, 0x0000000616200000, 0x0000000616400000|  0%| F|  |TAMS 0x0000000616200000, 0x0000000616200000| Untracked 
|  79|0x0000000616400000, 0x0000000616400000, 0x0000000616600000|  0%| F|  |TAMS 0x0000000616400000, 0x0000000616400000| Untracked 
|  80|0x0000000616600000, 0x0000000616600000, 0x0000000616800000|  0%| F|  |TAMS 0x0000000616600000, 0x0000000616600000| Untracked 
|  81|0x0000000616800000, 0x0000000616800000, 0x0000000616a00000|  0%| F|  |TAMS 0x0000000616800000, 0x0000000616800000| Untracked 
|  82|0x0000000616a00000, 0x0000000616a00000, 0x0000000616c00000|  0%| F|  |TAMS 0x0000000616a00000, 0x0000000616a00000| Untracked 
|  83|0x0000000616c00000, 0x0000000616c00000, 0x0000000616e00000|  0%| F|  |TAMS 0x0000000616c00000, 0x0000000616c00000| Untracked 
|  84|0x0000000616e00000, 0x0000000616e00000, 0x0000000617000000|  0%| F|  |TAMS 0x0000000616e00000, 0x0000000616e00000| Untracked 
|  85|0x0000000617000000, 0x0000000617000000, 0x0000000617200000|  0%| F|  |TAMS 0x0000000617000000, 0x0000000617000000| Untracked 
|  86|0x0000000617200000, 0x0000000617200000, 0x0000000617400000|  0%| F|  |TAMS 0x0000000617200000, 0x0000000617200000| Untracked 
|  87|0x0000000617400000, 0x0000000617400000, 0x0000000617600000|  0%| F|  |TAMS 0x0000000617400000, 0x0000000617400000| Untracked 
|  88|0x0000000617600000, 0x0000000617600000, 0x0000000617800000|  0%| F|  |TAMS 0x0000000617600000, 0x0000000617600000| Untracked 
|  89|0x0000000617800000, 0x0000000617800000, 0x0000000617a00000|  0%| F|  |TAMS 0x0000000617800000, 0x0000000617800000| Untracked 
|  90|0x0000000617a00000, 0x0000000617a00000, 0x0000000617c00000|  0%| F|  |TAMS 0x0000000617a00000, 0x0000000617a00000| Untracked 
|  91|0x0000000617c00000, 0x0000000617c00000, 0x0000000617e00000|  0%| F|  |TAMS 0x0000000617c00000, 0x0000000617c00000| Untracked 
|  92|0x0000000617e00000, 0x0000000617e00000, 0x0000000618000000|  0%| F|  |TAMS 0x0000000617e00000, 0x0000000617e00000| Untracked 
|  93|0x0000000618000000, 0x0000000618000000, 0x0000000618200000|  0%| F|  |TAMS 0x0000000618000000, 0x0000000618000000| Untracked 
|  94|0x0000000618200000, 0x0000000618200000, 0x0000000618400000|  0%| F|  |TAMS 0x0000000618200000, 0x0000000618200000| Untracked 
|  95|0x0000000618400000, 0x0000000618400000, 0x0000000618600000|  0%| F|  |TAMS 0x0000000618400000, 0x0000000618400000| Untracked 
|  96|0x0000000618600000, 0x0000000618600000, 0x0000000618800000|  0%| F|  |TAMS 0x0000000618600000, 0x0000000618600000| Untracked 
|  97|0x0000000618800000, 0x0000000618800000, 0x0000000618a00000|  0%| F|  |TAMS 0x0000000618800000, 0x0000000618800000| Untracked 
|  98|0x0000000618a00000, 0x0000000618a00000, 0x0000000618c00000|  0%| F|  |TAMS 0x0000000618a00000, 0x0000000618a00000| Untracked 
|  99|0x0000000618c00000, 0x0000000618c00000, 0x0000000618e00000|  0%| F|  |TAMS 0x0000000618c00000, 0x0000000618c00000| Untracked 
| 100|0x0000000618e00000, 0x0000000618e00000, 0x0000000619000000|  0%| F|  |TAMS 0x0000000618e00000, 0x0000000618e00000| Untracked 
| 101|0x0000000619000000, 0x0000000619000000, 0x0000000619200000|  0%| F|  |TAMS 0x0000000619000000, 0x0000000619000000| Untracked 
| 102|0x0000000619200000, 0x0000000619200000, 0x0000000619400000|  0%| F|  |TAMS 0x0000000619200000, 0x0000000619200000| Untracked 
| 103|0x0000000619400000, 0x0000000619400000, 0x0000000619600000|  0%| F|  |TAMS 0x0000000619400000, 0x0000000619400000| Untracked 
| 104|0x0000000619600000, 0x0000000619600000, 0x0000000619800000|  0%| F|  |TAMS 0x0000000619600000, 0x0000000619600000| Untracked 
| 105|0x0000000619800000, 0x0000000619800000, 0x0000000619a00000|  0%| F|  |TAMS 0x0000000619800000, 0x0000000619800000| Untracked 
| 106|0x0000000619a00000, 0x0000000619a00000, 0x0000000619c00000|  0%| F|  |TAMS 0x0000000619a00000, 0x0000000619a00000| Untracked 
| 107|0x0000000619c00000, 0x0000000619c00000, 0x0000000619e00000|  0%| F|  |TAMS 0x0000000619c00000, 0x0000000619c00000| Untracked 
| 108|0x0000000619e00000, 0x0000000619e00000, 0x000000061a000000|  0%| F|  |TAMS 0x0000000619e00000, 0x0000000619e00000| Untracked 
| 109|0x000000061a000000, 0x000000061a000000, 0x000000061a200000|  0%| F|  |TAMS 0x000000061a000000, 0x000000061a000000| Untracked 
| 110|0x000000061a200000, 0x000000061a200000, 0x000000061a400000|  0%| F|  |TAMS 0x000000061a200000, 0x000000061a200000| Untracked 
| 111|0x000000061a400000, 0x000000061a400000, 0x000000061a600000|  0%| F|  |TAMS 0x000000061a400000, 0x000000061a400000| Untracked 
| 112|0x000000061a600000, 0x000000061a600000, 0x000000061a800000|  0%| F|  |TAMS 0x000000061a600000, 0x000000061a600000| Untracked 
| 113|0x000000061a800000, 0x000000061a800000, 0x000000061aa00000|  0%| F|  |TAMS 0x000000061a800000, 0x000000061a800000| Untracked 
| 114|0x000000061aa00000, 0x000000061aa00000, 0x000000061ac00000|  0%| F|  |TAMS 0x000000061aa00000, 0x000000061aa00000| Untracked 
| 115|0x000000061ac00000, 0x000000061ac00000, 0x000000061ae00000|  0%| F|  |TAMS 0x000000061ac00000, 0x000000061ac00000| Untracked 
| 116|0x000000061ae00000, 0x000000061ae00000, 0x000000061b000000|  0%| F|  |TAMS 0x000000061ae00000, 0x000000061ae00000| Untracked 
| 117|0x000000061b000000, 0x000000061b000000, 0x000000061b200000|  0%| F|  |TAMS 0x000000061b000000, 0x000000061b000000| Untracked 
| 118|0x000000061b200000, 0x000000061b200000, 0x000000061b400000|  0%| F|  |TAMS 0x000000061b200000, 0x000000061b200000| Untracked 
| 119|0x000000061b400000, 0x000000061b400000, 0x000000061b600000|  0%| F|  |TAMS 0x000000061b400000, 0x000000061b400000| Untracked 
| 120|0x000000061b600000, 0x000000061b600000, 0x000000061b800000|  0%| F|  |TAMS 0x000000061b600000, 0x000000061b600000| Untracked 
| 121|0x000000061b800000, 0x000000061b800000, 0x000000061ba00000|  0%| F|  |TAMS 0x000000061b800000, 0x000000061b800000| Untracked 
| 122|0x000000061ba00000, 0x000000061ba00000, 0x000000061bc00000|  0%| F|  |TAMS 0x000000061ba00000, 0x000000061ba00000| Untracked 
| 123|0x000000061bc00000, 0x000000061bc00000, 0x000000061be00000|  0%| F|  |TAMS 0x000000061bc00000, 0x000000061bc00000| Untracked 
| 124|0x000000061be00000, 0x000000061be00000, 0x000000061c000000|  0%| F|  |TAMS 0x000000061be00000, 0x000000061be00000| Untracked 
| 125|0x000000061c000000, 0x000000061c000000, 0x000000061c200000|  0%| F|  |TAMS 0x000000061c000000, 0x000000061c000000| Untracked 
| 126|0x000000061c200000, 0x000000061c200000, 0x000000061c400000|  0%| F|  |TAMS 0x000000061c200000, 0x000000061c200000| Untracked 
| 127|0x000000061c400000, 0x000000061c400000, 0x000000061c600000|  0%| F|  |TAMS 0x000000061c400000, 0x000000061c400000| Untracked 
| 128|0x000000061c600000, 0x000000061c600000, 0x000000061c800000|  0%| F|  |TAMS 0x000000061c600000, 0x000000061c600000| Untracked 
| 129|0x000000061c800000, 0x000000061c800000, 0x000000061ca00000|  0%| F|  |TAMS 0x000000061c800000, 0x000000061c800000| Untracked 
| 130|0x000000061ca00000, 0x000000061ca00000, 0x000000061cc00000|  0%| F|  |TAMS 0x000000061ca00000, 0x000000061ca00000| Untracked 
| 131|0x000000061cc00000, 0x000000061cc00000, 0x000000061ce00000|  0%| F|  |TAMS 0x000000061cc00000, 0x000000061cc00000| Untracked 
| 132|0x000000061ce00000, 0x000000061ce00000, 0x000000061d000000|  0%| F|  |TAMS 0x000000061ce00000, 0x000000061ce00000| Untracked 
| 133|0x000000061d000000, 0x000000061d000000, 0x000000061d200000|  0%| F|  |TAMS 0x000000061d000000, 0x000000061d000000| Untracked 
| 134|0x000000061d200000, 0x000000061d200000, 0x000000061d400000|  0%| F|  |TAMS 0x000000061d200000, 0x000000061d200000| Untracked 
| 135|0x000000061d400000, 0x000000061d400000, 0x000000061d600000|  0%| F|  |TAMS 0x000000061d400000, 0x000000061d400000| Untracked 
| 136|0x000000061d600000, 0x000000061d600000, 0x000000061d800000|  0%| F|  |TAMS 0x000000061d600000, 0x000000061d600000| Untracked 
| 137|0x000000061d800000, 0x000000061d800000, 0x000000061da00000|  0%| F|  |TAMS 0x000000061d800000, 0x000000061d800000| Untracked 
| 138|0x000000061da00000, 0x000000061da00000, 0x000000061dc00000|  0%| F|  |TAMS 0x000000061da00000, 0x000000061da00000| Untracked 
| 139|0x000000061dc00000, 0x000000061dc00000, 0x000000061de00000|  0%| F|  |TAMS 0x000000061dc00000, 0x000000061dc00000| Untracked 
| 140|0x000000061de00000, 0x000000061de00000, 0x000000061e000000|  0%| F|  |TAMS 0x000000061de00000, 0x000000061de00000| Untracked 
| 141|0x000000061e000000, 0x000000061e000000, 0x000000061e200000|  0%| F|  |TAMS 0x000000061e000000, 0x000000061e000000| Untracked 
| 142|0x000000061e200000, 0x000000061e200000, 0x000000061e400000|  0%| F|  |TAMS 0x000000061e200000, 0x000000061e200000| Untracked 
| 143|0x000000061e400000, 0x000000061e400000, 0x000000061e600000|  0%| F|  |TAMS 0x000000061e400000, 0x000000061e400000| Untracked 
| 144|0x000000061e600000, 0x000000061e600000, 0x000000061e800000|  0%| F|  |TAMS 0x000000061e600000, 0x000000061e600000| Untracked 
| 145|0x000000061e800000, 0x000000061e800000, 0x000000061ea00000|  0%| F|  |TAMS 0x000000061e800000, 0x000000061e800000| Untracked 
| 146|0x000000061ea00000, 0x000000061ea00000, 0x000000061ec00000|  0%| F|  |TAMS 0x000000061ea00000, 0x000000061ea00000| Untracked 
| 147|0x000000061ec00000, 0x000000061ec00000, 0x000000061ee00000|  0%| F|  |TAMS 0x000000061ec00000, 0x000000061ec00000| Untracked 
| 148|0x000000061ee00000, 0x000000061ee00000, 0x000000061f000000|  0%| F|  |TAMS 0x000000061ee00000, 0x000000061ee00000| Untracked 
| 149|0x000000061f000000, 0x000000061f000000, 0x000000061f200000|  0%| F|  |TAMS 0x000000061f000000, 0x000000061f000000| Untracked 
| 150|0x000000061f200000, 0x000000061f200000, 0x000000061f400000|  0%| F|  |TAMS 0x000000061f200000, 0x000000061f200000| Untracked 
| 151|0x000000061f400000, 0x000000061f400000, 0x000000061f600000|  0%| F|  |TAMS 0x000000061f400000, 0x000000061f400000| Untracked 
| 152|0x000000061f600000, 0x000000061f600000, 0x000000061f800000|  0%| F|  |TAMS 0x000000061f600000, 0x000000061f600000| Untracked 
| 153|0x000000061f800000, 0x000000061f800000, 0x000000061fa00000|  0%| F|  |TAMS 0x000000061f800000, 0x000000061f800000| Untracked 
| 154|0x000000061fa00000, 0x000000061fa00000, 0x000000061fc00000|  0%| F|  |TAMS 0x000000061fa00000, 0x000000061fa00000| Untracked 
| 155|0x000000061fc00000, 0x000000061fc00000, 0x000000061fe00000|  0%| F|  |TAMS 0x000000061fc00000, 0x000000061fc00000| Untracked 
| 156|0x000000061fe00000, 0x000000061fe00000, 0x0000000620000000|  0%| F|  |TAMS 0x000000061fe00000, 0x000000061fe00000| Untracked 
| 157|0x0000000620000000, 0x0000000620000000, 0x0000000620200000|  0%| F|  |TAMS 0x0000000620000000, 0x0000000620000000| Untracked 
| 158|0x0000000620200000, 0x0000000620200000, 0x0000000620400000|  0%| F|  |TAMS 0x0000000620200000, 0x0000000620200000| Untracked 
| 159|0x0000000620400000, 0x0000000620400000, 0x0000000620600000|  0%| F|  |TAMS 0x0000000620400000, 0x0000000620400000| Untracked 
| 160|0x0000000620600000, 0x0000000620600000, 0x0000000620800000|  0%| F|  |TAMS 0x0000000620600000, 0x0000000620600000| Untracked 
| 161|0x0000000620800000, 0x0000000620800000, 0x0000000620a00000|  0%| F|  |TAMS 0x0000000620800000, 0x0000000620800000| Untracked 
| 162|0x0000000620a00000, 0x0000000620a00000, 0x0000000620c00000|  0%| F|  |TAMS 0x0000000620a00000, 0x0000000620a00000| Untracked 
| 163|0x0000000620c00000, 0x0000000620c00000, 0x0000000620e00000|  0%| F|  |TAMS 0x0000000620c00000, 0x0000000620c00000| Untracked 
| 164|0x0000000620e00000, 0x0000000620e00000, 0x0000000621000000|  0%| F|  |TAMS 0x0000000620e00000, 0x0000000620e00000| Untracked 
| 165|0x0000000621000000, 0x0000000621000000, 0x0000000621200000|  0%| F|  |TAMS 0x0000000621000000, 0x0000000621000000| Untracked 
| 166|0x0000000621200000, 0x0000000621200000, 0x0000000621400000|  0%| F|  |TAMS 0x0000000621200000, 0x0000000621200000| Untracked 
| 167|0x0000000621400000, 0x0000000621400000, 0x0000000621600000|  0%| F|  |TAMS 0x0000000621400000, 0x0000000621400000| Untracked 
| 168|0x0000000621600000, 0x0000000621600000, 0x0000000621800000|  0%| F|  |TAMS 0x0000000621600000, 0x0000000621600000| Untracked 
| 169|0x0000000621800000, 0x0000000621800000, 0x0000000621a00000|  0%| F|  |TAMS 0x0000000621800000, 0x0000000621800000| Untracked 
| 170|0x0000000621a00000, 0x0000000621a00000, 0x0000000621c00000|  0%| F|  |TAMS 0x0000000621a00000, 0x0000000621a00000| Untracked 
| 171|0x0000000621c00000, 0x0000000621c00000, 0x0000000621e00000|  0%| F|  |TAMS 0x0000000621c00000, 0x0000000621c00000| Untracked 
| 172|0x0000000621e00000, 0x0000000621e00000, 0x0000000622000000|  0%| F|  |TAMS 0x0000000621e00000, 0x0000000621e00000| Untracked 
| 173|0x0000000622000000, 0x0000000622000000, 0x0000000622200000|  0%| F|  |TAMS 0x0000000622000000, 0x0000000622000000| Untracked 
| 174|0x0000000622200000, 0x0000000622200000, 0x0000000622400000|  0%| F|  |TAMS 0x0000000622200000, 0x0000000622200000| Untracked 
| 175|0x0000000622400000, 0x0000000622400000, 0x0000000622600000|  0%| F|  |TAMS 0x0000000622400000, 0x0000000622400000| Untracked 
| 176|0x0000000622600000, 0x0000000622600000, 0x0000000622800000|  0%| F|  |TAMS 0x0000000622600000, 0x0000000622600000| Untracked 
| 177|0x0000000622800000, 0x0000000622800000, 0x0000000622a00000|  0%| F|  |TAMS 0x0000000622800000, 0x0000000622800000| Untracked 
| 178|0x0000000622a00000, 0x0000000622a00000, 0x0000000622c00000|  0%| F|  |TAMS 0x0000000622a00000, 0x0000000622a00000| Untracked 
| 179|0x0000000622c00000, 0x0000000622c00000, 0x0000000622e00000|  0%| F|  |TAMS 0x0000000622c00000, 0x0000000622c00000| Untracked 
| 180|0x0000000622e00000, 0x0000000622e00000, 0x0000000623000000|  0%| F|  |TAMS 0x0000000622e00000, 0x0000000622e00000| Untracked 
| 181|0x0000000623000000, 0x0000000623000000, 0x0000000623200000|  0%| F|  |TAMS 0x0000000623000000, 0x0000000623000000| Untracked 
| 182|0x0000000623200000, 0x0000000623200000, 0x0000000623400000|  0%| F|  |TAMS 0x0000000623200000, 0x0000000623200000| Untracked 
| 183|0x0000000623400000, 0x0000000623400000, 0x0000000623600000|  0%| F|  |TAMS 0x0000000623400000, 0x0000000623400000| Untracked 
| 184|0x0000000623600000, 0x0000000623600000, 0x0000000623800000|  0%| F|  |TAMS 0x0000000623600000, 0x0000000623600000| Untracked 
| 185|0x0000000623800000, 0x0000000623800000, 0x0000000623a00000|  0%| F|  |TAMS 0x0000000623800000, 0x0000000623800000| Untracked 
| 186|0x0000000623a00000, 0x0000000623a00000, 0x0000000623c00000|  0%| F|  |TAMS 0x0000000623a00000, 0x0000000623a00000| Untracked 
| 187|0x0000000623c00000, 0x0000000623c00000, 0x0000000623e00000|  0%| F|  |TAMS 0x0000000623c00000, 0x0000000623c00000| Untracked 
| 188|0x0000000623e00000, 0x0000000623e00000, 0x0000000624000000|  0%| F|  |TAMS 0x0000000623e00000, 0x0000000623e00000| Untracked 
| 189|0x0000000624000000, 0x0000000624000000, 0x0000000624200000|  0%| F|  |TAMS 0x0000000624000000, 0x0000000624000000| Untracked 
| 190|0x0000000624200000, 0x0000000624200000, 0x0000000624400000|  0%| F|  |TAMS 0x0000000624200000, 0x0000000624200000| Untracked 
| 191|0x0000000624400000, 0x0000000624400000, 0x0000000624600000|  0%| F|  |TAMS 0x0000000624400000, 0x0000000624400000| Untracked 
| 192|0x0000000624600000, 0x0000000624600000, 0x0000000624800000|  0%| F|  |TAMS 0x0000000624600000, 0x0000000624600000| Untracked 
| 193|0x0000000624800000, 0x0000000624800000, 0x0000000624a00000|  0%| F|  |TAMS 0x0000000624800000, 0x0000000624800000| Untracked 
| 194|0x0000000624a00000, 0x0000000624a00000, 0x0000000624c00000|  0%| F|  |TAMS 0x0000000624a00000, 0x0000000624a00000| Untracked 
| 195|0x0000000624c00000, 0x0000000624c00000, 0x0000000624e00000|  0%| F|  |TAMS 0x0000000624c00000, 0x0000000624c00000| Untracked 
| 196|0x0000000624e00000, 0x0000000624e00000, 0x0000000625000000|  0%| F|  |TAMS 0x0000000624e00000, 0x0000000624e00000| Untracked 
| 197|0x0000000625000000, 0x0000000625000000, 0x0000000625200000|  0%| F|  |TAMS 0x0000000625000000, 0x0000000625000000| Untracked 
| 198|0x0000000625200000, 0x0000000625200000, 0x0000000625400000|  0%| F|  |TAMS 0x0000000625200000, 0x0000000625200000| Untracked 
| 199|0x0000000625400000, 0x0000000625400000, 0x0000000625600000|  0%| F|  |TAMS 0x0000000625400000, 0x0000000625400000| Untracked 
| 200|0x0000000625600000, 0x0000000625600000, 0x0000000625800000|  0%| F|  |TAMS 0x0000000625600000, 0x0000000625600000| Untracked 
| 201|0x0000000625800000, 0x0000000625800000, 0x0000000625a00000|  0%| F|  |TAMS 0x0000000625800000, 0x0000000625800000| Untracked 
| 202|0x0000000625a00000, 0x0000000625a00000, 0x0000000625c00000|  0%| F|  |TAMS 0x0000000625a00000, 0x0000000625a00000| Untracked 
| 203|0x0000000625c00000, 0x0000000625c00000, 0x0000000625e00000|  0%| F|  |TAMS 0x0000000625c00000, 0x0000000625c00000| Untracked 
| 204|0x0000000625e00000, 0x0000000625e00000, 0x0000000626000000|  0%| F|  |TAMS 0x0000000625e00000, 0x0000000625e00000| Untracked 
| 205|0x0000000626000000, 0x0000000626000000, 0x0000000626200000|  0%| F|  |TAMS 0x0000000626000000, 0x0000000626000000| Untracked 
| 206|0x0000000626200000, 0x0000000626200000, 0x0000000626400000|  0%| F|  |TAMS 0x0000000626200000, 0x0000000626200000| Untracked 
| 207|0x0000000626400000, 0x0000000626400000, 0x0000000626600000|  0%| F|  |TAMS 0x0000000626400000, 0x0000000626400000| Untracked 
| 208|0x0000000626600000, 0x0000000626600000, 0x0000000626800000|  0%| F|  |TAMS 0x0000000626600000, 0x0000000626600000| Untracked 
| 209|0x0000000626800000, 0x0000000626800000, 0x0000000626a00000|  0%| F|  |TAMS 0x0000000626800000, 0x0000000626800000| Untracked 
| 210|0x0000000626a00000, 0x0000000626a00000, 0x0000000626c00000|  0%| F|  |TAMS 0x0000000626a00000, 0x0000000626a00000| Untracked 
| 211|0x0000000626c00000, 0x0000000626c00000, 0x0000000626e00000|  0%| F|  |TAMS 0x0000000626c00000, 0x0000000626c00000| Untracked 
| 212|0x0000000626e00000, 0x0000000626e00000, 0x0000000627000000|  0%| F|  |TAMS 0x0000000626e00000, 0x0000000626e00000| Untracked 
| 213|0x0000000627000000, 0x0000000627000000, 0x0000000627200000|  0%| F|  |TAMS 0x0000000627000000, 0x0000000627000000| Untracked 
| 214|0x0000000627200000, 0x0000000627200000, 0x0000000627400000|  0%| F|  |TAMS 0x0000000627200000, 0x0000000627200000| Untracked 
| 215|0x0000000627400000, 0x0000000627400000, 0x0000000627600000|  0%| F|  |TAMS 0x0000000627400000, 0x0000000627400000| Untracked 
| 216|0x0000000627600000, 0x0000000627600000, 0x0000000627800000|  0%| F|  |TAMS 0x0000000627600000, 0x0000000627600000| Untracked 
| 217|0x0000000627800000, 0x0000000627800000, 0x0000000627a00000|  0%| F|  |TAMS 0x0000000627800000, 0x0000000627800000| Untracked 
| 218|0x0000000627a00000, 0x0000000627a00000, 0x0000000627c00000|  0%| F|  |TAMS 0x0000000627a00000, 0x0000000627a00000| Untracked 
| 219|0x0000000627c00000, 0x0000000627c00000, 0x0000000627e00000|  0%| F|  |TAMS 0x0000000627c00000, 0x0000000627c00000| Untracked 
| 220|0x0000000627e00000, 0x0000000627e00000, 0x0000000628000000|  0%| F|  |TAMS 0x0000000627e00000, 0x0000000627e00000| Untracked 
| 221|0x0000000628000000, 0x0000000628000000, 0x0000000628200000|  0%| F|  |TAMS 0x0000000628000000, 0x0000000628000000| Untracked 
| 222|0x0000000628200000, 0x0000000628200000, 0x0000000628400000|  0%| F|  |TAMS 0x0000000628200000, 0x0000000628200000| Untracked 
| 223|0x0000000628400000, 0x0000000628400000, 0x0000000628600000|  0%| F|  |TAMS 0x0000000628400000, 0x0000000628400000| Untracked 
| 224|0x0000000628600000, 0x0000000628600000, 0x0000000628800000|  0%| F|  |TAMS 0x0000000628600000, 0x0000000628600000| Untracked 
| 225|0x0000000628800000, 0x0000000628800000, 0x0000000628a00000|  0%| F|  |TAMS 0x0000000628800000, 0x0000000628800000| Untracked 
| 226|0x0000000628a00000, 0x0000000628a00000, 0x0000000628c00000|  0%| F|  |TAMS 0x0000000628a00000, 0x0000000628a00000| Untracked 
| 227|0x0000000628c00000, 0x0000000628c00000, 0x0000000628e00000|  0%| F|  |TAMS 0x0000000628c00000, 0x0000000628c00000| Untracked 
| 228|0x0000000628e00000, 0x0000000628e00000, 0x0000000629000000|  0%| F|  |TAMS 0x0000000628e00000, 0x0000000628e00000| Untracked 
| 229|0x0000000629000000, 0x0000000629000000, 0x0000000629200000|  0%| F|  |TAMS 0x0000000629000000, 0x0000000629000000| Untracked 
| 230|0x0000000629200000, 0x0000000629200000, 0x0000000629400000|  0%| F|  |TAMS 0x0000000629200000, 0x0000000629200000| Untracked 
| 231|0x0000000629400000, 0x0000000629400000, 0x0000000629600000|  0%| F|  |TAMS 0x0000000629400000, 0x0000000629400000| Untracked 
| 232|0x0000000629600000, 0x0000000629600000, 0x0000000629800000|  0%| F|  |TAMS 0x0000000629600000, 0x0000000629600000| Untracked 
| 233|0x0000000629800000, 0x0000000629800000, 0x0000000629a00000|  0%| F|  |TAMS 0x0000000629800000, 0x0000000629800000| Untracked 
| 234|0x0000000629a00000, 0x0000000629a00000, 0x0000000629c00000|  0%| F|  |TAMS 0x0000000629a00000, 0x0000000629a00000| Untracked 
| 235|0x0000000629c00000, 0x0000000629c00000, 0x0000000629e00000|  0%| F|  |TAMS 0x0000000629c00000, 0x0000000629c00000| Untracked 
| 236|0x0000000629e00000, 0x0000000629e00000, 0x000000062a000000|  0%| F|  |TAMS 0x0000000629e00000, 0x0000000629e00000| Untracked 
| 237|0x000000062a000000, 0x000000062a000000, 0x000000062a200000|  0%| F|  |TAMS 0x000000062a000000, 0x000000062a000000| Untracked 
| 238|0x000000062a200000, 0x000000062a200000, 0x000000062a400000|  0%| F|  |TAMS 0x000000062a200000, 0x000000062a200000| Untracked 
| 239|0x000000062a400000, 0x000000062a400000, 0x000000062a600000|  0%| F|  |TAMS 0x000000062a400000, 0x000000062a400000| Untracked 
| 240|0x000000062a600000, 0x000000062a600000, 0x000000062a800000|  0%| F|  |TAMS 0x000000062a600000, 0x000000062a600000| Untracked 
| 241|0x000000062a800000, 0x000000062a800000, 0x000000062aa00000|  0%| F|  |TAMS 0x000000062a800000, 0x000000062a800000| Untracked 
| 242|0x000000062aa00000, 0x000000062ab71278, 0x000000062ac00000| 72%| E|  |TAMS 0x000000062aa00000, 0x000000062aa00000| Complete 
| 243|0x000000062ac00000, 0x000000062ae00000, 0x000000062ae00000|100%| E|CS|TAMS 0x000000062ac00000, 0x000000062ac00000| Complete 
| 244|0x000000062ae00000, 0x000000062b000000, 0x000000062b000000|100%| E|CS|TAMS 0x000000062ae00000, 0x000000062ae00000| Complete 
| 245|0x000000062b000000, 0x000000062b200000, 0x000000062b200000|100%| E|CS|TAMS 0x000000062b000000, 0x000000062b000000| Complete 
| 246|0x000000062b200000, 0x000000062b400000, 0x000000062b400000|100%| E|CS|TAMS 0x000000062b200000, 0x000000062b200000| Complete 
| 247|0x000000062b400000, 0x000000062b600000, 0x000000062b600000|100%| E|CS|TAMS 0x000000062b400000, 0x000000062b400000| Complete 
| 248|0x000000062b600000, 0x000000062b800000, 0x000000062b800000|100%| E|CS|TAMS 0x000000062b600000, 0x000000062b600000| Complete 
| 249|0x000000062b800000, 0x000000062ba00000, 0x000000062ba00000|100%| E|  |TAMS 0x000000062b800000, 0x000000062b800000| Complete 

Card table byte_map: [0x00007fd318386000,0x00007fd319323000] _byte_map_base: 0x00007fd315323000

Marking Bits (Prev, Next): (CMBitMap*) 0x00007fd3140583e8, (CMBitMap*) 0x00007fd314058420
 Prev Bits: [0x00007fd2ef37b000, 0x00007fd2f7063000)
 Next Bits: [0x00007fd2e7693000, 0x00007fd2ef37b000)

Polling page: 0x00007fd31c6db000

Metaspace:

Usage:
  Non-class:      4.72 MB capacity,     4.65 MB ( 99%) used,    66.88 KB (  1%) free+waste,     1.25 KB ( <1%) overhead. 
      Class:    464.00 KB capacity,   417.23 KB ( 90%) used,    46.09 KB ( 10%) free+waste,   704 bytes ( <1%) overhead. 
       Both:      5.17 MB capacity,     5.06 MB ( 98%) used,   112.97 KB (  2%) free+waste,     1.94 KB ( <1%) overhead. 

Virtual space:
  Non-class space:        8.00 MB reserved,       5.00 MB ( 62%) committed 
      Class space:        1.00 GB reserved,     512.00 KB ( <1%) committed 
             Both:        1.01 GB reserved,       5.50 MB ( <1%) committed 

Chunk freelists:
   Non-Class:  36.00 KB
       Class:  16.00 KB
        Both:  52.00 KB

MaxMetaspaceSize: unlimited
CompressedClassSpaceSize: 1.00 GB
Initial GC threshold: 20.80 MB
Current GC threshold: 20.80 MB
CDS: off

CodeHeap 'non-profiled nmethods': size=120032Kb used=102Kb max_used=102Kb free=119930Kb
 bounds [0x00007fd30431b000, 0x00007fd30458b000, 0x00007fd30b853000]
CodeHeap 'profiled nmethods': size=120028Kb used=328Kb max_used=328Kb free=119699Kb
 bounds [0x00007fd2fcde4000, 0x00007fd2fd054000, 0x00007fd30431b000]
CodeHeap 'non-nmethods': size=5700Kb used=1059Kb max_used=1079Kb free=4640Kb
 bounds [0x00007fd2fc853000, 0x00007fd2fcac3000, 0x00007fd2fcde4000]
 total_blobs=530 nmethods=236 adapters=208
 compilation: enabled
              stopped_count=0, restarted_count=0
 full_count=0

Compilation events (20 events):
Event: 0.097 Thread 0x00007fd314279000  225       3       Tmp0Kt::box (33 bytes)
Event: 0.098 Thread 0x00007fd314279000 nmethod 225 0x00007fd2fce32990 code [0x00007fd2fce32bc0, 0x00007fd2fce32e30]
Event: 0.098 Thread 0x00007fd314279000  226       3       Tmp0Kt::testEmptyUIntLoop (187 bytes)
Event: 0.098 Thread 0x00007fd314279000 nmethod 226 0x00007fd2fce32f90 code [0x00007fd2fce331c0, 0x00007fd2fce33690]
Event: 0.098 Thread 0x00007fd314279000  230       3       Tmp0Kt::testULongLoop (313 bytes)
Event: 0.099 Thread 0x00007fd314279000 nmethod 230 0x00007fd2fce33890 code [0x00007fd2fce33d20, 0x00007fd2fce35030]
Event: 0.100 Thread 0x00007fd314279000  236       3       Tmp0Kt::testEmptyULongLoop (245 bytes)
Event: 0.100 Thread 0x00007fd314279000 nmethod 236 0x00007fd2fce35910 code [0x00007fd2fce35b40, 0x00007fd2fce35fb0]
Event: 0.106 Thread 0x00007fd2b80c6000 nmethod 211 0x00007fd304327510 code [0x00007fd3043276e0, 0x00007fd304328058]
Event: 0.106 Thread 0x00007fd2b80c6000  235       4       java.lang.StringLatin1::indexOf (121 bytes)
Event: 0.109 Thread 0x00007fd2b80c6000 nmethod 235 0x00007fd304328590 code [0x00007fd304328740, 0x00007fd304328a18]
Event: 0.109 Thread 0x00007fd2b80c6000  218       4       kotlin.UnsignedKt::ulongCompare (12 bytes)
Event: 0.110 Thread 0x00007fd2b80c6000 nmethod 218 0x00007fd304328c90 code [0x00007fd304328e20, 0x00007fd304328e78]
Event: 0.110 Thread 0x00007fd2b80c6000  222       4       java.lang.String::indexOf (113 bytes)
Event: 0.111 Thread 0x00007fd2b80c6000 nmethod 222 0x00007fd304328f90 code [0x00007fd304329140, 0x00007fd304329498]
Event: 0.111 Thread 0x00007fd2b80c6000  213       4       coverage.CoverageEntry::equals (20 bytes)
Event: 0.115 Thread 0x00007fd2bc072800 nmethod 219 0x00007fd304329690 code [0x00007fd3043298c0, 0x00007fd30432a9f8]
Event: 0.115 Thread 0x00007fd2bc072800  215       4       coverage.CoverageEntry::compareParamsAndRtv (134 bytes)
Event: 0.115 Thread 0x00007fd2b80c6000 nmethod 213 0x00007fd30432b790 code [0x00007fd30432b960, 0x00007fd30432beb8]
Event: 0.115 Thread 0x00007fd2b80c6000  237 %     4       kotlin.UnsignedKt::ulongCompare @ 166 (12 bytes)

GC Heap History (0 events):
No events

Deoptimization events (4 events):
Event: 0.052 Thread 0x00007fd314016800 Uncommon trap: trap_request=0xffffff4d fr.pc=0x00007fd30431f320 relative=0x0000000000000200
Event: 0.052 Thread 0x00007fd314016800 Uncommon trap: reason=unstable_if action=reinterpret pc=0x00007fd30431f320 method=java.lang.String.hashCode()I @ 14 c2
Event: 0.052 Thread 0x00007fd314016800 DEOPT PACKING pc=0x00007fd30431f320 sp=0x00007fd31af330d0
Event: 0.052 Thread 0x00007fd314016800 DEOPT UNPACKING pc=0x00007fd2fc89cea5 sp=0x00007fd31af33088 mode 2

Classes redefined (0 events):
No events

Internal exceptions (0 events):
No events

Events (20 events):
Event: 0.083 loading class coverage/MyMethodBasedCoverage
Event: 0.083 loading class coverage/MyMethodBasedCoverage done
Event: 0.083 loading class kotlin/ULong
Event: 0.083 loading class kotlin/ULong done
Event: 0.084 loading class kotlin/ULong$Companion
Event: 0.084 loading class kotlin/ULong$Companion done
Event: 0.084 loading class kotlin/UInt
Event: 0.084 loading class kotlin/UInt done
Event: 0.084 loading class kotlin/UInt$Companion
Event: 0.084 loading class kotlin/UInt$Companion done
Event: 0.085 loading class java/util/AbstractList$ListItr
Event: 0.085 loading class java/util/AbstractList$Itr
Event: 0.085 loading class java/util/AbstractList$Itr done
Event: 0.085 loading class java/util/AbstractList$ListItr done
Event: 0.085 loading class kotlin/UnsignedKt
Event: 0.085 loading class kotlin/UnsignedKt done
Event: 0.091 Thread 0x00007fd2bc072800 Thread added: 0x00007fd2bc072800
Event: 0.091 Protecting memory [0x00007fd2b7cfc000,0x00007fd2b7d00000] with protection modes 0
Event: 0.095 Thread 0x00007fd2b80c6000 Thread added: 0x00007fd2b80c6000
Event: 0.095 Protecting memory [0x00007fd2b7bfb000,0x00007fd2b7bff000] with protection modes 0


Dynamic libraries:
60c600000-62ba00000 rw-p 00000000 00:00 0 
62ba00000-800000000 ---p 00000000 00:00 0 
800000000-800080000 rw-p 00000000 00:00 0 
800080000-840000000 ---p 00000000 00:00 0 
5620ec45a000-5620ec45b000 r--p 00000000 08:02 1968997                    /usr/lib/jvm/java-11-openjdk/bin/java
5620ec45b000-5620ec45c000 r-xp 00001000 08:02 1968997                    /usr/lib/jvm/java-11-openjdk/bin/java
5620ec45c000-5620ec45d000 r--p 00002000 08:02 1968997                    /usr/lib/jvm/java-11-openjdk/bin/java
5620ec45d000-5620ec45e000 r--p 00002000 08:02 1968997                    /usr/lib/jvm/java-11-openjdk/bin/java
5620ec45e000-5620ec45f000 rw-p 00003000 08:02 1968997                    /usr/lib/jvm/java-11-openjdk/bin/java
5620ed2c5000-5620ed2e6000 rw-p 00000000 00:00 0                          [heap]
7fd29c000000-7fd29c261000 rw-p 00000000 00:00 0 
7fd29c261000-7fd2a0000000 ---p 00000000 00:00 0 
7fd2a4000000-7fd2a4021000 rw-p 00000000 00:00 0 
7fd2a4021000-7fd2a8000000 ---p 00000000 00:00 0 
7fd2a8000000-7fd2a833a000 rw-p 00000000 00:00 0 
7fd2a833a000-7fd2ac000000 ---p 00000000 00:00 0 
7fd2ac000000-7fd2ac021000 rw-p 00000000 00:00 0 
7fd2ac021000-7fd2b0000000 ---p 00000000 00:00 0 
7fd2b0000000-7fd2b0021000 rw-p 00000000 00:00 0 
7fd2b0021000-7fd2b4000000 ---p 00000000 00:00 0 
7fd2b7bfb000-7fd2b7bff000 ---p 00000000 00:00 0 
7fd2b7bff000-7fd2b7cfc000 rw-p 00000000 00:00 0 
7fd2b7cfc000-7fd2b7d00000 ---p 00000000 00:00 0 
7fd2b7d00000-7fd2b7dfd000 rw-p 00000000 00:00 0 
7fd2b7dfd000-7fd2b7e01000 ---p 00000000 00:00 0 
7fd2b7e01000-7fd2b7efe000 rw-p 00000000 00:00 0 
7fd2b7efe000-7fd2b7eff000 ---p 00000000 00:00 0 
7fd2b7eff000-7fd2b8000000 rw-p 00000000 00:00 0 
7fd2b8000000-7fd2b834f000 rw-p 00000000 00:00 0 
7fd2b834f000-7fd2bc000000 ---p 00000000 00:00 0 
7fd2bc000000-7fd2bc10e000 rw-p 00000000 00:00 0 
7fd2bc10e000-7fd2c0000000 ---p 00000000 00:00 0 
7fd2c0000000-7fd2c0021000 rw-p 00000000 00:00 0 
7fd2c0021000-7fd2c4000000 ---p 00000000 00:00 0 
7fd2c4000000-7fd2c4021000 rw-p 00000000 00:00 0 
7fd2c4021000-7fd2c8000000 ---p 00000000 00:00 0 
7fd2c8000000-7fd2c8021000 rw-p 00000000 00:00 0 
7fd2c8021000-7fd2cc000000 ---p 00000000 00:00 0 
7fd2cc000000-7fd2cc021000 rw-p 00000000 00:00 0 
7fd2cc021000-7fd2d0000000 ---p 00000000 00:00 0 
7fd2d0000000-7fd2d0021000 rw-p 00000000 00:00 0 
7fd2d0021000-7fd2d4000000 ---p 00000000 00:00 0 
7fd2d4000000-7fd2d4021000 rw-p 00000000 00:00 0 
7fd2d4021000-7fd2d8000000 ---p 00000000 00:00 0 
7fd2d8000000-7fd2d8021000 rw-p 00000000 00:00 0 
7fd2d8021000-7fd2dc000000 ---p 00000000 00:00 0 
7fd2dc000000-7fd2dc021000 rw-p 00000000 00:00 0 
7fd2dc021000-7fd2e0000000 ---p 00000000 00:00 0 
7fd2e0000000-7fd2e0021000 rw-p 00000000 00:00 0 
7fd2e0021000-7fd2e4000000 ---p 00000000 00:00 0 
7fd2e40c2000-7fd2e40c6000 ---p 00000000 00:00 0 
7fd2e40c6000-7fd2e41c3000 rw-p 00000000 00:00 0 
7fd2e41c3000-7fd2e41c7000 ---p 00000000 00:00 0 
7fd2e41c7000-7fd2e42c4000 rw-p 00000000 00:00 0 
7fd2e42c4000-7fd2e42c8000 ---p 00000000 00:00 0 
7fd2e42c8000-7fd2e43c5000 rw-p 00000000 00:00 0 
7fd2e43c5000-7fd2e43c9000 ---p 00000000 00:00 0 
7fd2e43c9000-7fd2e44c6000 rw-p 00000000 00:00 0 
7fd2e44c6000-7fd2e44ca000 ---p 00000000 00:00 0 
7fd2e44ca000-7fd2e45c7000 rw-p 00000000 00:00 0 
7fd2e45c7000-7fd2e48af000 r--p 00000000 08:02 14491448                   /usr/lib/locale/locale-archive
7fd2e48af000-7fd2e48b3000 ---p 00000000 00:00 0 
7fd2e48b3000-7fd2e49b0000 rw-p 00000000 00:00 0 
7fd2e49b0000-7fd2e49b4000 ---p 00000000 00:00 0 
7fd2e49b4000-7fd2e4ab1000 rw-p 00000000 00:00 0 
7fd2e4ab1000-7fd2e4ab2000 ---p 00000000 00:00 0 
7fd2e4ab2000-7fd2e518f000 rw-p 00000000 00:00 0 
7fd2e518f000-7fd2e548f000 ---p 00000000 00:00 0 
7fd2e548f000-7fd2e5490000 ---p 00000000 00:00 0 
7fd2e5490000-7fd2e5591000 rw-p 00000000 00:00 0 
7fd2e5591000-7fd2e5592000 ---p 00000000 00:00 0 
7fd2e5592000-7fd2e7e63000 rw-p 00000000 00:00 0 
7fd2e7e63000-7fd2ef37b000 ---p 00000000 00:00 0 
7fd2ef37b000-7fd2efb4b000 rw-p 00000000 00:00 0 
7fd2efb4b000-7fd2f7063000 ---p 00000000 00:00 0 
7fd2f7063000-7fd2f715d000 rw-p 00000000 00:00 0 
7fd2f715d000-7fd2f8000000 ---p 00000000 00:00 0 
7fd2f8000000-7fd2f8021000 rw-p 00000000 00:00 0 
7fd2f8021000-7fd2fc000000 ---p 00000000 00:00 0 
7fd2fc001000-7fd2fc032000 rw-p 00000000 00:00 0 
7fd2fc032000-7fd2fc036000 r--p 00000000 08:02 1976496                    /usr/lib/jvm/java-11-openjdk/lib/libnet.so
7fd2fc036000-7fd2fc045000 r-xp 00004000 08:02 1976496                    /usr/lib/jvm/java-11-openjdk/lib/libnet.so
7fd2fc045000-7fd2fc049000 r--p 00013000 08:02 1976496                    /usr/lib/jvm/java-11-openjdk/lib/libnet.so
7fd2fc049000-7fd2fc04a000 r--p 00016000 08:02 1976496                    /usr/lib/jvm/java-11-openjdk/lib/libnet.so
7fd2fc04a000-7fd2fc04b000 rw-p 00017000 08:02 1976496                    /usr/lib/jvm/java-11-openjdk/lib/libnet.so
7fd2fc04b000-7fd2fc853000 rw-p 00000000 00:00 0 
7fd2fc853000-7fd2fcac3000 rwxp 00000000 00:00 0 
7fd2fcac3000-7fd2fcde4000 ---p 00000000 00:00 0 
7fd2fcde4000-7fd2fd054000 rwxp 00000000 00:00 0 
7fd2fd054000-7fd30431b000 ---p 00000000 00:00 0 
7fd30431b000-7fd30458b000 rwxp 00000000 00:00 0 
7fd30458b000-7fd30b853000 ---p 00000000 00:00 0 
7fd30b853000-7fd314000000 r--s 00000000 08:02 1976524                    /usr/lib/jvm/java-11-openjdk/lib/modules
7fd314000000-7fd314448000 rw-p 00000000 00:00 0 
7fd314448000-7fd318000000 ---p 00000000 00:00 0 
7fd318003000-7fd31800a000 r--p 00000000 08:02 1976501                    /usr/lib/jvm/java-11-openjdk/lib/libnio.so
7fd31800a000-7fd318011000 r-xp 00007000 08:02 1976501                    /usr/lib/jvm/java-11-openjdk/lib/libnio.so
7fd318011000-7fd318014000 r--p 0000e000 08:02 1976501                    /usr/lib/jvm/java-11-openjdk/lib/libnio.so
7fd318014000-7fd318015000 r--p 00010000 08:02 1976501                    /usr/lib/jvm/java-11-openjdk/lib/libnio.so
7fd318015000-7fd318016000 rw-p 00011000 08:02 1976501                    /usr/lib/jvm/java-11-openjdk/lib/libnio.so
7fd318016000-7fd318080000 rw-p 00000000 00:00 0 
7fd318080000-7fd318081000 ---p 00000000 00:00 0 
7fd318081000-7fd318182000 rw-p 00000000 00:00 0 
7fd318182000-7fd318183000 ---p 00000000 00:00 0 
7fd318183000-7fd318480000 rw-p 00000000 00:00 0 
7fd318480000-7fd319323000 ---p 00000000 00:00 0 
7fd319323000-7fd31941d000 rw-p 00000000 00:00 0 
7fd31941d000-7fd31a2c0000 ---p 00000000 00:00 0 
7fd31a2c0000-7fd31ab07000 rw-p 00000000 00:00 0 
7fd31ab07000-7fd31ab08000 ---p 00000000 00:00 0 
7fd31ab08000-7fd31ac0e000 rw-p 00000000 00:00 0 
7fd31ac0e000-7fd31acf4000 ---p 00000000 00:00 0 
7fd31acf4000-7fd31acf9000 rw-p 00000000 00:00 0 
7fd31acf9000-7fd31addf000 ---p 00000000 00:00 0 
7fd31addf000-7fd31ade4000 rw-p 00000000 00:00 0 
7fd31ade4000-7fd31adeb000 ---p 00000000 00:00 0 
7fd31adeb000-7fd31aded000 r--p 00000000 08:02 1976523                    /usr/lib/jvm/java-11-openjdk/lib/libzip.so
7fd31aded000-7fd31adf1000 r-xp 00002000 08:02 1976523                    /usr/lib/jvm/java-11-openjdk/lib/libzip.so
7fd31adf1000-7fd31adf3000 r--p 00006000 08:02 1976523                    /usr/lib/jvm/java-11-openjdk/lib/libzip.so
7fd31adf3000-7fd31adf4000 r--p 00007000 08:02 1976523                    /usr/lib/jvm/java-11-openjdk/lib/libzip.so
7fd31adf4000-7fd31adf5000 rw-p 00008000 08:02 1976523                    /usr/lib/jvm/java-11-openjdk/lib/libzip.so
7fd31adf5000-7fd31adfd000 rw-s 00000000 00:24 434333                     /tmp/hsperfdata_stepanov/2001191
7fd31adfd000-7fd31ae0b000 r--p 00000000 08:02 1976470                    /usr/lib/jvm/java-11-openjdk/lib/libjava.so
7fd31ae0b000-7fd31ae20000 r-xp 0000e000 08:02 1976470                    /usr/lib/jvm/java-11-openjdk/lib/libjava.so
7fd31ae20000-7fd31ae26000 r--p 00023000 08:02 1976470                    /usr/lib/jvm/java-11-openjdk/lib/libjava.so
7fd31ae26000-7fd31ae27000 ---p 00029000 08:02 1976470                    /usr/lib/jvm/java-11-openjdk/lib/libjava.so
7fd31ae27000-7fd31ae28000 r--p 00029000 08:02 1976470                    /usr/lib/jvm/java-11-openjdk/lib/libjava.so
7fd31ae28000-7fd31ae29000 rw-p 0002a000 08:02 1976470                    /usr/lib/jvm/java-11-openjdk/lib/libjava.so
7fd31ae29000-7fd31ae2a000 rw-p 00000000 00:00 0 
7fd31ae2a000-7fd31ae2d000 r--p 00000000 08:02 14421227                   /usr/lib/librt-2.33.so
7fd31ae2d000-7fd31ae31000 r-xp 00003000 08:02 14421227                   /usr/lib/librt-2.33.so
7fd31ae31000-7fd31ae33000 r--p 00007000 08:02 14421227                   /usr/lib/librt-2.33.so
7fd31ae33000-7fd31ae34000 r--p 00008000 08:02 14421227                   /usr/lib/librt-2.33.so
7fd31ae34000-7fd31ae35000 rw-p 00009000 08:02 14421227                   /usr/lib/librt-2.33.so
7fd31ae35000-7fd31ae39000 ---p 00000000 00:00 0 
7fd31ae39000-7fd31af36000 rw-p 00000000 00:00 0 
7fd31af36000-7fd31af39000 r--p 00000000 08:02 14421476                   /usr/lib/libgcc_s.so.1
7fd31af39000-7fd31af4b000 r-xp 00003000 08:02 14421476                   /usr/lib/libgcc_s.so.1
7fd31af4b000-7fd31af4e000 r--p 00015000 08:02 14421476                   /usr/lib/libgcc_s.so.1
7fd31af4e000-7fd31af4f000 ---p 00018000 08:02 14421476                   /usr/lib/libgcc_s.so.1
7fd31af4f000-7fd31af50000 r--p 00018000 08:02 14421476                   /usr/lib/libgcc_s.so.1
7fd31af50000-7fd31af51000 rw-p 00019000 08:02 14421476                   /usr/lib/libgcc_s.so.1
7fd31af51000-7fd31af60000 r--p 00000000 08:02 14421113                   /usr/lib/libm-2.33.so
7fd31af60000-7fd31affa000 r-xp 0000f000 08:02 14421113                   /usr/lib/libm-2.33.so
7fd31affa000-7fd31b092000 r--p 000a9000 08:02 14421113                   /usr/lib/libm-2.33.so
7fd31b092000-7fd31b093000 ---p 00141000 08:02 14421113                   /usr/lib/libm-2.33.so
7fd31b093000-7fd31b094000 r--p 00141000 08:02 14421113                   /usr/lib/libm-2.33.so
7fd31b094000-7fd31b095000 rw-p 00142000 08:02 14421113                   /usr/lib/libm-2.33.so
7fd31b095000-7fd31b12e000 r--p 00000000 08:02 14477167                   /usr/lib/libstdc++.so.6.0.29
7fd31b12e000-7fd31b22e000 r-xp 00099000 08:02 14477167                   /usr/lib/libstdc++.so.6.0.29
7fd31b22e000-7fd31b29a000 r--p 00199000 08:02 14477167                   /usr/lib/libstdc++.so.6.0.29
7fd31b29a000-7fd31b2a7000 r--p 00204000 08:02 14477167                   /usr/lib/libstdc++.so.6.0.29
7fd31b2a7000-7fd31b2a8000 rw-p 00211000 08:02 14477167                   /usr/lib/libstdc++.so.6.0.29
7fd31b2a8000-7fd31b2ab000 rw-p 00000000 00:00 0 
7fd31b2ab000-7fd31b523000 r--p 00000000 08:02 1976538                    /usr/lib/jvm/java-11-openjdk/lib/server/libjvm.so
7fd31b523000-7fd31c127000 r-xp 00278000 08:02 1976538                    /usr/lib/jvm/java-11-openjdk/lib/server/libjvm.so
7fd31c127000-7fd31c367000 r--p 00e7c000 08:02 1976538                    /usr/lib/jvm/java-11-openjdk/lib/server/libjvm.so
7fd31c367000-7fd31c368000 ---p 010bc000 08:02 1976538                    /usr/lib/jvm/java-11-openjdk/lib/server/libjvm.so
7fd31c368000-7fd31c429000 r--p 010bc000 08:02 1976538                    /usr/lib/jvm/java-11-openjdk/lib/server/libjvm.so
7fd31c429000-7fd31c463000 rw-p 0117d000 08:02 1976538                    /usr/lib/jvm/java-11-openjdk/lib/server/libjvm.so
7fd31c463000-7fd31c4bb000 rw-p 00000000 00:00 0 
7fd31c4bb000-7fd31c4c2000 r--p 00000000 08:02 14421201                   /usr/lib/libpthread-2.33.so
7fd31c4c2000-7fd31c4d1000 r-xp 00007000 08:02 14421201                   /usr/lib/libpthread-2.33.so
7fd31c4d1000-7fd31c4d5000 r--p 00016000 08:02 14421201                   /usr/lib/libpthread-2.33.so
7fd31c4d5000-7fd31c4d6000 ---p 0001a000 08:02 14421201                   /usr/lib/libpthread-2.33.so
7fd31c4d6000-7fd31c4d7000 r--p 0001a000 08:02 14421201                   /usr/lib/libpthread-2.33.so
7fd31c4d7000-7fd31c4d8000 rw-p 0001b000 08:02 14421201                   /usr/lib/libpthread-2.33.so
7fd31c4d8000-7fd31c4dc000 rw-p 00000000 00:00 0 
7fd31c4dc000-7fd31c4de000 r--p 00000000 08:02 14421089                   /usr/lib/libdl-2.33.so
7fd31c4de000-7fd31c4e0000 r-xp 00002000 08:02 14421089                   /usr/lib/libdl-2.33.so
7fd31c4e0000-7fd31c4e1000 r--p 00004000 08:02 14421089                   /usr/lib/libdl-2.33.so
7fd31c4e1000-7fd31c4e2000 r--p 00004000 08:02 14421089                   /usr/lib/libdl-2.33.so
7fd31c4e2000-7fd31c4e3000 rw-p 00005000 08:02 14421089                   /usr/lib/libdl-2.33.so
7fd31c4e3000-7fd31c4e6000 r--p 00000000 08:02 14439370                   /usr/lib/libz.so.1.2.11
7fd31c4e6000-7fd31c4f4000 r-xp 00003000 08:02 14439370                   /usr/lib/libz.so.1.2.11
7fd31c4f4000-7fd31c4fa000 r--p 00011000 08:02 14439370                   /usr/lib/libz.so.1.2.11
7fd31c4fa000-7fd31c4fb000 ---p 00017000 08:02 14439370                   /usr/lib/libz.so.1.2.11
7fd31c4fb000-7fd31c4fc000 r--p 00017000 08:02 14439370                   /usr/lib/libz.so.1.2.11
7fd31c4fc000-7fd31c4fd000 rw-p 00018000 08:02 14439370                   /usr/lib/libz.so.1.2.11
7fd31c4fd000-7fd31c523000 r--p 00000000 08:02 14421056                   /usr/lib/libc-2.33.so
7fd31c523000-7fd31c66e000 r-xp 00026000 08:02 14421056                   /usr/lib/libc-2.33.so
7fd31c66e000-7fd31c6ba000 r--p 00171000 08:02 14421056                   /usr/lib/libc-2.33.so
7fd31c6ba000-7fd31c6bd000 r--p 001bc000 08:02 14421056                   /usr/lib/libc-2.33.so
7fd31c6bd000-7fd31c6c0000 rw-p 001bf000 08:02 14421056                   /usr/lib/libc-2.33.so
7fd31c6c0000-7fd31c6c9000 rw-p 00000000 00:00 0 
7fd31c6d0000-7fd31c6d2000 r--p 00000000 08:02 14421153                   /usr/lib/libnss_compat-2.33.so
7fd31c6d2000-7fd31c6d8000 r-xp 00002000 08:02 14421153                   /usr/lib/libnss_compat-2.33.so
7fd31c6d8000-7fd31c6d9000 r--p 00008000 08:02 14421153                   /usr/lib/libnss_compat-2.33.so
7fd31c6d9000-7fd31c6da000 r--p 00008000 08:02 14421153                   /usr/lib/libnss_compat-2.33.so
7fd31c6da000-7fd31c6db000 rw-p 00009000 08:02 14421153                   /usr/lib/libnss_compat-2.33.so
7fd31c6db000-7fd31c6dc000 ---p 00000000 00:00 0 
7fd31c6dc000-7fd31c6dd000 r--p 00000000 00:00 0 
7fd31c6dd000-7fd31c6df000 r--p 00000000 08:02 1976476                    /usr/lib/jvm/java-11-openjdk/lib/libjimage.so
7fd31c6df000-7fd31c6e2000 r-xp 00002000 08:02 1976476                    /usr/lib/jvm/java-11-openjdk/lib/libjimage.so
7fd31c6e2000-7fd31c6e3000 r--p 00005000 08:02 1976476                    /usr/lib/jvm/java-11-openjdk/lib/libjimage.so
7fd31c6e3000-7fd31c6e4000 ---p 00006000 08:02 1976476                    /usr/lib/jvm/java-11-openjdk/lib/libjimage.so
7fd31c6e4000-7fd31c6e5000 r--p 00006000 08:02 1976476                    /usr/lib/jvm/java-11-openjdk/lib/libjimage.so
7fd31c6e5000-7fd31c6e6000 rw-p 00007000 08:02 1976476                    /usr/lib/jvm/java-11-openjdk/lib/libjimage.so
7fd31c6e6000-7fd31c6eb000 r--p 00000000 08:02 1976521                    /usr/lib/jvm/java-11-openjdk/lib/libverify.so
7fd31c6eb000-7fd31c6f2000 r-xp 00005000 08:02 1976521                    /usr/lib/jvm/java-11-openjdk/lib/libverify.so
7fd31c6f2000-7fd31c6f4000 r--p 0000c000 08:02 1976521                    /usr/lib/jvm/java-11-openjdk/lib/libverify.so
7fd31c6f4000-7fd31c6f6000 r--p 0000d000 08:02 1976521                    /usr/lib/jvm/java-11-openjdk/lib/libverify.so
7fd31c6f6000-7fd31c6f7000 rw-p 0000f000 08:02 1976521                    /usr/lib/jvm/java-11-openjdk/lib/libverify.so
7fd31c6f7000-7fd31c6fa000 r--p 00000000 08:02 1976252                    /usr/lib/jvm/java-11-openjdk/lib/jli/libjli.so
7fd31c6fa000-7fd31c704000 r-xp 00003000 08:02 1976252                    /usr/lib/jvm/java-11-openjdk/lib/jli/libjli.so
7fd31c704000-7fd31c707000 r--p 0000d000 08:02 1976252                    /usr/lib/jvm/java-11-openjdk/lib/jli/libjli.so
7fd31c707000-7fd31c708000 ---p 00010000 08:02 1976252                    /usr/lib/jvm/java-11-openjdk/lib/jli/libjli.so
7fd31c708000-7fd31c709000 r--p 00010000 08:02 1976252                    /usr/lib/jvm/java-11-openjdk/lib/jli/libjli.so
7fd31c709000-7fd31c70a000 rw-p 00011000 08:02 1976252                    /usr/lib/jvm/java-11-openjdk/lib/jli/libjli.so
7fd31c70a000-7fd31c70c000 rw-p 00000000 00:00 0 
7fd31c70c000-7fd31c70d000 r--p 00000000 08:02 14420974                   /usr/lib/ld-2.33.so
7fd31c70d000-7fd31c731000 r-xp 00001000 08:02 14420974                   /usr/lib/ld-2.33.so
7fd31c731000-7fd31c73a000 r--p 00025000 08:02 14420974                   /usr/lib/ld-2.33.so
7fd31c73a000-7fd31c73c000 r--p 0002d000 08:02 14420974                   /usr/lib/ld-2.33.so
7fd31c73c000-7fd31c73e000 rw-p 0002f000 08:02 14420974                   /usr/lib/ld-2.33.so
7ffcdf3ce000-7ffcdf3ef000 rw-p 00000000 00:00 0                          [stack]
7ffcdf3fa000-7ffcdf3fe000 r--p 00000000 00:00 0                          [vvar]
7ffcdf3fe000-7ffcdf400000 r-xp 00000000 00:00 0                          [vdso]
ffffffffff600000-ffffffffff601000 --xp 00000000 00:00 0                  [vsyscall]


VM Arguments:
java_command: Tmp0Kt
java_class_path (initial): tmp/lib/kotlin-stdlib-1.4.0.jar:tmp/lib/kotlin-stdlib-common-1.4.0.jar:tmp/lib/kotlin-test-1.4.0.jar:tmp/lib/kotlin-test-common-1.4.0.jar:tmp/lib/kotlin-reflect-1.4.0.jar:tmp/lib/kotlin-script-runtime-1.4.0.jar:tmp/lib/kotlin-stdlib-jdk8-1.4.0.jar:tmp/lib/kotlin-stdlib-jdk7-1.4.0.jar:tmp/tmp.jar
Launcher Type: SUN_STANDARD

[Global flags]
     intx CICompilerCount                          = 4                                         {product} {ergonomic}
     uint ConcGCThreads                            = 2                                         {product} {ergonomic}
     uint G1ConcRefinementThreads                  = 8                                         {product} {ergonomic}
   size_t G1HeapRegionSize                         = 2097152                                   {product} {ergonomic}
    uintx GCDrainStackTargetSize                   = 64                                        {product} {ergonomic}
   size_t InitialHeapSize                          = 524288000                                 {product} {ergonomic}
   size_t MarkStackSize                            = 4194304                                   {product} {ergonomic}
   size_t MaxHeapSize                              = 8382316544                                {product} {ergonomic}
   size_t MaxNewSize                               = 5028970496                                {product} {ergonomic}
   size_t MinHeapDeltaBytes                        = 2097152                                   {product} {ergonomic}
    uintx NonNMethodCodeHeapSize                   = 5836300                                {pd product} {ergonomic}
    uintx NonProfiledCodeHeapSize                  = 122910970                              {pd product} {ergonomic}
    uintx ProfiledCodeHeapSize                     = 122910970                              {pd product} {ergonomic}
    uintx ReservedCodeCacheSize                    = 251658240                              {pd product} {ergonomic}
     bool SegmentedCodeCache                       = true                                      {product} {ergonomic}
     bool UseCompressedClassPointers               = true                                 {lp64_product} {ergonomic}
     bool UseCompressedOops                        = true                                 {lp64_product} {ergonomic}
     bool UseG1GC                                  = true                                      {product} {ergonomic}

Logging:
Log output configuration:
 #0: stdout all=warning uptime,level,tags
 #1: stderr all=off uptime,level,tags

Environment Variables:
JAVA_HOME=/usr/lib/jvm/java-11-openjdk
PATH=/usr/lib/jvm/java-14-openjdk/bin:/usr/local/bin:/usr/local/sbin:/usr/bin:/opt/android-sdk/tools:/opt/android-sdk/tools/bin:/usr/lib/jvm/default/bin:/usr/lib/smlnj/bin
LD_LIBRARY_PATH=/opt/cuda/lib64
SHELL=/bin/bash
DISPLAY=:0.0
LANG=en_US.UTF-8

Signal Handlers:
SIGSEGV: [libjvm.so+0xe0a500], sa_mask[0]=11111111011111111101111111111110, sa_flags=SA_RESTART|SA_SIGINFO
SIGBUS: [libjvm.so+0xe0a500], sa_mask[0]=11111111011111111101111111111110, sa_flags=SA_RESTART|SA_SIGINFO
SIGFPE: [libjvm.so+0xe0a500], sa_mask[0]=11111111011111111101111111111110, sa_flags=SA_RESTART|SA_SIGINFO
SIGPIPE: [libjvm.so+0xbf93d0], sa_mask[0]=11111111011111111101111111111110, sa_flags=SA_RESTART|SA_SIGINFO
SIGXFSZ: [libjvm.so+0xbf93d0], sa_mask[0]=11111111011111111101111111111110, sa_flags=SA_RESTART|SA_SIGINFO
SIGILL: [libjvm.so+0xe0a500], sa_mask[0]=11111111011111111101111111111110, sa_flags=SA_RESTART|SA_SIGINFO
SIGUSR2: [libjvm.so+0xbf9260], sa_mask[0]=00100000000000000000000000000000, sa_flags=SA_RESTART|SA_SIGINFO
SIGHUP: [libjvm.so+0xbf9860], sa_mask[0]=11111111011111111101111111111110, sa_flags=SA_RESTART|SA_SIGINFO
SIGINT: [libjvm.so+0xbf9860], sa_mask[0]=11111111011111111101111111111110, sa_flags=SA_RESTART|SA_SIGINFO
SIGTERM: [libjvm.so+0xbf9860], sa_mask[0]=11111111011111111101111111111110, sa_flags=SA_RESTART|SA_SIGINFO
SIGQUIT: [libjvm.so+0xbf9860], sa_mask[0]=11111111011111111101111111111110, sa_flags=SA_RESTART|SA_SIGINFO


---------------  S Y S T E M  ---------------

OS:LSB_VERSION=1.4
DISTRIB_ID=Arch
DISTRIB_RELEASE=rolling
DISTRIB_DESCRIPTION="Arch Linux"
uname:Linux 5.15.4-arch1-1 #1 SMP PREEMPT Sun, 21 Nov 2021 21:34:33 +0000 x86_64
OS uptime: 9 days 8:40 hours
libc:glibc 2.33 NPTL 2.33 
rlimit (soft/hard): STACK 8192k/infinity , CORE infinity/infinity , NPROC 127832/127832 , NOFILE 524288/524288 , AS infinity/infinity , CPU infinity/infinity , DATA infinity/infinity , FSIZE infinity/infinity , MEMLOCK 1024k/1024k
load average:4.08 3.34 3.20

/proc/meminfo:
MemTotal:       32740680 kB
MemFree:        15944816 kB
MemAvailable:   21701336 kB
Buffers:          384992 kB
Cached:          5884072 kB
SwapCached:            0 kB
Active:          2297468 kB
Inactive:       13727520 kB
Active(anon):      55272 kB
Inactive(anon): 10024040 kB
Active(file):    2242196 kB
Inactive(file):  3703480 kB
Unevictable:      246660 kB
Mlocked:              64 kB
SwapTotal:      32575484 kB
SwapFree:       32575484 kB
Dirty:               740 kB
Writeback:            28 kB
AnonPages:      10002760 kB
Mapped:          1347096 kB
Shmem:            323388 kB
KReclaimable:     274000 kB
Slab:             365828 kB
SReclaimable:     274000 kB
SUnreclaim:        91828 kB
KernelStack:       16052 kB
PageTables:        43576 kB
NFS_Unstable:          0 kB
Bounce:                0 kB
WritebackTmp:          0 kB
CommitLimit:    48945824 kB
Committed_AS:   13781224 kB
VmallocTotal:   34359738367 kB
VmallocUsed:       39280 kB
VmallocChunk:          0 kB
Percpu:             5600 kB
HardwareCorrupted:     0 kB
AnonHugePages:         0 kB
ShmemHugePages:        0 kB
ShmemPmdMapped:        0 kB
FileHugePages:         0 kB
FilePmdMapped:         0 kB
CmaTotal:              0 kB
CmaFree:               0 kB
HugePages_Total:       0
HugePages_Free:        0
HugePages_Rsvd:        0
HugePages_Surp:        0
Hugepagesize:       2048 kB
Hugetlb:               0 kB
DirectMap4k:      393304 kB
DirectMap2M:    22542336 kB
DirectMap1G:    11534336 kB

/sys/kernel/mm/transparent_hugepage/enabled:
always [madvise] never
/sys/kernel/mm/transparent_hugepage/defrag (defrag/compaction efforts parameter):
always defer defer+madvise [madvise] never

Process Memory:
Virtual Size: 11211532K (peak: 11277068K)
Resident Set Size: 58976K (peak: 59472K) (anon: 40120K, file: 18824K, shmem: 32K)
Swapped out: 0K
C-Heap outstanding allocations: 11698K

/proc/sys/kernel/threads-max (system-wide limit on the number of threads):
255665
/proc/sys/vm/max_map_count (maximum number of memory map areas a process may have):
65530
/proc/sys/kernel/pid_max (system-wide limit on number of process identifiers):
4194304

Steal ticks since vm start: 0
Steal ticks percentage since vm start:  0.000

CPU:total 8 (initial active 8) (4 cores per cpu, 2 threads per core) family 6 model 60 stepping 3 microcode 0x1c, cmov, cx8, fxsr, mmx, sse, sse2, sse3, ssse3, sse4.1, sse4.2, popcnt, avx, avx2, aes, clmul, erms, lzcnt, ht, tsc, tscinvbit, bmi1, bmi2, fma
CPU Model and flags from /proc/cpuinfo:
model name	: Intel(R) Core(TM) i7-4790 CPU @ 3.60GHz
flags		: fpu vme de pse tsc msr pae mce cx8 apic sep mtrr pge mca cmov pat pse36 clflush dts acpi mmx fxsr sse sse2 ss ht tm pbe syscall nx pdpe1gb rdtscp lm constant_tsc arch_perfmon pebs bts rep_good nopl xtopology nonstop_tsc cpuid aperfmperf pni pclmulqdq dtes64 monitor ds_cpl vmx smx est tm2 ssse3 sdbg fma cx16 xtpr pdcm pcid sse4_1 sse4_2 x2apic movbe popcnt aes xsave avx f16c rdrand lahf_lm abm cpuid_fault invpcid_single pti tpr_shadow vnmi flexpriority ept vpid ept_ad fsgsbase tsc_adjust bmi1 avx2 smep bmi2 erms invpcid xsaveopt dtherm ida arat pln pts
Online cpus:
0-7
Offline cpus:

BIOS frequency limitation:
<Not Available>
Frequency switch latency (ns):
20000
Available cpu frequencies:
<Not Available>
Current governor:
schedutil
Core performance/turbo boost:
<Not Available>

Memory: 4k page, physical 32740680k(15944816k free), swap 32575484k(32575484k free)

vm_info: OpenJDK 64-Bit Server VM (11.0.13+8) for linux-amd64 JRE (11.0.13+8), built on Nov  9 2021 19:45:44 by "builduser" with gcc 11.1.0

END.
