#
# A fatal error has been detected by the Java Runtime Environment:
#
#  SIGSEGV (0xb) at pc=0x00007f043ead4fee, pid=2844455, tid=2844475
#
# JRE version: OpenJDK Runtime Environment (11.0.13+8) (build 11.0.13+8)
# Java VM: OpenJDK 64-Bit Server VM (11.0.13+8, mixed mode, tiered, compressed oops, g1 gc, linux-amd64)
# Problematic frame:
# V  [libjvm.so+0x5b3fee]
#
# Core dump will be written. Default location: Core dumps may be processed with "/usr/lib/systemd/systemd-coredump %P %u %g %s %t %c %h" (or dumping to /home/stepanov/workspace/guidedBBF/bbfgradle/core.2844455)
#
# If you would like to submit a bug report, please visit:
#   https://bugreport.java.com/bugreport/crash.jsp
#

---------------  S U M M A R Y ------------

Command Line: Tmp0Kt

Host: Intel(R) Core(TM) i7-4790 CPU @ 3.60GHz, 8 cores, 31G, Arch Linux
Time: Fri Dec  3 09:49:59 2021 MSK elapsed time: 0.169917 seconds (0d 0h 0m 0s)

---------------  T H R E A D  ---------------

Current thread (0x00007f03dc079000):  JavaThread "C2 CompilerThread1" daemon [_thread_in_native, id=2844475, stack(0x00007f03fafc6000,0x00007f03fb0c7000)]


Current CompileTask:
C2:    169  233 %     4       kotlin.UnsignedKt::ulongCompare @ 347 (12 bytes)

Stack: [0x00007f03fafc6000,0x00007f03fb0c7000],  sp=0x00007f03fb0c3d20,  free space=1015k
Native frames: (J=compiled Java code, A=aot compiled Java code, j=interpreted, Vv=VM code, C=native code)
V  [libjvm.so+0x5b3fee]
V  [libjvm.so+0x5b7c71]
V  [libjvm.so+0x5b7de2]
V  [libjvm.so+0x594f9d]
V  [libjvm.so+0xc34b84]
V  [libjvm.so+0x55b19c]
V  [libjvm.so+0x63045e]
V  [libjvm.so+0x55a4c5]
V  [libjvm.so+0x6394c6]
V  [libjvm.so+0x63a788]
V  [libjvm.so+0xd9c2f8]
V  [libjvm.so+0xd997d1]
V  [libjvm.so+0xc03641]


siginfo: si_signo: 11 (SIGSEGV), si_code: 1 (SEGV_MAPERR), si_addr: 0xffffffff00000000

Register to memory mapping:

RAX=0x00007f03d81017a0 points into unknown readable memory: 0x0000000000000000 | 00 00 00 00 00 00 00 00
RBX=0xffffffff00000000 is an unknown value
RCX=0x0 is NULL
RDX=0x00007f03d83895d0 points into unknown readable memory: 0x00007f03d83895e0 | e0 95 38 d8 03 7f 00 00
RSP=0x00007f03fb0c3d20 is pointing into the stack for thread: 0x00007f03dc079000
RBP=0x00007f03fb0c3d60 is pointing into the stack for thread: 0x00007f03dc079000
RSI=0x00000000000000fe is an unknown value
RDI=0x00007f03d8101720 points into unknown readable memory: 0x00007f03fb0c5970 | 70 59 0c fb 03 7f 00 00
R8 =0x00007f03fb0c5978 is pointing into the stack for thread: 0x00007f03dc079000
R9 =0x00000000ffffffff is an unknown value
R10=0x00007f03d8405410 points into unknown readable memory: 0x00000000000007f0 | f0 07 00 00 00 00 00 00
R11=0x00007f03d81010dc points into unknown readable memory: 03 7f 00 00
R12=0x00007f03dc078790 points into unknown readable memory: 0x0000000700000006 | 06 00 00 00 07 00 00 00
R13=0x00007f03d83895d0 points into unknown readable memory: 0x00007f03d83895e0 | e0 95 38 d8 03 7f 00 00
R14=0x00007f03d8101720 points into unknown readable memory: 0x00007f03fb0c5970 | 70 59 0c fb 03 7f 00 00
R15=0x00000000000000fe is an unknown value


Registers:
RAX=0x00007f03d81017a0, RBX=0xffffffff00000000, RCX=0x0000000000000000, RDX=0x00007f03d83895d0
RSP=0x00007f03fb0c3d20, RBP=0x00007f03fb0c3d60, RSI=0x00000000000000fe, RDI=0x00007f03d8101720
R8 =0x00007f03fb0c5978, R9 =0x00000000ffffffff, R10=0x00007f03d8405410, R11=0x00007f03d81010dc
R12=0x00007f03dc078790, R13=0x00007f03d83895d0, R14=0x00007f03d8101720, R15=0x00000000000000fe
RIP=0x00007f043ead4fee, EFLAGS=0x0000000000010297, CSGSFS=0x002b000000000033, ERR=0x0000000000000005
  TRAPNO=0x000000000000000e

Top of Stack: (sp=0x00007f03fb0c3d20)
0x00007f03fb0c3d20:   00007f03fb0c3dc0 00000000d83895e0
0x00007f03fb0c3d30:   00007f03d83895d0 00007f03d8101720
0x00007f03fb0c3d40:   00007f03dc078790 00007f03d83895d0
0x00007f03fb0c3d50:   00007f03d83895a0 00007f03d8385c50 

Instructions: (pc=0x00007f043ead4fee)
0x00007f043ead4eee:   85 c0 7e 35 66 0f 1f 44 00 00 49 8b 45 00 48 8b
0x00007f043ead4efe:   19 4c 8b 78 18 48 63 33 4d 01 f7 3b 73 04 74 5a
0x00007f043ead4f0e:   8d 46 01 49 83 c6 08 89 03 48 8b 43 18 49 8b 17
0x00007f043ead4f1e:   48 89 14 f0 4d 39 c6 75 d1 66 0f 6f 05 a1 b4 8e
0x00007f043ead4f2e:   00 49 89 4c 24 30 49 c7 44 24 60 00 00 00 00 41
0x00007f043ead4f3e:   0f 11 44 24 38 66 0f ef c0 41 c7 44 24 48 00 00
0x00007f043ead4f4e:   00 00 41 0f 11 44 24 50 48 83 c4 18 5b 41 5c 41
0x00007f043ead4f5e:   5d 41 5e 41 5f 5d c3 0f 1f 00 48 89 df 4c 89 45
0x00007f043ead4f6e:   c0 49 83 c6 08 48 89 4d c8 e8 34 40 00 00 48 63
0x00007f043ead4f7e:   03 4c 8b 45 c0 48 8b 4d c8 8d 50 01 4d 39 c6 89
0x00007f043ead4f8e:   13 48 8b 53 18 49 8b 37 48 89 34 c2 0f 85 58 ff
0x00007f043ead4f9e:   ff ff eb 85 66 0f 1f 44 00 00 31 d2 e9 7a fe ff
0x00007f043ead4fae:   ff 90 55 48 89 e5 41 57 4c 63 fe 41 56 49 89 fe
0x00007f043ead4fbe:   41 55 49 89 d5 41 54 53 48 83 ec 18 48 8b 07 89
0x00007f043ead4fce:   4d cc 4c 8b 00 48 8b 47 40 4a 8b 1c f8 48 85 db
0x00007f043ead4fde:   0f 84 64 01 00 00 83 7d cc 01 0f 84 02 01 00 00
0x00007f043ead4fee:   8b 03 85 c0 7e 7d 48 8b 73 18 83 e8 01 4c 8d 5c
0x00007f043ead4ffe:   c6 08 4c 8b 26 41 80 7c 24 48 00 75 5d 49 8b 55
0x00007f043ead500e:   00 8b 02 85 c0 0f 84 ae 00 00 00 49 8b 4c 24 30
0x00007f043ead501e:   48 8b 09 48 63 39 39 c7 75 40 85 ff 0f 8e 97 00
0x00007f043ead502e:   00 00 4c 8b 51 18 4c 8b 4a 18 4c 89 65 c0 31 c0
0x00007f043ead503e:   eb 15 8b 52 04 39 51 04 75 20 48 83 c0 01 48 39
0x00007f043ead504e:   f8 0f 84 8b 00 00 00 49 8b 14 c1 49 8b 0c c2 44
0x00007f043ead505e:   8b 22 44 39 21 74 db 0f 1f 00 48 83 c6 08 49 39
0x00007f043ead506e:   f3 75 8f 83 7d cc 02 0f 84 b5 01 00 00 49 8b 46
0x00007f043ead507e:   10 4c 89 c6 bf 68 00 00 00 48 8b 40 10 48 8b 40
0x00007f043ead508e:   18 4e 8b 3c f8 67 e8 57 85 e6 ff 49 89 c4 48 85
0x00007f043ead509e:   c0 74 11 4c 89 e9 4c 89 fa 4c 89 f6 48 89 c7 e8
0x00007f043ead50ae:   be fc ff ff 48 63 33 3b 73 04 74 7b 8d 46 01 89
0x00007f043ead50be:   03 48 8b 43 18 4c 89 24 f0 48 83 c4 18 4c 89 e0
0x00007f043ead50ce:   5b 41 5c 41 5d 41 5e 41 5f 5d c3 0f 1f 80 00 00
0x00007f043ead50de:   00 00 4c 8b 65 c0 eb e1 66 2e 0f 1f 84 00 00 00 


Stack slot to memory mapping:
stack at sp + 0 slots: 0x00007f03fb0c3dc0 is pointing into the stack for thread: 0x00007f03dc079000
stack at sp + 1 slots: 0x00000000d83895e0 is an unknown value
stack at sp + 2 slots: 0x00007f03d83895d0 points into unknown readable memory: 0x00007f03d83895e0 | e0 95 38 d8 03 7f 00 00
stack at sp + 3 slots: 0x00007f03d8101720 points into unknown readable memory: 0x00007f03fb0c5970 | 70 59 0c fb 03 7f 00 00
stack at sp + 4 slots: 0x00007f03dc078790 points into unknown readable memory: 0x0000000700000006 | 06 00 00 00 07 00 00 00
stack at sp + 5 slots: 0x00007f03d83895d0 points into unknown readable memory: 0x00007f03d83895e0 | e0 95 38 d8 03 7f 00 00
stack at sp + 6 slots: 0x00007f03d83895a0 points into unknown readable memory: 0x00007f03d81017b0 | b0 17 10 d8 03 7f 00 00
stack at sp + 7 slots: 0x00007f03d8385c50 points into unknown readable memory: 0x0000000000000000 | 00 00 00 00 00 00 00 00


---------------  P R O C E S S  ---------------

Threads class SMR info:
_java_thread_list=0x00007f03cc02ecb0, length=11, elements={
0x00007f0438016800, 0x00007f043825a000, 0x00007f043825e000, 0x00007f0438273000,
0x00007f0438275000, 0x00007f0438277000, 0x00007f0438279000, 0x00007f043827b800,
0x00007f043834b000, 0x00007f03dc079000, 0x00007f03cc02d800
}

Java Threads: ( => current thread )
  0x00007f0438016800 JavaThread "main" [_thread_in_Java, id=2844459, stack(0x00007f043e0ab000,0x00007f043e1ac000)]
  0x00007f043825a000 JavaThread "Reference Handler" daemon [_thread_blocked, id=2844466, stack(0x00007f0408417000,0x00007f0408518000)]
  0x00007f043825e000 JavaThread "Finalizer" daemon [_thread_blocked, id=2844467, stack(0x00007f0408316000,0x00007f0408417000)]
  0x00007f0438273000 JavaThread "Signal Dispatcher" daemon [_thread_blocked, id=2844468, stack(0x00007f03fb6ff000,0x00007f03fb800000)]
  0x00007f0438275000 JavaThread "Service Thread" daemon [_thread_blocked, id=2844469, stack(0x00007f03fb5fe000,0x00007f03fb6ff000)]
  0x00007f0438277000 JavaThread "C2 CompilerThread0" daemon [_thread_blocked, id=2844470, stack(0x00007f03fb4fd000,0x00007f03fb5fe000)]
  0x00007f0438279000 JavaThread "C1 CompilerThread0" daemon [_thread_blocked, id=2844471, stack(0x00007f03fb3fc000,0x00007f03fb4fd000)]
  0x00007f043827b800 JavaThread "Sweeper thread" daemon [_thread_blocked, id=2844472, stack(0x00007f03fb2fb000,0x00007f03fb3fc000)]
  0x00007f043834b000 JavaThread "Common-Cleaner" daemon [_thread_blocked, id=2844474, stack(0x00007f03fb0f8000,0x00007f03fb1f9000)]
=>0x00007f03dc079000 JavaThread "C2 CompilerThread1" daemon [_thread_in_native, id=2844475, stack(0x00007f03fafc6000,0x00007f03fb0c7000)]
  0x00007f03cc02d800 JavaThread "C2 CompilerThread2" daemon [_thread_blocked, id=2844476, stack(0x00007f03faec5000,0x00007f03fafc6000)]

Other Threads:
  0x00007f0438252000 VMThread "VM Thread" [stack: 0x00007f040851a000,0x00007f040861a000] [id=2844465] _threads_hazard_ptr=0x00007f03cc02ecb0
  0x00007f043833a000 WatcherThread [stack: 0x00007f03fb1fb000,0x00007f03fb2fb000] [id=2844473]
  0x00007f043802e800 GCTaskThread "GC Thread#0" [stack: 0x00007f043dd7f000,0x00007f043de7f000] [id=2844460]
  0x00007f03f0001000 GCTaskThread "GC Thread#1" [stack: 0x00007f03fadc5000,0x00007f03faec5000] [id=2844477]
  0x00007f03f0002800 GCTaskThread "GC Thread#2" [stack: 0x00007f03facc3000,0x00007f03fadc3000] [id=2844478]
  0x00007f03f0004000 GCTaskThread "GC Thread#3" [stack: 0x00007f03fabc1000,0x00007f03facc1000] [id=2844479]
  0x00007f03f0005800 GCTaskThread "GC Thread#4" [stack: 0x00007f03faabf000,0x00007f03fabbf000] [id=2844480]
  0x00007f03f0007800 GCTaskThread "GC Thread#5" [stack: 0x00007f03fa9bd000,0x00007f03faabd000] [id=2844481]
  0x00007f03f0009000 GCTaskThread "GC Thread#6" [stack: 0x00007f03fa8bb000,0x00007f03fa9bb000] [id=2844482]
  0x00007f03f000a800 GCTaskThread "GC Thread#7" [stack: 0x00007f03fa7b9000,0x00007f03fa8b9000] [id=2844483]
  0x00007f0438069000 ConcurrentGCThread "G1 Main Marker" [stack: 0x00007f043c397000,0x00007f043c497000] [id=2844461]
  0x00007f043806a800 ConcurrentGCThread "G1 Conc#0" [stack: 0x00007f043c295000,0x00007f043c395000] [id=2844462]
  0x00007f04381ec800 ConcurrentGCThread "G1 Refine#0" [stack: 0x00007f042014d000,0x00007f042024d000] [id=2844463]
  0x00007f04381ee000 ConcurrentGCThread "G1 Young RemSet Sampling" [stack: 0x00007f042004b000,0x00007f042014b000] [id=2844464]

Threads with active compile tasks:
C2 CompilerThread0    172  229       4       coverage.MyMethodBasedCoverage::putEntry (86 bytes)
C2 CompilerThread1    172  233 %     4       kotlin.UnsignedKt::ulongCompare @ 347 (12 bytes)

VM state:synchronizing (normal execution)

VM Mutex/Monitor currently owned by a thread:  ([mutex/lock_event])
[0x00007f0438012790] Safepoint_lock - owner thread: 0x00007f0438252000
[0x00007f0438012820] Threads_lock - owner thread: 0x00007f0438252000

Heap address: 0x000000060c600000, size: 7994 MB, Compressed Oops mode: Zero based, Oop shift amount: 3
Narrow klass base: 0x0000000800000000, Narrow klass shift: 0
Compressed class space size: 1073741824 Address: 0x0000000800000000

Heap:
 garbage-first heap   total 512000K, used 1030K [0x000000060c600000, 0x0000000800000000)
  region size 2048K, 2 young (4096K), 1 survivors (2048K)
 Metaspace       used 5189K, capacity 5296K, committed 5376K, reserved 1056768K
  class space    used 418K, capacity 464K, committed 512K, reserved 1048576K
Heap Regions: E=young(eden), S=young(survivor), O=old, HS=humongous(starts), HC=humongous(continues), CS=collection set, F=free, A=archive, TAMS=top-at-mark-start (previous, next)
|   0|0x000000060c600000, 0x000000060c600000, 0x000000060c800000|  0%| F|  |TAMS 0x000000060c600000, 0x000000060c600000| Untracked 
|   1|0x000000060c800000, 0x000000060c800000, 0x000000060ca00000|  0%| F|  |TAMS 0x000000060c800000, 0x000000060c800000| Untracked 
|   2|0x000000060ca00000, 0x000000060ca00000, 0x000000060cc00000|  0%| F|  |TAMS 0x000000060ca00000, 0x000000060ca00000| Untracked 
|   3|0x000000060cc00000, 0x000000060cc00000, 0x000000060ce00000|  0%| F|  |TAMS 0x000000060cc00000, 0x000000060cc00000| Untracked 
|   4|0x000000060ce00000, 0x000000060ce00000, 0x000000060d000000|  0%| F|  |TAMS 0x000000060ce00000, 0x000000060ce00000| Untracked 
|   5|0x000000060d000000, 0x000000060d000000, 0x000000060d200000|  0%| F|  |TAMS 0x000000060d000000, 0x000000060d000000| Untracked 
|   6|0x000000060d200000, 0x000000060d200000, 0x000000060d400000|  0%| F|  |TAMS 0x000000060d200000, 0x000000060d200000| Untracked 
|   7|0x000000060d400000, 0x000000060d400000, 0x000000060d600000|  0%| F|  |TAMS 0x000000060d400000, 0x000000060d400000| Untracked 
|   8|0x000000060d600000, 0x000000060d600000, 0x000000060d800000|  0%| F|  |TAMS 0x000000060d600000, 0x000000060d600000| Untracked 
|   9|0x000000060d800000, 0x000000060d800000, 0x000000060da00000|  0%| F|  |TAMS 0x000000060d800000, 0x000000060d800000| Untracked 
|  10|0x000000060da00000, 0x000000060da00000, 0x000000060dc00000|  0%| F|  |TAMS 0x000000060da00000, 0x000000060da00000| Untracked 
|  11|0x000000060dc00000, 0x000000060dc00000, 0x000000060de00000|  0%| F|  |TAMS 0x000000060dc00000, 0x000000060dc00000| Untracked 
|  12|0x000000060de00000, 0x000000060de00000, 0x000000060e000000|  0%| F|  |TAMS 0x000000060de00000, 0x000000060de00000| Untracked 
|  13|0x000000060e000000, 0x000000060e000000, 0x000000060e200000|  0%| F|  |TAMS 0x000000060e000000, 0x000000060e000000| Untracked 
|  14|0x000000060e200000, 0x000000060e200000, 0x000000060e400000|  0%| F|  |TAMS 0x000000060e200000, 0x000000060e200000| Untracked 
|  15|0x000000060e400000, 0x000000060e400000, 0x000000060e600000|  0%| F|  |TAMS 0x000000060e400000, 0x000000060e400000| Untracked 
|  16|0x000000060e600000, 0x000000060e600000, 0x000000060e800000|  0%| F|  |TAMS 0x000000060e600000, 0x000000060e600000| Untracked 
|  17|0x000000060e800000, 0x000000060e800000, 0x000000060ea00000|  0%| F|  |TAMS 0x000000060e800000, 0x000000060e800000| Untracked 
|  18|0x000000060ea00000, 0x000000060ea00000, 0x000000060ec00000|  0%| F|  |TAMS 0x000000060ea00000, 0x000000060ea00000| Untracked 
|  19|0x000000060ec00000, 0x000000060ec00000, 0x000000060ee00000|  0%| F|  |TAMS 0x000000060ec00000, 0x000000060ec00000| Untracked 
|  20|0x000000060ee00000, 0x000000060ee00000, 0x000000060f000000|  0%| F|  |TAMS 0x000000060ee00000, 0x000000060ee00000| Untracked 
|  21|0x000000060f000000, 0x000000060f000000, 0x000000060f200000|  0%| F|  |TAMS 0x000000060f000000, 0x000000060f000000| Untracked 
|  22|0x000000060f200000, 0x000000060f200000, 0x000000060f400000|  0%| F|  |TAMS 0x000000060f200000, 0x000000060f200000| Untracked 
|  23|0x000000060f400000, 0x000000060f400000, 0x000000060f600000|  0%| F|  |TAMS 0x000000060f400000, 0x000000060f400000| Untracked 
|  24|0x000000060f600000, 0x000000060f600000, 0x000000060f800000|  0%| F|  |TAMS 0x000000060f600000, 0x000000060f600000| Untracked 
|  25|0x000000060f800000, 0x000000060f800000, 0x000000060fa00000|  0%| F|  |TAMS 0x000000060f800000, 0x000000060f800000| Untracked 
|  26|0x000000060fa00000, 0x000000060fa00000, 0x000000060fc00000|  0%| F|  |TAMS 0x000000060fa00000, 0x000000060fa00000| Untracked 
|  27|0x000000060fc00000, 0x000000060fc00000, 0x000000060fe00000|  0%| F|  |TAMS 0x000000060fc00000, 0x000000060fc00000| Untracked 
|  28|0x000000060fe00000, 0x000000060fe00000, 0x0000000610000000|  0%| F|  |TAMS 0x000000060fe00000, 0x000000060fe00000| Untracked 
|  29|0x0000000610000000, 0x0000000610000000, 0x0000000610200000|  0%| F|  |TAMS 0x0000000610000000, 0x0000000610000000| Untracked 
|  30|0x0000000610200000, 0x0000000610200000, 0x0000000610400000|  0%| F|  |TAMS 0x0000000610200000, 0x0000000610200000| Untracked 
|  31|0x0000000610400000, 0x0000000610400000, 0x0000000610600000|  0%| F|  |TAMS 0x0000000610400000, 0x0000000610400000| Untracked 
|  32|0x0000000610600000, 0x0000000610600000, 0x0000000610800000|  0%| F|  |TAMS 0x0000000610600000, 0x0000000610600000| Untracked 
|  33|0x0000000610800000, 0x0000000610800000, 0x0000000610a00000|  0%| F|  |TAMS 0x0000000610800000, 0x0000000610800000| Untracked 
|  34|0x0000000610a00000, 0x0000000610a00000, 0x0000000610c00000|  0%| F|  |TAMS 0x0000000610a00000, 0x0000000610a00000| Untracked 
|  35|0x0000000610c00000, 0x0000000610c00000, 0x0000000610e00000|  0%| F|  |TAMS 0x0000000610c00000, 0x0000000610c00000| Untracked 
|  36|0x0000000610e00000, 0x0000000610e00000, 0x0000000611000000|  0%| F|  |TAMS 0x0000000610e00000, 0x0000000610e00000| Untracked 
|  37|0x0000000611000000, 0x0000000611000000, 0x0000000611200000|  0%| F|  |TAMS 0x0000000611000000, 0x0000000611000000| Untracked 
|  38|0x0000000611200000, 0x0000000611200000, 0x0000000611400000|  0%| F|  |TAMS 0x0000000611200000, 0x0000000611200000| Untracked 
|  39|0x0000000611400000, 0x0000000611400000, 0x0000000611600000|  0%| F|  |TAMS 0x0000000611400000, 0x0000000611400000| Untracked 
|  40|0x0000000611600000, 0x0000000611600000, 0x0000000611800000|  0%| F|  |TAMS 0x0000000611600000, 0x0000000611600000| Untracked 
|  41|0x0000000611800000, 0x0000000611800000, 0x0000000611a00000|  0%| F|  |TAMS 0x0000000611800000, 0x0000000611800000| Untracked 
|  42|0x0000000611a00000, 0x0000000611a00000, 0x0000000611c00000|  0%| F|  |TAMS 0x0000000611a00000, 0x0000000611a00000| Untracked 
|  43|0x0000000611c00000, 0x0000000611c00000, 0x0000000611e00000|  0%| F|  |TAMS 0x0000000611c00000, 0x0000000611c00000| Untracked 
|  44|0x0000000611e00000, 0x0000000611e00000, 0x0000000612000000|  0%| F|  |TAMS 0x0000000611e00000, 0x0000000611e00000| Untracked 
|  45|0x0000000612000000, 0x0000000612000000, 0x0000000612200000|  0%| F|  |TAMS 0x0000000612000000, 0x0000000612000000| Untracked 
|  46|0x0000000612200000, 0x0000000612200000, 0x0000000612400000|  0%| F|  |TAMS 0x0000000612200000, 0x0000000612200000| Untracked 
|  47|0x0000000612400000, 0x0000000612400000, 0x0000000612600000|  0%| F|  |TAMS 0x0000000612400000, 0x0000000612400000| Untracked 
|  48|0x0000000612600000, 0x0000000612600000, 0x0000000612800000|  0%| F|  |TAMS 0x0000000612600000, 0x0000000612600000| Untracked 
|  49|0x0000000612800000, 0x0000000612800000, 0x0000000612a00000|  0%| F|  |TAMS 0x0000000612800000, 0x0000000612800000| Untracked 
|  50|0x0000000612a00000, 0x0000000612a00000, 0x0000000612c00000|  0%| F|  |TAMS 0x0000000612a00000, 0x0000000612a00000| Untracked 
|  51|0x0000000612c00000, 0x0000000612c00000, 0x0000000612e00000|  0%| F|  |TAMS 0x0000000612c00000, 0x0000000612c00000| Untracked 
|  52|0x0000000612e00000, 0x0000000612e00000, 0x0000000613000000|  0%| F|  |TAMS 0x0000000612e00000, 0x0000000612e00000| Untracked 
|  53|0x0000000613000000, 0x0000000613000000, 0x0000000613200000|  0%| F|  |TAMS 0x0000000613000000, 0x0000000613000000| Untracked 
|  54|0x0000000613200000, 0x0000000613200000, 0x0000000613400000|  0%| F|  |TAMS 0x0000000613200000, 0x0000000613200000| Untracked 
|  55|0x0000000613400000, 0x0000000613400000, 0x0000000613600000|  0%| F|  |TAMS 0x0000000613400000, 0x0000000613400000| Untracked 
|  56|0x0000000613600000, 0x0000000613600000, 0x0000000613800000|  0%| F|  |TAMS 0x0000000613600000, 0x0000000613600000| Untracked 
|  57|0x0000000613800000, 0x0000000613800000, 0x0000000613a00000|  0%| F|  |TAMS 0x0000000613800000, 0x0000000613800000| Untracked 
|  58|0x0000000613a00000, 0x0000000613a00000, 0x0000000613c00000|  0%| F|  |TAMS 0x0000000613a00000, 0x0000000613a00000| Untracked 
|  59|0x0000000613c00000, 0x0000000613c00000, 0x0000000613e00000|  0%| F|  |TAMS 0x0000000613c00000, 0x0000000613c00000| Untracked 
|  60|0x0000000613e00000, 0x0000000613e00000, 0x0000000614000000|  0%| F|  |TAMS 0x0000000613e00000, 0x0000000613e00000| Untracked 
|  61|0x0000000614000000, 0x0000000614000000, 0x0000000614200000|  0%| F|  |TAMS 0x0000000614000000, 0x0000000614000000| Untracked 
|  62|0x0000000614200000, 0x0000000614200000, 0x0000000614400000|  0%| F|  |TAMS 0x0000000614200000, 0x0000000614200000| Untracked 
|  63|0x0000000614400000, 0x0000000614400000, 0x0000000614600000|  0%| F|  |TAMS 0x0000000614400000, 0x0000000614400000| Untracked 
|  64|0x0000000614600000, 0x0000000614600000, 0x0000000614800000|  0%| F|  |TAMS 0x0000000614600000, 0x0000000614600000| Untracked 
|  65|0x0000000614800000, 0x0000000614800000, 0x0000000614a00000|  0%| F|  |TAMS 0x0000000614800000, 0x0000000614800000| Untracked 
|  66|0x0000000614a00000, 0x0000000614a00000, 0x0000000614c00000|  0%| F|  |TAMS 0x0000000614a00000, 0x0000000614a00000| Untracked 
|  67|0x0000000614c00000, 0x0000000614c00000, 0x0000000614e00000|  0%| F|  |TAMS 0x0000000614c00000, 0x0000000614c00000| Untracked 
|  68|0x0000000614e00000, 0x0000000614e00000, 0x0000000615000000|  0%| F|  |TAMS 0x0000000614e00000, 0x0000000614e00000| Untracked 
|  69|0x0000000615000000, 0x0000000615000000, 0x0000000615200000|  0%| F|  |TAMS 0x0000000615000000, 0x0000000615000000| Untracked 
|  70|0x0000000615200000, 0x0000000615200000, 0x0000000615400000|  0%| F|  |TAMS 0x0000000615200000, 0x0000000615200000| Untracked 
|  71|0x0000000615400000, 0x0000000615400000, 0x0000000615600000|  0%| F|  |TAMS 0x0000000615400000, 0x0000000615400000| Untracked 
|  72|0x0000000615600000, 0x0000000615600000, 0x0000000615800000|  0%| F|  |TAMS 0x0000000615600000, 0x0000000615600000| Untracked 
|  73|0x0000000615800000, 0x0000000615800000, 0x0000000615a00000|  0%| F|  |TAMS 0x0000000615800000, 0x0000000615800000| Untracked 
|  74|0x0000000615a00000, 0x0000000615a00000, 0x0000000615c00000|  0%| F|  |TAMS 0x0000000615a00000, 0x0000000615a00000| Untracked 
|  75|0x0000000615c00000, 0x0000000615c00000, 0x0000000615e00000|  0%| F|  |TAMS 0x0000000615c00000, 0x0000000615c00000| Untracked 
|  76|0x0000000615e00000, 0x0000000615e00000, 0x0000000616000000|  0%| F|  |TAMS 0x0000000615e00000, 0x0000000615e00000| Untracked 
|  77|0x0000000616000000, 0x0000000616000000, 0x0000000616200000|  0%| F|  |TAMS 0x0000000616000000, 0x0000000616000000| Untracked 
|  78|0x0000000616200000, 0x0000000616200000, 0x0000000616400000|  0%| F|  |TAMS 0x0000000616200000, 0x0000000616200000| Untracked 
|  79|0x0000000616400000, 0x0000000616400000, 0x0000000616600000|  0%| F|  |TAMS 0x0000000616400000, 0x0000000616400000| Untracked 
|  80|0x0000000616600000, 0x0000000616600000, 0x0000000616800000|  0%| F|  |TAMS 0x0000000616600000, 0x0000000616600000| Untracked 
|  81|0x0000000616800000, 0x0000000616800000, 0x0000000616a00000|  0%| F|  |TAMS 0x0000000616800000, 0x0000000616800000| Untracked 
|  82|0x0000000616a00000, 0x0000000616a00000, 0x0000000616c00000|  0%| F|  |TAMS 0x0000000616a00000, 0x0000000616a00000| Untracked 
|  83|0x0000000616c00000, 0x0000000616c00000, 0x0000000616e00000|  0%| F|  |TAMS 0x0000000616c00000, 0x0000000616c00000| Untracked 
|  84|0x0000000616e00000, 0x0000000616e00000, 0x0000000617000000|  0%| F|  |TAMS 0x0000000616e00000, 0x0000000616e00000| Untracked 
|  85|0x0000000617000000, 0x0000000617000000, 0x0000000617200000|  0%| F|  |TAMS 0x0000000617000000, 0x0000000617000000| Untracked 
|  86|0x0000000617200000, 0x0000000617200000, 0x0000000617400000|  0%| F|  |TAMS 0x0000000617200000, 0x0000000617200000| Untracked 
|  87|0x0000000617400000, 0x0000000617400000, 0x0000000617600000|  0%| F|  |TAMS 0x0000000617400000, 0x0000000617400000| Untracked 
|  88|0x0000000617600000, 0x0000000617600000, 0x0000000617800000|  0%| F|  |TAMS 0x0000000617600000, 0x0000000617600000| Untracked 
|  89|0x0000000617800000, 0x0000000617800000, 0x0000000617a00000|  0%| F|  |TAMS 0x0000000617800000, 0x0000000617800000| Untracked 
|  90|0x0000000617a00000, 0x0000000617a00000, 0x0000000617c00000|  0%| F|  |TAMS 0x0000000617a00000, 0x0000000617a00000| Untracked 
|  91|0x0000000617c00000, 0x0000000617c00000, 0x0000000617e00000|  0%| F|  |TAMS 0x0000000617c00000, 0x0000000617c00000| Untracked 
|  92|0x0000000617e00000, 0x0000000617e00000, 0x0000000618000000|  0%| F|  |TAMS 0x0000000617e00000, 0x0000000617e00000| Untracked 
|  93|0x0000000618000000, 0x0000000618000000, 0x0000000618200000|  0%| F|  |TAMS 0x0000000618000000, 0x0000000618000000| Untracked 
|  94|0x0000000618200000, 0x0000000618200000, 0x0000000618400000|  0%| F|  |TAMS 0x0000000618200000, 0x0000000618200000| Untracked 
|  95|0x0000000618400000, 0x0000000618400000, 0x0000000618600000|  0%| F|  |TAMS 0x0000000618400000, 0x0000000618400000| Untracked 
|  96|0x0000000618600000, 0x0000000618600000, 0x0000000618800000|  0%| F|  |TAMS 0x0000000618600000, 0x0000000618600000| Untracked 
|  97|0x0000000618800000, 0x0000000618800000, 0x0000000618a00000|  0%| F|  |TAMS 0x0000000618800000, 0x0000000618800000| Untracked 
|  98|0x0000000618a00000, 0x0000000618a00000, 0x0000000618c00000|  0%| F|  |TAMS 0x0000000618a00000, 0x0000000618a00000| Untracked 
|  99|0x0000000618c00000, 0x0000000618c00000, 0x0000000618e00000|  0%| F|  |TAMS 0x0000000618c00000, 0x0000000618c00000| Untracked 
| 100|0x0000000618e00000, 0x0000000618e00000, 0x0000000619000000|  0%| F|  |TAMS 0x0000000618e00000, 0x0000000618e00000| Untracked 
| 101|0x0000000619000000, 0x0000000619000000, 0x0000000619200000|  0%| F|  |TAMS 0x0000000619000000, 0x0000000619000000| Untracked 
| 102|0x0000000619200000, 0x0000000619200000, 0x0000000619400000|  0%| F|  |TAMS 0x0000000619200000, 0x0000000619200000| Untracked 
| 103|0x0000000619400000, 0x0000000619400000, 0x0000000619600000|  0%| F|  |TAMS 0x0000000619400000, 0x0000000619400000| Untracked 
| 104|0x0000000619600000, 0x0000000619600000, 0x0000000619800000|  0%| F|  |TAMS 0x0000000619600000, 0x0000000619600000| Untracked 
| 105|0x0000000619800000, 0x0000000619800000, 0x0000000619a00000|  0%| F|  |TAMS 0x0000000619800000, 0x0000000619800000| Untracked 
| 106|0x0000000619a00000, 0x0000000619a00000, 0x0000000619c00000|  0%| F|  |TAMS 0x0000000619a00000, 0x0000000619a00000| Untracked 
| 107|0x0000000619c00000, 0x0000000619c00000, 0x0000000619e00000|  0%| F|  |TAMS 0x0000000619c00000, 0x0000000619c00000| Untracked 
| 108|0x0000000619e00000, 0x0000000619e00000, 0x000000061a000000|  0%| F|  |TAMS 0x0000000619e00000, 0x0000000619e00000| Untracked 
| 109|0x000000061a000000, 0x000000061a000000, 0x000000061a200000|  0%| F|  |TAMS 0x000000061a000000, 0x000000061a000000| Untracked 
| 110|0x000000061a200000, 0x000000061a200000, 0x000000061a400000|  0%| F|  |TAMS 0x000000061a200000, 0x000000061a200000| Untracked 
| 111|0x000000061a400000, 0x000000061a400000, 0x000000061a600000|  0%| F|  |TAMS 0x000000061a400000, 0x000000061a400000| Untracked 
| 112|0x000000061a600000, 0x000000061a600000, 0x000000061a800000|  0%| F|  |TAMS 0x000000061a600000, 0x000000061a600000| Untracked 
| 113|0x000000061a800000, 0x000000061a800000, 0x000000061aa00000|  0%| F|  |TAMS 0x000000061a800000, 0x000000061a800000| Untracked 
| 114|0x000000061aa00000, 0x000000061aa00000, 0x000000061ac00000|  0%| F|  |TAMS 0x000000061aa00000, 0x000000061aa00000| Untracked 
| 115|0x000000061ac00000, 0x000000061ac00000, 0x000000061ae00000|  0%| F|  |TAMS 0x000000061ac00000, 0x000000061ac00000| Untracked 
| 116|0x000000061ae00000, 0x000000061ae00000, 0x000000061b000000|  0%| F|  |TAMS 0x000000061ae00000, 0x000000061ae00000| Untracked 
| 117|0x000000061b000000, 0x000000061b000000, 0x000000061b200000|  0%| F|  |TAMS 0x000000061b000000, 0x000000061b000000| Untracked 
| 118|0x000000061b200000, 0x000000061b200000, 0x000000061b400000|  0%| F|  |TAMS 0x000000061b200000, 0x000000061b200000| Untracked 
| 119|0x000000061b400000, 0x000000061b400000, 0x000000061b600000|  0%| F|  |TAMS 0x000000061b400000, 0x000000061b400000| Untracked 
| 120|0x000000061b600000, 0x000000061b600000, 0x000000061b800000|  0%| F|  |TAMS 0x000000061b600000, 0x000000061b600000| Untracked 
| 121|0x000000061b800000, 0x000000061b800000, 0x000000061ba00000|  0%| F|  |TAMS 0x000000061b800000, 0x000000061b800000| Untracked 
| 122|0x000000061ba00000, 0x000000061ba00000, 0x000000061bc00000|  0%| F|  |TAMS 0x000000061ba00000, 0x000000061ba00000| Untracked 
| 123|0x000000061bc00000, 0x000000061bc00000, 0x000000061be00000|  0%| F|  |TAMS 0x000000061bc00000, 0x000000061bc00000| Untracked 
| 124|0x000000061be00000, 0x000000061be00000, 0x000000061c000000|  0%| F|  |TAMS 0x000000061be00000, 0x000000061be00000| Untracked 
| 125|0x000000061c000000, 0x000000061c000000, 0x000000061c200000|  0%| F|  |TAMS 0x000000061c000000, 0x000000061c000000| Untracked 
| 126|0x000000061c200000, 0x000000061c200000, 0x000000061c400000|  0%| F|  |TAMS 0x000000061c200000, 0x000000061c200000| Untracked 
| 127|0x000000061c400000, 0x000000061c400000, 0x000000061c600000|  0%| F|  |TAMS 0x000000061c400000, 0x000000061c400000| Untracked 
| 128|0x000000061c600000, 0x000000061c600000, 0x000000061c800000|  0%| F|  |TAMS 0x000000061c600000, 0x000000061c600000| Untracked 
| 129|0x000000061c800000, 0x000000061c800000, 0x000000061ca00000|  0%| F|  |TAMS 0x000000061c800000, 0x000000061c800000| Untracked 
| 130|0x000000061ca00000, 0x000000061ca00000, 0x000000061cc00000|  0%| F|  |TAMS 0x000000061ca00000, 0x000000061ca00000| Untracked 
| 131|0x000000061cc00000, 0x000000061cc00000, 0x000000061ce00000|  0%| F|  |TAMS 0x000000061cc00000, 0x000000061cc00000| Untracked 
| 132|0x000000061ce00000, 0x000000061ce00000, 0x000000061d000000|  0%| F|  |TAMS 0x000000061ce00000, 0x000000061ce00000| Untracked 
| 133|0x000000061d000000, 0x000000061d000000, 0x000000061d200000|  0%| F|  |TAMS 0x000000061d000000, 0x000000061d000000| Untracked 
| 134|0x000000061d200000, 0x000000061d200000, 0x000000061d400000|  0%| F|  |TAMS 0x000000061d200000, 0x000000061d200000| Untracked 
| 135|0x000000061d400000, 0x000000061d400000, 0x000000061d600000|  0%| F|  |TAMS 0x000000061d400000, 0x000000061d400000| Untracked 
| 136|0x000000061d600000, 0x000000061d600000, 0x000000061d800000|  0%| F|  |TAMS 0x000000061d600000, 0x000000061d600000| Untracked 
| 137|0x000000061d800000, 0x000000061d800000, 0x000000061da00000|  0%| F|  |TAMS 0x000000061d800000, 0x000000061d800000| Untracked 
| 138|0x000000061da00000, 0x000000061da00000, 0x000000061dc00000|  0%| F|  |TAMS 0x000000061da00000, 0x000000061da00000| Untracked 
| 139|0x000000061dc00000, 0x000000061dc00000, 0x000000061de00000|  0%| F|  |TAMS 0x000000061dc00000, 0x000000061dc00000| Untracked 
| 140|0x000000061de00000, 0x000000061de00000, 0x000000061e000000|  0%| F|  |TAMS 0x000000061de00000, 0x000000061de00000| Untracked 
| 141|0x000000061e000000, 0x000000061e000000, 0x000000061e200000|  0%| F|  |TAMS 0x000000061e000000, 0x000000061e000000| Untracked 
| 142|0x000000061e200000, 0x000000061e200000, 0x000000061e400000|  0%| F|  |TAMS 0x000000061e200000, 0x000000061e200000| Untracked 
| 143|0x000000061e400000, 0x000000061e400000, 0x000000061e600000|  0%| F|  |TAMS 0x000000061e400000, 0x000000061e400000| Untracked 
| 144|0x000000061e600000, 0x000000061e600000, 0x000000061e800000|  0%| F|  |TAMS 0x000000061e600000, 0x000000061e600000| Untracked 
| 145|0x000000061e800000, 0x000000061e800000, 0x000000061ea00000|  0%| F|  |TAMS 0x000000061e800000, 0x000000061e800000| Untracked 
| 146|0x000000061ea00000, 0x000000061ea00000, 0x000000061ec00000|  0%| F|  |TAMS 0x000000061ea00000, 0x000000061ea00000| Untracked 
| 147|0x000000061ec00000, 0x000000061ec00000, 0x000000061ee00000|  0%| F|  |TAMS 0x000000061ec00000, 0x000000061ec00000| Untracked 
| 148|0x000000061ee00000, 0x000000061ee00000, 0x000000061f000000|  0%| F|  |TAMS 0x000000061ee00000, 0x000000061ee00000| Untracked 
| 149|0x000000061f000000, 0x000000061f000000, 0x000000061f200000|  0%| F|  |TAMS 0x000000061f000000, 0x000000061f000000| Untracked 
| 150|0x000000061f200000, 0x000000061f200000, 0x000000061f400000|  0%| F|  |TAMS 0x000000061f200000, 0x000000061f200000| Untracked 
| 151|0x000000061f400000, 0x000000061f400000, 0x000000061f600000|  0%| F|  |TAMS 0x000000061f400000, 0x000000061f400000| Untracked 
| 152|0x000000061f600000, 0x000000061f600000, 0x000000061f800000|  0%| F|  |TAMS 0x000000061f600000, 0x000000061f600000| Untracked 
| 153|0x000000061f800000, 0x000000061f800000, 0x000000061fa00000|  0%| F|  |TAMS 0x000000061f800000, 0x000000061f800000| Untracked 
| 154|0x000000061fa00000, 0x000000061fa00000, 0x000000061fc00000|  0%| F|  |TAMS 0x000000061fa00000, 0x000000061fa00000| Untracked 
| 155|0x000000061fc00000, 0x000000061fc00000, 0x000000061fe00000|  0%| F|  |TAMS 0x000000061fc00000, 0x000000061fc00000| Untracked 
| 156|0x000000061fe00000, 0x000000061fe00000, 0x0000000620000000|  0%| F|  |TAMS 0x000000061fe00000, 0x000000061fe00000| Untracked 
| 157|0x0000000620000000, 0x0000000620000000, 0x0000000620200000|  0%| F|  |TAMS 0x0000000620000000, 0x0000000620000000| Untracked 
| 158|0x0000000620200000, 0x0000000620200000, 0x0000000620400000|  0%| F|  |TAMS 0x0000000620200000, 0x0000000620200000| Untracked 
| 159|0x0000000620400000, 0x0000000620400000, 0x0000000620600000|  0%| F|  |TAMS 0x0000000620400000, 0x0000000620400000| Untracked 
| 160|0x0000000620600000, 0x0000000620600000, 0x0000000620800000|  0%| F|  |TAMS 0x0000000620600000, 0x0000000620600000| Untracked 
| 161|0x0000000620800000, 0x0000000620800000, 0x0000000620a00000|  0%| F|  |TAMS 0x0000000620800000, 0x0000000620800000| Untracked 
| 162|0x0000000620a00000, 0x0000000620a00000, 0x0000000620c00000|  0%| F|  |TAMS 0x0000000620a00000, 0x0000000620a00000| Untracked 
| 163|0x0000000620c00000, 0x0000000620c00000, 0x0000000620e00000|  0%| F|  |TAMS 0x0000000620c00000, 0x0000000620c00000| Untracked 
| 164|0x0000000620e00000, 0x0000000620e00000, 0x0000000621000000|  0%| F|  |TAMS 0x0000000620e00000, 0x0000000620e00000| Untracked 
| 165|0x0000000621000000, 0x0000000621000000, 0x0000000621200000|  0%| F|  |TAMS 0x0000000621000000, 0x0000000621000000| Untracked 
| 166|0x0000000621200000, 0x0000000621200000, 0x0000000621400000|  0%| F|  |TAMS 0x0000000621200000, 0x0000000621200000| Untracked 
| 167|0x0000000621400000, 0x0000000621400000, 0x0000000621600000|  0%| F|  |TAMS 0x0000000621400000, 0x0000000621400000| Untracked 
| 168|0x0000000621600000, 0x0000000621600000, 0x0000000621800000|  0%| F|  |TAMS 0x0000000621600000, 0x0000000621600000| Untracked 
| 169|0x0000000621800000, 0x0000000621800000, 0x0000000621a00000|  0%| F|  |TAMS 0x0000000621800000, 0x0000000621800000| Untracked 
| 170|0x0000000621a00000, 0x0000000621a00000, 0x0000000621c00000|  0%| F|  |TAMS 0x0000000621a00000, 0x0000000621a00000| Untracked 
| 171|0x0000000621c00000, 0x0000000621c00000, 0x0000000621e00000|  0%| F|  |TAMS 0x0000000621c00000, 0x0000000621c00000| Untracked 
| 172|0x0000000621e00000, 0x0000000621e00000, 0x0000000622000000|  0%| F|  |TAMS 0x0000000621e00000, 0x0000000621e00000| Untracked 
| 173|0x0000000622000000, 0x0000000622000000, 0x0000000622200000|  0%| F|  |TAMS 0x0000000622000000, 0x0000000622000000| Untracked 
| 174|0x0000000622200000, 0x0000000622200000, 0x0000000622400000|  0%| F|  |TAMS 0x0000000622200000, 0x0000000622200000| Untracked 
| 175|0x0000000622400000, 0x0000000622400000, 0x0000000622600000|  0%| F|  |TAMS 0x0000000622400000, 0x0000000622400000| Untracked 
| 176|0x0000000622600000, 0x0000000622600000, 0x0000000622800000|  0%| F|  |TAMS 0x0000000622600000, 0x0000000622600000| Untracked 
| 177|0x0000000622800000, 0x0000000622800000, 0x0000000622a00000|  0%| F|  |TAMS 0x0000000622800000, 0x0000000622800000| Untracked 
| 178|0x0000000622a00000, 0x0000000622a00000, 0x0000000622c00000|  0%| F|  |TAMS 0x0000000622a00000, 0x0000000622a00000| Untracked 
| 179|0x0000000622c00000, 0x0000000622c00000, 0x0000000622e00000|  0%| F|  |TAMS 0x0000000622c00000, 0x0000000622c00000| Untracked 
| 180|0x0000000622e00000, 0x0000000622e00000, 0x0000000623000000|  0%| F|  |TAMS 0x0000000622e00000, 0x0000000622e00000| Untracked 
| 181|0x0000000623000000, 0x0000000623000000, 0x0000000623200000|  0%| F|  |TAMS 0x0000000623000000, 0x0000000623000000| Untracked 
| 182|0x0000000623200000, 0x0000000623200000, 0x0000000623400000|  0%| F|  |TAMS 0x0000000623200000, 0x0000000623200000| Untracked 
| 183|0x0000000623400000, 0x0000000623400000, 0x0000000623600000|  0%| F|  |TAMS 0x0000000623400000, 0x0000000623400000| Untracked 
| 184|0x0000000623600000, 0x0000000623600000, 0x0000000623800000|  0%| F|  |TAMS 0x0000000623600000, 0x0000000623600000| Untracked 
| 185|0x0000000623800000, 0x0000000623800000, 0x0000000623a00000|  0%| F|  |TAMS 0x0000000623800000, 0x0000000623800000| Untracked 
| 186|0x0000000623a00000, 0x0000000623a00000, 0x0000000623c00000|  0%| F|  |TAMS 0x0000000623a00000, 0x0000000623a00000| Untracked 
| 187|0x0000000623c00000, 0x0000000623c00000, 0x0000000623e00000|  0%| F|  |TAMS 0x0000000623c00000, 0x0000000623c00000| Untracked 
| 188|0x0000000623e00000, 0x0000000623e00000, 0x0000000624000000|  0%| F|  |TAMS 0x0000000623e00000, 0x0000000623e00000| Untracked 
| 189|0x0000000624000000, 0x0000000624000000, 0x0000000624200000|  0%| F|  |TAMS 0x0000000624000000, 0x0000000624000000| Untracked 
| 190|0x0000000624200000, 0x0000000624200000, 0x0000000624400000|  0%| F|  |TAMS 0x0000000624200000, 0x0000000624200000| Untracked 
| 191|0x0000000624400000, 0x0000000624400000, 0x0000000624600000|  0%| F|  |TAMS 0x0000000624400000, 0x0000000624400000| Untracked 
| 192|0x0000000624600000, 0x0000000624600000, 0x0000000624800000|  0%| F|  |TAMS 0x0000000624600000, 0x0000000624600000| Untracked 
| 193|0x0000000624800000, 0x0000000624800000, 0x0000000624a00000|  0%| F|  |TAMS 0x0000000624800000, 0x0000000624800000| Untracked 
| 194|0x0000000624a00000, 0x0000000624a00000, 0x0000000624c00000|  0%| F|  |TAMS 0x0000000624a00000, 0x0000000624a00000| Untracked 
| 195|0x0000000624c00000, 0x0000000624c00000, 0x0000000624e00000|  0%| F|  |TAMS 0x0000000624c00000, 0x0000000624c00000| Untracked 
| 196|0x0000000624e00000, 0x0000000624e00000, 0x0000000625000000|  0%| F|  |TAMS 0x0000000624e00000, 0x0000000624e00000| Untracked 
| 197|0x0000000625000000, 0x0000000625000000, 0x0000000625200000|  0%| F|  |TAMS 0x0000000625000000, 0x0000000625000000| Untracked 
| 198|0x0000000625200000, 0x0000000625200000, 0x0000000625400000|  0%| F|  |TAMS 0x0000000625200000, 0x0000000625200000| Untracked 
| 199|0x0000000625400000, 0x0000000625400000, 0x0000000625600000|  0%| F|  |TAMS 0x0000000625400000, 0x0000000625400000| Untracked 
| 200|0x0000000625600000, 0x0000000625600000, 0x0000000625800000|  0%| F|  |TAMS 0x0000000625600000, 0x0000000625600000| Untracked 
| 201|0x0000000625800000, 0x0000000625800000, 0x0000000625a00000|  0%| F|  |TAMS 0x0000000625800000, 0x0000000625800000| Untracked 
| 202|0x0000000625a00000, 0x0000000625a00000, 0x0000000625c00000|  0%| F|  |TAMS 0x0000000625a00000, 0x0000000625a00000| Untracked 
| 203|0x0000000625c00000, 0x0000000625c00000, 0x0000000625e00000|  0%| F|  |TAMS 0x0000000625c00000, 0x0000000625c00000| Untracked 
| 204|0x0000000625e00000, 0x0000000625e00000, 0x0000000626000000|  0%| F|  |TAMS 0x0000000625e00000, 0x0000000625e00000| Untracked 
| 205|0x0000000626000000, 0x0000000626000000, 0x0000000626200000|  0%| F|  |TAMS 0x0000000626000000, 0x0000000626000000| Untracked 
| 206|0x0000000626200000, 0x0000000626200000, 0x0000000626400000|  0%| F|  |TAMS 0x0000000626200000, 0x0000000626200000| Untracked 
| 207|0x0000000626400000, 0x0000000626400000, 0x0000000626600000|  0%| F|  |TAMS 0x0000000626400000, 0x0000000626400000| Untracked 
| 208|0x0000000626600000, 0x0000000626600000, 0x0000000626800000|  0%| F|  |TAMS 0x0000000626600000, 0x0000000626600000| Untracked 
| 209|0x0000000626800000, 0x0000000626800000, 0x0000000626a00000|  0%| F|  |TAMS 0x0000000626800000, 0x0000000626800000| Untracked 
| 210|0x0000000626a00000, 0x0000000626a00000, 0x0000000626c00000|  0%| F|  |TAMS 0x0000000626a00000, 0x0000000626a00000| Untracked 
| 211|0x0000000626c00000, 0x0000000626c00000, 0x0000000626e00000|  0%| F|  |TAMS 0x0000000626c00000, 0x0000000626c00000| Untracked 
| 212|0x0000000626e00000, 0x0000000626e00000, 0x0000000627000000|  0%| F|  |TAMS 0x0000000626e00000, 0x0000000626e00000| Untracked 
| 213|0x0000000627000000, 0x0000000627000000, 0x0000000627200000|  0%| F|  |TAMS 0x0000000627000000, 0x0000000627000000| Untracked 
| 214|0x0000000627200000, 0x0000000627200000, 0x0000000627400000|  0%| F|  |TAMS 0x0000000627200000, 0x0000000627200000| Untracked 
| 215|0x0000000627400000, 0x0000000627400000, 0x0000000627600000|  0%| F|  |TAMS 0x0000000627400000, 0x0000000627400000| Untracked 
| 216|0x0000000627600000, 0x0000000627600000, 0x0000000627800000|  0%| F|  |TAMS 0x0000000627600000, 0x0000000627600000| Untracked 
| 217|0x0000000627800000, 0x0000000627800000, 0x0000000627a00000|  0%| F|  |TAMS 0x0000000627800000, 0x0000000627800000| Untracked 
| 218|0x0000000627a00000, 0x0000000627a00000, 0x0000000627c00000|  0%| F|  |TAMS 0x0000000627a00000, 0x0000000627a00000| Untracked 
| 219|0x0000000627c00000, 0x0000000627c00000, 0x0000000627e00000|  0%| F|  |TAMS 0x0000000627c00000, 0x0000000627c00000| Untracked 
| 220|0x0000000627e00000, 0x0000000627e00000, 0x0000000628000000|  0%| F|  |TAMS 0x0000000627e00000, 0x0000000627e00000| Untracked 
| 221|0x0000000628000000, 0x0000000628000000, 0x0000000628200000|  0%| F|  |TAMS 0x0000000628000000, 0x0000000628000000| Untracked 
| 222|0x0000000628200000, 0x0000000628200000, 0x0000000628400000|  0%| F|  |TAMS 0x0000000628200000, 0x0000000628200000| Untracked 
| 223|0x0000000628400000, 0x0000000628400000, 0x0000000628600000|  0%| F|  |TAMS 0x0000000628400000, 0x0000000628400000| Untracked 
| 224|0x0000000628600000, 0x0000000628600000, 0x0000000628800000|  0%| F|  |TAMS 0x0000000628600000, 0x0000000628600000| Untracked 
| 225|0x0000000628800000, 0x0000000628800000, 0x0000000628a00000|  0%| F|  |TAMS 0x0000000628800000, 0x0000000628800000| Untracked 
| 226|0x0000000628a00000, 0x0000000628a00000, 0x0000000628c00000|  0%| F|  |TAMS 0x0000000628a00000, 0x0000000628a00000| Untracked 
| 227|0x0000000628c00000, 0x0000000628c00000, 0x0000000628e00000|  0%| F|  |TAMS 0x0000000628c00000, 0x0000000628c00000| Untracked 
| 228|0x0000000628e00000, 0x0000000628e00000, 0x0000000629000000|  0%| F|  |TAMS 0x0000000628e00000, 0x0000000628e00000| Untracked 
| 229|0x0000000629000000, 0x0000000629000000, 0x0000000629200000|  0%| F|  |TAMS 0x0000000629000000, 0x0000000629000000| Untracked 
| 230|0x0000000629200000, 0x0000000629200000, 0x0000000629400000|  0%| F|  |TAMS 0x0000000629200000, 0x0000000629200000| Untracked 
| 231|0x0000000629400000, 0x0000000629400000, 0x0000000629600000|  0%| F|  |TAMS 0x0000000629400000, 0x0000000629400000| Untracked 
| 232|0x0000000629600000, 0x0000000629600000, 0x0000000629800000|  0%| F|  |TAMS 0x0000000629600000, 0x0000000629600000| Untracked 
| 233|0x0000000629800000, 0x0000000629800000, 0x0000000629a00000|  0%| F|  |TAMS 0x0000000629800000, 0x0000000629800000| Untracked 
| 234|0x0000000629a00000, 0x0000000629a00000, 0x0000000629c00000|  0%| F|  |TAMS 0x0000000629a00000, 0x0000000629a00000| Untracked 
| 235|0x0000000629c00000, 0x0000000629c00000, 0x0000000629e00000|  0%| F|  |TAMS 0x0000000629c00000, 0x0000000629c00000| Untracked 
| 236|0x0000000629e00000, 0x0000000629e00000, 0x000000062a000000|  0%| F|  |TAMS 0x0000000629e00000, 0x0000000629e00000| Untracked 
| 237|0x000000062a000000, 0x000000062a101878, 0x000000062a200000| 50%| S|CS|TAMS 0x000000062a000000, 0x000000062a000000| Complete 
| 238|0x000000062a200000, 0x000000062a200000, 0x000000062a400000|  0%| F|  |TAMS 0x000000062a200000, 0x000000062a200000| Untracked 
| 239|0x000000062a400000, 0x000000062a400000, 0x000000062a600000|  0%| F|  |TAMS 0x000000062a400000, 0x000000062a400000| Untracked 
| 240|0x000000062a600000, 0x000000062a600000, 0x000000062a800000|  0%| F|  |TAMS 0x000000062a600000, 0x000000062a600000| Untracked 
| 241|0x000000062a800000, 0x000000062a800000, 0x000000062aa00000|  0%| F|  |TAMS 0x000000062a800000, 0x000000062a800000| Untracked 
| 242|0x000000062aa00000, 0x000000062aa00000, 0x000000062ac00000|  0%| F|  |TAMS 0x000000062aa00000, 0x000000062aa00000| Untracked 
| 243|0x000000062ac00000, 0x000000062ac00000, 0x000000062ae00000|  0%| F|  |TAMS 0x000000062ac00000, 0x000000062ac00000| Untracked 
| 244|0x000000062ae00000, 0x000000062ae00000, 0x000000062b000000|  0%| F|  |TAMS 0x000000062ae00000, 0x000000062ae00000| Untracked 
| 245|0x000000062b000000, 0x000000062b000000, 0x000000062b200000|  0%| F|  |TAMS 0x000000062b000000, 0x000000062b000000| Untracked 
| 246|0x000000062b200000, 0x000000062b200000, 0x000000062b400000|  0%| F|  |TAMS 0x000000062b200000, 0x000000062b200000| Untracked 
| 247|0x000000062b400000, 0x000000062b400000, 0x000000062b600000|  0%| F|  |TAMS 0x000000062b400000, 0x000000062b400000| Untracked 
| 248|0x000000062b600000, 0x000000062b600000, 0x000000062b800000|  0%| F|  |TAMS 0x000000062b600000, 0x000000062b600000| Untracked 
| 249|0x000000062b800000, 0x000000062b900800, 0x000000062ba00000| 50%| E|  |TAMS 0x000000062b800000, 0x000000062b800000| Complete 

Card table byte_map: [0x00007f041b063000,0x00007f041c000000] _byte_map_base: 0x00007f0418000000

Marking Bits (Prev, Next): (CMBitMap*) 0x00007f04380583e8, (CMBitMap*) 0x00007f0438058420
 Prev Bits: [0x00007f04123de000, 0x00007f041a0c6000)
 Next Bits: [0x00007f040a6f6000, 0x00007f04123de000)

Polling page: 0x00007f043f951000

Metaspace:

Usage:
  Non-class:      4.72 MB capacity,     4.66 MB ( 99%) used,    59.94 KB (  1%) free+waste,     1.25 KB ( <1%) overhead. 
      Class:    464.00 KB capacity,   418.24 KB ( 90%) used,    45.07 KB ( 10%) free+waste,   704 bytes ( <1%) overhead. 
       Both:      5.17 MB capacity,     5.07 MB ( 98%) used,   105.01 KB (  2%) free+waste,     1.94 KB ( <1%) overhead. 

Virtual space:
  Non-class space:        8.00 MB reserved,       4.75 MB ( 59%) committed 
      Class space:        1.00 GB reserved,     512.00 KB ( <1%) committed 
             Both:        1.01 GB reserved,       5.25 MB ( <1%) committed 

Chunk freelists:
   Non-Class:  32.00 KB
       Class:  16.00 KB
        Both:  48.00 KB

MaxMetaspaceSize: unlimited
CompressedClassSpaceSize: 1.00 GB
Initial GC threshold: 20.80 MB
Current GC threshold: 20.80 MB
CDS: off

CodeHeap 'non-profiled nmethods': size=120032Kb used=101Kb max_used=101Kb free=119930Kb
 bounds [0x00007f042831b000, 0x00007f042858b000, 0x00007f042f853000]
CodeHeap 'profiled nmethods': size=120028Kb used=320Kb max_used=320Kb free=119707Kb
 bounds [0x00007f0420de4000, 0x00007f0421054000, 0x00007f042831b000]
CodeHeap 'non-nmethods': size=5700Kb used=1065Kb max_used=1084Kb free=4634Kb
 bounds [0x00007f0420853000, 0x00007f0420ac3000, 0x00007f0420de4000]
 total_blobs=526 nmethods=231 adapters=208
 compilation: enabled
              stopped_count=0, restarted_count=0
 full_count=0

Compilation events (20 events):
Event: 0.136 Thread 0x00007f03dc079000  227       4       kotlin.jvm.internal.Intrinsics::checkNotNullExpressionValue (38 bytes)
Event: 0.136 Thread 0x00007f03cc02d800 nmethod 225 0x00007f0428330d10 code [0x00007f0428330ec0, 0x00007f0428331458]
Event: 0.136 Thread 0x00007f03cc02d800  228       4       coverage.CoverageEntry::<init> (51 bytes)
Event: 0.136 Thread 0x00007f03dc079000 nmethod 227 0x00007f0428331910 code [0x00007f0428331aa0, 0x00007f0428331af8]
Event: 0.136 Thread 0x00007f03dc079000  218       4       kotlin.ULong::constructor-impl (2 bytes)
Event: 0.136 Thread 0x00007f03dc079000 nmethod 218 0x00007f0428331c10 code [0x00007f0428331da0, 0x00007f0428331dd8]
Event: 0.136 Thread 0x00007f03dc079000  217       4       kotlin.UnsignedKt::ulongCompare (12 bytes)
Event: 0.136 Thread 0x00007f03dc079000 nmethod 217 0x00007f0428331f10 code [0x00007f04283320a0, 0x00007f04283320f8]
Event: 0.136 Thread 0x00007f03dc079000  215       4       coverage.CoverageEntry::compareParamsAndRtv (134 bytes)
Event: 0.140 Thread 0x00007f03cc02d800 nmethod 228 0x00007f0428332210 code [0x00007f04283323a0, 0x00007f0428332818]
Event: 0.140 Thread 0x00007f03cc02d800  230       4       java.util.LinkedHashMap::afterNodeAccess (116 bytes)
Event: 0.140 Thread 0x00007f03cc02d800 nmethod 230 0x00007f0428332990 code [0x00007f0428332b20, 0x00007f0428332b98]
Event: 0.140 Thread 0x00007f03cc02d800  214       4       coverage.CoverageEntry::isSameEntries (61 bytes)
Event: 0.141 Thread 0x00007f03dc079000 nmethod 215 0x00007f0428332c90 code [0x00007f0428332e40, 0x00007f04283332d8]
Event: 0.146 Thread 0x00007f03cc02d800 nmethod 214 0x00007f0428333790 code [0x00007f0428333960, 0x00007f0428333e98]
Event: 0.150 Thread 0x00007f0438279000  231 %     3       Tmp0Kt::testULongLoop @ 235 (439 bytes)
Event: 0.151 Thread 0x00007f0438279000 nmethod 231% 0x00007f0420e2ff90 code [0x00007f0420e30380, 0x00007f0420e316f0]
Event: 0.152 Thread 0x00007f0438279000  232       3       Tmp0Kt::testULongLoop (439 bytes)
Event: 0.152 Thread 0x00007f0438279000 nmethod 232 0x00007f0420e32090 code [0x00007f0420e32480, 0x00007f0420e33770]
Event: 0.154 Thread 0x00007f03dc079000  233 %     4       kotlin.UnsignedKt::ulongCompare @ 347 (12 bytes)

GC Heap History (0 events):
No events

Deoptimization events (4 events):
Event: 0.053 Thread 0x00007f0438016800 Uncommon trap: trap_request=0xffffff4d fr.pc=0x00007f042831f30c relative=0x00000000000001ec
Event: 0.053 Thread 0x00007f0438016800 Uncommon trap: reason=unstable_if action=reinterpret pc=0x00007f042831f30c method=java.lang.String.hashCode()I @ 14 c2
Event: 0.053 Thread 0x00007f0438016800 DEOPT PACKING pc=0x00007f042831f30c sp=0x00007f043e1a90d0
Event: 0.053 Thread 0x00007f0438016800 DEOPT UNPACKING pc=0x00007f042089cea5 sp=0x00007f043e1a9088 mode 2

Classes redefined (0 events):
No events

Internal exceptions (0 events):
No events

Events (20 events):
Event: 0.085 loading class kotlin/ULong$Companion
Event: 0.085 loading class kotlin/ULong$Companion done
Event: 0.085 loading class kotlin/UInt
Event: 0.085 loading class kotlin/UInt done
Event: 0.085 loading class kotlin/UInt$Companion
Event: 0.085 loading class kotlin/UInt$Companion done
Event: 0.085 loading class java/util/AbstractList$ListItr
Event: 0.085 loading class java/util/AbstractList$Itr
Event: 0.085 loading class java/util/AbstractList$Itr done
Event: 0.085 loading class java/util/AbstractList$ListItr done
Event: 0.086 loading class kotlin/UnsignedKt
Event: 0.086 loading class kotlin/UnsignedKt done
Event: 0.086 loading class kotlin/ranges/URangesKt
Event: 0.086 loading class kotlin/ranges/URangesKt done
Event: 0.086 loading class kotlin/ranges/URangesKt___URangesKt
Event: 0.086 loading class kotlin/ranges/URangesKt___URangesKt done
Event: 0.093 Thread 0x00007f03dc079000 Thread added: 0x00007f03dc079000
Event: 0.093 Protecting memory [0x00007f03fafc6000,0x00007f03fafca000] with protection modes 0
Event: 0.095 Thread 0x00007f03cc02d800 Thread added: 0x00007f03cc02d800
Event: 0.095 Protecting memory [0x00007f03faec5000,0x00007f03faec9000] with protection modes 0


Dynamic libraries:
60c600000-62ba00000 rw-p 00000000 00:00 0 
62ba00000-800000000 ---p 00000000 00:00 0 
800000000-800080000 rw-p 00000000 00:00 0 
800080000-840000000 ---p 00000000 00:00 0 
5607cc286000-5607cc287000 r--p 00000000 08:02 1968997                    /usr/lib/jvm/java-11-openjdk/bin/java
5607cc287000-5607cc288000 r-xp 00001000 08:02 1968997                    /usr/lib/jvm/java-11-openjdk/bin/java
5607cc288000-5607cc289000 r--p 00002000 08:02 1968997                    /usr/lib/jvm/java-11-openjdk/bin/java
5607cc289000-5607cc28a000 r--p 00002000 08:02 1968997                    /usr/lib/jvm/java-11-openjdk/bin/java
5607cc28a000-5607cc28b000 rw-p 00003000 08:02 1968997                    /usr/lib/jvm/java-11-openjdk/bin/java
5607ce1bc000-5607ce1dd000 rw-p 00000000 00:00 0                          [heap]
7f03a8000000-7f03a8021000 rw-p 00000000 00:00 0 
7f03a8021000-7f03ac000000 ---p 00000000 00:00 0 
7f03ac000000-7f03ac021000 rw-p 00000000 00:00 0 
7f03ac021000-7f03b0000000 ---p 00000000 00:00 0 
7f03b0000000-7f03b0021000 rw-p 00000000 00:00 0 
7f03b0021000-7f03b4000000 ---p 00000000 00:00 0 
7f03b4000000-7f03b4021000 rw-p 00000000 00:00 0 
7f03b4021000-7f03b8000000 ---p 00000000 00:00 0 
7f03b8000000-7f03b8021000 rw-p 00000000 00:00 0 
7f03b8021000-7f03bc000000 ---p 00000000 00:00 0 
7f03bc000000-7f03bc021000 rw-p 00000000 00:00 0 
7f03bc021000-7f03c0000000 ---p 00000000 00:00 0 
7f03c0000000-7f03c03c3000 rw-p 00000000 00:00 0 
7f03c03c3000-7f03c4000000 ---p 00000000 00:00 0 
7f03c4000000-7f03c4021000 rw-p 00000000 00:00 0 
7f03c4021000-7f03c8000000 ---p 00000000 00:00 0 
7f03c8000000-7f03c8021000 rw-p 00000000 00:00 0 
7f03c8021000-7f03cc000000 ---p 00000000 00:00 0 
7f03cc000000-7f03cc3a2000 rw-p 00000000 00:00 0 
7f03cc3a2000-7f03d0000000 ---p 00000000 00:00 0 
7f03d0000000-7f03d0021000 rw-p 00000000 00:00 0 
7f03d0021000-7f03d4000000 ---p 00000000 00:00 0 
7f03d4000000-7f03d4021000 rw-p 00000000 00:00 0 
7f03d4021000-7f03d8000000 ---p 00000000 00:00 0 
7f03d8000000-7f03d857f000 rw-p 00000000 00:00 0 
7f03d857f000-7f03dc000000 ---p 00000000 00:00 0 
7f03dc000000-7f03dc084000 rw-p 00000000 00:00 0 
7f03dc084000-7f03e0000000 ---p 00000000 00:00 0 
7f03e0000000-7f03e0021000 rw-p 00000000 00:00 0 
7f03e0021000-7f03e4000000 ---p 00000000 00:00 0 
7f03e4000000-7f03e4021000 rw-p 00000000 00:00 0 
7f03e4021000-7f03e8000000 ---p 00000000 00:00 0 
7f03e8000000-7f03e8021000 rw-p 00000000 00:00 0 
7f03e8021000-7f03ec000000 ---p 00000000 00:00 0 
7f03ec000000-7f03ec021000 rw-p 00000000 00:00 0 
7f03ec021000-7f03f0000000 ---p 00000000 00:00 0 
7f03f0000000-7f03f0021000 rw-p 00000000 00:00 0 
7f03f0021000-7f03f4000000 ---p 00000000 00:00 0 
7f03f4000000-7f03f4021000 rw-p 00000000 00:00 0 
7f03f4021000-7f03f8000000 ---p 00000000 00:00 0 
7f03fa7b7000-7f03fa7b8000 ---p 00000000 00:00 0 
7f03fa7b8000-7f03fa8b9000 rw-p 00000000 00:00 0 
7f03fa8b9000-7f03fa8ba000 ---p 00000000 00:00 0 
7f03fa8ba000-7f03fa9bb000 rw-p 00000000 00:00 0 
7f03fa9bb000-7f03fa9bc000 ---p 00000000 00:00 0 
7f03fa9bc000-7f03faabd000 rw-p 00000000 00:00 0 
7f03faabd000-7f03faabe000 ---p 00000000 00:00 0 
7f03faabe000-7f03fabbf000 rw-p 00000000 00:00 0 
7f03fabbf000-7f03fabc0000 ---p 00000000 00:00 0 
7f03fabc0000-7f03facc1000 rw-p 00000000 00:00 0 
7f03facc1000-7f03facc2000 ---p 00000000 00:00 0 
7f03facc2000-7f03fadc3000 rw-p 00000000 00:00 0 
7f03fadc3000-7f03fadc4000 ---p 00000000 00:00 0 
7f03fadc4000-7f03faec5000 rw-p 00000000 00:00 0 
7f03faec5000-7f03faec9000 ---p 00000000 00:00 0 
7f03faec9000-7f03fafc6000 rw-p 00000000 00:00 0 
7f03fafc6000-7f03fafca000 ---p 00000000 00:00 0 
7f03fafca000-7f03fb0f8000 rw-p 00000000 00:00 0 
7f03fb0f8000-7f03fb0fc000 ---p 00000000 00:00 0 
7f03fb0fc000-7f03fb1f9000 rw-p 00000000 00:00 0 
7f03fb1f9000-7f03fb1fa000 ---p 00000000 00:00 0 
7f03fb1fa000-7f03fb2fb000 rw-p 00000000 00:00 0 
7f03fb2fb000-7f03fb2ff000 ---p 00000000 00:00 0 
7f03fb2ff000-7f03fb3fc000 rw-p 00000000 00:00 0 
7f03fb3fc000-7f03fb400000 ---p 00000000 00:00 0 
7f03fb400000-7f03fb4fd000 rw-p 00000000 00:00 0 
7f03fb4fd000-7f03fb501000 ---p 00000000 00:00 0 
7f03fb501000-7f03fb5fe000 rw-p 00000000 00:00 0 
7f03fb5fe000-7f03fb602000 ---p 00000000 00:00 0 
7f03fb602000-7f03fb6ff000 rw-p 00000000 00:00 0 
7f03fb6ff000-7f03fb703000 ---p 00000000 00:00 0 
7f03fb703000-7f03fbcc0000 rw-p 00000000 00:00 0 
7f03fbcc0000-7f03fc000000 ---p 00000000 00:00 0 
7f03fc000000-7f03fc021000 rw-p 00000000 00:00 0 
7f03fc021000-7f0400000000 ---p 00000000 00:00 0 
7f0400000000-7f0400021000 rw-p 00000000 00:00 0 
7f0400021000-7f0404000000 ---p 00000000 00:00 0 
7f0404000000-7f0404021000 rw-p 00000000 00:00 0 
7f0404021000-7f0408000000 ---p 00000000 00:00 0 
7f040802e000-7f0408316000 r--p 00000000 08:02 14491448                   /usr/lib/locale/locale-archive
7f0408316000-7f040831a000 ---p 00000000 00:00 0 
7f040831a000-7f0408417000 rw-p 00000000 00:00 0 
7f0408417000-7f040841b000 ---p 00000000 00:00 0 
7f040841b000-7f0408518000 rw-p 00000000 00:00 0 
7f0408518000-7f0408519000 ---p 00000000 00:00 0 
7f0408519000-7f040aec6000 rw-p 00000000 00:00 0 
7f040aec6000-7f04123de000 ---p 00000000 00:00 0 
7f04123de000-7f0412bae000 rw-p 00000000 00:00 0 
7f0412bae000-7f041a0c6000 ---p 00000000 00:00 0 
7f041a0c6000-7f041a1c0000 rw-p 00000000 00:00 0 
7f041a1c0000-7f041b063000 ---p 00000000 00:00 0 
7f041b063000-7f041b15d000 rw-p 00000000 00:00 0 
7f041b15d000-7f041c000000 ---p 00000000 00:00 0 
7f041c000000-7f041c021000 rw-p 00000000 00:00 0 
7f041c021000-7f0420000000 ---p 00000000 00:00 0 
7f0420030000-7f0420034000 r--p 00000000 08:02 1976496                    /usr/lib/jvm/java-11-openjdk/lib/libnet.so
7f0420034000-7f0420043000 r-xp 00004000 08:02 1976496                    /usr/lib/jvm/java-11-openjdk/lib/libnet.so
7f0420043000-7f0420047000 r--p 00013000 08:02 1976496                    /usr/lib/jvm/java-11-openjdk/lib/libnet.so
7f0420047000-7f0420048000 r--p 00016000 08:02 1976496                    /usr/lib/jvm/java-11-openjdk/lib/libnet.so
7f0420048000-7f0420049000 rw-p 00017000 08:02 1976496                    /usr/lib/jvm/java-11-openjdk/lib/libnet.so
7f0420049000-7f042004a000 ---p 00000000 00:00 0 
7f042004a000-7f042014b000 rw-p 00000000 00:00 0 
7f042014b000-7f042014c000 ---p 00000000 00:00 0 
7f042014c000-7f0420853000 rw-p 00000000 00:00 0 
7f0420853000-7f0420ac3000 rwxp 00000000 00:00 0 
7f0420ac3000-7f0420de4000 ---p 00000000 00:00 0 
7f0420de4000-7f0421054000 rwxp 00000000 00:00 0 
7f0421054000-7f042831b000 ---p 00000000 00:00 0 
7f042831b000-7f042858b000 rwxp 00000000 00:00 0 
7f042858b000-7f042f853000 ---p 00000000 00:00 0 
7f042f853000-7f0438000000 r--s 00000000 08:02 1976524                    /usr/lib/jvm/java-11-openjdk/lib/modules
7f0438000000-7f0438450000 rw-p 00000000 00:00 0 
7f0438450000-7f043c000000 ---p 00000000 00:00 0 
7f043c014000-7f043c01b000 r--p 00000000 08:02 1976501                    /usr/lib/jvm/java-11-openjdk/lib/libnio.so
7f043c01b000-7f043c022000 r-xp 00007000 08:02 1976501                    /usr/lib/jvm/java-11-openjdk/lib/libnio.so
7f043c022000-7f043c025000 r--p 0000e000 08:02 1976501                    /usr/lib/jvm/java-11-openjdk/lib/libnio.so
7f043c025000-7f043c026000 r--p 00010000 08:02 1976501                    /usr/lib/jvm/java-11-openjdk/lib/libnio.so
7f043c026000-7f043c027000 rw-p 00011000 08:02 1976501                    /usr/lib/jvm/java-11-openjdk/lib/libnio.so
7f043c027000-7f043c293000 rw-p 00000000 00:00 0 
7f043c293000-7f043c294000 ---p 00000000 00:00 0 
7f043c294000-7f043c395000 rw-p 00000000 00:00 0 
7f043c395000-7f043c396000 ---p 00000000 00:00 0 
7f043c396000-7f043c693000 rw-p 00000000 00:00 0 
7f043c693000-7f043d536000 ---p 00000000 00:00 0 
7f043d536000-7f043dd7d000 rw-p 00000000 00:00 0 
7f043dd7d000-7f043dd7e000 ---p 00000000 00:00 0 
7f043dd7e000-7f043de84000 rw-p 00000000 00:00 0 
7f043de84000-7f043df6a000 ---p 00000000 00:00 0 
7f043df6a000-7f043df6f000 rw-p 00000000 00:00 0 
7f043df6f000-7f043e055000 ---p 00000000 00:00 0 
7f043e055000-7f043e05a000 rw-p 00000000 00:00 0 
7f043e05a000-7f043e061000 ---p 00000000 00:00 0 
7f043e061000-7f043e063000 r--p 00000000 08:02 1976523                    /usr/lib/jvm/java-11-openjdk/lib/libzip.so
7f043e063000-7f043e067000 r-xp 00002000 08:02 1976523                    /usr/lib/jvm/java-11-openjdk/lib/libzip.so
7f043e067000-7f043e069000 r--p 00006000 08:02 1976523                    /usr/lib/jvm/java-11-openjdk/lib/libzip.so
7f043e069000-7f043e06a000 r--p 00007000 08:02 1976523                    /usr/lib/jvm/java-11-openjdk/lib/libzip.so
7f043e06a000-7f043e06b000 rw-p 00008000 08:02 1976523                    /usr/lib/jvm/java-11-openjdk/lib/libzip.so
7f043e06b000-7f043e073000 rw-s 00000000 00:24 469792                     /tmp/hsperfdata_stepanov/2844455
7f043e073000-7f043e081000 r--p 00000000 08:02 1976470                    /usr/lib/jvm/java-11-openjdk/lib/libjava.so
7f043e081000-7f043e096000 r-xp 0000e000 08:02 1976470                    /usr/lib/jvm/java-11-openjdk/lib/libjava.so
7f043e096000-7f043e09c000 r--p 00023000 08:02 1976470                    /usr/lib/jvm/java-11-openjdk/lib/libjava.so
7f043e09c000-7f043e09d000 ---p 00029000 08:02 1976470                    /usr/lib/jvm/java-11-openjdk/lib/libjava.so
7f043e09d000-7f043e09e000 r--p 00029000 08:02 1976470                    /usr/lib/jvm/java-11-openjdk/lib/libjava.so
7f043e09e000-7f043e09f000 rw-p 0002a000 08:02 1976470                    /usr/lib/jvm/java-11-openjdk/lib/libjava.so
7f043e09f000-7f043e0a0000 rw-p 00000000 00:00 0 
7f043e0a0000-7f043e0a3000 r--p 00000000 08:02 14421227                   /usr/lib/librt-2.33.so
7f043e0a3000-7f043e0a7000 r-xp 00003000 08:02 14421227                   /usr/lib/librt-2.33.so
7f043e0a7000-7f043e0a9000 r--p 00007000 08:02 14421227                   /usr/lib/librt-2.33.so
7f043e0a9000-7f043e0aa000 r--p 00008000 08:02 14421227                   /usr/lib/librt-2.33.so
7f043e0aa000-7f043e0ab000 rw-p 00009000 08:02 14421227                   /usr/lib/librt-2.33.so
7f043e0ab000-7f043e0af000 ---p 00000000 00:00 0 
7f043e0af000-7f043e1ac000 rw-p 00000000 00:00 0 
7f043e1ac000-7f043e1af000 r--p 00000000 08:02 14421476                   /usr/lib/libgcc_s.so.1
7f043e1af000-7f043e1c1000 r-xp 00003000 08:02 14421476                   /usr/lib/libgcc_s.so.1
7f043e1c1000-7f043e1c4000 r--p 00015000 08:02 14421476                   /usr/lib/libgcc_s.so.1
7f043e1c4000-7f043e1c5000 ---p 00018000 08:02 14421476                   /usr/lib/libgcc_s.so.1
7f043e1c5000-7f043e1c6000 r--p 00018000 08:02 14421476                   /usr/lib/libgcc_s.so.1
7f043e1c6000-7f043e1c7000 rw-p 00019000 08:02 14421476                   /usr/lib/libgcc_s.so.1
7f043e1c7000-7f043e1d6000 r--p 00000000 08:02 14421113                   /usr/lib/libm-2.33.so
7f043e1d6000-7f043e270000 r-xp 0000f000 08:02 14421113                   /usr/lib/libm-2.33.so
7f043e270000-7f043e308000 r--p 000a9000 08:02 14421113                   /usr/lib/libm-2.33.so
7f043e308000-7f043e309000 ---p 00141000 08:02 14421113                   /usr/lib/libm-2.33.so
7f043e309000-7f043e30a000 r--p 00141000 08:02 14421113                   /usr/lib/libm-2.33.so
7f043e30a000-7f043e30b000 rw-p 00142000 08:02 14421113                   /usr/lib/libm-2.33.so
7f043e30b000-7f043e3a4000 r--p 00000000 08:02 14477167                   /usr/lib/libstdc++.so.6.0.29
7f043e3a4000-7f043e4a4000 r-xp 00099000 08:02 14477167                   /usr/lib/libstdc++.so.6.0.29
7f043e4a4000-7f043e510000 r--p 00199000 08:02 14477167                   /usr/lib/libstdc++.so.6.0.29
7f043e510000-7f043e51d000 r--p 00204000 08:02 14477167                   /usr/lib/libstdc++.so.6.0.29
7f043e51d000-7f043e51e000 rw-p 00211000 08:02 14477167                   /usr/lib/libstdc++.so.6.0.29
7f043e51e000-7f043e521000 rw-p 00000000 00:00 0 
7f043e521000-7f043e799000 r--p 00000000 08:02 1976538                    /usr/lib/jvm/java-11-openjdk/lib/server/libjvm.so
7f043e799000-7f043f39d000 r-xp 00278000 08:02 1976538                    /usr/lib/jvm/java-11-openjdk/lib/server/libjvm.so
7f043f39d000-7f043f5dd000 r--p 00e7c000 08:02 1976538                    /usr/lib/jvm/java-11-openjdk/lib/server/libjvm.so
7f043f5dd000-7f043f5de000 ---p 010bc000 08:02 1976538                    /usr/lib/jvm/java-11-openjdk/lib/server/libjvm.so
7f043f5de000-7f043f69f000 r--p 010bc000 08:02 1976538                    /usr/lib/jvm/java-11-openjdk/lib/server/libjvm.so
7f043f69f000-7f043f6d9000 rw-p 0117d000 08:02 1976538                    /usr/lib/jvm/java-11-openjdk/lib/server/libjvm.so
7f043f6d9000-7f043f731000 rw-p 00000000 00:00 0 
7f043f731000-7f043f738000 r--p 00000000 08:02 14421201                   /usr/lib/libpthread-2.33.so
7f043f738000-7f043f747000 r-xp 00007000 08:02 14421201                   /usr/lib/libpthread-2.33.so
7f043f747000-7f043f74b000 r--p 00016000 08:02 14421201                   /usr/lib/libpthread-2.33.so
7f043f74b000-7f043f74c000 ---p 0001a000 08:02 14421201                   /usr/lib/libpthread-2.33.so
7f043f74c000-7f043f74d000 r--p 0001a000 08:02 14421201                   /usr/lib/libpthread-2.33.so
7f043f74d000-7f043f74e000 rw-p 0001b000 08:02 14421201                   /usr/lib/libpthread-2.33.so
7f043f74e000-7f043f752000 rw-p 00000000 00:00 0 
7f043f752000-7f043f754000 r--p 00000000 08:02 14421089                   /usr/lib/libdl-2.33.so
7f043f754000-7f043f756000 r-xp 00002000 08:02 14421089                   /usr/lib/libdl-2.33.so
7f043f756000-7f043f757000 r--p 00004000 08:02 14421089                   /usr/lib/libdl-2.33.so
7f043f757000-7f043f758000 r--p 00004000 08:02 14421089                   /usr/lib/libdl-2.33.so
7f043f758000-7f043f759000 rw-p 00005000 08:02 14421089                   /usr/lib/libdl-2.33.so
7f043f759000-7f043f75c000 r--p 00000000 08:02 14439370                   /usr/lib/libz.so.1.2.11
7f043f75c000-7f043f76a000 r-xp 00003000 08:02 14439370                   /usr/lib/libz.so.1.2.11
7f043f76a000-7f043f770000 r--p 00011000 08:02 14439370                   /usr/lib/libz.so.1.2.11
7f043f770000-7f043f771000 ---p 00017000 08:02 14439370                   /usr/lib/libz.so.1.2.11
7f043f771000-7f043f772000 r--p 00017000 08:02 14439370                   /usr/lib/libz.so.1.2.11
7f043f772000-7f043f773000 rw-p 00018000 08:02 14439370                   /usr/lib/libz.so.1.2.11
7f043f773000-7f043f799000 r--p 00000000 08:02 14421056                   /usr/lib/libc-2.33.so
7f043f799000-7f043f8e4000 r-xp 00026000 08:02 14421056                   /usr/lib/libc-2.33.so
7f043f8e4000-7f043f930000 r--p 00171000 08:02 14421056                   /usr/lib/libc-2.33.so
7f043f930000-7f043f933000 r--p 001bc000 08:02 14421056                   /usr/lib/libc-2.33.so
7f043f933000-7f043f936000 rw-p 001bf000 08:02 14421056                   /usr/lib/libc-2.33.so
7f043f936000-7f043f93f000 rw-p 00000000 00:00 0 
7f043f946000-7f043f948000 r--p 00000000 08:02 14421153                   /usr/lib/libnss_compat-2.33.so
7f043f948000-7f043f94e000 r-xp 00002000 08:02 14421153                   /usr/lib/libnss_compat-2.33.so
7f043f94e000-7f043f94f000 r--p 00008000 08:02 14421153                   /usr/lib/libnss_compat-2.33.so
7f043f94f000-7f043f950000 r--p 00008000 08:02 14421153                   /usr/lib/libnss_compat-2.33.so
7f043f950000-7f043f951000 rw-p 00009000 08:02 14421153                   /usr/lib/libnss_compat-2.33.so
7f043f951000-7f043f952000 ---p 00000000 00:00 0 
7f043f952000-7f043f953000 r--p 00000000 00:00 0 
7f043f953000-7f043f955000 r--p 00000000 08:02 1976476                    /usr/lib/jvm/java-11-openjdk/lib/libjimage.so
7f043f955000-7f043f958000 r-xp 00002000 08:02 1976476                    /usr/lib/jvm/java-11-openjdk/lib/libjimage.so
7f043f958000-7f043f959000 r--p 00005000 08:02 1976476                    /usr/lib/jvm/java-11-openjdk/lib/libjimage.so
7f043f959000-7f043f95a000 ---p 00006000 08:02 1976476                    /usr/lib/jvm/java-11-openjdk/lib/libjimage.so
7f043f95a000-7f043f95b000 r--p 00006000 08:02 1976476                    /usr/lib/jvm/java-11-openjdk/lib/libjimage.so
7f043f95b000-7f043f95c000 rw-p 00007000 08:02 1976476                    /usr/lib/jvm/java-11-openjdk/lib/libjimage.so
7f043f95c000-7f043f961000 r--p 00000000 08:02 1976521                    /usr/lib/jvm/java-11-openjdk/lib/libverify.so
7f043f961000-7f043f968000 r-xp 00005000 08:02 1976521                    /usr/lib/jvm/java-11-openjdk/lib/libverify.so
7f043f968000-7f043f96a000 r--p 0000c000 08:02 1976521                    /usr/lib/jvm/java-11-openjdk/lib/libverify.so
7f043f96a000-7f043f96c000 r--p 0000d000 08:02 1976521                    /usr/lib/jvm/java-11-openjdk/lib/libverify.so
7f043f96c000-7f043f96d000 rw-p 0000f000 08:02 1976521                    /usr/lib/jvm/java-11-openjdk/lib/libverify.so
7f043f96d000-7f043f970000 r--p 00000000 08:02 1976252                    /usr/lib/jvm/java-11-openjdk/lib/jli/libjli.so
7f043f970000-7f043f97a000 r-xp 00003000 08:02 1976252                    /usr/lib/jvm/java-11-openjdk/lib/jli/libjli.so
7f043f97a000-7f043f97d000 r--p 0000d000 08:02 1976252                    /usr/lib/jvm/java-11-openjdk/lib/jli/libjli.so
7f043f97d000-7f043f97e000 ---p 00010000 08:02 1976252                    /usr/lib/jvm/java-11-openjdk/lib/jli/libjli.so
7f043f97e000-7f043f97f000 r--p 00010000 08:02 1976252                    /usr/lib/jvm/java-11-openjdk/lib/jli/libjli.so
7f043f97f000-7f043f980000 rw-p 00011000 08:02 1976252                    /usr/lib/jvm/java-11-openjdk/lib/jli/libjli.so
7f043f980000-7f043f982000 rw-p 00000000 00:00 0 
7f043f982000-7f043f983000 r--p 00000000 08:02 14420974                   /usr/lib/ld-2.33.so
7f043f983000-7f043f9a7000 r-xp 00001000 08:02 14420974                   /usr/lib/ld-2.33.so
7f043f9a7000-7f043f9b0000 r--p 00025000 08:02 14420974                   /usr/lib/ld-2.33.so
7f043f9b0000-7f043f9b2000 r--p 0002d000 08:02 14420974                   /usr/lib/ld-2.33.so
7f043f9b2000-7f043f9b4000 rw-p 0002f000 08:02 14420974                   /usr/lib/ld-2.33.so
7ffe8b8d3000-7ffe8b8f4000 rw-p 00000000 00:00 0                          [stack]
7ffe8b998000-7ffe8b99c000 r--p 00000000 00:00 0                          [vvar]
7ffe8b99c000-7ffe8b99e000 r-xp 00000000 00:00 0                          [vdso]
ffffffffff600000-ffffffffff601000 --xp 00000000 00:00 0                  [vsyscall]


VM Arguments:
java_command: Tmp0Kt
java_class_path (initial): tmp/lib/kotlin-stdlib-1.4.0.jar:tmp/lib/kotlin-stdlib-common-1.4.0.jar:tmp/lib/kotlin-test-1.4.0.jar:tmp/lib/kotlin-test-common-1.4.0.jar:tmp/lib/kotlin-reflect-1.4.0.jar:tmp/lib/kotlin-script-runtime-1.4.0.jar:tmp/lib/kotlin-stdlib-jdk8-1.4.0.jar:tmp/lib/kotlin-stdlib-jdk7-1.4.0.jar:tmp/tmp.jar
Launcher Type: SUN_STANDARD

[Global flags]
     intx CICompilerCount                          = 4                                         {product} {ergonomic}
     uint ConcGCThreads                            = 2                                         {product} {ergonomic}
     uint G1ConcRefinementThreads                  = 8                                         {product} {ergonomic}
   size_t G1HeapRegionSize                         = 2097152                                   {product} {ergonomic}
    uintx GCDrainStackTargetSize                   = 64                                        {product} {ergonomic}
   size_t InitialHeapSize                          = 524288000                                 {product} {ergonomic}
   size_t MarkStackSize                            = 4194304                                   {product} {ergonomic}
   size_t MaxHeapSize                              = 8382316544                                {product} {ergonomic}
   size_t MaxNewSize                               = 5028970496                                {product} {ergonomic}
   size_t MinHeapDeltaBytes                        = 2097152                                   {product} {ergonomic}
    uintx NonNMethodCodeHeapSize                   = 5836300                                {pd product} {ergonomic}
    uintx NonProfiledCodeHeapSize                  = 122910970                              {pd product} {ergonomic}
    uintx ProfiledCodeHeapSize                     = 122910970                              {pd product} {ergonomic}
    uintx ReservedCodeCacheSize                    = 251658240                              {pd product} {ergonomic}
     bool SegmentedCodeCache                       = true                                      {product} {ergonomic}
     bool UseCompressedClassPointers               = true                                 {lp64_product} {ergonomic}
     bool UseCompressedOops                        = true                                 {lp64_product} {ergonomic}
     bool UseG1GC                                  = true                                      {product} {ergonomic}

Logging:
Log output configuration:
 #0: stdout all=warning uptime,level,tags
 #1: stderr all=off uptime,level,tags

Environment Variables:
JAVA_HOME=/usr/lib/jvm/java-11-openjdk
PATH=/usr/lib/jvm/java-14-openjdk/bin:/usr/local/bin:/usr/local/sbin:/usr/bin:/opt/android-sdk/tools:/opt/android-sdk/tools/bin:/usr/lib/jvm/default/bin:/usr/lib/smlnj/bin
LD_LIBRARY_PATH=/opt/cuda/lib64
SHELL=/bin/bash
DISPLAY=:0.0
LANG=en_US.UTF-8

Signal Handlers:
SIGSEGV: [libjvm.so+0xe0a500], sa_mask[0]=11111111011111111101111111111110, sa_flags=SA_RESTART|SA_SIGINFO
SIGBUS: [libjvm.so+0xe0a500], sa_mask[0]=11111111011111111101111111111110, sa_flags=SA_RESTART|SA_SIGINFO
SIGFPE: [libjvm.so+0xe0a500], sa_mask[0]=11111111011111111101111111111110, sa_flags=SA_RESTART|SA_SIGINFO
SIGPIPE: [libjvm.so+0xbf93d0], sa_mask[0]=11111111011111111101111111111110, sa_flags=SA_RESTART|SA_SIGINFO
SIGXFSZ: [libjvm.so+0xbf93d0], sa_mask[0]=11111111011111111101111111111110, sa_flags=SA_RESTART|SA_SIGINFO
SIGILL: [libjvm.so+0xe0a500], sa_mask[0]=11111111011111111101111111111110, sa_flags=SA_RESTART|SA_SIGINFO
SIGUSR2: [libjvm.so+0xbf9260], sa_mask[0]=00100000000000000000000000000000, sa_flags=SA_RESTART|SA_SIGINFO
SIGHUP: [libjvm.so+0xbf9860], sa_mask[0]=11111111011111111101111111111110, sa_flags=SA_RESTART|SA_SIGINFO
SIGINT: [libjvm.so+0xbf9860], sa_mask[0]=11111111011111111101111111111110, sa_flags=SA_RESTART|SA_SIGINFO
SIGTERM: [libjvm.so+0xbf9860], sa_mask[0]=11111111011111111101111111111110, sa_flags=SA_RESTART|SA_SIGINFO
SIGQUIT: [libjvm.so+0xbf9860], sa_mask[0]=11111111011111111101111111111110, sa_flags=SA_RESTART|SA_SIGINFO


---------------  S Y S T E M  ---------------

OS:LSB_VERSION=1.4
DISTRIB_ID=Arch
DISTRIB_RELEASE=rolling
DISTRIB_DESCRIPTION="Arch Linux"
uname:Linux 5.15.4-arch1-1 #1 SMP PREEMPT Sun, 21 Nov 2021 21:34:33 +0000 x86_64
OS uptime: 9 days 17:16 hours
libc:glibc 2.33 NPTL 2.33 
rlimit (soft/hard): STACK 8192k/infinity , CORE infinity/infinity , NPROC 127832/127832 , NOFILE 524288/524288 , AS infinity/infinity , CPU infinity/infinity , DATA infinity/infinity , FSIZE infinity/infinity , MEMLOCK 1024k/1024k
load average:2.17 2.75 2.95

/proc/meminfo:
MemTotal:       32740680 kB
MemFree:        14575628 kB
MemAvailable:   20583708 kB
Buffers:          385268 kB
Cached:          6145744 kB
SwapCached:            0 kB
Active:          2298832 kB
Inactive:       15068104 kB
Active(anon):      55292 kB
Inactive(anon): 11121940 kB
Active(file):    2243540 kB
Inactive(file):  3946164 kB
Unevictable:      264608 kB
Mlocked:              64 kB
SwapTotal:      32575484 kB
SwapFree:       32575484 kB
Dirty:                20 kB
Writeback:             0 kB
AnonPages:      11100792 kB
Mapped:          1347304 kB
Shmem:            341308 kB
KReclaimable:     281532 kB
Slab:             374496 kB
SReclaimable:     281532 kB
SUnreclaim:        92964 kB
KernelStack:       15964 kB
PageTables:        46284 kB
NFS_Unstable:          0 kB
Bounce:                0 kB
WritebackTmp:          0 kB
CommitLimit:    48945824 kB
Committed_AS:   14852884 kB
VmallocTotal:   34359738367 kB
VmallocUsed:       39344 kB
VmallocChunk:          0 kB
Percpu:             5984 kB
HardwareCorrupted:     0 kB
AnonHugePages:         0 kB
ShmemHugePages:        0 kB
ShmemPmdMapped:        0 kB
FileHugePages:         0 kB
FilePmdMapped:         0 kB
CmaTotal:              0 kB
CmaFree:               0 kB
HugePages_Total:       0
HugePages_Free:        0
HugePages_Rsvd:        0
HugePages_Surp:        0
Hugepagesize:       2048 kB
Hugetlb:               0 kB
DirectMap4k:      393304 kB
DirectMap2M:    22542336 kB
DirectMap1G:    11534336 kB

/sys/kernel/mm/transparent_hugepage/enabled:
always [madvise] never
/sys/kernel/mm/transparent_hugepage/defrag (defrag/compaction efforts parameter):
always defer defer+madvise [madvise] never

Process Memory:
Virtual Size: 11677508K (peak: 11677508K)
Resident Set Size: 71560K (peak: 71560K) (anon: 52480K, file: 19048K, shmem: 32K)
Swapped out: 0K
C-Heap outstanding allocations: 14679K

/proc/sys/kernel/threads-max (system-wide limit on the number of threads):
255665
/proc/sys/vm/max_map_count (maximum number of memory map areas a process may have):
65530
/proc/sys/kernel/pid_max (system-wide limit on number of process identifiers):
4194304

Steal ticks since vm start: 0
Steal ticks percentage since vm start:  0.000

CPU:total 8 (initial active 8) (4 cores per cpu, 2 threads per core) family 6 model 60 stepping 3 microcode 0x1c, cmov, cx8, fxsr, mmx, sse, sse2, sse3, ssse3, sse4.1, sse4.2, popcnt, avx, avx2, aes, clmul, erms, lzcnt, ht, tsc, tscinvbit, bmi1, bmi2, fma
CPU Model and flags from /proc/cpuinfo:
model name	: Intel(R) Core(TM) i7-4790 CPU @ 3.60GHz
flags		: fpu vme de pse tsc msr pae mce cx8 apic sep mtrr pge mca cmov pat pse36 clflush dts acpi mmx fxsr sse sse2 ss ht tm pbe syscall nx pdpe1gb rdtscp lm constant_tsc arch_perfmon pebs bts rep_good nopl xtopology nonstop_tsc cpuid aperfmperf pni pclmulqdq dtes64 monitor ds_cpl vmx smx est tm2 ssse3 sdbg fma cx16 xtpr pdcm pcid sse4_1 sse4_2 x2apic movbe popcnt aes xsave avx f16c rdrand lahf_lm abm cpuid_fault invpcid_single pti tpr_shadow vnmi flexpriority ept vpid ept_ad fsgsbase tsc_adjust bmi1 avx2 smep bmi2 erms invpcid xsaveopt dtherm ida arat pln pts
Online cpus:
0-7
Offline cpus:

BIOS frequency limitation:
<Not Available>
Frequency switch latency (ns):
20000
Available cpu frequencies:
<Not Available>
Current governor:
schedutil
Core performance/turbo boost:
<Not Available>

Memory: 4k page, physical 32740680k(14575628k free), swap 32575484k(32575484k free)

vm_info: OpenJDK 64-Bit Server VM (11.0.13+8) for linux-amd64 JRE (11.0.13+8), built on Nov  9 2021 19:45:44 by "builduser" with gcc 11.1.0

END.
