#
# A fatal error has been detected by the Java Runtime Environment:
#
#  SIGSEGV (0xb) at pc=0x00007fde11845c6a, pid=2000396, tid=2000411
#
# JRE version: OpenJDK Runtime Environment (11.0.13+8) (build 11.0.13+8)
# Java VM: OpenJDK 64-Bit Server VM (11.0.13+8, mixed mode, tiered, compressed oops, g1 gc, linux-amd64)
# Problematic frame:
# V  [libjvm.so+0x5b7c6a]
#
# Core dump will be written. Default location: Core dumps may be processed with "/usr/lib/systemd/systemd-coredump %P %u %g %s %t %c %h" (or dumping to /home/stepanov/workspace/guidedBBF/bbfgradle/core.2000396)
#
# If you would like to submit a bug report, please visit:
#   https://bugreport.java.com/bugreport/crash.jsp
#

---------------  S U M M A R Y ------------

Command Line: Tmp0Kt

Host: Intel(R) Core(TM) i7-4790 CPU @ 3.60GHz, 8 cores, 31G, Arch Linux
Time: Fri Dec  3 01:13:11 2021 MSK elapsed time: 0.175879 seconds (0d 0h 0m 0s)

---------------  T H R E A D  ---------------

Current thread (0x00007fde0c277000):  JavaThread "C2 CompilerThread0" daemon [_thread_in_native, id=2000411, stack(0x00007fdddc289000,0x00007fdddc38a000)]


Current CompileTask:
C2:    175  242 %     4       kotlin.UnsignedKt::ulongCompare @ 166 (12 bytes)

Stack: [0x00007fdddc289000,0x00007fdddc38a000],  sp=0x00007fdddc386d70,  free space=1015k
Native frames: (J=compiled Java code, A=aot compiled Java code, j=interpreted, Vv=VM code, C=native code)
V  [libjvm.so+0x5b7c6a]
V  [libjvm.so+0x5b7de2]
V  [libjvm.so+0x594f9d]
V  [libjvm.so+0xc34b84]
V  [libjvm.so+0x55b19c]
V  [libjvm.so+0x63045e]
V  [libjvm.so+0x55a4c5]
V  [libjvm.so+0x6394c6]
V  [libjvm.so+0x63a788]
V  [libjvm.so+0xd9c2f8]
V  [libjvm.so+0xd997d1]
V  [libjvm.so+0xc03641]


siginfo: si_signo: 11 (SIGSEGV), si_code: 1 (SEGV_MAPERR), si_addr: 0x00007fdd00000014

Register to memory mapping:

RAX=0x00007fdd00000014 is an unknown value
RBX=0x00007fddb0003490 points into unknown readable memory: 0x00007fdddc388970 | 70 89 38 dc dd 7f 00 00
RCX=0x0 is NULL
RDX=0x00007fddb007e540 points into unknown readable memory: 0x00007fddb007e550 | 50 e5 07 b0 dd 7f 00 00
RSP=0x00007fdddc386d70 is pointing into the stack for thread: 0x00007fde0c277000
RBP=0x00007fdddc386dd0 is pointing into the stack for thread: 0x00007fde0c277000
RSI=0x00000000000000a6 is an unknown value
RDI=0x00007fddb0003490 points into unknown readable memory: 0x00007fdddc388970 | 70 89 38 dc dd 7f 00 00
R8 =0x00007fddb0001e90 points into unknown readable memory: 0x00007fde12353fb8 | b8 3f 35 12 de 7f 00 00
R9 =0x00000000ffffffff is an unknown value
R10=0x00007fddac194440 points into unknown readable memory: 0x00000000000007f0 | f0 07 00 00 00 00 00 00
R11=0x00007fddb0002e4c points into unknown readable memory: 00 00 00 00
R12=0x00007fde0c277bd0 points into unknown readable memory: 0x00007fde00000006 | 06 00 00 00 de 7f 00 00
R13=0x00007fddb007e540 points into unknown readable memory: 0x00007fddb007e550 | 50 e5 07 b0 dd 7f 00 00
R14=0x00007fddb007e510 points into unknown readable memory: 0x00007fddb0003520 | 20 35 00 b0 dd 7f 00 00
R15=0x00007fddb007abc0 points into unknown readable memory: 0x0000000000000000 | 00 00 00 00 00 00 00 00


Registers:
RAX=0x00007fdd00000014, RBX=0x00007fddb0003490, RCX=0x0000000000000000, RDX=0x00007fddb007e540
RSP=0x00007fdddc386d70, RBP=0x00007fdddc386dd0, RSI=0x00000000000000a6, RDI=0x00007fddb0003490
R8 =0x00007fddb0001e90, R9 =0x00000000ffffffff, R10=0x00007fddac194440, R11=0x00007fddb0002e4c
R12=0x00007fde0c277bd0, R13=0x00007fddb007e540, R14=0x00007fddb007e510, R15=0x00007fddb007abc0
RIP=0x00007fde11845c6a, EFLAGS=0x0000000000010246, CSGSFS=0x002b000000000033, ERR=0x0000000000000004
  TRAPNO=0x000000000000000e

Top of Stack: (sp=0x00007fdddc386d70)
0x00007fdddc386d70:   00007fdda02026c0 0000000000000000
0x00007fdddc386d80:   00007fddb007abc0 00007fddb007e510
0x00007fdddc386d90:   00000000000083b0 00007fddb0082ba8
0x00007fdddc386da0:   00007fdddc387cf0 00007fdddc386e80 

Instructions: (pc=0x00007fde11845c6a)
0x00007fde11845b6a:   48 85 ff 74 16 48 8d 15 e8 7c 8e 00 48 8d 35 23
0x00007fde11845b7a:   7d 8e 00 31 c0 67 e8 fb 22 88 00 48 83 7b 30 00
0x00007fde11845b8a:   0f 85 a0 fd ff ff 48 8d 05 c7 7c 8e 00 48 89 43
0x00007fde11845b9a:   30 e9 90 fd ff ff 4d 89 4d 50 89 95 70 ff ff ff
0x00007fde11845baa:   4c 89 6b 50 e9 47 fd ff ff 31 c0 eb 8c 90 0f 1f
0x00007fde11845bba:   84 00 00 00 00 00 55 48 89 e5 41 57 41 56 41 55
0x00007fde11845bca:   41 54 53 48 89 fb 48 83 ec 38 66 48 8d 3d 04 63
0x00007fde11845bda:   bc 00 66 48 ff 15 3c 5d bc 00 31 f6 bf 28 00 00
0x00007fde11845bea:   00 48 8b 00 4c 8b a0 78 02 00 00 49 8b 44 24 20
0x00007fde11845bfa:   f3 41 0f 6f 4c 24 10 48 89 45 c8 49 8b 44 24 28
0x00007fde11845c0a:   66 49 0f 7e cf 0f 29 4d b0 48 89 45 c0 67 e8 13
0x00007fde11845c1a:   62 6f 00 49 89 c6 48 85 c0 74 0b 48 89 de 48 89
0x00007fde11845c2a:   c7 e8 d0 77 ff ff 31 f6 bf 08 00 00 00 67 e8 f3
0x00007fde11845c3a:   61 6f 00 49 89 c5 48 85 c0 74 08 48 89 c7 e8 83
0x00007fde11845c4a:   72 ff ff 8b 73 18 31 c0 48 8b 7b 10 83 fe ff 0f
0x00007fde11845c5a:   44 f0 67 e8 4e 51 fe ff 31 c9 4c 89 ea 48 89 df
0x00007fde11845c6a:   8b 30 e8 3f c3 ff ff 48 89 df 48 89 45 a8 e8 93
0x00007fde11845c7a:   ee ff ff 48 8b 13 48 83 7a 60 00 74 49 49 83 3f
0x00007fde11845c8a:   00 74 16 4c 89 e7 48 8b 75 c0 67 e8 f6 16 e7 ff
0x00007fde11845c9a:   4c 89 ff 67 e8 fd 08 e7 ff 66 0f 6f 55 b0 48 8b
0x00007fde11845caa:   45 c8 41 0f 11 54 24 10 49 89 44 24 20 48 83 c4
0x00007fde11845cba:   38 5b 41 5c 41 5d 41 5e 41 5f 5d c3 66 2e 0f 1f
0x00007fde11845cca:   84 00 00 00 00 00 48 83 7b 30 00 75 b0 48 8b 4d
0x00007fde11845cda:   a8 48 89 c6 48 8b 79 28 e8 59 78 ff ff 48 8b 75
0x00007fde11845cea:   a8 48 89 df 4d 89 e8 4c 89 f1 ba 01 00 00 00 e8
0x00007fde11845cfa:   32 fa ff ff 48 8b 3b 48 83 7f 60 00 0f 85 7b ff
0x00007fde11845d0a:   ff ff 48 83 7b 30 00 0f 85 70 ff ff ff 48 8b 43
0x00007fde11845d1a:   68 48 83 78 10 00 74 30 67 e8 78 e3 fc ff 83 f8
0x00007fde11845d2a:   03 7e 25 eb 31 90 48 8b 46 50 4c 89 e9 4c 89 f2
0x00007fde11845d3a:   48 89 df 48 89 43 50 48 c7 46 50 00 00 00 00 c6
0x00007fde11845d4a:   46 4b 00 e8 6e e8 ff ff 48 8b 73 50 48 85 f6 75
0x00007fde11845d5a:   d5 e9 27 ff ff ff 48 8b 73 68 4c 89 e9 4c 89 f2 


Stack slot to memory mapping:
stack at sp + 0 slots: 0x00007fdda02026c0 points into unknown readable memory: 0x00007fde12360430 | 30 04 36 12 de 7f 00 00
stack at sp + 1 slots: 0x0 is NULL
stack at sp + 2 slots: 0x00007fddb007abc0 points into unknown readable memory: 0x0000000000000000 | 00 00 00 00 00 00 00 00
stack at sp + 3 slots: 0x00007fddb007e510 points into unknown readable memory: 0x00007fddb0003520 | 20 35 00 b0 dd 7f 00 00
stack at sp + 4 slots: 0x00000000000083b0 is an unknown value
stack at sp + 5 slots: 0x00007fddb0082ba8 points into unknown readable memory: 0x00000000000000d5 | d5 00 00 00 00 00 00 00
stack at sp + 6 slots: 0x00007fdddc387cf0 is pointing into the stack for thread: 0x00007fde0c277000
stack at sp + 7 slots: 0x00007fdddc386e80 is pointing into the stack for thread: 0x00007fde0c277000


---------------  P R O C E S S  ---------------

Threads class SMR info:
_java_thread_list=0x00007fddb0084990, length=11, elements={
0x00007fde0c25a000, 0x00007fde0c25e000, 0x00007fde0c273000, 0x00007fde0c275000,
0x00007fde0c277000, 0x00007fde0c279000, 0x00007fde0c27b800, 0x00007fde0c33b000,
0x00007fddac076800, 0x00007fddb0083000, 0x00007fde0c016800
}

Java Threads: ( => current thread )
  0x00007fde0c25a000 JavaThread "Reference Handler" daemon [_thread_blocked, id=2000407, stack(0x00007fdddc975000,0x00007fdddca76000)]
  0x00007fde0c25e000 JavaThread "Finalizer" daemon [_thread_blocked, id=2000408, stack(0x00007fdddc874000,0x00007fdddc975000)]
  0x00007fde0c273000 JavaThread "Signal Dispatcher" daemon [_thread_blocked, id=2000409, stack(0x00007fdddc48b000,0x00007fdddc58c000)]
  0x00007fde0c275000 JavaThread "Service Thread" daemon [_thread_blocked, id=2000410, stack(0x00007fdddc38a000,0x00007fdddc48b000)]
=>0x00007fde0c277000 JavaThread "C2 CompilerThread0" daemon [_thread_in_native, id=2000411, stack(0x00007fdddc289000,0x00007fdddc38a000)]
  0x00007fde0c279000 JavaThread "C1 CompilerThread0" daemon [_thread_in_vm, id=2000412, stack(0x00007fdddc188000,0x00007fdddc289000)]
  0x00007fde0c27b800 JavaThread "Sweeper thread" daemon [_thread_blocked, id=2000413, stack(0x00007fdddc087000,0x00007fdddc188000)]
  0x00007fde0c33b000 JavaThread "Common-Cleaner" daemon [_thread_blocked, id=2000415, stack(0x00007fddd5dfd000,0x00007fddd5efe000)]
  0x00007fddac076800 JavaThread "C2 CompilerThread1" daemon [_thread_in_native, id=2000416, stack(0x00007fddd5cfc000,0x00007fddd5dfd000)]
  0x00007fddb0083000 JavaThread "C2 CompilerThread2" daemon [_thread_in_native, id=2000417, stack(0x00007fddd5bfb000,0x00007fddd5cfc000)]
  0x00007fde0c016800 JavaThread "DestroyJavaVM" [_thread_blocked, id=2000400, stack(0x00007fde10e18000,0x00007fde10f19000)]

Other Threads:
  0x00007fde0c252000 VMThread "VM Thread" [stack: 0x00007fdddca78000,0x00007fdddcb78000] [id=2000406]
  0x00007fde0c32a000 WatcherThread [stack: 0x00007fddd5f00000,0x00007fddd6000000] [id=2000414]
  0x00007fde0c02e800 GCTaskThread "GC Thread#0" [stack: 0x00007fde10aec000,0x00007fde10bec000] [id=2000401]
  0x00007fde0c069000 ConcurrentGCThread "G1 Main Marker" [stack: 0x00007fde100a1000,0x00007fde101a1000] [id=2000402]
  0x00007fde0c06a800 ConcurrentGCThread "G1 Conc#0" [stack: 0x00007fddf4753000,0x00007fddf4853000] [id=2000403]
  0x00007fde0c1ec800 ConcurrentGCThread "G1 Refine#0" [stack: 0x00007fdddd558000,0x00007fdddd658000] [id=2000404]
  0x00007fde0c1ee000 ConcurrentGCThread "G1 Young RemSet Sampling" [stack: 0x00007fdddd456000,0x00007fdddd556000] [id=2000405]

Threads with active compile tasks:
C2 CompilerThread0    178  242 %     4       kotlin.UnsignedKt::ulongCompare @ 166 (12 bytes)
C1 CompilerThread0    178  312       3       java.io.FileDescriptor$1::getAppend (5 bytes)
C2 CompilerThread1    178  331       4       sun.nio.cs.UTF_8$Encoder::encodeArrayLoop (489 bytes)
C2 CompilerThread2    178  313       4       java.lang.StringLatin1::indexOf (61 bytes)

VM state:not at safepoint (normal execution)

VM Mutex/Monitor currently owned by a thread:  ([mutex/lock_event])
[0x00007fde0c011980] CodeCache_lock - owner thread: 0x0000000000000000

OutOfMemory and StackOverflow Exception counts:
StackOverflowErrors=1

Heap address: 0x000000060c600000, size: 7994 MB, Compressed Oops mode: Zero based, Oop shift amount: 3
Narrow klass base: 0x0000000800000000, Narrow klass shift: 0
Compressed class space size: 1073741824 Address: 0x0000000800000000

Heap:
 garbage-first heap   total 512000K, used 16384K [0x000000060c600000, 0x0000000800000000)
  region size 2048K, 10 young (20480K), 0 survivors (0K)
 Metaspace       used 5278K, capacity 5360K, committed 5632K, reserved 1056768K
  class space    used 421K, capacity 464K, committed 512K, reserved 1048576K
Heap Regions: E=young(eden), S=young(survivor), O=old, HS=humongous(starts), HC=humongous(continues), CS=collection set, F=free, A=archive, TAMS=top-at-mark-start (previous, next)
|   0|0x000000060c600000, 0x000000060c600000, 0x000000060c800000|  0%| F|  |TAMS 0x000000060c600000, 0x000000060c600000| Untracked 
|   1|0x000000060c800000, 0x000000060c800000, 0x000000060ca00000|  0%| F|  |TAMS 0x000000060c800000, 0x000000060c800000| Untracked 
|   2|0x000000060ca00000, 0x000000060ca00000, 0x000000060cc00000|  0%| F|  |TAMS 0x000000060ca00000, 0x000000060ca00000| Untracked 
|   3|0x000000060cc00000, 0x000000060cc00000, 0x000000060ce00000|  0%| F|  |TAMS 0x000000060cc00000, 0x000000060cc00000| Untracked 
|   4|0x000000060ce00000, 0x000000060ce00000, 0x000000060d000000|  0%| F|  |TAMS 0x000000060ce00000, 0x000000060ce00000| Untracked 
|   5|0x000000060d000000, 0x000000060d000000, 0x000000060d200000|  0%| F|  |TAMS 0x000000060d000000, 0x000000060d000000| Untracked 
|   6|0x000000060d200000, 0x000000060d200000, 0x000000060d400000|  0%| F|  |TAMS 0x000000060d200000, 0x000000060d200000| Untracked 
|   7|0x000000060d400000, 0x000000060d400000, 0x000000060d600000|  0%| F|  |TAMS 0x000000060d400000, 0x000000060d400000| Untracked 
|   8|0x000000060d600000, 0x000000060d600000, 0x000000060d800000|  0%| F|  |TAMS 0x000000060d600000, 0x000000060d600000| Untracked 
|   9|0x000000060d800000, 0x000000060d800000, 0x000000060da00000|  0%| F|  |TAMS 0x000000060d800000, 0x000000060d800000| Untracked 
|  10|0x000000060da00000, 0x000000060da00000, 0x000000060dc00000|  0%| F|  |TAMS 0x000000060da00000, 0x000000060da00000| Untracked 
|  11|0x000000060dc00000, 0x000000060dc00000, 0x000000060de00000|  0%| F|  |TAMS 0x000000060dc00000, 0x000000060dc00000| Untracked 
|  12|0x000000060de00000, 0x000000060de00000, 0x000000060e000000|  0%| F|  |TAMS 0x000000060de00000, 0x000000060de00000| Untracked 
|  13|0x000000060e000000, 0x000000060e000000, 0x000000060e200000|  0%| F|  |TAMS 0x000000060e000000, 0x000000060e000000| Untracked 
|  14|0x000000060e200000, 0x000000060e200000, 0x000000060e400000|  0%| F|  |TAMS 0x000000060e200000, 0x000000060e200000| Untracked 
|  15|0x000000060e400000, 0x000000060e400000, 0x000000060e600000|  0%| F|  |TAMS 0x000000060e400000, 0x000000060e400000| Untracked 
|  16|0x000000060e600000, 0x000000060e600000, 0x000000060e800000|  0%| F|  |TAMS 0x000000060e600000, 0x000000060e600000| Untracked 
|  17|0x000000060e800000, 0x000000060e800000, 0x000000060ea00000|  0%| F|  |TAMS 0x000000060e800000, 0x000000060e800000| Untracked 
|  18|0x000000060ea00000, 0x000000060ea00000, 0x000000060ec00000|  0%| F|  |TAMS 0x000000060ea00000, 0x000000060ea00000| Untracked 
|  19|0x000000060ec00000, 0x000000060ec00000, 0x000000060ee00000|  0%| F|  |TAMS 0x000000060ec00000, 0x000000060ec00000| Untracked 
|  20|0x000000060ee00000, 0x000000060ee00000, 0x000000060f000000|  0%| F|  |TAMS 0x000000060ee00000, 0x000000060ee00000| Untracked 
|  21|0x000000060f000000, 0x000000060f000000, 0x000000060f200000|  0%| F|  |TAMS 0x000000060f000000, 0x000000060f000000| Untracked 
|  22|0x000000060f200000, 0x000000060f200000, 0x000000060f400000|  0%| F|  |TAMS 0x000000060f200000, 0x000000060f200000| Untracked 
|  23|0x000000060f400000, 0x000000060f400000, 0x000000060f600000|  0%| F|  |TAMS 0x000000060f400000, 0x000000060f400000| Untracked 
|  24|0x000000060f600000, 0x000000060f600000, 0x000000060f800000|  0%| F|  |TAMS 0x000000060f600000, 0x000000060f600000| Untracked 
|  25|0x000000060f800000, 0x000000060f800000, 0x000000060fa00000|  0%| F|  |TAMS 0x000000060f800000, 0x000000060f800000| Untracked 
|  26|0x000000060fa00000, 0x000000060fa00000, 0x000000060fc00000|  0%| F|  |TAMS 0x000000060fa00000, 0x000000060fa00000| Untracked 
|  27|0x000000060fc00000, 0x000000060fc00000, 0x000000060fe00000|  0%| F|  |TAMS 0x000000060fc00000, 0x000000060fc00000| Untracked 
|  28|0x000000060fe00000, 0x000000060fe00000, 0x0000000610000000|  0%| F|  |TAMS 0x000000060fe00000, 0x000000060fe00000| Untracked 
|  29|0x0000000610000000, 0x0000000610000000, 0x0000000610200000|  0%| F|  |TAMS 0x0000000610000000, 0x0000000610000000| Untracked 
|  30|0x0000000610200000, 0x0000000610200000, 0x0000000610400000|  0%| F|  |TAMS 0x0000000610200000, 0x0000000610200000| Untracked 
|  31|0x0000000610400000, 0x0000000610400000, 0x0000000610600000|  0%| F|  |TAMS 0x0000000610400000, 0x0000000610400000| Untracked 
|  32|0x0000000610600000, 0x0000000610600000, 0x0000000610800000|  0%| F|  |TAMS 0x0000000610600000, 0x0000000610600000| Untracked 
|  33|0x0000000610800000, 0x0000000610800000, 0x0000000610a00000|  0%| F|  |TAMS 0x0000000610800000, 0x0000000610800000| Untracked 
|  34|0x0000000610a00000, 0x0000000610a00000, 0x0000000610c00000|  0%| F|  |TAMS 0x0000000610a00000, 0x0000000610a00000| Untracked 
|  35|0x0000000610c00000, 0x0000000610c00000, 0x0000000610e00000|  0%| F|  |TAMS 0x0000000610c00000, 0x0000000610c00000| Untracked 
|  36|0x0000000610e00000, 0x0000000610e00000, 0x0000000611000000|  0%| F|  |TAMS 0x0000000610e00000, 0x0000000610e00000| Untracked 
|  37|0x0000000611000000, 0x0000000611000000, 0x0000000611200000|  0%| F|  |TAMS 0x0000000611000000, 0x0000000611000000| Untracked 
|  38|0x0000000611200000, 0x0000000611200000, 0x0000000611400000|  0%| F|  |TAMS 0x0000000611200000, 0x0000000611200000| Untracked 
|  39|0x0000000611400000, 0x0000000611400000, 0x0000000611600000|  0%| F|  |TAMS 0x0000000611400000, 0x0000000611400000| Untracked 
|  40|0x0000000611600000, 0x0000000611600000, 0x0000000611800000|  0%| F|  |TAMS 0x0000000611600000, 0x0000000611600000| Untracked 
|  41|0x0000000611800000, 0x0000000611800000, 0x0000000611a00000|  0%| F|  |TAMS 0x0000000611800000, 0x0000000611800000| Untracked 
|  42|0x0000000611a00000, 0x0000000611a00000, 0x0000000611c00000|  0%| F|  |TAMS 0x0000000611a00000, 0x0000000611a00000| Untracked 
|  43|0x0000000611c00000, 0x0000000611c00000, 0x0000000611e00000|  0%| F|  |TAMS 0x0000000611c00000, 0x0000000611c00000| Untracked 
|  44|0x0000000611e00000, 0x0000000611e00000, 0x0000000612000000|  0%| F|  |TAMS 0x0000000611e00000, 0x0000000611e00000| Untracked 
|  45|0x0000000612000000, 0x0000000612000000, 0x0000000612200000|  0%| F|  |TAMS 0x0000000612000000, 0x0000000612000000| Untracked 
|  46|0x0000000612200000, 0x0000000612200000, 0x0000000612400000|  0%| F|  |TAMS 0x0000000612200000, 0x0000000612200000| Untracked 
|  47|0x0000000612400000, 0x0000000612400000, 0x0000000612600000|  0%| F|  |TAMS 0x0000000612400000, 0x0000000612400000| Untracked 
|  48|0x0000000612600000, 0x0000000612600000, 0x0000000612800000|  0%| F|  |TAMS 0x0000000612600000, 0x0000000612600000| Untracked 
|  49|0x0000000612800000, 0x0000000612800000, 0x0000000612a00000|  0%| F|  |TAMS 0x0000000612800000, 0x0000000612800000| Untracked 
|  50|0x0000000612a00000, 0x0000000612a00000, 0x0000000612c00000|  0%| F|  |TAMS 0x0000000612a00000, 0x0000000612a00000| Untracked 
|  51|0x0000000612c00000, 0x0000000612c00000, 0x0000000612e00000|  0%| F|  |TAMS 0x0000000612c00000, 0x0000000612c00000| Untracked 
|  52|0x0000000612e00000, 0x0000000612e00000, 0x0000000613000000|  0%| F|  |TAMS 0x0000000612e00000, 0x0000000612e00000| Untracked 
|  53|0x0000000613000000, 0x0000000613000000, 0x0000000613200000|  0%| F|  |TAMS 0x0000000613000000, 0x0000000613000000| Untracked 
|  54|0x0000000613200000, 0x0000000613200000, 0x0000000613400000|  0%| F|  |TAMS 0x0000000613200000, 0x0000000613200000| Untracked 
|  55|0x0000000613400000, 0x0000000613400000, 0x0000000613600000|  0%| F|  |TAMS 0x0000000613400000, 0x0000000613400000| Untracked 
|  56|0x0000000613600000, 0x0000000613600000, 0x0000000613800000|  0%| F|  |TAMS 0x0000000613600000, 0x0000000613600000| Untracked 
|  57|0x0000000613800000, 0x0000000613800000, 0x0000000613a00000|  0%| F|  |TAMS 0x0000000613800000, 0x0000000613800000| Untracked 
|  58|0x0000000613a00000, 0x0000000613a00000, 0x0000000613c00000|  0%| F|  |TAMS 0x0000000613a00000, 0x0000000613a00000| Untracked 
|  59|0x0000000613c00000, 0x0000000613c00000, 0x0000000613e00000|  0%| F|  |TAMS 0x0000000613c00000, 0x0000000613c00000| Untracked 
|  60|0x0000000613e00000, 0x0000000613e00000, 0x0000000614000000|  0%| F|  |TAMS 0x0000000613e00000, 0x0000000613e00000| Untracked 
|  61|0x0000000614000000, 0x0000000614000000, 0x0000000614200000|  0%| F|  |TAMS 0x0000000614000000, 0x0000000614000000| Untracked 
|  62|0x0000000614200000, 0x0000000614200000, 0x0000000614400000|  0%| F|  |TAMS 0x0000000614200000, 0x0000000614200000| Untracked 
|  63|0x0000000614400000, 0x0000000614400000, 0x0000000614600000|  0%| F|  |TAMS 0x0000000614400000, 0x0000000614400000| Untracked 
|  64|0x0000000614600000, 0x0000000614600000, 0x0000000614800000|  0%| F|  |TAMS 0x0000000614600000, 0x0000000614600000| Untracked 
|  65|0x0000000614800000, 0x0000000614800000, 0x0000000614a00000|  0%| F|  |TAMS 0x0000000614800000, 0x0000000614800000| Untracked 
|  66|0x0000000614a00000, 0x0000000614a00000, 0x0000000614c00000|  0%| F|  |TAMS 0x0000000614a00000, 0x0000000614a00000| Untracked 
|  67|0x0000000614c00000, 0x0000000614c00000, 0x0000000614e00000|  0%| F|  |TAMS 0x0000000614c00000, 0x0000000614c00000| Untracked 
|  68|0x0000000614e00000, 0x0000000614e00000, 0x0000000615000000|  0%| F|  |TAMS 0x0000000614e00000, 0x0000000614e00000| Untracked 
|  69|0x0000000615000000, 0x0000000615000000, 0x0000000615200000|  0%| F|  |TAMS 0x0000000615000000, 0x0000000615000000| Untracked 
|  70|0x0000000615200000, 0x0000000615200000, 0x0000000615400000|  0%| F|  |TAMS 0x0000000615200000, 0x0000000615200000| Untracked 
|  71|0x0000000615400000, 0x0000000615400000, 0x0000000615600000|  0%| F|  |TAMS 0x0000000615400000, 0x0000000615400000| Untracked 
|  72|0x0000000615600000, 0x0000000615600000, 0x0000000615800000|  0%| F|  |TAMS 0x0000000615600000, 0x0000000615600000| Untracked 
|  73|0x0000000615800000, 0x0000000615800000, 0x0000000615a00000|  0%| F|  |TAMS 0x0000000615800000, 0x0000000615800000| Untracked 
|  74|0x0000000615a00000, 0x0000000615a00000, 0x0000000615c00000|  0%| F|  |TAMS 0x0000000615a00000, 0x0000000615a00000| Untracked 
|  75|0x0000000615c00000, 0x0000000615c00000, 0x0000000615e00000|  0%| F|  |TAMS 0x0000000615c00000, 0x0000000615c00000| Untracked 
|  76|0x0000000615e00000, 0x0000000615e00000, 0x0000000616000000|  0%| F|  |TAMS 0x0000000615e00000, 0x0000000615e00000| Untracked 
|  77|0x0000000616000000, 0x0000000616000000, 0x0000000616200000|  0%| F|  |TAMS 0x0000000616000000, 0x0000000616000000| Untracked 
|  78|0x0000000616200000, 0x0000000616200000, 0x0000000616400000|  0%| F|  |TAMS 0x0000000616200000, 0x0000000616200000| Untracked 
|  79|0x0000000616400000, 0x0000000616400000, 0x0000000616600000|  0%| F|  |TAMS 0x0000000616400000, 0x0000000616400000| Untracked 
|  80|0x0000000616600000, 0x0000000616600000, 0x0000000616800000|  0%| F|  |TAMS 0x0000000616600000, 0x0000000616600000| Untracked 
|  81|0x0000000616800000, 0x0000000616800000, 0x0000000616a00000|  0%| F|  |TAMS 0x0000000616800000, 0x0000000616800000| Untracked 
|  82|0x0000000616a00000, 0x0000000616a00000, 0x0000000616c00000|  0%| F|  |TAMS 0x0000000616a00000, 0x0000000616a00000| Untracked 
|  83|0x0000000616c00000, 0x0000000616c00000, 0x0000000616e00000|  0%| F|  |TAMS 0x0000000616c00000, 0x0000000616c00000| Untracked 
|  84|0x0000000616e00000, 0x0000000616e00000, 0x0000000617000000|  0%| F|  |TAMS 0x0000000616e00000, 0x0000000616e00000| Untracked 
|  85|0x0000000617000000, 0x0000000617000000, 0x0000000617200000|  0%| F|  |TAMS 0x0000000617000000, 0x0000000617000000| Untracked 
|  86|0x0000000617200000, 0x0000000617200000, 0x0000000617400000|  0%| F|  |TAMS 0x0000000617200000, 0x0000000617200000| Untracked 
|  87|0x0000000617400000, 0x0000000617400000, 0x0000000617600000|  0%| F|  |TAMS 0x0000000617400000, 0x0000000617400000| Untracked 
|  88|0x0000000617600000, 0x0000000617600000, 0x0000000617800000|  0%| F|  |TAMS 0x0000000617600000, 0x0000000617600000| Untracked 
|  89|0x0000000617800000, 0x0000000617800000, 0x0000000617a00000|  0%| F|  |TAMS 0x0000000617800000, 0x0000000617800000| Untracked 
|  90|0x0000000617a00000, 0x0000000617a00000, 0x0000000617c00000|  0%| F|  |TAMS 0x0000000617a00000, 0x0000000617a00000| Untracked 
|  91|0x0000000617c00000, 0x0000000617c00000, 0x0000000617e00000|  0%| F|  |TAMS 0x0000000617c00000, 0x0000000617c00000| Untracked 
|  92|0x0000000617e00000, 0x0000000617e00000, 0x0000000618000000|  0%| F|  |TAMS 0x0000000617e00000, 0x0000000617e00000| Untracked 
|  93|0x0000000618000000, 0x0000000618000000, 0x0000000618200000|  0%| F|  |TAMS 0x0000000618000000, 0x0000000618000000| Untracked 
|  94|0x0000000618200000, 0x0000000618200000, 0x0000000618400000|  0%| F|  |TAMS 0x0000000618200000, 0x0000000618200000| Untracked 
|  95|0x0000000618400000, 0x0000000618400000, 0x0000000618600000|  0%| F|  |TAMS 0x0000000618400000, 0x0000000618400000| Untracked 
|  96|0x0000000618600000, 0x0000000618600000, 0x0000000618800000|  0%| F|  |TAMS 0x0000000618600000, 0x0000000618600000| Untracked 
|  97|0x0000000618800000, 0x0000000618800000, 0x0000000618a00000|  0%| F|  |TAMS 0x0000000618800000, 0x0000000618800000| Untracked 
|  98|0x0000000618a00000, 0x0000000618a00000, 0x0000000618c00000|  0%| F|  |TAMS 0x0000000618a00000, 0x0000000618a00000| Untracked 
|  99|0x0000000618c00000, 0x0000000618c00000, 0x0000000618e00000|  0%| F|  |TAMS 0x0000000618c00000, 0x0000000618c00000| Untracked 
| 100|0x0000000618e00000, 0x0000000618e00000, 0x0000000619000000|  0%| F|  |TAMS 0x0000000618e00000, 0x0000000618e00000| Untracked 
| 101|0x0000000619000000, 0x0000000619000000, 0x0000000619200000|  0%| F|  |TAMS 0x0000000619000000, 0x0000000619000000| Untracked 
| 102|0x0000000619200000, 0x0000000619200000, 0x0000000619400000|  0%| F|  |TAMS 0x0000000619200000, 0x0000000619200000| Untracked 
| 103|0x0000000619400000, 0x0000000619400000, 0x0000000619600000|  0%| F|  |TAMS 0x0000000619400000, 0x0000000619400000| Untracked 
| 104|0x0000000619600000, 0x0000000619600000, 0x0000000619800000|  0%| F|  |TAMS 0x0000000619600000, 0x0000000619600000| Untracked 
| 105|0x0000000619800000, 0x0000000619800000, 0x0000000619a00000|  0%| F|  |TAMS 0x0000000619800000, 0x0000000619800000| Untracked 
| 106|0x0000000619a00000, 0x0000000619a00000, 0x0000000619c00000|  0%| F|  |TAMS 0x0000000619a00000, 0x0000000619a00000| Untracked 
| 107|0x0000000619c00000, 0x0000000619c00000, 0x0000000619e00000|  0%| F|  |TAMS 0x0000000619c00000, 0x0000000619c00000| Untracked 
| 108|0x0000000619e00000, 0x0000000619e00000, 0x000000061a000000|  0%| F|  |TAMS 0x0000000619e00000, 0x0000000619e00000| Untracked 
| 109|0x000000061a000000, 0x000000061a000000, 0x000000061a200000|  0%| F|  |TAMS 0x000000061a000000, 0x000000061a000000| Untracked 
| 110|0x000000061a200000, 0x000000061a200000, 0x000000061a400000|  0%| F|  |TAMS 0x000000061a200000, 0x000000061a200000| Untracked 
| 111|0x000000061a400000, 0x000000061a400000, 0x000000061a600000|  0%| F|  |TAMS 0x000000061a400000, 0x000000061a400000| Untracked 
| 112|0x000000061a600000, 0x000000061a600000, 0x000000061a800000|  0%| F|  |TAMS 0x000000061a600000, 0x000000061a600000| Untracked 
| 113|0x000000061a800000, 0x000000061a800000, 0x000000061aa00000|  0%| F|  |TAMS 0x000000061a800000, 0x000000061a800000| Untracked 
| 114|0x000000061aa00000, 0x000000061aa00000, 0x000000061ac00000|  0%| F|  |TAMS 0x000000061aa00000, 0x000000061aa00000| Untracked 
| 115|0x000000061ac00000, 0x000000061ac00000, 0x000000061ae00000|  0%| F|  |TAMS 0x000000061ac00000, 0x000000061ac00000| Untracked 
| 116|0x000000061ae00000, 0x000000061ae00000, 0x000000061b000000|  0%| F|  |TAMS 0x000000061ae00000, 0x000000061ae00000| Untracked 
| 117|0x000000061b000000, 0x000000061b000000, 0x000000061b200000|  0%| F|  |TAMS 0x000000061b000000, 0x000000061b000000| Untracked 
| 118|0x000000061b200000, 0x000000061b200000, 0x000000061b400000|  0%| F|  |TAMS 0x000000061b200000, 0x000000061b200000| Untracked 
| 119|0x000000061b400000, 0x000000061b400000, 0x000000061b600000|  0%| F|  |TAMS 0x000000061b400000, 0x000000061b400000| Untracked 
| 120|0x000000061b600000, 0x000000061b600000, 0x000000061b800000|  0%| F|  |TAMS 0x000000061b600000, 0x000000061b600000| Untracked 
| 121|0x000000061b800000, 0x000000061b800000, 0x000000061ba00000|  0%| F|  |TAMS 0x000000061b800000, 0x000000061b800000| Untracked 
| 122|0x000000061ba00000, 0x000000061ba00000, 0x000000061bc00000|  0%| F|  |TAMS 0x000000061ba00000, 0x000000061ba00000| Untracked 
| 123|0x000000061bc00000, 0x000000061bc00000, 0x000000061be00000|  0%| F|  |TAMS 0x000000061bc00000, 0x000000061bc00000| Untracked 
| 124|0x000000061be00000, 0x000000061be00000, 0x000000061c000000|  0%| F|  |TAMS 0x000000061be00000, 0x000000061be00000| Untracked 
| 125|0x000000061c000000, 0x000000061c000000, 0x000000061c200000|  0%| F|  |TAMS 0x000000061c000000, 0x000000061c000000| Untracked 
| 126|0x000000061c200000, 0x000000061c200000, 0x000000061c400000|  0%| F|  |TAMS 0x000000061c200000, 0x000000061c200000| Untracked 
| 127|0x000000061c400000, 0x000000061c400000, 0x000000061c600000|  0%| F|  |TAMS 0x000000061c400000, 0x000000061c400000| Untracked 
| 128|0x000000061c600000, 0x000000061c600000, 0x000000061c800000|  0%| F|  |TAMS 0x000000061c600000, 0x000000061c600000| Untracked 
| 129|0x000000061c800000, 0x000000061c800000, 0x000000061ca00000|  0%| F|  |TAMS 0x000000061c800000, 0x000000061c800000| Untracked 
| 130|0x000000061ca00000, 0x000000061ca00000, 0x000000061cc00000|  0%| F|  |TAMS 0x000000061ca00000, 0x000000061ca00000| Untracked 
| 131|0x000000061cc00000, 0x000000061cc00000, 0x000000061ce00000|  0%| F|  |TAMS 0x000000061cc00000, 0x000000061cc00000| Untracked 
| 132|0x000000061ce00000, 0x000000061ce00000, 0x000000061d000000|  0%| F|  |TAMS 0x000000061ce00000, 0x000000061ce00000| Untracked 
| 133|0x000000061d000000, 0x000000061d000000, 0x000000061d200000|  0%| F|  |TAMS 0x000000061d000000, 0x000000061d000000| Untracked 
| 134|0x000000061d200000, 0x000000061d200000, 0x000000061d400000|  0%| F|  |TAMS 0x000000061d200000, 0x000000061d200000| Untracked 
| 135|0x000000061d400000, 0x000000061d400000, 0x000000061d600000|  0%| F|  |TAMS 0x000000061d400000, 0x000000061d400000| Untracked 
| 136|0x000000061d600000, 0x000000061d600000, 0x000000061d800000|  0%| F|  |TAMS 0x000000061d600000, 0x000000061d600000| Untracked 
| 137|0x000000061d800000, 0x000000061d800000, 0x000000061da00000|  0%| F|  |TAMS 0x000000061d800000, 0x000000061d800000| Untracked 
| 138|0x000000061da00000, 0x000000061da00000, 0x000000061dc00000|  0%| F|  |TAMS 0x000000061da00000, 0x000000061da00000| Untracked 
| 139|0x000000061dc00000, 0x000000061dc00000, 0x000000061de00000|  0%| F|  |TAMS 0x000000061dc00000, 0x000000061dc00000| Untracked 
| 140|0x000000061de00000, 0x000000061de00000, 0x000000061e000000|  0%| F|  |TAMS 0x000000061de00000, 0x000000061de00000| Untracked 
| 141|0x000000061e000000, 0x000000061e000000, 0x000000061e200000|  0%| F|  |TAMS 0x000000061e000000, 0x000000061e000000| Untracked 
| 142|0x000000061e200000, 0x000000061e200000, 0x000000061e400000|  0%| F|  |TAMS 0x000000061e200000, 0x000000061e200000| Untracked 
| 143|0x000000061e400000, 0x000000061e400000, 0x000000061e600000|  0%| F|  |TAMS 0x000000061e400000, 0x000000061e400000| Untracked 
| 144|0x000000061e600000, 0x000000061e600000, 0x000000061e800000|  0%| F|  |TAMS 0x000000061e600000, 0x000000061e600000| Untracked 
| 145|0x000000061e800000, 0x000000061e800000, 0x000000061ea00000|  0%| F|  |TAMS 0x000000061e800000, 0x000000061e800000| Untracked 
| 146|0x000000061ea00000, 0x000000061ea00000, 0x000000061ec00000|  0%| F|  |TAMS 0x000000061ea00000, 0x000000061ea00000| Untracked 
| 147|0x000000061ec00000, 0x000000061ec00000, 0x000000061ee00000|  0%| F|  |TAMS 0x000000061ec00000, 0x000000061ec00000| Untracked 
| 148|0x000000061ee00000, 0x000000061ee00000, 0x000000061f000000|  0%| F|  |TAMS 0x000000061ee00000, 0x000000061ee00000| Untracked 
| 149|0x000000061f000000, 0x000000061f000000, 0x000000061f200000|  0%| F|  |TAMS 0x000000061f000000, 0x000000061f000000| Untracked 
| 150|0x000000061f200000, 0x000000061f200000, 0x000000061f400000|  0%| F|  |TAMS 0x000000061f200000, 0x000000061f200000| Untracked 
| 151|0x000000061f400000, 0x000000061f400000, 0x000000061f600000|  0%| F|  |TAMS 0x000000061f400000, 0x000000061f400000| Untracked 
| 152|0x000000061f600000, 0x000000061f600000, 0x000000061f800000|  0%| F|  |TAMS 0x000000061f600000, 0x000000061f600000| Untracked 
| 153|0x000000061f800000, 0x000000061f800000, 0x000000061fa00000|  0%| F|  |TAMS 0x000000061f800000, 0x000000061f800000| Untracked 
| 154|0x000000061fa00000, 0x000000061fa00000, 0x000000061fc00000|  0%| F|  |TAMS 0x000000061fa00000, 0x000000061fa00000| Untracked 
| 155|0x000000061fc00000, 0x000000061fc00000, 0x000000061fe00000|  0%| F|  |TAMS 0x000000061fc00000, 0x000000061fc00000| Untracked 
| 156|0x000000061fe00000, 0x000000061fe00000, 0x0000000620000000|  0%| F|  |TAMS 0x000000061fe00000, 0x000000061fe00000| Untracked 
| 157|0x0000000620000000, 0x0000000620000000, 0x0000000620200000|  0%| F|  |TAMS 0x0000000620000000, 0x0000000620000000| Untracked 
| 158|0x0000000620200000, 0x0000000620200000, 0x0000000620400000|  0%| F|  |TAMS 0x0000000620200000, 0x0000000620200000| Untracked 
| 159|0x0000000620400000, 0x0000000620400000, 0x0000000620600000|  0%| F|  |TAMS 0x0000000620400000, 0x0000000620400000| Untracked 
| 160|0x0000000620600000, 0x0000000620600000, 0x0000000620800000|  0%| F|  |TAMS 0x0000000620600000, 0x0000000620600000| Untracked 
| 161|0x0000000620800000, 0x0000000620800000, 0x0000000620a00000|  0%| F|  |TAMS 0x0000000620800000, 0x0000000620800000| Untracked 
| 162|0x0000000620a00000, 0x0000000620a00000, 0x0000000620c00000|  0%| F|  |TAMS 0x0000000620a00000, 0x0000000620a00000| Untracked 
| 163|0x0000000620c00000, 0x0000000620c00000, 0x0000000620e00000|  0%| F|  |TAMS 0x0000000620c00000, 0x0000000620c00000| Untracked 
| 164|0x0000000620e00000, 0x0000000620e00000, 0x0000000621000000|  0%| F|  |TAMS 0x0000000620e00000, 0x0000000620e00000| Untracked 
| 165|0x0000000621000000, 0x0000000621000000, 0x0000000621200000|  0%| F|  |TAMS 0x0000000621000000, 0x0000000621000000| Untracked 
| 166|0x0000000621200000, 0x0000000621200000, 0x0000000621400000|  0%| F|  |TAMS 0x0000000621200000, 0x0000000621200000| Untracked 
| 167|0x0000000621400000, 0x0000000621400000, 0x0000000621600000|  0%| F|  |TAMS 0x0000000621400000, 0x0000000621400000| Untracked 
| 168|0x0000000621600000, 0x0000000621600000, 0x0000000621800000|  0%| F|  |TAMS 0x0000000621600000, 0x0000000621600000| Untracked 
| 169|0x0000000621800000, 0x0000000621800000, 0x0000000621a00000|  0%| F|  |TAMS 0x0000000621800000, 0x0000000621800000| Untracked 
| 170|0x0000000621a00000, 0x0000000621a00000, 0x0000000621c00000|  0%| F|  |TAMS 0x0000000621a00000, 0x0000000621a00000| Untracked 
| 171|0x0000000621c00000, 0x0000000621c00000, 0x0000000621e00000|  0%| F|  |TAMS 0x0000000621c00000, 0x0000000621c00000| Untracked 
| 172|0x0000000621e00000, 0x0000000621e00000, 0x0000000622000000|  0%| F|  |TAMS 0x0000000621e00000, 0x0000000621e00000| Untracked 
| 173|0x0000000622000000, 0x0000000622000000, 0x0000000622200000|  0%| F|  |TAMS 0x0000000622000000, 0x0000000622000000| Untracked 
| 174|0x0000000622200000, 0x0000000622200000, 0x0000000622400000|  0%| F|  |TAMS 0x0000000622200000, 0x0000000622200000| Untracked 
| 175|0x0000000622400000, 0x0000000622400000, 0x0000000622600000|  0%| F|  |TAMS 0x0000000622400000, 0x0000000622400000| Untracked 
| 176|0x0000000622600000, 0x0000000622600000, 0x0000000622800000|  0%| F|  |TAMS 0x0000000622600000, 0x0000000622600000| Untracked 
| 177|0x0000000622800000, 0x0000000622800000, 0x0000000622a00000|  0%| F|  |TAMS 0x0000000622800000, 0x0000000622800000| Untracked 
| 178|0x0000000622a00000, 0x0000000622a00000, 0x0000000622c00000|  0%| F|  |TAMS 0x0000000622a00000, 0x0000000622a00000| Untracked 
| 179|0x0000000622c00000, 0x0000000622c00000, 0x0000000622e00000|  0%| F|  |TAMS 0x0000000622c00000, 0x0000000622c00000| Untracked 
| 180|0x0000000622e00000, 0x0000000622e00000, 0x0000000623000000|  0%| F|  |TAMS 0x0000000622e00000, 0x0000000622e00000| Untracked 
| 181|0x0000000623000000, 0x0000000623000000, 0x0000000623200000|  0%| F|  |TAMS 0x0000000623000000, 0x0000000623000000| Untracked 
| 182|0x0000000623200000, 0x0000000623200000, 0x0000000623400000|  0%| F|  |TAMS 0x0000000623200000, 0x0000000623200000| Untracked 
| 183|0x0000000623400000, 0x0000000623400000, 0x0000000623600000|  0%| F|  |TAMS 0x0000000623400000, 0x0000000623400000| Untracked 
| 184|0x0000000623600000, 0x0000000623600000, 0x0000000623800000|  0%| F|  |TAMS 0x0000000623600000, 0x0000000623600000| Untracked 
| 185|0x0000000623800000, 0x0000000623800000, 0x0000000623a00000|  0%| F|  |TAMS 0x0000000623800000, 0x0000000623800000| Untracked 
| 186|0x0000000623a00000, 0x0000000623a00000, 0x0000000623c00000|  0%| F|  |TAMS 0x0000000623a00000, 0x0000000623a00000| Untracked 
| 187|0x0000000623c00000, 0x0000000623c00000, 0x0000000623e00000|  0%| F|  |TAMS 0x0000000623c00000, 0x0000000623c00000| Untracked 
| 188|0x0000000623e00000, 0x0000000623e00000, 0x0000000624000000|  0%| F|  |TAMS 0x0000000623e00000, 0x0000000623e00000| Untracked 
| 189|0x0000000624000000, 0x0000000624000000, 0x0000000624200000|  0%| F|  |TAMS 0x0000000624000000, 0x0000000624000000| Untracked 
| 190|0x0000000624200000, 0x0000000624200000, 0x0000000624400000|  0%| F|  |TAMS 0x0000000624200000, 0x0000000624200000| Untracked 
| 191|0x0000000624400000, 0x0000000624400000, 0x0000000624600000|  0%| F|  |TAMS 0x0000000624400000, 0x0000000624400000| Untracked 
| 192|0x0000000624600000, 0x0000000624600000, 0x0000000624800000|  0%| F|  |TAMS 0x0000000624600000, 0x0000000624600000| Untracked 
| 193|0x0000000624800000, 0x0000000624800000, 0x0000000624a00000|  0%| F|  |TAMS 0x0000000624800000, 0x0000000624800000| Untracked 
| 194|0x0000000624a00000, 0x0000000624a00000, 0x0000000624c00000|  0%| F|  |TAMS 0x0000000624a00000, 0x0000000624a00000| Untracked 
| 195|0x0000000624c00000, 0x0000000624c00000, 0x0000000624e00000|  0%| F|  |TAMS 0x0000000624c00000, 0x0000000624c00000| Untracked 
| 196|0x0000000624e00000, 0x0000000624e00000, 0x0000000625000000|  0%| F|  |TAMS 0x0000000624e00000, 0x0000000624e00000| Untracked 
| 197|0x0000000625000000, 0x0000000625000000, 0x0000000625200000|  0%| F|  |TAMS 0x0000000625000000, 0x0000000625000000| Untracked 
| 198|0x0000000625200000, 0x0000000625200000, 0x0000000625400000|  0%| F|  |TAMS 0x0000000625200000, 0x0000000625200000| Untracked 
| 199|0x0000000625400000, 0x0000000625400000, 0x0000000625600000|  0%| F|  |TAMS 0x0000000625400000, 0x0000000625400000| Untracked 
| 200|0x0000000625600000, 0x0000000625600000, 0x0000000625800000|  0%| F|  |TAMS 0x0000000625600000, 0x0000000625600000| Untracked 
| 201|0x0000000625800000, 0x0000000625800000, 0x0000000625a00000|  0%| F|  |TAMS 0x0000000625800000, 0x0000000625800000| Untracked 
| 202|0x0000000625a00000, 0x0000000625a00000, 0x0000000625c00000|  0%| F|  |TAMS 0x0000000625a00000, 0x0000000625a00000| Untracked 
| 203|0x0000000625c00000, 0x0000000625c00000, 0x0000000625e00000|  0%| F|  |TAMS 0x0000000625c00000, 0x0000000625c00000| Untracked 
| 204|0x0000000625e00000, 0x0000000625e00000, 0x0000000626000000|  0%| F|  |TAMS 0x0000000625e00000, 0x0000000625e00000| Untracked 
| 205|0x0000000626000000, 0x0000000626000000, 0x0000000626200000|  0%| F|  |TAMS 0x0000000626000000, 0x0000000626000000| Untracked 
| 206|0x0000000626200000, 0x0000000626200000, 0x0000000626400000|  0%| F|  |TAMS 0x0000000626200000, 0x0000000626200000| Untracked 
| 207|0x0000000626400000, 0x0000000626400000, 0x0000000626600000|  0%| F|  |TAMS 0x0000000626400000, 0x0000000626400000| Untracked 
| 208|0x0000000626600000, 0x0000000626600000, 0x0000000626800000|  0%| F|  |TAMS 0x0000000626600000, 0x0000000626600000| Untracked 
| 209|0x0000000626800000, 0x0000000626800000, 0x0000000626a00000|  0%| F|  |TAMS 0x0000000626800000, 0x0000000626800000| Untracked 
| 210|0x0000000626a00000, 0x0000000626a00000, 0x0000000626c00000|  0%| F|  |TAMS 0x0000000626a00000, 0x0000000626a00000| Untracked 
| 211|0x0000000626c00000, 0x0000000626c00000, 0x0000000626e00000|  0%| F|  |TAMS 0x0000000626c00000, 0x0000000626c00000| Untracked 
| 212|0x0000000626e00000, 0x0000000626e00000, 0x0000000627000000|  0%| F|  |TAMS 0x0000000626e00000, 0x0000000626e00000| Untracked 
| 213|0x0000000627000000, 0x0000000627000000, 0x0000000627200000|  0%| F|  |TAMS 0x0000000627000000, 0x0000000627000000| Untracked 
| 214|0x0000000627200000, 0x0000000627200000, 0x0000000627400000|  0%| F|  |TAMS 0x0000000627200000, 0x0000000627200000| Untracked 
| 215|0x0000000627400000, 0x0000000627400000, 0x0000000627600000|  0%| F|  |TAMS 0x0000000627400000, 0x0000000627400000| Untracked 
| 216|0x0000000627600000, 0x0000000627600000, 0x0000000627800000|  0%| F|  |TAMS 0x0000000627600000, 0x0000000627600000| Untracked 
| 217|0x0000000627800000, 0x0000000627800000, 0x0000000627a00000|  0%| F|  |TAMS 0x0000000627800000, 0x0000000627800000| Untracked 
| 218|0x0000000627a00000, 0x0000000627a00000, 0x0000000627c00000|  0%| F|  |TAMS 0x0000000627a00000, 0x0000000627a00000| Untracked 
| 219|0x0000000627c00000, 0x0000000627c00000, 0x0000000627e00000|  0%| F|  |TAMS 0x0000000627c00000, 0x0000000627c00000| Untracked 
| 220|0x0000000627e00000, 0x0000000627e00000, 0x0000000628000000|  0%| F|  |TAMS 0x0000000627e00000, 0x0000000627e00000| Untracked 
| 221|0x0000000628000000, 0x0000000628000000, 0x0000000628200000|  0%| F|  |TAMS 0x0000000628000000, 0x0000000628000000| Untracked 
| 222|0x0000000628200000, 0x0000000628200000, 0x0000000628400000|  0%| F|  |TAMS 0x0000000628200000, 0x0000000628200000| Untracked 
| 223|0x0000000628400000, 0x0000000628400000, 0x0000000628600000|  0%| F|  |TAMS 0x0000000628400000, 0x0000000628400000| Untracked 
| 224|0x0000000628600000, 0x0000000628600000, 0x0000000628800000|  0%| F|  |TAMS 0x0000000628600000, 0x0000000628600000| Untracked 
| 225|0x0000000628800000, 0x0000000628800000, 0x0000000628a00000|  0%| F|  |TAMS 0x0000000628800000, 0x0000000628800000| Untracked 
| 226|0x0000000628a00000, 0x0000000628a00000, 0x0000000628c00000|  0%| F|  |TAMS 0x0000000628a00000, 0x0000000628a00000| Untracked 
| 227|0x0000000628c00000, 0x0000000628c00000, 0x0000000628e00000|  0%| F|  |TAMS 0x0000000628c00000, 0x0000000628c00000| Untracked 
| 228|0x0000000628e00000, 0x0000000628e00000, 0x0000000629000000|  0%| F|  |TAMS 0x0000000628e00000, 0x0000000628e00000| Untracked 
| 229|0x0000000629000000, 0x0000000629000000, 0x0000000629200000|  0%| F|  |TAMS 0x0000000629000000, 0x0000000629000000| Untracked 
| 230|0x0000000629200000, 0x0000000629200000, 0x0000000629400000|  0%| F|  |TAMS 0x0000000629200000, 0x0000000629200000| Untracked 
| 231|0x0000000629400000, 0x0000000629400000, 0x0000000629600000|  0%| F|  |TAMS 0x0000000629400000, 0x0000000629400000| Untracked 
| 232|0x0000000629600000, 0x0000000629600000, 0x0000000629800000|  0%| F|  |TAMS 0x0000000629600000, 0x0000000629600000| Untracked 
| 233|0x0000000629800000, 0x0000000629800000, 0x0000000629a00000|  0%| F|  |TAMS 0x0000000629800000, 0x0000000629800000| Untracked 
| 234|0x0000000629a00000, 0x0000000629a00000, 0x0000000629c00000|  0%| F|  |TAMS 0x0000000629a00000, 0x0000000629a00000| Untracked 
| 235|0x0000000629c00000, 0x0000000629c00000, 0x0000000629e00000|  0%| F|  |TAMS 0x0000000629c00000, 0x0000000629c00000| Untracked 
| 236|0x0000000629e00000, 0x0000000629e00000, 0x000000062a000000|  0%| F|  |TAMS 0x0000000629e00000, 0x0000000629e00000| Untracked 
| 237|0x000000062a000000, 0x000000062a000000, 0x000000062a200000|  0%| F|  |TAMS 0x000000062a000000, 0x000000062a000000| Untracked 
| 238|0x000000062a200000, 0x000000062a200000, 0x000000062a400000|  0%| F|  |TAMS 0x000000062a200000, 0x000000062a200000| Untracked 
| 239|0x000000062a400000, 0x000000062a400000, 0x000000062a600000|  0%| F|  |TAMS 0x000000062a400000, 0x000000062a400000| Untracked 
| 240|0x000000062a600000, 0x000000062a7ec200, 0x000000062a800000| 96%| E|  |TAMS 0x000000062a600000, 0x000000062a600000| Complete 
| 241|0x000000062a800000, 0x000000062aa00000, 0x000000062aa00000|100%| E|CS|TAMS 0x000000062a800000, 0x000000062a800000| Complete 
| 242|0x000000062aa00000, 0x000000062ac00000, 0x000000062ac00000|100%| E|CS|TAMS 0x000000062aa00000, 0x000000062aa00000| Complete 
| 243|0x000000062ac00000, 0x000000062ae00000, 0x000000062ae00000|100%| E|CS|TAMS 0x000000062ac00000, 0x000000062ac00000| Complete 
| 244|0x000000062ae00000, 0x000000062b000000, 0x000000062b000000|100%| E|CS|TAMS 0x000000062ae00000, 0x000000062ae00000| Complete 
| 245|0x000000062b000000, 0x000000062b200000, 0x000000062b200000|100%| E|CS|TAMS 0x000000062b000000, 0x000000062b000000| Complete 
| 246|0x000000062b200000, 0x000000062b400000, 0x000000062b400000|100%| E|CS|TAMS 0x000000062b200000, 0x000000062b200000| Complete 
| 247|0x000000062b400000, 0x000000062b600000, 0x000000062b600000|100%| E|CS|TAMS 0x000000062b400000, 0x000000062b400000| Complete 
| 248|0x000000062b600000, 0x000000062b800000, 0x000000062b800000|100%| E|CS|TAMS 0x000000062b600000, 0x000000062b600000| Complete 
| 249|0x000000062b800000, 0x000000062ba00000, 0x000000062ba00000|100%| E|  |TAMS 0x000000062b800000, 0x000000062b800000| Complete 

Card table byte_map: [0x00007fddee0c6000,0x00007fddef063000] _byte_map_base: 0x00007fddeb063000

Marking Bits (Prev, Next): (CMBitMap*) 0x00007fde0c0583e8, (CMBitMap*) 0x00007fde0c058420
 Prev Bits: [0x00007fdde5441000, 0x00007fdded129000)
 Next Bits: [0x00007fdddd759000, 0x00007fdde5441000)

Polling page: 0x00007fde126be000

Metaspace:

Usage:
  Non-class:      4.78 MB capacity,     4.74 MB (>99%) used,    38.06 KB ( <1%) free+waste,     1.31 KB ( <1%) overhead. 
      Class:    464.00 KB capacity,   421.52 KB ( 91%) used,    41.80 KB (  9%) free+waste,   704 bytes ( <1%) overhead. 
       Both:      5.23 MB capacity,     5.15 MB ( 98%) used,    79.86 KB (  1%) free+waste,     2.00 KB ( <1%) overhead. 

Virtual space:
  Non-class space:        8.00 MB reserved,       5.00 MB ( 62%) committed 
      Class space:        1.00 GB reserved,     512.00 KB ( <1%) committed 
             Both:        1.01 GB reserved,       5.50 MB ( <1%) committed 

Chunk freelists:
   Non-Class:  16.00 KB
       Class:  16.00 KB
        Both:  32.00 KB

MaxMetaspaceSize: unlimited
CompressedClassSpaceSize: 1.00 GB
Initial GC threshold: 20.80 MB
Current GC threshold: 20.80 MB
CDS: off

CodeHeap 'non-profiled nmethods': size=120032Kb used=104Kb max_used=104Kb free=119927Kb
 bounds [0x00007fddfc31b000, 0x00007fddfc58b000, 0x00007fde03853000]
CodeHeap 'profiled nmethods': size=120028Kb used=507Kb max_used=507Kb free=119521Kb
 bounds [0x00007fddf4de4000, 0x00007fddf5054000, 0x00007fddfc31b000]
CodeHeap 'non-nmethods': size=5700Kb used=1060Kb max_used=1097Kb free=4639Kb
 bounds [0x00007fddf4853000, 0x00007fddf4ac3000, 0x00007fddf4de4000]
 total_blobs=613 nmethods=318 adapters=209
 compilation: enabled
              stopped_count=0, restarted_count=0
 full_count=0

Compilation events (20 events):
Event: 0.137 Thread 0x00007fde0c277000  223       4       java.lang.String::indexOf (113 bytes)
Event: 0.137 Thread 0x00007fde0c279000 nmethod 238 0x00007fddf4e3a690 code [0x00007fddf4e3a9e0, 0x00007fddf4e3b810]
Event: 0.137 Thread 0x00007fde0c279000  239       3       Tmp0Kt::testMaxUIdownToMinUI (271 bytes)
Event: 0.137 Thread 0x00007fde0c279000 nmethod 239 0x00007fddf4e3be90 code [0x00007fddf4e3c140, 0x00007fddf4e3cb00]
Event: 0.139 Thread 0x00007fde0c277000 nmethod 223 0x00007fddfc328690 code [0x00007fddfc328840, 0x00007fddfc328b98]
Event: 0.139 Thread 0x00007fde0c277000  220       4       java.util.LinkedHashMap::afterNodeAccess (116 bytes)
Event: 0.139 Thread 0x00007fde0c277000 nmethod 220 0x00007fddfc328d90 code [0x00007fddfc328f20, 0x00007fddfc328f98]
Event: 0.139 Thread 0x00007fde0c277000  224       4       coverage.CoverageEntry::<init> (60 bytes)
Event: 0.142 Thread 0x00007fddac076800 nmethod 218 0x00007fddfc329090 code [0x00007fddfc3292c0, 0x00007fddfc32a3d8]
Event: 0.142 Thread 0x00007fddac076800  228       4       kotlin.jvm.internal.Intrinsics::checkNotNullExpressionValue (38 bytes)
Event: 0.142 Thread 0x00007fddac076800 nmethod 228 0x00007fddfc32b190 code [0x00007fddfc32b320, 0x00007fddfc32b378]
Event: 0.142 Thread 0x00007fddac076800  230       4       coverage.MyMethodBasedCoverage::putEntry (86 bytes)
Event: 0.147 Thread 0x00007fde0c277000 nmethod 224 0x00007fddfc32b490 code [0x00007fddfc32b640, 0x00007fddfc32bd38]
Event: 0.147 Thread 0x00007fde0c277000  219       4       kotlin.ULong::constructor-impl (2 bytes)
Event: 0.148 Thread 0x00007fde0c277000 nmethod 219 0x00007fddfc32c190 code [0x00007fddfc32c320, 0x00007fddfc32c358]
Event: 0.148 Thread 0x00007fde0c277000  214       4       coverage.CoverageEntry::compareParamsAndRtv (134 bytes)
Event: 0.155 Thread 0x00007fde0c277000 nmethod 214 0x00007fddfc32c490 code [0x00007fddfc32c640, 0x00007fddfc32cad8]
Event: 0.155 Thread 0x00007fde0c277000  225       4       kotlin.text.StringsKt__StringsKt::split (176 bytes)
Event: 0.160 Thread 0x00007fde0c277000 nmethod 225 0x00007fddfc32cf90 code [0x00007fddfc32d160, 0x00007fddfc32d6f8]
Event: 0.160 Thread 0x00007fde0c277000  242 %     4       kotlin.UnsignedKt::ulongCompare @ 166 (12 bytes)

GC Heap History (0 events):
No events

Deoptimization events (4 events):
Event: 0.067 Thread 0x00007fde0c016800 Uncommon trap: trap_request=0xffffff4d fr.pc=0x00007fddfc31f30c relative=0x00000000000001ec
Event: 0.067 Thread 0x00007fde0c016800 Uncommon trap: reason=unstable_if action=reinterpret pc=0x00007fddfc31f30c method=java.lang.String.hashCode()I @ 14 c2
Event: 0.067 Thread 0x00007fde0c016800 DEOPT PACKING pc=0x00007fddfc31f30c sp=0x00007fde10f160d0
Event: 0.067 Thread 0x00007fde0c016800 DEOPT UNPACKING pc=0x00007fddf489cea5 sp=0x00007fde10f16088 mode 2

Classes redefined (0 events):
No events

Internal exceptions (2 events):
Event: 0.160 Thread 0x00007fde0c016800 StackOverflowError at 0x00007fddfc32c660
Event: 0.160 Thread 0x00007fde0c016800 Exception <a 'java/lang/StackOverflowError'{0x000000062a651108}> (0x000000062a651108) thrown at [src/hotspot/share/runtime/sharedRuntime.cpp, line 606]

Events (20 events):
Event: 0.105 loading class kotlin/ULong
Event: 0.105 loading class kotlin/ULong done
Event: 0.106 loading class kotlin/ULong$Companion
Event: 0.106 loading class kotlin/ULong$Companion done
Event: 0.106 loading class kotlin/UInt
Event: 0.106 loading class kotlin/UInt done
Event: 0.106 loading class kotlin/UInt$Companion
Event: 0.106 loading class kotlin/UInt$Companion done
Event: 0.107 loading class java/util/AbstractList$ListItr
Event: 0.107 loading class java/util/AbstractList$Itr
Event: 0.107 loading class java/util/AbstractList$Itr done
Event: 0.107 loading class java/util/AbstractList$ListItr done
Event: 0.107 loading class kotlin/UnsignedKt
Event: 0.107 loading class kotlin/UnsignedKt done
Event: 0.118 Thread 0x00007fddac076800 Thread added: 0x00007fddac076800
Event: 0.118 Protecting memory [0x00007fddd5cfc000,0x00007fddd5d00000] with protection modes 0
Event: 0.123 Thread 0x00007fddb0083000 Thread added: 0x00007fddb0083000
Event: 0.123 Protecting memory [0x00007fddd5bfb000,0x00007fddd5bff000] with protection modes 0
Event: 0.160 Protecting memory [0x00007fde10e19000,0x00007fde10e1c000] with protection modes 3
Event: 0.160 Protecting memory [0x00007fde10e19000,0x00007fde10e1c000] with protection modes 0


Dynamic libraries:
60c600000-62ba00000 rw-p 00000000 00:00 0 
62ba00000-800000000 ---p 00000000 00:00 0 
800000000-800080000 rw-p 00000000 00:00 0 
800080000-840000000 ---p 00000000 00:00 0 
559c0a5b3000-559c0a5b4000 r--p 00000000 08:02 1968997                    /usr/lib/jvm/java-11-openjdk/bin/java
559c0a5b4000-559c0a5b5000 r-xp 00001000 08:02 1968997                    /usr/lib/jvm/java-11-openjdk/bin/java
559c0a5b5000-559c0a5b6000 r--p 00002000 08:02 1968997                    /usr/lib/jvm/java-11-openjdk/bin/java
559c0a5b6000-559c0a5b7000 r--p 00002000 08:02 1968997                    /usr/lib/jvm/java-11-openjdk/bin/java
559c0a5b7000-559c0a5b8000 rw-p 00003000 08:02 1968997                    /usr/lib/jvm/java-11-openjdk/bin/java
559c0b0e1000-559c0b102000 rw-p 00000000 00:00 0                          [heap]
7fdd94000000-7fdd9423c000 rw-p 00000000 00:00 0 
7fdd9423c000-7fdd98000000 ---p 00000000 00:00 0 
7fdd9c000000-7fdd9c021000 rw-p 00000000 00:00 0 
7fdd9c021000-7fdda0000000 ---p 00000000 00:00 0 
7fdda0000000-7fdda0424000 rw-p 00000000 00:00 0 
7fdda0424000-7fdda4000000 ---p 00000000 00:00 0 
7fdda4000000-7fdda4021000 rw-p 00000000 00:00 0 
7fdda4021000-7fdda8000000 ---p 00000000 00:00 0 
7fdda8000000-7fdda8021000 rw-p 00000000 00:00 0 
7fdda8021000-7fddac000000 ---p 00000000 00:00 0 
7fddac000000-7fddac274000 rw-p 00000000 00:00 0 
7fddac274000-7fddb0000000 ---p 00000000 00:00 0 
7fddb0000000-7fddb0192000 rw-p 00000000 00:00 0 
7fddb0192000-7fddb4000000 ---p 00000000 00:00 0 
7fddb4000000-7fddb4021000 rw-p 00000000 00:00 0 
7fddb4021000-7fddb8000000 ---p 00000000 00:00 0 
7fddb8000000-7fddb8021000 rw-p 00000000 00:00 0 
7fddb8021000-7fddbc000000 ---p 00000000 00:00 0 
7fddbc000000-7fddbc021000 rw-p 00000000 00:00 0 
7fddbc021000-7fddc0000000 ---p 00000000 00:00 0 
7fddc0000000-7fddc0021000 rw-p 00000000 00:00 0 
7fddc0021000-7fddc4000000 ---p 00000000 00:00 0 
7fddc4000000-7fddc4021000 rw-p 00000000 00:00 0 
7fddc4021000-7fddc8000000 ---p 00000000 00:00 0 
7fddc8000000-7fddc8021000 rw-p 00000000 00:00 0 
7fddc8021000-7fddcc000000 ---p 00000000 00:00 0 
7fddcc000000-7fddcc021000 rw-p 00000000 00:00 0 
7fddcc021000-7fddd0000000 ---p 00000000 00:00 0 
7fddd0000000-7fddd0021000 rw-p 00000000 00:00 0 
7fddd0021000-7fddd4000000 ---p 00000000 00:00 0 
7fddd5bfb000-7fddd5bff000 ---p 00000000 00:00 0 
7fddd5bff000-7fddd5cfc000 rw-p 00000000 00:00 0 
7fddd5cfc000-7fddd5d00000 ---p 00000000 00:00 0 
7fddd5d00000-7fddd5dfd000 rw-p 00000000 00:00 0 
7fddd5dfd000-7fddd5e01000 ---p 00000000 00:00 0 
7fddd5e01000-7fddd5efe000 rw-p 00000000 00:00 0 
7fddd5efe000-7fddd5eff000 ---p 00000000 00:00 0 
7fddd5eff000-7fddd8000000 rw-p 00000000 00:00 0 
7fddd8000000-7fddd8021000 rw-p 00000000 00:00 0 
7fddd8021000-7fdddc000000 ---p 00000000 00:00 0 
7fdddc087000-7fdddc08b000 ---p 00000000 00:00 0 
7fdddc08b000-7fdddc188000 rw-p 00000000 00:00 0 
7fdddc188000-7fdddc18c000 ---p 00000000 00:00 0 
7fdddc18c000-7fdddc289000 rw-p 00000000 00:00 0 
7fdddc289000-7fdddc28d000 ---p 00000000 00:00 0 
7fdddc28d000-7fdddc38a000 rw-p 00000000 00:00 0 
7fdddc38a000-7fdddc38e000 ---p 00000000 00:00 0 
7fdddc38e000-7fdddc48b000 rw-p 00000000 00:00 0 
7fdddc48b000-7fdddc48f000 ---p 00000000 00:00 0 
7fdddc48f000-7fdddc58c000 rw-p 00000000 00:00 0 
7fdddc58c000-7fdddc874000 r--p 00000000 08:02 14491448                   /usr/lib/locale/locale-archive
7fdddc874000-7fdddc878000 ---p 00000000 00:00 0 
7fdddc878000-7fdddc975000 rw-p 00000000 00:00 0 
7fdddc975000-7fdddc979000 ---p 00000000 00:00 0 
7fdddc979000-7fdddca76000 rw-p 00000000 00:00 0 
7fdddca76000-7fdddca77000 ---p 00000000 00:00 0 
7fdddca77000-7fdddd154000 rw-p 00000000 00:00 0 
7fdddd154000-7fdddd454000 ---p 00000000 00:00 0 
7fdddd454000-7fdddd455000 ---p 00000000 00:00 0 
7fdddd455000-7fdddd556000 rw-p 00000000 00:00 0 
7fdddd556000-7fdddd557000 ---p 00000000 00:00 0 
7fdddd557000-7fddddf29000 rw-p 00000000 00:00 0 
7fddddf29000-7fdde5441000 ---p 00000000 00:00 0 
7fdde5441000-7fdde5c11000 rw-p 00000000 00:00 0 
7fdde5c11000-7fdded129000 ---p 00000000 00:00 0 
7fdded129000-7fdded223000 rw-p 00000000 00:00 0 
7fdded223000-7fddee0c6000 ---p 00000000 00:00 0 
7fddee0c6000-7fddee1c0000 rw-p 00000000 00:00 0 
7fddee1c0000-7fddef063000 ---p 00000000 00:00 0 
7fddef063000-7fddef15d000 rw-p 00000000 00:00 0 
7fddef15d000-7fddf0000000 ---p 00000000 00:00 0 
7fddf0000000-7fddf0021000 rw-p 00000000 00:00 0 
7fddf0021000-7fddf4000000 ---p 00000000 00:00 0 
7fddf4019000-7fddf4751000 rw-p 00000000 00:00 0 
7fddf4751000-7fddf4752000 ---p 00000000 00:00 0 
7fddf4752000-7fddf4853000 rw-p 00000000 00:00 0 
7fddf4853000-7fddf4ac3000 rwxp 00000000 00:00 0 
7fddf4ac3000-7fddf4de4000 ---p 00000000 00:00 0 
7fddf4de4000-7fddf5054000 rwxp 00000000 00:00 0 
7fddf5054000-7fddfc31b000 ---p 00000000 00:00 0 
7fddfc31b000-7fddfc58b000 rwxp 00000000 00:00 0 
7fddfc58b000-7fde03853000 ---p 00000000 00:00 0 
7fde03853000-7fde0c000000 r--s 00000000 08:02 1976524                    /usr/lib/jvm/java-11-openjdk/lib/modules
7fde0c000000-7fde0c440000 rw-p 00000000 00:00 0 
7fde0c440000-7fde10000000 ---p 00000000 00:00 0 
7fde10009000-7fde1000d000 r--p 00000000 08:02 1976496                    /usr/lib/jvm/java-11-openjdk/lib/libnet.so
7fde1000d000-7fde1001c000 r-xp 00004000 08:02 1976496                    /usr/lib/jvm/java-11-openjdk/lib/libnet.so
7fde1001c000-7fde10020000 r--p 00013000 08:02 1976496                    /usr/lib/jvm/java-11-openjdk/lib/libnet.so
7fde10020000-7fde10021000 r--p 00016000 08:02 1976496                    /usr/lib/jvm/java-11-openjdk/lib/libnet.so
7fde10021000-7fde10022000 rw-p 00017000 08:02 1976496                    /usr/lib/jvm/java-11-openjdk/lib/libnet.so
7fde10022000-7fde10029000 r--p 00000000 08:02 1976501                    /usr/lib/jvm/java-11-openjdk/lib/libnio.so
7fde10029000-7fde10030000 r-xp 00007000 08:02 1976501                    /usr/lib/jvm/java-11-openjdk/lib/libnio.so
7fde10030000-7fde10033000 r--p 0000e000 08:02 1976501                    /usr/lib/jvm/java-11-openjdk/lib/libnio.so
7fde10033000-7fde10034000 r--p 00010000 08:02 1976501                    /usr/lib/jvm/java-11-openjdk/lib/libnio.so
7fde10034000-7fde10035000 rw-p 00011000 08:02 1976501                    /usr/lib/jvm/java-11-openjdk/lib/libnio.so
7fde10035000-7fde1009f000 rw-p 00000000 00:00 0 
7fde1009f000-7fde100a0000 ---p 00000000 00:00 0 
7fde100a0000-7fde10aea000 rw-p 00000000 00:00 0 
7fde10aea000-7fde10aeb000 ---p 00000000 00:00 0 
7fde10aeb000-7fde10bf1000 rw-p 00000000 00:00 0 
7fde10bf1000-7fde10cd7000 ---p 00000000 00:00 0 
7fde10cd7000-7fde10cdc000 rw-p 00000000 00:00 0 
7fde10cdc000-7fde10dc2000 ---p 00000000 00:00 0 
7fde10dc2000-7fde10dc7000 rw-p 00000000 00:00 0 
7fde10dc7000-7fde10dce000 ---p 00000000 00:00 0 
7fde10dce000-7fde10dd0000 r--p 00000000 08:02 1976523                    /usr/lib/jvm/java-11-openjdk/lib/libzip.so
7fde10dd0000-7fde10dd4000 r-xp 00002000 08:02 1976523                    /usr/lib/jvm/java-11-openjdk/lib/libzip.so
7fde10dd4000-7fde10dd6000 r--p 00006000 08:02 1976523                    /usr/lib/jvm/java-11-openjdk/lib/libzip.so
7fde10dd6000-7fde10dd7000 r--p 00007000 08:02 1976523                    /usr/lib/jvm/java-11-openjdk/lib/libzip.so
7fde10dd7000-7fde10dd8000 rw-p 00008000 08:02 1976523                    /usr/lib/jvm/java-11-openjdk/lib/libzip.so
7fde10dd8000-7fde10de0000 rw-s 00000000 00:24 434279                     /tmp/hsperfdata_stepanov/2000396
7fde10de0000-7fde10dee000 r--p 00000000 08:02 1976470                    /usr/lib/jvm/java-11-openjdk/lib/libjava.so
7fde10dee000-7fde10e03000 r-xp 0000e000 08:02 1976470                    /usr/lib/jvm/java-11-openjdk/lib/libjava.so
7fde10e03000-7fde10e09000 r--p 00023000 08:02 1976470                    /usr/lib/jvm/java-11-openjdk/lib/libjava.so
7fde10e09000-7fde10e0a000 ---p 00029000 08:02 1976470                    /usr/lib/jvm/java-11-openjdk/lib/libjava.so
7fde10e0a000-7fde10e0b000 r--p 00029000 08:02 1976470                    /usr/lib/jvm/java-11-openjdk/lib/libjava.so
7fde10e0b000-7fde10e0c000 rw-p 0002a000 08:02 1976470                    /usr/lib/jvm/java-11-openjdk/lib/libjava.so
7fde10e0c000-7fde10e0d000 rw-p 00000000 00:00 0 
7fde10e0d000-7fde10e10000 r--p 00000000 08:02 14421227                   /usr/lib/librt-2.33.so
7fde10e10000-7fde10e14000 r-xp 00003000 08:02 14421227                   /usr/lib/librt-2.33.so
7fde10e14000-7fde10e16000 r--p 00007000 08:02 14421227                   /usr/lib/librt-2.33.so
7fde10e16000-7fde10e17000 r--p 00008000 08:02 14421227                   /usr/lib/librt-2.33.so
7fde10e17000-7fde10e18000 rw-p 00009000 08:02 14421227                   /usr/lib/librt-2.33.so
7fde10e18000-7fde10e1c000 ---p 00000000 00:00 0 
7fde10e1c000-7fde10f19000 rw-p 00000000 00:00 0 
7fde10f19000-7fde10f1c000 r--p 00000000 08:02 14421476                   /usr/lib/libgcc_s.so.1
7fde10f1c000-7fde10f2e000 r-xp 00003000 08:02 14421476                   /usr/lib/libgcc_s.so.1
7fde10f2e000-7fde10f31000 r--p 00015000 08:02 14421476                   /usr/lib/libgcc_s.so.1
7fde10f31000-7fde10f32000 ---p 00018000 08:02 14421476                   /usr/lib/libgcc_s.so.1
7fde10f32000-7fde10f33000 r--p 00018000 08:02 14421476                   /usr/lib/libgcc_s.so.1
7fde10f33000-7fde10f34000 rw-p 00019000 08:02 14421476                   /usr/lib/libgcc_s.so.1
7fde10f34000-7fde10f43000 r--p 00000000 08:02 14421113                   /usr/lib/libm-2.33.so
7fde10f43000-7fde10fdd000 r-xp 0000f000 08:02 14421113                   /usr/lib/libm-2.33.so
7fde10fdd000-7fde11075000 r--p 000a9000 08:02 14421113                   /usr/lib/libm-2.33.so
7fde11075000-7fde11076000 ---p 00141000 08:02 14421113                   /usr/lib/libm-2.33.so
7fde11076000-7fde11077000 r--p 00141000 08:02 14421113                   /usr/lib/libm-2.33.so
7fde11077000-7fde11078000 rw-p 00142000 08:02 14421113                   /usr/lib/libm-2.33.so
7fde11078000-7fde11111000 r--p 00000000 08:02 14477167                   /usr/lib/libstdc++.so.6.0.29
7fde11111000-7fde11211000 r-xp 00099000 08:02 14477167                   /usr/lib/libstdc++.so.6.0.29
7fde11211000-7fde1127d000 r--p 00199000 08:02 14477167                   /usr/lib/libstdc++.so.6.0.29
7fde1127d000-7fde1128a000 r--p 00204000 08:02 14477167                   /usr/lib/libstdc++.so.6.0.29
7fde1128a000-7fde1128b000 rw-p 00211000 08:02 14477167                   /usr/lib/libstdc++.so.6.0.29
7fde1128b000-7fde1128e000 rw-p 00000000 00:00 0 
7fde1128e000-7fde11506000 r--p 00000000 08:02 1976538                    /usr/lib/jvm/java-11-openjdk/lib/server/libjvm.so
7fde11506000-7fde1210a000 r-xp 00278000 08:02 1976538                    /usr/lib/jvm/java-11-openjdk/lib/server/libjvm.so
7fde1210a000-7fde1234a000 r--p 00e7c000 08:02 1976538                    /usr/lib/jvm/java-11-openjdk/lib/server/libjvm.so
7fde1234a000-7fde1234b000 ---p 010bc000 08:02 1976538                    /usr/lib/jvm/java-11-openjdk/lib/server/libjvm.so
7fde1234b000-7fde1240c000 r--p 010bc000 08:02 1976538                    /usr/lib/jvm/java-11-openjdk/lib/server/libjvm.so
7fde1240c000-7fde12446000 rw-p 0117d000 08:02 1976538                    /usr/lib/jvm/java-11-openjdk/lib/server/libjvm.so
7fde12446000-7fde1249e000 rw-p 00000000 00:00 0 
7fde1249e000-7fde124a5000 r--p 00000000 08:02 14421201                   /usr/lib/libpthread-2.33.so
7fde124a5000-7fde124b4000 r-xp 00007000 08:02 14421201                   /usr/lib/libpthread-2.33.so
7fde124b4000-7fde124b8000 r--p 00016000 08:02 14421201                   /usr/lib/libpthread-2.33.so
7fde124b8000-7fde124b9000 ---p 0001a000 08:02 14421201                   /usr/lib/libpthread-2.33.so
7fde124b9000-7fde124ba000 r--p 0001a000 08:02 14421201                   /usr/lib/libpthread-2.33.so
7fde124ba000-7fde124bb000 rw-p 0001b000 08:02 14421201                   /usr/lib/libpthread-2.33.so
7fde124bb000-7fde124bf000 rw-p 00000000 00:00 0 
7fde124bf000-7fde124c1000 r--p 00000000 08:02 14421089                   /usr/lib/libdl-2.33.so
7fde124c1000-7fde124c3000 r-xp 00002000 08:02 14421089                   /usr/lib/libdl-2.33.so
7fde124c3000-7fde124c4000 r--p 00004000 08:02 14421089                   /usr/lib/libdl-2.33.so
7fde124c4000-7fde124c5000 r--p 00004000 08:02 14421089                   /usr/lib/libdl-2.33.so
7fde124c5000-7fde124c6000 rw-p 00005000 08:02 14421089                   /usr/lib/libdl-2.33.so
7fde124c6000-7fde124c9000 r--p 00000000 08:02 14439370                   /usr/lib/libz.so.1.2.11
7fde124c9000-7fde124d7000 r-xp 00003000 08:02 14439370                   /usr/lib/libz.so.1.2.11
7fde124d7000-7fde124dd000 r--p 00011000 08:02 14439370                   /usr/lib/libz.so.1.2.11
7fde124dd000-7fde124de000 ---p 00017000 08:02 14439370                   /usr/lib/libz.so.1.2.11
7fde124de000-7fde124df000 r--p 00017000 08:02 14439370                   /usr/lib/libz.so.1.2.11
7fde124df000-7fde124e0000 rw-p 00018000 08:02 14439370                   /usr/lib/libz.so.1.2.11
7fde124e0000-7fde12506000 r--p 00000000 08:02 14421056                   /usr/lib/libc-2.33.so
7fde12506000-7fde12651000 r-xp 00026000 08:02 14421056                   /usr/lib/libc-2.33.so
7fde12651000-7fde1269d000 r--p 00171000 08:02 14421056                   /usr/lib/libc-2.33.so
7fde1269d000-7fde126a0000 r--p 001bc000 08:02 14421056                   /usr/lib/libc-2.33.so
7fde126a0000-7fde126a3000 rw-p 001bf000 08:02 14421056                   /usr/lib/libc-2.33.so
7fde126a3000-7fde126ac000 rw-p 00000000 00:00 0 
7fde126b3000-7fde126b5000 r--p 00000000 08:02 14421153                   /usr/lib/libnss_compat-2.33.so
7fde126b5000-7fde126bb000 r-xp 00002000 08:02 14421153                   /usr/lib/libnss_compat-2.33.so
7fde126bb000-7fde126bc000 r--p 00008000 08:02 14421153                   /usr/lib/libnss_compat-2.33.so
7fde126bc000-7fde126bd000 r--p 00008000 08:02 14421153                   /usr/lib/libnss_compat-2.33.so
7fde126bd000-7fde126be000 rw-p 00009000 08:02 14421153                   /usr/lib/libnss_compat-2.33.so
7fde126be000-7fde126bf000 ---p 00000000 00:00 0 
7fde126bf000-7fde126c0000 r--p 00000000 00:00 0 
7fde126c0000-7fde126c2000 r--p 00000000 08:02 1976476                    /usr/lib/jvm/java-11-openjdk/lib/libjimage.so
7fde126c2000-7fde126c5000 r-xp 00002000 08:02 1976476                    /usr/lib/jvm/java-11-openjdk/lib/libjimage.so
7fde126c5000-7fde126c6000 r--p 00005000 08:02 1976476                    /usr/lib/jvm/java-11-openjdk/lib/libjimage.so
7fde126c6000-7fde126c7000 ---p 00006000 08:02 1976476                    /usr/lib/jvm/java-11-openjdk/lib/libjimage.so
7fde126c7000-7fde126c8000 r--p 00006000 08:02 1976476                    /usr/lib/jvm/java-11-openjdk/lib/libjimage.so
7fde126c8000-7fde126c9000 rw-p 00007000 08:02 1976476                    /usr/lib/jvm/java-11-openjdk/lib/libjimage.so
7fde126c9000-7fde126ce000 r--p 00000000 08:02 1976521                    /usr/lib/jvm/java-11-openjdk/lib/libverify.so
7fde126ce000-7fde126d5000 r-xp 00005000 08:02 1976521                    /usr/lib/jvm/java-11-openjdk/lib/libverify.so
7fde126d5000-7fde126d7000 r--p 0000c000 08:02 1976521                    /usr/lib/jvm/java-11-openjdk/lib/libverify.so
7fde126d7000-7fde126d9000 r--p 0000d000 08:02 1976521                    /usr/lib/jvm/java-11-openjdk/lib/libverify.so
7fde126d9000-7fde126da000 rw-p 0000f000 08:02 1976521                    /usr/lib/jvm/java-11-openjdk/lib/libverify.so
7fde126da000-7fde126dd000 r--p 00000000 08:02 1976252                    /usr/lib/jvm/java-11-openjdk/lib/jli/libjli.so
7fde126dd000-7fde126e7000 r-xp 00003000 08:02 1976252                    /usr/lib/jvm/java-11-openjdk/lib/jli/libjli.so
7fde126e7000-7fde126ea000 r--p 0000d000 08:02 1976252                    /usr/lib/jvm/java-11-openjdk/lib/jli/libjli.so
7fde126ea000-7fde126eb000 ---p 00010000 08:02 1976252                    /usr/lib/jvm/java-11-openjdk/lib/jli/libjli.so
7fde126eb000-7fde126ec000 r--p 00010000 08:02 1976252                    /usr/lib/jvm/java-11-openjdk/lib/jli/libjli.so
7fde126ec000-7fde126ed000 rw-p 00011000 08:02 1976252                    /usr/lib/jvm/java-11-openjdk/lib/jli/libjli.so
7fde126ed000-7fde126ef000 rw-p 00000000 00:00 0 
7fde126ef000-7fde126f0000 r--p 00000000 08:02 14420974                   /usr/lib/ld-2.33.so
7fde126f0000-7fde12714000 r-xp 00001000 08:02 14420974                   /usr/lib/ld-2.33.so
7fde12714000-7fde1271d000 r--p 00025000 08:02 14420974                   /usr/lib/ld-2.33.so
7fde1271d000-7fde1271f000 r--p 0002d000 08:02 14420974                   /usr/lib/ld-2.33.so
7fde1271f000-7fde12721000 rw-p 0002f000 08:02 14420974                   /usr/lib/ld-2.33.so
7ffc56e94000-7ffc56eb5000 rw-p 00000000 00:00 0                          [stack]
7ffc56f82000-7ffc56f86000 r--p 00000000 00:00 0                          [vvar]
7ffc56f86000-7ffc56f88000 r-xp 00000000 00:00 0                          [vdso]
ffffffffff600000-ffffffffff601000 --xp 00000000 00:00 0                  [vsyscall]


VM Arguments:
java_command: Tmp0Kt
java_class_path (initial): tmp/lib/kotlin-stdlib-1.4.0.jar:tmp/lib/kotlin-stdlib-common-1.4.0.jar:tmp/lib/kotlin-test-1.4.0.jar:tmp/lib/kotlin-test-common-1.4.0.jar:tmp/lib/kotlin-reflect-1.4.0.jar:tmp/lib/kotlin-script-runtime-1.4.0.jar:tmp/lib/kotlin-stdlib-jdk8-1.4.0.jar:tmp/lib/kotlin-stdlib-jdk7-1.4.0.jar:tmp/tmp.jar
Launcher Type: SUN_STANDARD

[Global flags]
     intx CICompilerCount                          = 4                                         {product} {ergonomic}
     uint ConcGCThreads                            = 2                                         {product} {ergonomic}
     uint G1ConcRefinementThreads                  = 8                                         {product} {ergonomic}
   size_t G1HeapRegionSize                         = 2097152                                   {product} {ergonomic}
    uintx GCDrainStackTargetSize                   = 64                                        {product} {ergonomic}
   size_t InitialHeapSize                          = 524288000                                 {product} {ergonomic}
   size_t MarkStackSize                            = 4194304                                   {product} {ergonomic}
   size_t MaxHeapSize                              = 8382316544                                {product} {ergonomic}
   size_t MaxNewSize                               = 5028970496                                {product} {ergonomic}
   size_t MinHeapDeltaBytes                        = 2097152                                   {product} {ergonomic}
    uintx NonNMethodCodeHeapSize                   = 5836300                                {pd product} {ergonomic}
    uintx NonProfiledCodeHeapSize                  = 122910970                              {pd product} {ergonomic}
    uintx ProfiledCodeHeapSize                     = 122910970                              {pd product} {ergonomic}
    uintx ReservedCodeCacheSize                    = 251658240                              {pd product} {ergonomic}
     bool SegmentedCodeCache                       = true                                      {product} {ergonomic}
     bool UseCompressedClassPointers               = true                                 {lp64_product} {ergonomic}
     bool UseCompressedOops                        = true                                 {lp64_product} {ergonomic}
     bool UseG1GC                                  = true                                      {product} {ergonomic}

Logging:
Log output configuration:
 #0: stdout all=warning uptime,level,tags
 #1: stderr all=off uptime,level,tags

Environment Variables:
JAVA_HOME=/usr/lib/jvm/java-11-openjdk
PATH=/usr/lib/jvm/java-14-openjdk/bin:/usr/local/bin:/usr/local/sbin:/usr/bin:/opt/android-sdk/tools:/opt/android-sdk/tools/bin:/usr/lib/jvm/default/bin:/usr/lib/smlnj/bin
LD_LIBRARY_PATH=/opt/cuda/lib64
SHELL=/bin/bash
DISPLAY=:0.0
LANG=en_US.UTF-8

Signal Handlers:
SIGSEGV: [libjvm.so+0xe0a500], sa_mask[0]=11111111011111111101111111111110, sa_flags=SA_RESTART|SA_SIGINFO
SIGBUS: [libjvm.so+0xe0a500], sa_mask[0]=11111111011111111101111111111110, sa_flags=SA_RESTART|SA_SIGINFO
SIGFPE: [libjvm.so+0xe0a500], sa_mask[0]=11111111011111111101111111111110, sa_flags=SA_RESTART|SA_SIGINFO
SIGPIPE: [libjvm.so+0xbf93d0], sa_mask[0]=11111111011111111101111111111110, sa_flags=SA_RESTART|SA_SIGINFO
SIGXFSZ: [libjvm.so+0xbf93d0], sa_mask[0]=11111111011111111101111111111110, sa_flags=SA_RESTART|SA_SIGINFO
SIGILL: [libjvm.so+0xe0a500], sa_mask[0]=11111111011111111101111111111110, sa_flags=SA_RESTART|SA_SIGINFO
SIGUSR2: [libjvm.so+0xbf9260], sa_mask[0]=00100000000000000000000000000000, sa_flags=SA_RESTART|SA_SIGINFO
SIGHUP: [libjvm.so+0xbf9860], sa_mask[0]=11111111011111111101111111111110, sa_flags=SA_RESTART|SA_SIGINFO
SIGINT: [libjvm.so+0xbf9860], sa_mask[0]=11111111011111111101111111111110, sa_flags=SA_RESTART|SA_SIGINFO
SIGTERM: [libjvm.so+0xbf9860], sa_mask[0]=11111111011111111101111111111110, sa_flags=SA_RESTART|SA_SIGINFO
SIGQUIT: [libjvm.so+0xbf9860], sa_mask[0]=11111111011111111101111111111110, sa_flags=SA_RESTART|SA_SIGINFO


---------------  S Y S T E M  ---------------

OS:LSB_VERSION=1.4
DISTRIB_ID=Arch
DISTRIB_RELEASE=rolling
DISTRIB_DESCRIPTION="Arch Linux"
uname:Linux 5.15.4-arch1-1 #1 SMP PREEMPT Sun, 21 Nov 2021 21:34:33 +0000 x86_64
OS uptime: 9 days 8:40 hours
libc:glibc 2.33 NPTL 2.33 
rlimit (soft/hard): STACK 8192k/infinity , CORE infinity/infinity , NPROC 127832/127832 , NOFILE 524288/524288 , AS infinity/infinity , CPU infinity/infinity , DATA infinity/infinity , FSIZE infinity/infinity , MEMLOCK 1024k/1024k
load average:3.07 3.05 3.10

/proc/meminfo:
MemTotal:       32740680 kB
MemFree:        16019244 kB
MemAvailable:   21700780 kB
Buffers:          384952 kB
Cached:          5811968 kB
SwapCached:            0 kB
Active:          2297424 kB
Inactive:       13660908 kB
Active(anon):      55268 kB
Inactive(anon): 10029548 kB
Active(file):    2242156 kB
Inactive(file):  3631360 kB
Unevictable:      246672 kB
Mlocked:              64 kB
SwapTotal:      32575484 kB
SwapFree:       32575484 kB
Dirty:               216 kB
Writeback:             0 kB
AnonPages:      10008176 kB
Mapped:          1346972 kB
Shmem:            323404 kB
KReclaimable:     271176 kB
Slab:             362680 kB
SReclaimable:     271176 kB
SUnreclaim:        91504 kB
KernelStack:       16320 kB
PageTables:        43644 kB
NFS_Unstable:          0 kB
Bounce:                0 kB
WritebackTmp:          0 kB
CommitLimit:    48945824 kB
Committed_AS:   13799488 kB
VmallocTotal:   34359738367 kB
VmallocUsed:       39680 kB
VmallocChunk:          0 kB
Percpu:             5504 kB
HardwareCorrupted:     0 kB
AnonHugePages:         0 kB
ShmemHugePages:        0 kB
ShmemPmdMapped:        0 kB
FileHugePages:         0 kB
FilePmdMapped:         0 kB
CmaTotal:              0 kB
CmaFree:               0 kB
HugePages_Total:       0
HugePages_Free:        0
HugePages_Rsvd:        0
HugePages_Surp:        0
Hugepagesize:       2048 kB
Hugetlb:               0 kB
DirectMap4k:      391256 kB
DirectMap2M:    22544384 kB
DirectMap1G:    11534336 kB

/sys/kernel/mm/transparent_hugepage/enabled:
always [madvise] never
/sys/kernel/mm/transparent_hugepage/defrag (defrag/compaction efforts parameter):
always defer defer+madvise [madvise] never

Process Memory:
Virtual Size: 11211532K (peak: 11277068K)
Resident Set Size: 64388K (peak: 64388K) (anon: 45256K, file: 19100K, shmem: 32K)
Swapped out: 0K
C-Heap outstanding allocations: 12474K

/proc/sys/kernel/threads-max (system-wide limit on the number of threads):
255665
/proc/sys/vm/max_map_count (maximum number of memory map areas a process may have):
65530
/proc/sys/kernel/pid_max (system-wide limit on number of process identifiers):
4194304

Steal ticks since vm start: 0
Steal ticks percentage since vm start:  0.000

CPU:total 8 (initial active 8) (4 cores per cpu, 2 threads per core) family 6 model 60 stepping 3 microcode 0x1c, cmov, cx8, fxsr, mmx, sse, sse2, sse3, ssse3, sse4.1, sse4.2, popcnt, avx, avx2, aes, clmul, erms, lzcnt, ht, tsc, tscinvbit, bmi1, bmi2, fma
CPU Model and flags from /proc/cpuinfo:
model name	: Intel(R) Core(TM) i7-4790 CPU @ 3.60GHz
flags		: fpu vme de pse tsc msr pae mce cx8 apic sep mtrr pge mca cmov pat pse36 clflush dts acpi mmx fxsr sse sse2 ss ht tm pbe syscall nx pdpe1gb rdtscp lm constant_tsc arch_perfmon pebs bts rep_good nopl xtopology nonstop_tsc cpuid aperfmperf pni pclmulqdq dtes64 monitor ds_cpl vmx smx est tm2 ssse3 sdbg fma cx16 xtpr pdcm pcid sse4_1 sse4_2 x2apic movbe popcnt aes xsave avx f16c rdrand lahf_lm abm cpuid_fault invpcid_single pti tpr_shadow vnmi flexpriority ept vpid ept_ad fsgsbase tsc_adjust bmi1 avx2 smep bmi2 erms invpcid xsaveopt dtherm ida arat pln pts
Online cpus:
0-7
Offline cpus:

BIOS frequency limitation:
<Not Available>
Frequency switch latency (ns):
20000
Available cpu frequencies:
<Not Available>
Current governor:
schedutil
Core performance/turbo boost:
<Not Available>

Memory: 4k page, physical 32740680k(16018992k free), swap 32575484k(32575484k free)

vm_info: OpenJDK 64-Bit Server VM (11.0.13+8) for linux-amd64 JRE (11.0.13+8), built on Nov  9 2021 19:45:44 by "builduser" with gcc 11.1.0

END.
