#
# A fatal error has been detected by the Java Runtime Environment:
#
#  SIGSEGV (0xb) at pc=0x00007fc37357bc6a, pid=2001162, tid=2001182
#
# JRE version: OpenJDK Runtime Environment (11.0.13+8) (build 11.0.13+8)
# Java VM: OpenJDK 64-Bit Server VM (11.0.13+8, mixed mode, tiered, compressed oops, g1 gc, linux-amd64)
# Problematic frame:
# V  [libjvm.so+0x5b7c6a]
#
# Core dump will be written. Default location: Core dumps may be processed with "/usr/lib/systemd/systemd-coredump %P %u %g %s %t %c %h" (or dumping to /home/stepanov/workspace/guidedBBF/bbfgradle/core.2001162)
#
# If you would like to submit a bug report, please visit:
#   https://bugreport.java.com/bugreport/crash.jsp
#

---------------  S U M M A R Y ------------

Command Line: Tmp0Kt

Host: Intel(R) Core(TM) i7-4790 CPU @ 3.60GHz, 8 cores, 31G, Arch Linux
Time: Fri Dec  3 01:13:41 2021 MSK elapsed time: 0.138329 seconds (0d 0h 0m 0s)

---------------  T H R E A D  ---------------

Current thread (0x00007fc30808a800):  JavaThread "C2 CompilerThread1" daemon [_thread_in_native, id=2001182, stack(0x00007fc3179f9000,0x00007fc317afa000)]


Current CompileTask:
C2:    138  233 %     4       kotlin.UnsignedKt::ulongCompare @ 166 (12 bytes)

Stack: [0x00007fc3179f9000,0x00007fc317afa000],  sp=0x00007fc317af6d70,  free space=1015k
Native frames: (J=compiled Java code, A=aot compiled Java code, j=interpreted, Vv=VM code, C=native code)
V  [libjvm.so+0x5b7c6a]
V  [libjvm.so+0x5b7de2]
V  [libjvm.so+0x594f9d]
V  [libjvm.so+0xc34b84]
V  [libjvm.so+0x55b19c]
V  [libjvm.so+0x63045e]
V  [libjvm.so+0x55a4c5]
V  [libjvm.so+0x6394c6]
V  [libjvm.so+0x63a788]
V  [libjvm.so+0xd9c2f8]
V  [libjvm.so+0xd997d1]
V  [libjvm.so+0xc03641]


siginfo: si_signo: 11 (SIGSEGV), si_code: 1 (SEGV_MAPERR), si_addr: 0x0000000000000014

Register to memory mapping:

RAX=0x0000000000000014 is an unknown value
RBX=0x00007fc2fc074500 points into unknown readable memory: 0x00007fc317af8970 | 70 89 af 17 c3 7f 00 00
RCX=0x0 is NULL
RDX=0x00007fc2fc09dc50 points into unknown readable memory: 0x00007fc2fc09dc60 | 60 dc 09 fc c2 7f 00 00
RSP=0x00007fc317af6d70 is pointing into the stack for thread: 0x00007fc30808a800
RBP=0x00007fc317af6dd0 is pointing into the stack for thread: 0x00007fc30808a800
RSI=0x00000000000000a6 is an unknown value
RDI=0x00007fc2fc074500 points into unknown readable memory: 0x00007fc317af8970 | 70 89 af 17 c3 7f 00 00
R8 =0x00007fc2fc072f00 points into unknown readable memory: 0x00007fc374089fb8 | b8 9f 08 74 c3 7f 00 00
R9 =0x00000000ffffffff is an unknown value
R10=0x00007fc2fc08b120 points into unknown readable memory: 0x00007fc3100169c0 | c0 69 01 10 c3 7f 00 00
R11=0x00007fc2fc073ebc points into unknown readable memory: 00 00 00 00
R12=0x00007fc3080895a0 points into unknown readable memory: 0x0000000700000006 | 06 00 00 00 07 00 00 00
R13=0x00007fc2fc09dc50 points into unknown readable memory: 0x00007fc2fc09dc60 | 60 dc 09 fc c2 7f 00 00
R14=0x00007fc2fc09dc20 points into unknown readable memory: 0x00007fc2fc074590 | 90 45 07 fc c2 7f 00 00
R15=0x00007fc2fc09a2d0 points into unknown readable memory: 0x0000000000000000 | 00 00 00 00 00 00 00 00


Registers:
RAX=0x0000000000000014, RBX=0x00007fc2fc074500, RCX=0x0000000000000000, RDX=0x00007fc2fc09dc50
RSP=0x00007fc317af6d70, RBP=0x00007fc317af6dd0, RSI=0x00000000000000a6, RDI=0x00007fc2fc074500
R8 =0x00007fc2fc072f00, R9 =0x00000000ffffffff, R10=0x00007fc2fc08b120, R11=0x00007fc2fc073ebc
R12=0x00007fc3080895a0, R13=0x00007fc2fc09dc50, R14=0x00007fc2fc09dc20, R15=0x00007fc2fc09a2d0
RIP=0x00007fc37357bc6a, EFLAGS=0x0000000000010246, CSGSFS=0x002b000000000033, ERR=0x0000000000000004
  TRAPNO=0x000000000000000e

Top of Stack: (sp=0x00007fc317af6d70)
0x00007fc317af6d70:   00007fc2fc08d970 0000000000000010
0x00007fc317af6d80:   00007fc2fc09a2d0 00007fc2fc09dc20
0x00007fc317af6d90:   00000000000083b0 00007fc2fc0a22b8
0x00007fc317af6da0:   00007fc317af7cf0 00007fc317af6e80 

Instructions: (pc=0x00007fc37357bc6a)
0x00007fc37357bb6a:   48 85 ff 74 16 48 8d 15 e8 7c 8e 00 48 8d 35 23
0x00007fc37357bb7a:   7d 8e 00 31 c0 67 e8 fb 22 88 00 48 83 7b 30 00
0x00007fc37357bb8a:   0f 85 a0 fd ff ff 48 8d 05 c7 7c 8e 00 48 89 43
0x00007fc37357bb9a:   30 e9 90 fd ff ff 4d 89 4d 50 89 95 70 ff ff ff
0x00007fc37357bbaa:   4c 89 6b 50 e9 47 fd ff ff 31 c0 eb 8c 90 0f 1f
0x00007fc37357bbba:   84 00 00 00 00 00 55 48 89 e5 41 57 41 56 41 55
0x00007fc37357bbca:   41 54 53 48 89 fb 48 83 ec 38 66 48 8d 3d 04 63
0x00007fc37357bbda:   bc 00 66 48 ff 15 3c 5d bc 00 31 f6 bf 28 00 00
0x00007fc37357bbea:   00 48 8b 00 4c 8b a0 78 02 00 00 49 8b 44 24 20
0x00007fc37357bbfa:   f3 41 0f 6f 4c 24 10 48 89 45 c8 49 8b 44 24 28
0x00007fc37357bc0a:   66 49 0f 7e cf 0f 29 4d b0 48 89 45 c0 67 e8 13
0x00007fc37357bc1a:   62 6f 00 49 89 c6 48 85 c0 74 0b 48 89 de 48 89
0x00007fc37357bc2a:   c7 e8 d0 77 ff ff 31 f6 bf 08 00 00 00 67 e8 f3
0x00007fc37357bc3a:   61 6f 00 49 89 c5 48 85 c0 74 08 48 89 c7 e8 83
0x00007fc37357bc4a:   72 ff ff 8b 73 18 31 c0 48 8b 7b 10 83 fe ff 0f
0x00007fc37357bc5a:   44 f0 67 e8 4e 51 fe ff 31 c9 4c 89 ea 48 89 df
0x00007fc37357bc6a:   8b 30 e8 3f c3 ff ff 48 89 df 48 89 45 a8 e8 93
0x00007fc37357bc7a:   ee ff ff 48 8b 13 48 83 7a 60 00 74 49 49 83 3f
0x00007fc37357bc8a:   00 74 16 4c 89 e7 48 8b 75 c0 67 e8 f6 16 e7 ff
0x00007fc37357bc9a:   4c 89 ff 67 e8 fd 08 e7 ff 66 0f 6f 55 b0 48 8b
0x00007fc37357bcaa:   45 c8 41 0f 11 54 24 10 49 89 44 24 20 48 83 c4
0x00007fc37357bcba:   38 5b 41 5c 41 5d 41 5e 41 5f 5d c3 66 2e 0f 1f
0x00007fc37357bcca:   84 00 00 00 00 00 48 83 7b 30 00 75 b0 48 8b 4d
0x00007fc37357bcda:   a8 48 89 c6 48 8b 79 28 e8 59 78 ff ff 48 8b 75
0x00007fc37357bcea:   a8 48 89 df 4d 89 e8 4c 89 f1 ba 01 00 00 00 e8
0x00007fc37357bcfa:   32 fa ff ff 48 8b 3b 48 83 7f 60 00 0f 85 7b ff
0x00007fc37357bd0a:   ff ff 48 83 7b 30 00 0f 85 70 ff ff ff 48 8b 43
0x00007fc37357bd1a:   68 48 83 78 10 00 74 30 67 e8 78 e3 fc ff 83 f8
0x00007fc37357bd2a:   03 7e 25 eb 31 90 48 8b 46 50 4c 89 e9 4c 89 f2
0x00007fc37357bd3a:   48 89 df 48 89 43 50 48 c7 46 50 00 00 00 00 c6
0x00007fc37357bd4a:   46 4b 00 e8 6e e8 ff ff 48 8b 73 50 48 85 f6 75
0x00007fc37357bd5a:   d5 e9 27 ff ff ff 48 8b 73 68 4c 89 e9 4c 89 f2 


Stack slot to memory mapping:
stack at sp + 0 slots: 0x00007fc2fc08d970 points into unknown readable memory: 0x00007fc374096430 | 30 64 09 74 c3 7f 00 00
stack at sp + 1 slots: 0x0000000000000010 is an unknown value
stack at sp + 2 slots: 0x00007fc2fc09a2d0 points into unknown readable memory: 0x0000000000000000 | 00 00 00 00 00 00 00 00
stack at sp + 3 slots: 0x00007fc2fc09dc20 points into unknown readable memory: 0x00007fc2fc074590 | 90 45 07 fc c2 7f 00 00
stack at sp + 4 slots: 0x00000000000083b0 is an unknown value
stack at sp + 5 slots: 0x00007fc2fc0a22b8 points into unknown readable memory: 0x0000000000007ff5 | f5 7f 00 00 00 00 00 00
stack at sp + 6 slots: 0x00007fc317af7cf0 is pointing into the stack for thread: 0x00007fc30808a800
stack at sp + 7 slots: 0x00007fc317af6e80 is pointing into the stack for thread: 0x00007fc30808a800


---------------  P R O C E S S  ---------------

Threads class SMR info:
_java_thread_list=0x00007fc3080e6dc0, length=11, elements={
0x00007fc36c016800, 0x00007fc36c25a000, 0x00007fc36c25e000, 0x00007fc36c273000,
0x00007fc36c275000, 0x00007fc36c277000, 0x00007fc36c279000, 0x00007fc36c27b800,
0x00007fc36c327800, 0x00007fc30808a800, 0x00007fc3080e5800
}

Java Threads: ( => current thread )
  0x00007fc36c016800 JavaThread "main" [_thread_in_Java, id=2001166, stack(0x00007fc372b4e000,0x00007fc372c4f000)]
  0x00007fc36c25a000 JavaThread "Reference Handler" daemon [_thread_blocked, id=2001173, stack(0x00007fc33c6ad000,0x00007fc33c7ae000)]
  0x00007fc36c25e000 JavaThread "Finalizer" daemon [_thread_blocked, id=2001174, stack(0x00007fc33c5ac000,0x00007fc33c6ad000)]
  0x00007fc36c273000 JavaThread "Signal Dispatcher" daemon [_thread_blocked, id=2001175, stack(0x00007fc33c1c3000,0x00007fc33c2c4000)]
  0x00007fc36c275000 JavaThread "Service Thread" daemon [_thread_blocked, id=2001176, stack(0x00007fc33c0c2000,0x00007fc33c1c3000)]
  0x00007fc36c277000 JavaThread "C2 CompilerThread0" daemon [_thread_in_native, id=2001177, stack(0x00007fc317eff000,0x00007fc318000000)]
  0x00007fc36c279000 JavaThread "C1 CompilerThread0" daemon [_thread_blocked, id=2001178, stack(0x00007fc317dfe000,0x00007fc317eff000)]
  0x00007fc36c27b800 JavaThread "Sweeper thread" daemon [_thread_blocked, id=2001179, stack(0x00007fc317cfd000,0x00007fc317dfe000)]
  0x00007fc36c327800 JavaThread "Common-Cleaner" daemon [_thread_blocked, id=2001181, stack(0x00007fc317afa000,0x00007fc317bfb000)]
=>0x00007fc30808a800 JavaThread "C2 CompilerThread1" daemon [_thread_in_native, id=2001182, stack(0x00007fc3179f9000,0x00007fc317afa000)]
  0x00007fc3080e5800 JavaThread "C2 CompilerThread2" daemon [_thread_in_native, id=2001183, stack(0x00007fc3178f8000,0x00007fc3179f9000)]

Other Threads:
  0x00007fc36c252000 VMThread "VM Thread" [stack: 0x00007fc33c7b0000,0x00007fc33c8b0000] [id=2001172]
  0x00007fc36c31a000 WatcherThread [stack: 0x00007fc317bfd000,0x00007fc317cfd000] [id=2001180]
  0x00007fc36c02e800 GCTaskThread "GC Thread#0" [stack: 0x00007fc372822000,0x00007fc372922000] [id=2001167]
  0x00007fc36c069000 ConcurrentGCThread "G1 Main Marker" [stack: 0x00007fc354651000,0x00007fc354751000] [id=2001168]
  0x00007fc36c06a800 ConcurrentGCThread "G1 Conc#0" [stack: 0x00007fc35454f000,0x00007fc35464f000] [id=2001169]
  0x00007fc36c1ec800 ConcurrentGCThread "G1 Refine#0" [stack: 0x00007fc33d290000,0x00007fc33d390000] [id=2001170]
  0x00007fc36c1ee000 ConcurrentGCThread "G1 Young RemSet Sampling" [stack: 0x00007fc33d18e000,0x00007fc33d28e000] [id=2001171]

Threads with active compile tasks:
C2 CompilerThread0    140  222       4       coverage.CoverageEntry::<init> (60 bytes)
C2 CompilerThread1    140  233 %     4       kotlin.UnsignedKt::ulongCompare @ 166 (12 bytes)
C2 CompilerThread2    140  213       4       java.util.HashMap::putVal (300 bytes)

VM state:not at safepoint (normal execution)

VM Mutex/Monitor currently owned by a thread: None

Heap address: 0x000000060c600000, size: 7994 MB, Compressed Oops mode: Zero based, Oop shift amount: 3
Narrow klass base: 0x0000000800000000, Narrow klass shift: 0
Compressed class space size: 1073741824 Address: 0x0000000800000000

Heap:
 garbage-first heap   total 512000K, used 12288K [0x000000060c600000, 0x0000000800000000)
  region size 2048K, 8 young (16384K), 0 survivors (0K)
 Metaspace       used 5181K, capacity 5296K, committed 5632K, reserved 1056768K
  class space    used 417K, capacity 464K, committed 512K, reserved 1048576K
Heap Regions: E=young(eden), S=young(survivor), O=old, HS=humongous(starts), HC=humongous(continues), CS=collection set, F=free, A=archive, TAMS=top-at-mark-start (previous, next)
|   0|0x000000060c600000, 0x000000060c600000, 0x000000060c800000|  0%| F|  |TAMS 0x000000060c600000, 0x000000060c600000| Untracked 
|   1|0x000000060c800000, 0x000000060c800000, 0x000000060ca00000|  0%| F|  |TAMS 0x000000060c800000, 0x000000060c800000| Untracked 
|   2|0x000000060ca00000, 0x000000060ca00000, 0x000000060cc00000|  0%| F|  |TAMS 0x000000060ca00000, 0x000000060ca00000| Untracked 
|   3|0x000000060cc00000, 0x000000060cc00000, 0x000000060ce00000|  0%| F|  |TAMS 0x000000060cc00000, 0x000000060cc00000| Untracked 
|   4|0x000000060ce00000, 0x000000060ce00000, 0x000000060d000000|  0%| F|  |TAMS 0x000000060ce00000, 0x000000060ce00000| Untracked 
|   5|0x000000060d000000, 0x000000060d000000, 0x000000060d200000|  0%| F|  |TAMS 0x000000060d000000, 0x000000060d000000| Untracked 
|   6|0x000000060d200000, 0x000000060d200000, 0x000000060d400000|  0%| F|  |TAMS 0x000000060d200000, 0x000000060d200000| Untracked 
|   7|0x000000060d400000, 0x000000060d400000, 0x000000060d600000|  0%| F|  |TAMS 0x000000060d400000, 0x000000060d400000| Untracked 
|   8|0x000000060d600000, 0x000000060d600000, 0x000000060d800000|  0%| F|  |TAMS 0x000000060d600000, 0x000000060d600000| Untracked 
|   9|0x000000060d800000, 0x000000060d800000, 0x000000060da00000|  0%| F|  |TAMS 0x000000060d800000, 0x000000060d800000| Untracked 
|  10|0x000000060da00000, 0x000000060da00000, 0x000000060dc00000|  0%| F|  |TAMS 0x000000060da00000, 0x000000060da00000| Untracked 
|  11|0x000000060dc00000, 0x000000060dc00000, 0x000000060de00000|  0%| F|  |TAMS 0x000000060dc00000, 0x000000060dc00000| Untracked 
|  12|0x000000060de00000, 0x000000060de00000, 0x000000060e000000|  0%| F|  |TAMS 0x000000060de00000, 0x000000060de00000| Untracked 
|  13|0x000000060e000000, 0x000000060e000000, 0x000000060e200000|  0%| F|  |TAMS 0x000000060e000000, 0x000000060e000000| Untracked 
|  14|0x000000060e200000, 0x000000060e200000, 0x000000060e400000|  0%| F|  |TAMS 0x000000060e200000, 0x000000060e200000| Untracked 
|  15|0x000000060e400000, 0x000000060e400000, 0x000000060e600000|  0%| F|  |TAMS 0x000000060e400000, 0x000000060e400000| Untracked 
|  16|0x000000060e600000, 0x000000060e600000, 0x000000060e800000|  0%| F|  |TAMS 0x000000060e600000, 0x000000060e600000| Untracked 
|  17|0x000000060e800000, 0x000000060e800000, 0x000000060ea00000|  0%| F|  |TAMS 0x000000060e800000, 0x000000060e800000| Untracked 
|  18|0x000000060ea00000, 0x000000060ea00000, 0x000000060ec00000|  0%| F|  |TAMS 0x000000060ea00000, 0x000000060ea00000| Untracked 
|  19|0x000000060ec00000, 0x000000060ec00000, 0x000000060ee00000|  0%| F|  |TAMS 0x000000060ec00000, 0x000000060ec00000| Untracked 
|  20|0x000000060ee00000, 0x000000060ee00000, 0x000000060f000000|  0%| F|  |TAMS 0x000000060ee00000, 0x000000060ee00000| Untracked 
|  21|0x000000060f000000, 0x000000060f000000, 0x000000060f200000|  0%| F|  |TAMS 0x000000060f000000, 0x000000060f000000| Untracked 
|  22|0x000000060f200000, 0x000000060f200000, 0x000000060f400000|  0%| F|  |TAMS 0x000000060f200000, 0x000000060f200000| Untracked 
|  23|0x000000060f400000, 0x000000060f400000, 0x000000060f600000|  0%| F|  |TAMS 0x000000060f400000, 0x000000060f400000| Untracked 
|  24|0x000000060f600000, 0x000000060f600000, 0x000000060f800000|  0%| F|  |TAMS 0x000000060f600000, 0x000000060f600000| Untracked 
|  25|0x000000060f800000, 0x000000060f800000, 0x000000060fa00000|  0%| F|  |TAMS 0x000000060f800000, 0x000000060f800000| Untracked 
|  26|0x000000060fa00000, 0x000000060fa00000, 0x000000060fc00000|  0%| F|  |TAMS 0x000000060fa00000, 0x000000060fa00000| Untracked 
|  27|0x000000060fc00000, 0x000000060fc00000, 0x000000060fe00000|  0%| F|  |TAMS 0x000000060fc00000, 0x000000060fc00000| Untracked 
|  28|0x000000060fe00000, 0x000000060fe00000, 0x0000000610000000|  0%| F|  |TAMS 0x000000060fe00000, 0x000000060fe00000| Untracked 
|  29|0x0000000610000000, 0x0000000610000000, 0x0000000610200000|  0%| F|  |TAMS 0x0000000610000000, 0x0000000610000000| Untracked 
|  30|0x0000000610200000, 0x0000000610200000, 0x0000000610400000|  0%| F|  |TAMS 0x0000000610200000, 0x0000000610200000| Untracked 
|  31|0x0000000610400000, 0x0000000610400000, 0x0000000610600000|  0%| F|  |TAMS 0x0000000610400000, 0x0000000610400000| Untracked 
|  32|0x0000000610600000, 0x0000000610600000, 0x0000000610800000|  0%| F|  |TAMS 0x0000000610600000, 0x0000000610600000| Untracked 
|  33|0x0000000610800000, 0x0000000610800000, 0x0000000610a00000|  0%| F|  |TAMS 0x0000000610800000, 0x0000000610800000| Untracked 
|  34|0x0000000610a00000, 0x0000000610a00000, 0x0000000610c00000|  0%| F|  |TAMS 0x0000000610a00000, 0x0000000610a00000| Untracked 
|  35|0x0000000610c00000, 0x0000000610c00000, 0x0000000610e00000|  0%| F|  |TAMS 0x0000000610c00000, 0x0000000610c00000| Untracked 
|  36|0x0000000610e00000, 0x0000000610e00000, 0x0000000611000000|  0%| F|  |TAMS 0x0000000610e00000, 0x0000000610e00000| Untracked 
|  37|0x0000000611000000, 0x0000000611000000, 0x0000000611200000|  0%| F|  |TAMS 0x0000000611000000, 0x0000000611000000| Untracked 
|  38|0x0000000611200000, 0x0000000611200000, 0x0000000611400000|  0%| F|  |TAMS 0x0000000611200000, 0x0000000611200000| Untracked 
|  39|0x0000000611400000, 0x0000000611400000, 0x0000000611600000|  0%| F|  |TAMS 0x0000000611400000, 0x0000000611400000| Untracked 
|  40|0x0000000611600000, 0x0000000611600000, 0x0000000611800000|  0%| F|  |TAMS 0x0000000611600000, 0x0000000611600000| Untracked 
|  41|0x0000000611800000, 0x0000000611800000, 0x0000000611a00000|  0%| F|  |TAMS 0x0000000611800000, 0x0000000611800000| Untracked 
|  42|0x0000000611a00000, 0x0000000611a00000, 0x0000000611c00000|  0%| F|  |TAMS 0x0000000611a00000, 0x0000000611a00000| Untracked 
|  43|0x0000000611c00000, 0x0000000611c00000, 0x0000000611e00000|  0%| F|  |TAMS 0x0000000611c00000, 0x0000000611c00000| Untracked 
|  44|0x0000000611e00000, 0x0000000611e00000, 0x0000000612000000|  0%| F|  |TAMS 0x0000000611e00000, 0x0000000611e00000| Untracked 
|  45|0x0000000612000000, 0x0000000612000000, 0x0000000612200000|  0%| F|  |TAMS 0x0000000612000000, 0x0000000612000000| Untracked 
|  46|0x0000000612200000, 0x0000000612200000, 0x0000000612400000|  0%| F|  |TAMS 0x0000000612200000, 0x0000000612200000| Untracked 
|  47|0x0000000612400000, 0x0000000612400000, 0x0000000612600000|  0%| F|  |TAMS 0x0000000612400000, 0x0000000612400000| Untracked 
|  48|0x0000000612600000, 0x0000000612600000, 0x0000000612800000|  0%| F|  |TAMS 0x0000000612600000, 0x0000000612600000| Untracked 
|  49|0x0000000612800000, 0x0000000612800000, 0x0000000612a00000|  0%| F|  |TAMS 0x0000000612800000, 0x0000000612800000| Untracked 
|  50|0x0000000612a00000, 0x0000000612a00000, 0x0000000612c00000|  0%| F|  |TAMS 0x0000000612a00000, 0x0000000612a00000| Untracked 
|  51|0x0000000612c00000, 0x0000000612c00000, 0x0000000612e00000|  0%| F|  |TAMS 0x0000000612c00000, 0x0000000612c00000| Untracked 
|  52|0x0000000612e00000, 0x0000000612e00000, 0x0000000613000000|  0%| F|  |TAMS 0x0000000612e00000, 0x0000000612e00000| Untracked 
|  53|0x0000000613000000, 0x0000000613000000, 0x0000000613200000|  0%| F|  |TAMS 0x0000000613000000, 0x0000000613000000| Untracked 
|  54|0x0000000613200000, 0x0000000613200000, 0x0000000613400000|  0%| F|  |TAMS 0x0000000613200000, 0x0000000613200000| Untracked 
|  55|0x0000000613400000, 0x0000000613400000, 0x0000000613600000|  0%| F|  |TAMS 0x0000000613400000, 0x0000000613400000| Untracked 
|  56|0x0000000613600000, 0x0000000613600000, 0x0000000613800000|  0%| F|  |TAMS 0x0000000613600000, 0x0000000613600000| Untracked 
|  57|0x0000000613800000, 0x0000000613800000, 0x0000000613a00000|  0%| F|  |TAMS 0x0000000613800000, 0x0000000613800000| Untracked 
|  58|0x0000000613a00000, 0x0000000613a00000, 0x0000000613c00000|  0%| F|  |TAMS 0x0000000613a00000, 0x0000000613a00000| Untracked 
|  59|0x0000000613c00000, 0x0000000613c00000, 0x0000000613e00000|  0%| F|  |TAMS 0x0000000613c00000, 0x0000000613c00000| Untracked 
|  60|0x0000000613e00000, 0x0000000613e00000, 0x0000000614000000|  0%| F|  |TAMS 0x0000000613e00000, 0x0000000613e00000| Untracked 
|  61|0x0000000614000000, 0x0000000614000000, 0x0000000614200000|  0%| F|  |TAMS 0x0000000614000000, 0x0000000614000000| Untracked 
|  62|0x0000000614200000, 0x0000000614200000, 0x0000000614400000|  0%| F|  |TAMS 0x0000000614200000, 0x0000000614200000| Untracked 
|  63|0x0000000614400000, 0x0000000614400000, 0x0000000614600000|  0%| F|  |TAMS 0x0000000614400000, 0x0000000614400000| Untracked 
|  64|0x0000000614600000, 0x0000000614600000, 0x0000000614800000|  0%| F|  |TAMS 0x0000000614600000, 0x0000000614600000| Untracked 
|  65|0x0000000614800000, 0x0000000614800000, 0x0000000614a00000|  0%| F|  |TAMS 0x0000000614800000, 0x0000000614800000| Untracked 
|  66|0x0000000614a00000, 0x0000000614a00000, 0x0000000614c00000|  0%| F|  |TAMS 0x0000000614a00000, 0x0000000614a00000| Untracked 
|  67|0x0000000614c00000, 0x0000000614c00000, 0x0000000614e00000|  0%| F|  |TAMS 0x0000000614c00000, 0x0000000614c00000| Untracked 
|  68|0x0000000614e00000, 0x0000000614e00000, 0x0000000615000000|  0%| F|  |TAMS 0x0000000614e00000, 0x0000000614e00000| Untracked 
|  69|0x0000000615000000, 0x0000000615000000, 0x0000000615200000|  0%| F|  |TAMS 0x0000000615000000, 0x0000000615000000| Untracked 
|  70|0x0000000615200000, 0x0000000615200000, 0x0000000615400000|  0%| F|  |TAMS 0x0000000615200000, 0x0000000615200000| Untracked 
|  71|0x0000000615400000, 0x0000000615400000, 0x0000000615600000|  0%| F|  |TAMS 0x0000000615400000, 0x0000000615400000| Untracked 
|  72|0x0000000615600000, 0x0000000615600000, 0x0000000615800000|  0%| F|  |TAMS 0x0000000615600000, 0x0000000615600000| Untracked 
|  73|0x0000000615800000, 0x0000000615800000, 0x0000000615a00000|  0%| F|  |TAMS 0x0000000615800000, 0x0000000615800000| Untracked 
|  74|0x0000000615a00000, 0x0000000615a00000, 0x0000000615c00000|  0%| F|  |TAMS 0x0000000615a00000, 0x0000000615a00000| Untracked 
|  75|0x0000000615c00000, 0x0000000615c00000, 0x0000000615e00000|  0%| F|  |TAMS 0x0000000615c00000, 0x0000000615c00000| Untracked 
|  76|0x0000000615e00000, 0x0000000615e00000, 0x0000000616000000|  0%| F|  |TAMS 0x0000000615e00000, 0x0000000615e00000| Untracked 
|  77|0x0000000616000000, 0x0000000616000000, 0x0000000616200000|  0%| F|  |TAMS 0x0000000616000000, 0x0000000616000000| Untracked 
|  78|0x0000000616200000, 0x0000000616200000, 0x0000000616400000|  0%| F|  |TAMS 0x0000000616200000, 0x0000000616200000| Untracked 
|  79|0x0000000616400000, 0x0000000616400000, 0x0000000616600000|  0%| F|  |TAMS 0x0000000616400000, 0x0000000616400000| Untracked 
|  80|0x0000000616600000, 0x0000000616600000, 0x0000000616800000|  0%| F|  |TAMS 0x0000000616600000, 0x0000000616600000| Untracked 
|  81|0x0000000616800000, 0x0000000616800000, 0x0000000616a00000|  0%| F|  |TAMS 0x0000000616800000, 0x0000000616800000| Untracked 
|  82|0x0000000616a00000, 0x0000000616a00000, 0x0000000616c00000|  0%| F|  |TAMS 0x0000000616a00000, 0x0000000616a00000| Untracked 
|  83|0x0000000616c00000, 0x0000000616c00000, 0x0000000616e00000|  0%| F|  |TAMS 0x0000000616c00000, 0x0000000616c00000| Untracked 
|  84|0x0000000616e00000, 0x0000000616e00000, 0x0000000617000000|  0%| F|  |TAMS 0x0000000616e00000, 0x0000000616e00000| Untracked 
|  85|0x0000000617000000, 0x0000000617000000, 0x0000000617200000|  0%| F|  |TAMS 0x0000000617000000, 0x0000000617000000| Untracked 
|  86|0x0000000617200000, 0x0000000617200000, 0x0000000617400000|  0%| F|  |TAMS 0x0000000617200000, 0x0000000617200000| Untracked 
|  87|0x0000000617400000, 0x0000000617400000, 0x0000000617600000|  0%| F|  |TAMS 0x0000000617400000, 0x0000000617400000| Untracked 
|  88|0x0000000617600000, 0x0000000617600000, 0x0000000617800000|  0%| F|  |TAMS 0x0000000617600000, 0x0000000617600000| Untracked 
|  89|0x0000000617800000, 0x0000000617800000, 0x0000000617a00000|  0%| F|  |TAMS 0x0000000617800000, 0x0000000617800000| Untracked 
|  90|0x0000000617a00000, 0x0000000617a00000, 0x0000000617c00000|  0%| F|  |TAMS 0x0000000617a00000, 0x0000000617a00000| Untracked 
|  91|0x0000000617c00000, 0x0000000617c00000, 0x0000000617e00000|  0%| F|  |TAMS 0x0000000617c00000, 0x0000000617c00000| Untracked 
|  92|0x0000000617e00000, 0x0000000617e00000, 0x0000000618000000|  0%| F|  |TAMS 0x0000000617e00000, 0x0000000617e00000| Untracked 
|  93|0x0000000618000000, 0x0000000618000000, 0x0000000618200000|  0%| F|  |TAMS 0x0000000618000000, 0x0000000618000000| Untracked 
|  94|0x0000000618200000, 0x0000000618200000, 0x0000000618400000|  0%| F|  |TAMS 0x0000000618200000, 0x0000000618200000| Untracked 
|  95|0x0000000618400000, 0x0000000618400000, 0x0000000618600000|  0%| F|  |TAMS 0x0000000618400000, 0x0000000618400000| Untracked 
|  96|0x0000000618600000, 0x0000000618600000, 0x0000000618800000|  0%| F|  |TAMS 0x0000000618600000, 0x0000000618600000| Untracked 
|  97|0x0000000618800000, 0x0000000618800000, 0x0000000618a00000|  0%| F|  |TAMS 0x0000000618800000, 0x0000000618800000| Untracked 
|  98|0x0000000618a00000, 0x0000000618a00000, 0x0000000618c00000|  0%| F|  |TAMS 0x0000000618a00000, 0x0000000618a00000| Untracked 
|  99|0x0000000618c00000, 0x0000000618c00000, 0x0000000618e00000|  0%| F|  |TAMS 0x0000000618c00000, 0x0000000618c00000| Untracked 
| 100|0x0000000618e00000, 0x0000000618e00000, 0x0000000619000000|  0%| F|  |TAMS 0x0000000618e00000, 0x0000000618e00000| Untracked 
| 101|0x0000000619000000, 0x0000000619000000, 0x0000000619200000|  0%| F|  |TAMS 0x0000000619000000, 0x0000000619000000| Untracked 
| 102|0x0000000619200000, 0x0000000619200000, 0x0000000619400000|  0%| F|  |TAMS 0x0000000619200000, 0x0000000619200000| Untracked 
| 103|0x0000000619400000, 0x0000000619400000, 0x0000000619600000|  0%| F|  |TAMS 0x0000000619400000, 0x0000000619400000| Untracked 
| 104|0x0000000619600000, 0x0000000619600000, 0x0000000619800000|  0%| F|  |TAMS 0x0000000619600000, 0x0000000619600000| Untracked 
| 105|0x0000000619800000, 0x0000000619800000, 0x0000000619a00000|  0%| F|  |TAMS 0x0000000619800000, 0x0000000619800000| Untracked 
| 106|0x0000000619a00000, 0x0000000619a00000, 0x0000000619c00000|  0%| F|  |TAMS 0x0000000619a00000, 0x0000000619a00000| Untracked 
| 107|0x0000000619c00000, 0x0000000619c00000, 0x0000000619e00000|  0%| F|  |TAMS 0x0000000619c00000, 0x0000000619c00000| Untracked 
| 108|0x0000000619e00000, 0x0000000619e00000, 0x000000061a000000|  0%| F|  |TAMS 0x0000000619e00000, 0x0000000619e00000| Untracked 
| 109|0x000000061a000000, 0x000000061a000000, 0x000000061a200000|  0%| F|  |TAMS 0x000000061a000000, 0x000000061a000000| Untracked 
| 110|0x000000061a200000, 0x000000061a200000, 0x000000061a400000|  0%| F|  |TAMS 0x000000061a200000, 0x000000061a200000| Untracked 
| 111|0x000000061a400000, 0x000000061a400000, 0x000000061a600000|  0%| F|  |TAMS 0x000000061a400000, 0x000000061a400000| Untracked 
| 112|0x000000061a600000, 0x000000061a600000, 0x000000061a800000|  0%| F|  |TAMS 0x000000061a600000, 0x000000061a600000| Untracked 
| 113|0x000000061a800000, 0x000000061a800000, 0x000000061aa00000|  0%| F|  |TAMS 0x000000061a800000, 0x000000061a800000| Untracked 
| 114|0x000000061aa00000, 0x000000061aa00000, 0x000000061ac00000|  0%| F|  |TAMS 0x000000061aa00000, 0x000000061aa00000| Untracked 
| 115|0x000000061ac00000, 0x000000061ac00000, 0x000000061ae00000|  0%| F|  |TAMS 0x000000061ac00000, 0x000000061ac00000| Untracked 
| 116|0x000000061ae00000, 0x000000061ae00000, 0x000000061b000000|  0%| F|  |TAMS 0x000000061ae00000, 0x000000061ae00000| Untracked 
| 117|0x000000061b000000, 0x000000061b000000, 0x000000061b200000|  0%| F|  |TAMS 0x000000061b000000, 0x000000061b000000| Untracked 
| 118|0x000000061b200000, 0x000000061b200000, 0x000000061b400000|  0%| F|  |TAMS 0x000000061b200000, 0x000000061b200000| Untracked 
| 119|0x000000061b400000, 0x000000061b400000, 0x000000061b600000|  0%| F|  |TAMS 0x000000061b400000, 0x000000061b400000| Untracked 
| 120|0x000000061b600000, 0x000000061b600000, 0x000000061b800000|  0%| F|  |TAMS 0x000000061b600000, 0x000000061b600000| Untracked 
| 121|0x000000061b800000, 0x000000061b800000, 0x000000061ba00000|  0%| F|  |TAMS 0x000000061b800000, 0x000000061b800000| Untracked 
| 122|0x000000061ba00000, 0x000000061ba00000, 0x000000061bc00000|  0%| F|  |TAMS 0x000000061ba00000, 0x000000061ba00000| Untracked 
| 123|0x000000061bc00000, 0x000000061bc00000, 0x000000061be00000|  0%| F|  |TAMS 0x000000061bc00000, 0x000000061bc00000| Untracked 
| 124|0x000000061be00000, 0x000000061be00000, 0x000000061c000000|  0%| F|  |TAMS 0x000000061be00000, 0x000000061be00000| Untracked 
| 125|0x000000061c000000, 0x000000061c000000, 0x000000061c200000|  0%| F|  |TAMS 0x000000061c000000, 0x000000061c000000| Untracked 
| 126|0x000000061c200000, 0x000000061c200000, 0x000000061c400000|  0%| F|  |TAMS 0x000000061c200000, 0x000000061c200000| Untracked 
| 127|0x000000061c400000, 0x000000061c400000, 0x000000061c600000|  0%| F|  |TAMS 0x000000061c400000, 0x000000061c400000| Untracked 
| 128|0x000000061c600000, 0x000000061c600000, 0x000000061c800000|  0%| F|  |TAMS 0x000000061c600000, 0x000000061c600000| Untracked 
| 129|0x000000061c800000, 0x000000061c800000, 0x000000061ca00000|  0%| F|  |TAMS 0x000000061c800000, 0x000000061c800000| Untracked 
| 130|0x000000061ca00000, 0x000000061ca00000, 0x000000061cc00000|  0%| F|  |TAMS 0x000000061ca00000, 0x000000061ca00000| Untracked 
| 131|0x000000061cc00000, 0x000000061cc00000, 0x000000061ce00000|  0%| F|  |TAMS 0x000000061cc00000, 0x000000061cc00000| Untracked 
| 132|0x000000061ce00000, 0x000000061ce00000, 0x000000061d000000|  0%| F|  |TAMS 0x000000061ce00000, 0x000000061ce00000| Untracked 
| 133|0x000000061d000000, 0x000000061d000000, 0x000000061d200000|  0%| F|  |TAMS 0x000000061d000000, 0x000000061d000000| Untracked 
| 134|0x000000061d200000, 0x000000061d200000, 0x000000061d400000|  0%| F|  |TAMS 0x000000061d200000, 0x000000061d200000| Untracked 
| 135|0x000000061d400000, 0x000000061d400000, 0x000000061d600000|  0%| F|  |TAMS 0x000000061d400000, 0x000000061d400000| Untracked 
| 136|0x000000061d600000, 0x000000061d600000, 0x000000061d800000|  0%| F|  |TAMS 0x000000061d600000, 0x000000061d600000| Untracked 
| 137|0x000000061d800000, 0x000000061d800000, 0x000000061da00000|  0%| F|  |TAMS 0x000000061d800000, 0x000000061d800000| Untracked 
| 138|0x000000061da00000, 0x000000061da00000, 0x000000061dc00000|  0%| F|  |TAMS 0x000000061da00000, 0x000000061da00000| Untracked 
| 139|0x000000061dc00000, 0x000000061dc00000, 0x000000061de00000|  0%| F|  |TAMS 0x000000061dc00000, 0x000000061dc00000| Untracked 
| 140|0x000000061de00000, 0x000000061de00000, 0x000000061e000000|  0%| F|  |TAMS 0x000000061de00000, 0x000000061de00000| Untracked 
| 141|0x000000061e000000, 0x000000061e000000, 0x000000061e200000|  0%| F|  |TAMS 0x000000061e000000, 0x000000061e000000| Untracked 
| 142|0x000000061e200000, 0x000000061e200000, 0x000000061e400000|  0%| F|  |TAMS 0x000000061e200000, 0x000000061e200000| Untracked 
| 143|0x000000061e400000, 0x000000061e400000, 0x000000061e600000|  0%| F|  |TAMS 0x000000061e400000, 0x000000061e400000| Untracked 
| 144|0x000000061e600000, 0x000000061e600000, 0x000000061e800000|  0%| F|  |TAMS 0x000000061e600000, 0x000000061e600000| Untracked 
| 145|0x000000061e800000, 0x000000061e800000, 0x000000061ea00000|  0%| F|  |TAMS 0x000000061e800000, 0x000000061e800000| Untracked 
| 146|0x000000061ea00000, 0x000000061ea00000, 0x000000061ec00000|  0%| F|  |TAMS 0x000000061ea00000, 0x000000061ea00000| Untracked 
| 147|0x000000061ec00000, 0x000000061ec00000, 0x000000061ee00000|  0%| F|  |TAMS 0x000000061ec00000, 0x000000061ec00000| Untracked 
| 148|0x000000061ee00000, 0x000000061ee00000, 0x000000061f000000|  0%| F|  |TAMS 0x000000061ee00000, 0x000000061ee00000| Untracked 
| 149|0x000000061f000000, 0x000000061f000000, 0x000000061f200000|  0%| F|  |TAMS 0x000000061f000000, 0x000000061f000000| Untracked 
| 150|0x000000061f200000, 0x000000061f200000, 0x000000061f400000|  0%| F|  |TAMS 0x000000061f200000, 0x000000061f200000| Untracked 
| 151|0x000000061f400000, 0x000000061f400000, 0x000000061f600000|  0%| F|  |TAMS 0x000000061f400000, 0x000000061f400000| Untracked 
| 152|0x000000061f600000, 0x000000061f600000, 0x000000061f800000|  0%| F|  |TAMS 0x000000061f600000, 0x000000061f600000| Untracked 
| 153|0x000000061f800000, 0x000000061f800000, 0x000000061fa00000|  0%| F|  |TAMS 0x000000061f800000, 0x000000061f800000| Untracked 
| 154|0x000000061fa00000, 0x000000061fa00000, 0x000000061fc00000|  0%| F|  |TAMS 0x000000061fa00000, 0x000000061fa00000| Untracked 
| 155|0x000000061fc00000, 0x000000061fc00000, 0x000000061fe00000|  0%| F|  |TAMS 0x000000061fc00000, 0x000000061fc00000| Untracked 
| 156|0x000000061fe00000, 0x000000061fe00000, 0x0000000620000000|  0%| F|  |TAMS 0x000000061fe00000, 0x000000061fe00000| Untracked 
| 157|0x0000000620000000, 0x0000000620000000, 0x0000000620200000|  0%| F|  |TAMS 0x0000000620000000, 0x0000000620000000| Untracked 
| 158|0x0000000620200000, 0x0000000620200000, 0x0000000620400000|  0%| F|  |TAMS 0x0000000620200000, 0x0000000620200000| Untracked 
| 159|0x0000000620400000, 0x0000000620400000, 0x0000000620600000|  0%| F|  |TAMS 0x0000000620400000, 0x0000000620400000| Untracked 
| 160|0x0000000620600000, 0x0000000620600000, 0x0000000620800000|  0%| F|  |TAMS 0x0000000620600000, 0x0000000620600000| Untracked 
| 161|0x0000000620800000, 0x0000000620800000, 0x0000000620a00000|  0%| F|  |TAMS 0x0000000620800000, 0x0000000620800000| Untracked 
| 162|0x0000000620a00000, 0x0000000620a00000, 0x0000000620c00000|  0%| F|  |TAMS 0x0000000620a00000, 0x0000000620a00000| Untracked 
| 163|0x0000000620c00000, 0x0000000620c00000, 0x0000000620e00000|  0%| F|  |TAMS 0x0000000620c00000, 0x0000000620c00000| Untracked 
| 164|0x0000000620e00000, 0x0000000620e00000, 0x0000000621000000|  0%| F|  |TAMS 0x0000000620e00000, 0x0000000620e00000| Untracked 
| 165|0x0000000621000000, 0x0000000621000000, 0x0000000621200000|  0%| F|  |TAMS 0x0000000621000000, 0x0000000621000000| Untracked 
| 166|0x0000000621200000, 0x0000000621200000, 0x0000000621400000|  0%| F|  |TAMS 0x0000000621200000, 0x0000000621200000| Untracked 
| 167|0x0000000621400000, 0x0000000621400000, 0x0000000621600000|  0%| F|  |TAMS 0x0000000621400000, 0x0000000621400000| Untracked 
| 168|0x0000000621600000, 0x0000000621600000, 0x0000000621800000|  0%| F|  |TAMS 0x0000000621600000, 0x0000000621600000| Untracked 
| 169|0x0000000621800000, 0x0000000621800000, 0x0000000621a00000|  0%| F|  |TAMS 0x0000000621800000, 0x0000000621800000| Untracked 
| 170|0x0000000621a00000, 0x0000000621a00000, 0x0000000621c00000|  0%| F|  |TAMS 0x0000000621a00000, 0x0000000621a00000| Untracked 
| 171|0x0000000621c00000, 0x0000000621c00000, 0x0000000621e00000|  0%| F|  |TAMS 0x0000000621c00000, 0x0000000621c00000| Untracked 
| 172|0x0000000621e00000, 0x0000000621e00000, 0x0000000622000000|  0%| F|  |TAMS 0x0000000621e00000, 0x0000000621e00000| Untracked 
| 173|0x0000000622000000, 0x0000000622000000, 0x0000000622200000|  0%| F|  |TAMS 0x0000000622000000, 0x0000000622000000| Untracked 
| 174|0x0000000622200000, 0x0000000622200000, 0x0000000622400000|  0%| F|  |TAMS 0x0000000622200000, 0x0000000622200000| Untracked 
| 175|0x0000000622400000, 0x0000000622400000, 0x0000000622600000|  0%| F|  |TAMS 0x0000000622400000, 0x0000000622400000| Untracked 
| 176|0x0000000622600000, 0x0000000622600000, 0x0000000622800000|  0%| F|  |TAMS 0x0000000622600000, 0x0000000622600000| Untracked 
| 177|0x0000000622800000, 0x0000000622800000, 0x0000000622a00000|  0%| F|  |TAMS 0x0000000622800000, 0x0000000622800000| Untracked 
| 178|0x0000000622a00000, 0x0000000622a00000, 0x0000000622c00000|  0%| F|  |TAMS 0x0000000622a00000, 0x0000000622a00000| Untracked 
| 179|0x0000000622c00000, 0x0000000622c00000, 0x0000000622e00000|  0%| F|  |TAMS 0x0000000622c00000, 0x0000000622c00000| Untracked 
| 180|0x0000000622e00000, 0x0000000622e00000, 0x0000000623000000|  0%| F|  |TAMS 0x0000000622e00000, 0x0000000622e00000| Untracked 
| 181|0x0000000623000000, 0x0000000623000000, 0x0000000623200000|  0%| F|  |TAMS 0x0000000623000000, 0x0000000623000000| Untracked 
| 182|0x0000000623200000, 0x0000000623200000, 0x0000000623400000|  0%| F|  |TAMS 0x0000000623200000, 0x0000000623200000| Untracked 
| 183|0x0000000623400000, 0x0000000623400000, 0x0000000623600000|  0%| F|  |TAMS 0x0000000623400000, 0x0000000623400000| Untracked 
| 184|0x0000000623600000, 0x0000000623600000, 0x0000000623800000|  0%| F|  |TAMS 0x0000000623600000, 0x0000000623600000| Untracked 
| 185|0x0000000623800000, 0x0000000623800000, 0x0000000623a00000|  0%| F|  |TAMS 0x0000000623800000, 0x0000000623800000| Untracked 
| 186|0x0000000623a00000, 0x0000000623a00000, 0x0000000623c00000|  0%| F|  |TAMS 0x0000000623a00000, 0x0000000623a00000| Untracked 
| 187|0x0000000623c00000, 0x0000000623c00000, 0x0000000623e00000|  0%| F|  |TAMS 0x0000000623c00000, 0x0000000623c00000| Untracked 
| 188|0x0000000623e00000, 0x0000000623e00000, 0x0000000624000000|  0%| F|  |TAMS 0x0000000623e00000, 0x0000000623e00000| Untracked 
| 189|0x0000000624000000, 0x0000000624000000, 0x0000000624200000|  0%| F|  |TAMS 0x0000000624000000, 0x0000000624000000| Untracked 
| 190|0x0000000624200000, 0x0000000624200000, 0x0000000624400000|  0%| F|  |TAMS 0x0000000624200000, 0x0000000624200000| Untracked 
| 191|0x0000000624400000, 0x0000000624400000, 0x0000000624600000|  0%| F|  |TAMS 0x0000000624400000, 0x0000000624400000| Untracked 
| 192|0x0000000624600000, 0x0000000624600000, 0x0000000624800000|  0%| F|  |TAMS 0x0000000624600000, 0x0000000624600000| Untracked 
| 193|0x0000000624800000, 0x0000000624800000, 0x0000000624a00000|  0%| F|  |TAMS 0x0000000624800000, 0x0000000624800000| Untracked 
| 194|0x0000000624a00000, 0x0000000624a00000, 0x0000000624c00000|  0%| F|  |TAMS 0x0000000624a00000, 0x0000000624a00000| Untracked 
| 195|0x0000000624c00000, 0x0000000624c00000, 0x0000000624e00000|  0%| F|  |TAMS 0x0000000624c00000, 0x0000000624c00000| Untracked 
| 196|0x0000000624e00000, 0x0000000624e00000, 0x0000000625000000|  0%| F|  |TAMS 0x0000000624e00000, 0x0000000624e00000| Untracked 
| 197|0x0000000625000000, 0x0000000625000000, 0x0000000625200000|  0%| F|  |TAMS 0x0000000625000000, 0x0000000625000000| Untracked 
| 198|0x0000000625200000, 0x0000000625200000, 0x0000000625400000|  0%| F|  |TAMS 0x0000000625200000, 0x0000000625200000| Untracked 
| 199|0x0000000625400000, 0x0000000625400000, 0x0000000625600000|  0%| F|  |TAMS 0x0000000625400000, 0x0000000625400000| Untracked 
| 200|0x0000000625600000, 0x0000000625600000, 0x0000000625800000|  0%| F|  |TAMS 0x0000000625600000, 0x0000000625600000| Untracked 
| 201|0x0000000625800000, 0x0000000625800000, 0x0000000625a00000|  0%| F|  |TAMS 0x0000000625800000, 0x0000000625800000| Untracked 
| 202|0x0000000625a00000, 0x0000000625a00000, 0x0000000625c00000|  0%| F|  |TAMS 0x0000000625a00000, 0x0000000625a00000| Untracked 
| 203|0x0000000625c00000, 0x0000000625c00000, 0x0000000625e00000|  0%| F|  |TAMS 0x0000000625c00000, 0x0000000625c00000| Untracked 
| 204|0x0000000625e00000, 0x0000000625e00000, 0x0000000626000000|  0%| F|  |TAMS 0x0000000625e00000, 0x0000000625e00000| Untracked 
| 205|0x0000000626000000, 0x0000000626000000, 0x0000000626200000|  0%| F|  |TAMS 0x0000000626000000, 0x0000000626000000| Untracked 
| 206|0x0000000626200000, 0x0000000626200000, 0x0000000626400000|  0%| F|  |TAMS 0x0000000626200000, 0x0000000626200000| Untracked 
| 207|0x0000000626400000, 0x0000000626400000, 0x0000000626600000|  0%| F|  |TAMS 0x0000000626400000, 0x0000000626400000| Untracked 
| 208|0x0000000626600000, 0x0000000626600000, 0x0000000626800000|  0%| F|  |TAMS 0x0000000626600000, 0x0000000626600000| Untracked 
| 209|0x0000000626800000, 0x0000000626800000, 0x0000000626a00000|  0%| F|  |TAMS 0x0000000626800000, 0x0000000626800000| Untracked 
| 210|0x0000000626a00000, 0x0000000626a00000, 0x0000000626c00000|  0%| F|  |TAMS 0x0000000626a00000, 0x0000000626a00000| Untracked 
| 211|0x0000000626c00000, 0x0000000626c00000, 0x0000000626e00000|  0%| F|  |TAMS 0x0000000626c00000, 0x0000000626c00000| Untracked 
| 212|0x0000000626e00000, 0x0000000626e00000, 0x0000000627000000|  0%| F|  |TAMS 0x0000000626e00000, 0x0000000626e00000| Untracked 
| 213|0x0000000627000000, 0x0000000627000000, 0x0000000627200000|  0%| F|  |TAMS 0x0000000627000000, 0x0000000627000000| Untracked 
| 214|0x0000000627200000, 0x0000000627200000, 0x0000000627400000|  0%| F|  |TAMS 0x0000000627200000, 0x0000000627200000| Untracked 
| 215|0x0000000627400000, 0x0000000627400000, 0x0000000627600000|  0%| F|  |TAMS 0x0000000627400000, 0x0000000627400000| Untracked 
| 216|0x0000000627600000, 0x0000000627600000, 0x0000000627800000|  0%| F|  |TAMS 0x0000000627600000, 0x0000000627600000| Untracked 
| 217|0x0000000627800000, 0x0000000627800000, 0x0000000627a00000|  0%| F|  |TAMS 0x0000000627800000, 0x0000000627800000| Untracked 
| 218|0x0000000627a00000, 0x0000000627a00000, 0x0000000627c00000|  0%| F|  |TAMS 0x0000000627a00000, 0x0000000627a00000| Untracked 
| 219|0x0000000627c00000, 0x0000000627c00000, 0x0000000627e00000|  0%| F|  |TAMS 0x0000000627c00000, 0x0000000627c00000| Untracked 
| 220|0x0000000627e00000, 0x0000000627e00000, 0x0000000628000000|  0%| F|  |TAMS 0x0000000627e00000, 0x0000000627e00000| Untracked 
| 221|0x0000000628000000, 0x0000000628000000, 0x0000000628200000|  0%| F|  |TAMS 0x0000000628000000, 0x0000000628000000| Untracked 
| 222|0x0000000628200000, 0x0000000628200000, 0x0000000628400000|  0%| F|  |TAMS 0x0000000628200000, 0x0000000628200000| Untracked 
| 223|0x0000000628400000, 0x0000000628400000, 0x0000000628600000|  0%| F|  |TAMS 0x0000000628400000, 0x0000000628400000| Untracked 
| 224|0x0000000628600000, 0x0000000628600000, 0x0000000628800000|  0%| F|  |TAMS 0x0000000628600000, 0x0000000628600000| Untracked 
| 225|0x0000000628800000, 0x0000000628800000, 0x0000000628a00000|  0%| F|  |TAMS 0x0000000628800000, 0x0000000628800000| Untracked 
| 226|0x0000000628a00000, 0x0000000628a00000, 0x0000000628c00000|  0%| F|  |TAMS 0x0000000628a00000, 0x0000000628a00000| Untracked 
| 227|0x0000000628c00000, 0x0000000628c00000, 0x0000000628e00000|  0%| F|  |TAMS 0x0000000628c00000, 0x0000000628c00000| Untracked 
| 228|0x0000000628e00000, 0x0000000628e00000, 0x0000000629000000|  0%| F|  |TAMS 0x0000000628e00000, 0x0000000628e00000| Untracked 
| 229|0x0000000629000000, 0x0000000629000000, 0x0000000629200000|  0%| F|  |TAMS 0x0000000629000000, 0x0000000629000000| Untracked 
| 230|0x0000000629200000, 0x0000000629200000, 0x0000000629400000|  0%| F|  |TAMS 0x0000000629200000, 0x0000000629200000| Untracked 
| 231|0x0000000629400000, 0x0000000629400000, 0x0000000629600000|  0%| F|  |TAMS 0x0000000629400000, 0x0000000629400000| Untracked 
| 232|0x0000000629600000, 0x0000000629600000, 0x0000000629800000|  0%| F|  |TAMS 0x0000000629600000, 0x0000000629600000| Untracked 
| 233|0x0000000629800000, 0x0000000629800000, 0x0000000629a00000|  0%| F|  |TAMS 0x0000000629800000, 0x0000000629800000| Untracked 
| 234|0x0000000629a00000, 0x0000000629a00000, 0x0000000629c00000|  0%| F|  |TAMS 0x0000000629a00000, 0x0000000629a00000| Untracked 
| 235|0x0000000629c00000, 0x0000000629c00000, 0x0000000629e00000|  0%| F|  |TAMS 0x0000000629c00000, 0x0000000629c00000| Untracked 
| 236|0x0000000629e00000, 0x0000000629e00000, 0x000000062a000000|  0%| F|  |TAMS 0x0000000629e00000, 0x0000000629e00000| Untracked 
| 237|0x000000062a000000, 0x000000062a000000, 0x000000062a200000|  0%| F|  |TAMS 0x000000062a000000, 0x000000062a000000| Untracked 
| 238|0x000000062a200000, 0x000000062a200000, 0x000000062a400000|  0%| F|  |TAMS 0x000000062a200000, 0x000000062a200000| Untracked 
| 239|0x000000062a400000, 0x000000062a400000, 0x000000062a600000|  0%| F|  |TAMS 0x000000062a400000, 0x000000062a400000| Untracked 
| 240|0x000000062a600000, 0x000000062a600000, 0x000000062a800000|  0%| F|  |TAMS 0x000000062a600000, 0x000000062a600000| Untracked 
| 241|0x000000062a800000, 0x000000062a800000, 0x000000062aa00000|  0%| F|  |TAMS 0x000000062a800000, 0x000000062a800000| Untracked 
| 242|0x000000062aa00000, 0x000000062abec0a0, 0x000000062ac00000| 96%| E|  |TAMS 0x000000062aa00000, 0x000000062aa00000| Complete 
| 243|0x000000062ac00000, 0x000000062ae00000, 0x000000062ae00000|100%| E|CS|TAMS 0x000000062ac00000, 0x000000062ac00000| Complete 
| 244|0x000000062ae00000, 0x000000062b000000, 0x000000062b000000|100%| E|CS|TAMS 0x000000062ae00000, 0x000000062ae00000| Complete 
| 245|0x000000062b000000, 0x000000062b200000, 0x000000062b200000|100%| E|CS|TAMS 0x000000062b000000, 0x000000062b000000| Complete 
| 246|0x000000062b200000, 0x000000062b400000, 0x000000062b400000|100%| E|CS|TAMS 0x000000062b200000, 0x000000062b200000| Complete 
| 247|0x000000062b400000, 0x000000062b600000, 0x000000062b600000|100%| E|CS|TAMS 0x000000062b400000, 0x000000062b400000| Complete 
| 248|0x000000062b600000, 0x000000062b800000, 0x000000062b800000|100%| E|CS|TAMS 0x000000062b600000, 0x000000062b600000| Complete 
| 249|0x000000062b800000, 0x000000062ba00000, 0x000000062ba00000|100%| E|  |TAMS 0x000000062b800000, 0x000000062b800000| Complete 

Card table byte_map: [0x00007fc37009f000,0x00007fc37103c000] _byte_map_base: 0x00007fc36d03c000

Marking Bits (Prev, Next): (CMBitMap*) 0x00007fc36c0583e8, (CMBitMap*) 0x00007fc36c058420
 Prev Bits: [0x00007fc34737b000, 0x00007fc34f063000)
 Next Bits: [0x00007fc33f693000, 0x00007fc34737b000)

Polling page: 0x00007fc3743f4000

Metaspace:

Usage:
  Non-class:      4.72 MB capacity,     4.65 MB ( 99%) used,    66.88 KB (  1%) free+waste,     1.25 KB ( <1%) overhead. 
      Class:    464.00 KB capacity,   417.23 KB ( 90%) used,    46.09 KB ( 10%) free+waste,   704 bytes ( <1%) overhead. 
       Both:      5.17 MB capacity,     5.06 MB ( 98%) used,   112.97 KB (  2%) free+waste,     1.94 KB ( <1%) overhead. 

Virtual space:
  Non-class space:        8.00 MB reserved,       5.00 MB ( 62%) committed 
      Class space:        1.00 GB reserved,     512.00 KB ( <1%) committed 
             Both:        1.01 GB reserved,       5.50 MB ( <1%) committed 

Chunk freelists:
   Non-Class:  48.00 KB
       Class:  16.00 KB
        Both:  64.00 KB

MaxMetaspaceSize: unlimited
CompressedClassSpaceSize: 1.00 GB
Initial GC threshold: 20.80 MB
Current GC threshold: 20.80 MB
CDS: off

CodeHeap 'non-profiled nmethods': size=120032Kb used=87Kb max_used=87Kb free=119944Kb
 bounds [0x00007fc35c31b000, 0x00007fc35c58b000, 0x00007fc363853000]
CodeHeap 'profiled nmethods': size=120028Kb used=326Kb max_used=326Kb free=119702Kb
 bounds [0x00007fc354de4000, 0x00007fc355054000, 0x00007fc35c31b000]
CodeHeap 'non-nmethods': size=5700Kb used=1060Kb max_used=1088Kb free=4639Kb
 bounds [0x00007fc354853000, 0x00007fc354ac3000, 0x00007fc354de4000]
 total_blobs=518 nmethods=224 adapters=208
 compilation: enabled
              stopped_count=0, restarted_count=0
 full_count=0

Compilation events (20 events):
Event: 0.101 Thread 0x00007fc36c279000  219       3       Tmp0Kt::box (33 bytes)
Event: 0.102 Thread 0x00007fc36c279000 nmethod 219 0x00007fc354e31f90 code [0x00007fc354e321c0, 0x00007fc354e32430]
Event: 0.102 Thread 0x00007fc36c279000  220       3       Tmp0Kt::testEmptyUIntLoop (187 bytes)
Event: 0.102 Thread 0x00007fc30808a800 nmethod 211 0x00007fc35c325a90 code [0x00007fc35c325c40, 0x00007fc35c325f98]
Event: 0.102 Thread 0x00007fc30808a800  217       4       java.util.HashMap::getNode (148 bytes)
Event: 0.102 Thread 0x00007fc36c279000 nmethod 220 0x00007fc354e32590 code [0x00007fc354e327c0, 0x00007fc354e32c90]
Event: 0.103 Thread 0x00007fc36c279000  230       3       Tmp0Kt::testEmptyULongLoop (245 bytes)
Event: 0.104 Thread 0x00007fc36c279000 nmethod 230 0x00007fc354e32e90 code [0x00007fc354e330c0, 0x00007fc354e33530]
Event: 0.104 Thread 0x00007fc36c279000  231       3       Tmp0Kt::testULongLoop (313 bytes)
Event: 0.105 Thread 0x00007fc36c279000 nmethod 231 0x00007fc354e33790 code [0x00007fc354e33c20, 0x00007fc354e34f30]
Event: 0.115 Thread 0x00007fc36c277000 nmethod 207 0x00007fc35c326310 code [0x00007fc35c3264e0, 0x00007fc35c326e58]
Event: 0.115 Thread 0x00007fc36c277000  232       4       java.lang.StringLatin1::indexOf (121 bytes)
Event: 0.120 Thread 0x00007fc30808a800 nmethod 217 0x00007fc35c327390 code [0x00007fc35c3275c0, 0x00007fc35c3286d8]
Event: 0.120 Thread 0x00007fc36c277000 nmethod 232 0x00007fc35c329490 code [0x00007fc35c329640, 0x00007fc35c329918]
Event: 0.120 Thread 0x00007fc30808a800  214       4       kotlin.UnsignedKt::ulongCompare (12 bytes)
Event: 0.120 Thread 0x00007fc36c277000  209       4       coverage.CoverageEntry::equals (20 bytes)
Event: 0.120 Thread 0x00007fc30808a800 nmethod 214 0x00007fc35c329b90 code [0x00007fc35c329d20, 0x00007fc35c329d78]
Event: 0.120 Thread 0x00007fc30808a800  210       4       coverage.CoverageEntry::isSameEntries (61 bytes)
Event: 0.124 Thread 0x00007fc30808a800 nmethod 210 0x00007fc35c329e90 code [0x00007fc35c32a060, 0x00007fc35c32a598]
Event: 0.124 Thread 0x00007fc30808a800  233 %     4       kotlin.UnsignedKt::ulongCompare @ 166 (12 bytes)

GC Heap History (0 events):
No events

Deoptimization events (4 events):
Event: 0.072 Thread 0x00007fc36c016800 Uncommon trap: trap_request=0xffffff4d fr.pc=0x00007fc35c31f320 relative=0x0000000000000200
Event: 0.072 Thread 0x00007fc36c016800 Uncommon trap: reason=unstable_if action=reinterpret pc=0x00007fc35c31f320 method=java.lang.String.hashCode()I @ 14 c2
Event: 0.072 Thread 0x00007fc36c016800 DEOPT PACKING pc=0x00007fc35c31f320 sp=0x00007fc372c4c8e0
Event: 0.072 Thread 0x00007fc36c016800 DEOPT UNPACKING pc=0x00007fc35489cea5 sp=0x00007fc372c4c890 mode 2

Classes redefined (0 events):
No events

Internal exceptions (0 events):
No events

Events (20 events):
Event: 0.088 loading class coverage/MyMethodBasedCoverage
Event: 0.088 loading class coverage/MyMethodBasedCoverage done
Event: 0.088 loading class kotlin/ULong
Event: 0.088 loading class kotlin/ULong done
Event: 0.088 loading class kotlin/ULong$Companion
Event: 0.088 loading class kotlin/ULong$Companion done
Event: 0.088 loading class kotlin/UInt
Event: 0.088 loading class kotlin/UInt done
Event: 0.089 loading class kotlin/UInt$Companion
Event: 0.089 loading class kotlin/UInt$Companion done
Event: 0.089 loading class java/util/AbstractList$ListItr
Event: 0.089 loading class java/util/AbstractList$Itr
Event: 0.089 loading class java/util/AbstractList$Itr done
Event: 0.089 loading class java/util/AbstractList$ListItr done
Event: 0.089 loading class kotlin/UnsignedKt
Event: 0.089 loading class kotlin/UnsignedKt done
Event: 0.096 Thread 0x00007fc30808a800 Thread added: 0x00007fc30808a800
Event: 0.096 Protecting memory [0x00007fc3179f9000,0x00007fc3179fd000] with protection modes 0
Event: 0.101 Thread 0x00007fc3080e5800 Thread added: 0x00007fc3080e5800
Event: 0.101 Protecting memory [0x00007fc3178f8000,0x00007fc3178fc000] with protection modes 0


Dynamic libraries:
60c600000-62ba00000 rw-p 00000000 00:00 0 
62ba00000-800000000 ---p 00000000 00:00 0 
800000000-800080000 rw-p 00000000 00:00 0 
800080000-840000000 ---p 00000000 00:00 0 
559202ae7000-559202ae8000 r--p 00000000 08:02 1968997                    /usr/lib/jvm/java-11-openjdk/bin/java
559202ae8000-559202ae9000 r-xp 00001000 08:02 1968997                    /usr/lib/jvm/java-11-openjdk/bin/java
559202ae9000-559202aea000 r--p 00002000 08:02 1968997                    /usr/lib/jvm/java-11-openjdk/bin/java
559202aea000-559202aeb000 r--p 00002000 08:02 1968997                    /usr/lib/jvm/java-11-openjdk/bin/java
559202aeb000-559202aec000 rw-p 00003000 08:02 1968997                    /usr/lib/jvm/java-11-openjdk/bin/java
559202cde000-559202cff000 rw-p 00000000 00:00 0                          [heap]
7fc2f8000000-7fc2f82c1000 rw-p 00000000 00:00 0 
7fc2f82c1000-7fc2fc000000 ---p 00000000 00:00 0 
7fc2fc000000-7fc2fc265000 rw-p 00000000 00:00 0 
7fc2fc265000-7fc300000000 ---p 00000000 00:00 0 
7fc300000000-7fc300021000 rw-p 00000000 00:00 0 
7fc300021000-7fc304000000 ---p 00000000 00:00 0 
7fc304000000-7fc304021000 rw-p 00000000 00:00 0 
7fc304021000-7fc308000000 ---p 00000000 00:00 0 
7fc308000000-7fc308178000 rw-p 00000000 00:00 0 
7fc308178000-7fc30c000000 ---p 00000000 00:00 0 
7fc30c000000-7fc30c021000 rw-p 00000000 00:00 0 
7fc30c021000-7fc310000000 ---p 00000000 00:00 0 
7fc310000000-7fc31024b000 rw-p 00000000 00:00 0 
7fc31024b000-7fc314000000 ---p 00000000 00:00 0 
7fc3178f8000-7fc3178fc000 ---p 00000000 00:00 0 
7fc3178fc000-7fc3179f9000 rw-p 00000000 00:00 0 
7fc3179f9000-7fc3179fd000 ---p 00000000 00:00 0 
7fc3179fd000-7fc317afa000 rw-p 00000000 00:00 0 
7fc317afa000-7fc317afe000 ---p 00000000 00:00 0 
7fc317afe000-7fc317bfb000 rw-p 00000000 00:00 0 
7fc317bfb000-7fc317bfc000 ---p 00000000 00:00 0 
7fc317bfc000-7fc317cfd000 rw-p 00000000 00:00 0 
7fc317cfd000-7fc317d01000 ---p 00000000 00:00 0 
7fc317d01000-7fc317dfe000 rw-p 00000000 00:00 0 
7fc317dfe000-7fc317e02000 ---p 00000000 00:00 0 
7fc317e02000-7fc317eff000 rw-p 00000000 00:00 0 
7fc317eff000-7fc317f03000 ---p 00000000 00:00 0 
7fc317f03000-7fc318000000 rw-p 00000000 00:00 0 
7fc318000000-7fc318021000 rw-p 00000000 00:00 0 
7fc318021000-7fc31c000000 ---p 00000000 00:00 0 
7fc31c000000-7fc31c021000 rw-p 00000000 00:00 0 
7fc31c021000-7fc320000000 ---p 00000000 00:00 0 
7fc320000000-7fc320021000 rw-p 00000000 00:00 0 
7fc320021000-7fc324000000 ---p 00000000 00:00 0 
7fc324000000-7fc324021000 rw-p 00000000 00:00 0 
7fc324021000-7fc328000000 ---p 00000000 00:00 0 
7fc328000000-7fc328021000 rw-p 00000000 00:00 0 
7fc328021000-7fc32c000000 ---p 00000000 00:00 0 
7fc32c000000-7fc32c021000 rw-p 00000000 00:00 0 
7fc32c021000-7fc330000000 ---p 00000000 00:00 0 
7fc330000000-7fc330021000 rw-p 00000000 00:00 0 
7fc330021000-7fc334000000 ---p 00000000 00:00 0 
7fc334000000-7fc334021000 rw-p 00000000 00:00 0 
7fc334021000-7fc338000000 ---p 00000000 00:00 0 
7fc338000000-7fc338021000 rw-p 00000000 00:00 0 
7fc338021000-7fc33c000000 ---p 00000000 00:00 0 
7fc33c0c2000-7fc33c0c6000 ---p 00000000 00:00 0 
7fc33c0c6000-7fc33c1c3000 rw-p 00000000 00:00 0 
7fc33c1c3000-7fc33c1c7000 ---p 00000000 00:00 0 
7fc33c1c7000-7fc33c2c4000 rw-p 00000000 00:00 0 
7fc33c2c4000-7fc33c5ac000 r--p 00000000 08:02 14491448                   /usr/lib/locale/locale-archive
7fc33c5ac000-7fc33c5b0000 ---p 00000000 00:00 0 
7fc33c5b0000-7fc33c6ad000 rw-p 00000000 00:00 0 
7fc33c6ad000-7fc33c6b1000 ---p 00000000 00:00 0 
7fc33c6b1000-7fc33c7ae000 rw-p 00000000 00:00 0 
7fc33c7ae000-7fc33c7af000 ---p 00000000 00:00 0 
7fc33c7af000-7fc33ce8c000 rw-p 00000000 00:00 0 
7fc33ce8c000-7fc33d18c000 ---p 00000000 00:00 0 
7fc33d18c000-7fc33d18d000 ---p 00000000 00:00 0 
7fc33d18d000-7fc33d28e000 rw-p 00000000 00:00 0 
7fc33d28e000-7fc33d28f000 ---p 00000000 00:00 0 
7fc33d28f000-7fc33fe63000 rw-p 00000000 00:00 0 
7fc33fe63000-7fc34737b000 ---p 00000000 00:00 0 
7fc34737b000-7fc347b4b000 rw-p 00000000 00:00 0 
7fc347b4b000-7fc34f063000 ---p 00000000 00:00 0 
7fc34f063000-7fc34f15d000 rw-p 00000000 00:00 0 
7fc34f15d000-7fc350000000 ---p 00000000 00:00 0 
7fc350000000-7fc350021000 rw-p 00000000 00:00 0 
7fc350021000-7fc354000000 ---p 00000000 00:00 0 
7fc354017000-7fc35454d000 rw-p 00000000 00:00 0 
7fc35454d000-7fc35454e000 ---p 00000000 00:00 0 
7fc35454e000-7fc35464f000 rw-p 00000000 00:00 0 
7fc35464f000-7fc354650000 ---p 00000000 00:00 0 
7fc354650000-7fc354853000 rw-p 00000000 00:00 0 
7fc354853000-7fc354ac3000 rwxp 00000000 00:00 0 
7fc354ac3000-7fc354de4000 ---p 00000000 00:00 0 
7fc354de4000-7fc355054000 rwxp 00000000 00:00 0 
7fc355054000-7fc35c31b000 ---p 00000000 00:00 0 
7fc35c31b000-7fc35c58b000 rwxp 00000000 00:00 0 
7fc35c58b000-7fc363853000 ---p 00000000 00:00 0 
7fc363853000-7fc36c000000 r--s 00000000 08:02 1976524                    /usr/lib/jvm/java-11-openjdk/lib/modules
7fc36c000000-7fc36c428000 rw-p 00000000 00:00 0 
7fc36c428000-7fc370000000 ---p 00000000 00:00 0 
7fc370009000-7fc37000d000 r--p 00000000 08:02 1976496                    /usr/lib/jvm/java-11-openjdk/lib/libnet.so
7fc37000d000-7fc37001c000 r-xp 00004000 08:02 1976496                    /usr/lib/jvm/java-11-openjdk/lib/libnet.so
7fc37001c000-7fc370020000 r--p 00013000 08:02 1976496                    /usr/lib/jvm/java-11-openjdk/lib/libnet.so
7fc370020000-7fc370021000 r--p 00016000 08:02 1976496                    /usr/lib/jvm/java-11-openjdk/lib/libnet.so
7fc370021000-7fc370022000 rw-p 00017000 08:02 1976496                    /usr/lib/jvm/java-11-openjdk/lib/libnet.so
7fc370022000-7fc370029000 r--p 00000000 08:02 1976501                    /usr/lib/jvm/java-11-openjdk/lib/libnio.so
7fc370029000-7fc370030000 r-xp 00007000 08:02 1976501                    /usr/lib/jvm/java-11-openjdk/lib/libnio.so
7fc370030000-7fc370033000 r--p 0000e000 08:02 1976501                    /usr/lib/jvm/java-11-openjdk/lib/libnio.so
7fc370033000-7fc370034000 r--p 00010000 08:02 1976501                    /usr/lib/jvm/java-11-openjdk/lib/libnio.so
7fc370034000-7fc370035000 rw-p 00011000 08:02 1976501                    /usr/lib/jvm/java-11-openjdk/lib/libnio.so
7fc370035000-7fc370199000 rw-p 00000000 00:00 0 
7fc370199000-7fc37103c000 ---p 00000000 00:00 0 
7fc37103c000-7fc371136000 rw-p 00000000 00:00 0 
7fc371136000-7fc371fd9000 ---p 00000000 00:00 0 
7fc371fd9000-7fc372820000 rw-p 00000000 00:00 0 
7fc372820000-7fc372821000 ---p 00000000 00:00 0 
7fc372821000-7fc372927000 rw-p 00000000 00:00 0 
7fc372927000-7fc372a0d000 ---p 00000000 00:00 0 
7fc372a0d000-7fc372a12000 rw-p 00000000 00:00 0 
7fc372a12000-7fc372af8000 ---p 00000000 00:00 0 
7fc372af8000-7fc372afd000 rw-p 00000000 00:00 0 
7fc372afd000-7fc372b04000 ---p 00000000 00:00 0 
7fc372b04000-7fc372b06000 r--p 00000000 08:02 1976523                    /usr/lib/jvm/java-11-openjdk/lib/libzip.so
7fc372b06000-7fc372b0a000 r-xp 00002000 08:02 1976523                    /usr/lib/jvm/java-11-openjdk/lib/libzip.so
7fc372b0a000-7fc372b0c000 r--p 00006000 08:02 1976523                    /usr/lib/jvm/java-11-openjdk/lib/libzip.so
7fc372b0c000-7fc372b0d000 r--p 00007000 08:02 1976523                    /usr/lib/jvm/java-11-openjdk/lib/libzip.so
7fc372b0d000-7fc372b0e000 rw-p 00008000 08:02 1976523                    /usr/lib/jvm/java-11-openjdk/lib/libzip.so
7fc372b0e000-7fc372b16000 rw-s 00000000 00:24 434328                     /tmp/hsperfdata_stepanov/2001162
7fc372b16000-7fc372b24000 r--p 00000000 08:02 1976470                    /usr/lib/jvm/java-11-openjdk/lib/libjava.so
7fc372b24000-7fc372b39000 r-xp 0000e000 08:02 1976470                    /usr/lib/jvm/java-11-openjdk/lib/libjava.so
7fc372b39000-7fc372b3f000 r--p 00023000 08:02 1976470                    /usr/lib/jvm/java-11-openjdk/lib/libjava.so
7fc372b3f000-7fc372b40000 ---p 00029000 08:02 1976470                    /usr/lib/jvm/java-11-openjdk/lib/libjava.so
7fc372b40000-7fc372b41000 r--p 00029000 08:02 1976470                    /usr/lib/jvm/java-11-openjdk/lib/libjava.so
7fc372b41000-7fc372b42000 rw-p 0002a000 08:02 1976470                    /usr/lib/jvm/java-11-openjdk/lib/libjava.so
7fc372b42000-7fc372b43000 rw-p 00000000 00:00 0 
7fc372b43000-7fc372b46000 r--p 00000000 08:02 14421227                   /usr/lib/librt-2.33.so
7fc372b46000-7fc372b4a000 r-xp 00003000 08:02 14421227                   /usr/lib/librt-2.33.so
7fc372b4a000-7fc372b4c000 r--p 00007000 08:02 14421227                   /usr/lib/librt-2.33.so
7fc372b4c000-7fc372b4d000 r--p 00008000 08:02 14421227                   /usr/lib/librt-2.33.so
7fc372b4d000-7fc372b4e000 rw-p 00009000 08:02 14421227                   /usr/lib/librt-2.33.so
7fc372b4e000-7fc372b52000 ---p 00000000 00:00 0 
7fc372b52000-7fc372c4f000 rw-p 00000000 00:00 0 
7fc372c4f000-7fc372c52000 r--p 00000000 08:02 14421476                   /usr/lib/libgcc_s.so.1
7fc372c52000-7fc372c64000 r-xp 00003000 08:02 14421476                   /usr/lib/libgcc_s.so.1
7fc372c64000-7fc372c67000 r--p 00015000 08:02 14421476                   /usr/lib/libgcc_s.so.1
7fc372c67000-7fc372c68000 ---p 00018000 08:02 14421476                   /usr/lib/libgcc_s.so.1
7fc372c68000-7fc372c69000 r--p 00018000 08:02 14421476                   /usr/lib/libgcc_s.so.1
7fc372c69000-7fc372c6a000 rw-p 00019000 08:02 14421476                   /usr/lib/libgcc_s.so.1
7fc372c6a000-7fc372c79000 r--p 00000000 08:02 14421113                   /usr/lib/libm-2.33.so
7fc372c79000-7fc372d13000 r-xp 0000f000 08:02 14421113                   /usr/lib/libm-2.33.so
7fc372d13000-7fc372dab000 r--p 000a9000 08:02 14421113                   /usr/lib/libm-2.33.so
7fc372dab000-7fc372dac000 ---p 00141000 08:02 14421113                   /usr/lib/libm-2.33.so
7fc372dac000-7fc372dad000 r--p 00141000 08:02 14421113                   /usr/lib/libm-2.33.so
7fc372dad000-7fc372dae000 rw-p 00142000 08:02 14421113                   /usr/lib/libm-2.33.so
7fc372dae000-7fc372e47000 r--p 00000000 08:02 14477167                   /usr/lib/libstdc++.so.6.0.29
7fc372e47000-7fc372f47000 r-xp 00099000 08:02 14477167                   /usr/lib/libstdc++.so.6.0.29
7fc372f47000-7fc372fb3000 r--p 00199000 08:02 14477167                   /usr/lib/libstdc++.so.6.0.29
7fc372fb3000-7fc372fc0000 r--p 00204000 08:02 14477167                   /usr/lib/libstdc++.so.6.0.29
7fc372fc0000-7fc372fc1000 rw-p 00211000 08:02 14477167                   /usr/lib/libstdc++.so.6.0.29
7fc372fc1000-7fc372fc4000 rw-p 00000000 00:00 0 
7fc372fc4000-7fc37323c000 r--p 00000000 08:02 1976538                    /usr/lib/jvm/java-11-openjdk/lib/server/libjvm.so
7fc37323c000-7fc373e40000 r-xp 00278000 08:02 1976538                    /usr/lib/jvm/java-11-openjdk/lib/server/libjvm.so
7fc373e40000-7fc374080000 r--p 00e7c000 08:02 1976538                    /usr/lib/jvm/java-11-openjdk/lib/server/libjvm.so
7fc374080000-7fc374081000 ---p 010bc000 08:02 1976538                    /usr/lib/jvm/java-11-openjdk/lib/server/libjvm.so
7fc374081000-7fc374142000 r--p 010bc000 08:02 1976538                    /usr/lib/jvm/java-11-openjdk/lib/server/libjvm.so
7fc374142000-7fc37417c000 rw-p 0117d000 08:02 1976538                    /usr/lib/jvm/java-11-openjdk/lib/server/libjvm.so
7fc37417c000-7fc3741d4000 rw-p 00000000 00:00 0 
7fc3741d4000-7fc3741db000 r--p 00000000 08:02 14421201                   /usr/lib/libpthread-2.33.so
7fc3741db000-7fc3741ea000 r-xp 00007000 08:02 14421201                   /usr/lib/libpthread-2.33.so
7fc3741ea000-7fc3741ee000 r--p 00016000 08:02 14421201                   /usr/lib/libpthread-2.33.so
7fc3741ee000-7fc3741ef000 ---p 0001a000 08:02 14421201                   /usr/lib/libpthread-2.33.so
7fc3741ef000-7fc3741f0000 r--p 0001a000 08:02 14421201                   /usr/lib/libpthread-2.33.so
7fc3741f0000-7fc3741f1000 rw-p 0001b000 08:02 14421201                   /usr/lib/libpthread-2.33.so
7fc3741f1000-7fc3741f5000 rw-p 00000000 00:00 0 
7fc3741f5000-7fc3741f7000 r--p 00000000 08:02 14421089                   /usr/lib/libdl-2.33.so
7fc3741f7000-7fc3741f9000 r-xp 00002000 08:02 14421089                   /usr/lib/libdl-2.33.so
7fc3741f9000-7fc3741fa000 r--p 00004000 08:02 14421089                   /usr/lib/libdl-2.33.so
7fc3741fa000-7fc3741fb000 r--p 00004000 08:02 14421089                   /usr/lib/libdl-2.33.so
7fc3741fb000-7fc3741fc000 rw-p 00005000 08:02 14421089                   /usr/lib/libdl-2.33.so
7fc3741fc000-7fc3741ff000 r--p 00000000 08:02 14439370                   /usr/lib/libz.so.1.2.11
7fc3741ff000-7fc37420d000 r-xp 00003000 08:02 14439370                   /usr/lib/libz.so.1.2.11
7fc37420d000-7fc374213000 r--p 00011000 08:02 14439370                   /usr/lib/libz.so.1.2.11
7fc374213000-7fc374214000 ---p 00017000 08:02 14439370                   /usr/lib/libz.so.1.2.11
7fc374214000-7fc374215000 r--p 00017000 08:02 14439370                   /usr/lib/libz.so.1.2.11
7fc374215000-7fc374216000 rw-p 00018000 08:02 14439370                   /usr/lib/libz.so.1.2.11
7fc374216000-7fc37423c000 r--p 00000000 08:02 14421056                   /usr/lib/libc-2.33.so
7fc37423c000-7fc374387000 r-xp 00026000 08:02 14421056                   /usr/lib/libc-2.33.so
7fc374387000-7fc3743d3000 r--p 00171000 08:02 14421056                   /usr/lib/libc-2.33.so
7fc3743d3000-7fc3743d6000 r--p 001bc000 08:02 14421056                   /usr/lib/libc-2.33.so
7fc3743d6000-7fc3743d9000 rw-p 001bf000 08:02 14421056                   /usr/lib/libc-2.33.so
7fc3743d9000-7fc3743e2000 rw-p 00000000 00:00 0 
7fc3743e9000-7fc3743eb000 r--p 00000000 08:02 14421153                   /usr/lib/libnss_compat-2.33.so
7fc3743eb000-7fc3743f1000 r-xp 00002000 08:02 14421153                   /usr/lib/libnss_compat-2.33.so
7fc3743f1000-7fc3743f2000 r--p 00008000 08:02 14421153                   /usr/lib/libnss_compat-2.33.so
7fc3743f2000-7fc3743f3000 r--p 00008000 08:02 14421153                   /usr/lib/libnss_compat-2.33.so
7fc3743f3000-7fc3743f4000 rw-p 00009000 08:02 14421153                   /usr/lib/libnss_compat-2.33.so
7fc3743f4000-7fc3743f5000 ---p 00000000 00:00 0 
7fc3743f5000-7fc3743f6000 r--p 00000000 00:00 0 
7fc3743f6000-7fc3743f8000 r--p 00000000 08:02 1976476                    /usr/lib/jvm/java-11-openjdk/lib/libjimage.so
7fc3743f8000-7fc3743fb000 r-xp 00002000 08:02 1976476                    /usr/lib/jvm/java-11-openjdk/lib/libjimage.so
7fc3743fb000-7fc3743fc000 r--p 00005000 08:02 1976476                    /usr/lib/jvm/java-11-openjdk/lib/libjimage.so
7fc3743fc000-7fc3743fd000 ---p 00006000 08:02 1976476                    /usr/lib/jvm/java-11-openjdk/lib/libjimage.so
7fc3743fd000-7fc3743fe000 r--p 00006000 08:02 1976476                    /usr/lib/jvm/java-11-openjdk/lib/libjimage.so
7fc3743fe000-7fc3743ff000 rw-p 00007000 08:02 1976476                    /usr/lib/jvm/java-11-openjdk/lib/libjimage.so
7fc3743ff000-7fc374404000 r--p 00000000 08:02 1976521                    /usr/lib/jvm/java-11-openjdk/lib/libverify.so
7fc374404000-7fc37440b000 r-xp 00005000 08:02 1976521                    /usr/lib/jvm/java-11-openjdk/lib/libverify.so
7fc37440b000-7fc37440d000 r--p 0000c000 08:02 1976521                    /usr/lib/jvm/java-11-openjdk/lib/libverify.so
7fc37440d000-7fc37440f000 r--p 0000d000 08:02 1976521                    /usr/lib/jvm/java-11-openjdk/lib/libverify.so
7fc37440f000-7fc374410000 rw-p 0000f000 08:02 1976521                    /usr/lib/jvm/java-11-openjdk/lib/libverify.so
7fc374410000-7fc374413000 r--p 00000000 08:02 1976252                    /usr/lib/jvm/java-11-openjdk/lib/jli/libjli.so
7fc374413000-7fc37441d000 r-xp 00003000 08:02 1976252                    /usr/lib/jvm/java-11-openjdk/lib/jli/libjli.so
7fc37441d000-7fc374420000 r--p 0000d000 08:02 1976252                    /usr/lib/jvm/java-11-openjdk/lib/jli/libjli.so
7fc374420000-7fc374421000 ---p 00010000 08:02 1976252                    /usr/lib/jvm/java-11-openjdk/lib/jli/libjli.so
7fc374421000-7fc374422000 r--p 00010000 08:02 1976252                    /usr/lib/jvm/java-11-openjdk/lib/jli/libjli.so
7fc374422000-7fc374423000 rw-p 00011000 08:02 1976252                    /usr/lib/jvm/java-11-openjdk/lib/jli/libjli.so
7fc374423000-7fc374425000 rw-p 00000000 00:00 0 
7fc374425000-7fc374426000 r--p 00000000 08:02 14420974                   /usr/lib/ld-2.33.so
7fc374426000-7fc37444a000 r-xp 00001000 08:02 14420974                   /usr/lib/ld-2.33.so
7fc37444a000-7fc374453000 r--p 00025000 08:02 14420974                   /usr/lib/ld-2.33.so
7fc374453000-7fc374455000 r--p 0002d000 08:02 14420974                   /usr/lib/ld-2.33.so
7fc374455000-7fc374457000 rw-p 0002f000 08:02 14420974                   /usr/lib/ld-2.33.so
7ffc8f9de000-7ffc8f9ff000 rw-p 00000000 00:00 0                          [stack]
7ffc8fb60000-7ffc8fb64000 r--p 00000000 00:00 0                          [vvar]
7ffc8fb64000-7ffc8fb66000 r-xp 00000000 00:00 0                          [vdso]
ffffffffff600000-ffffffffff601000 --xp 00000000 00:00 0                  [vsyscall]


VM Arguments:
java_command: Tmp0Kt
java_class_path (initial): tmp/lib/kotlin-stdlib-1.4.0.jar:tmp/lib/kotlin-stdlib-common-1.4.0.jar:tmp/lib/kotlin-test-1.4.0.jar:tmp/lib/kotlin-test-common-1.4.0.jar:tmp/lib/kotlin-reflect-1.4.0.jar:tmp/lib/kotlin-script-runtime-1.4.0.jar:tmp/lib/kotlin-stdlib-jdk8-1.4.0.jar:tmp/lib/kotlin-stdlib-jdk7-1.4.0.jar:tmp/tmp.jar
Launcher Type: SUN_STANDARD

[Global flags]
     intx CICompilerCount                          = 4                                         {product} {ergonomic}
     uint ConcGCThreads                            = 2                                         {product} {ergonomic}
     uint G1ConcRefinementThreads                  = 8                                         {product} {ergonomic}
   size_t G1HeapRegionSize                         = 2097152                                   {product} {ergonomic}
    uintx GCDrainStackTargetSize                   = 64                                        {product} {ergonomic}
   size_t InitialHeapSize                          = 524288000                                 {product} {ergonomic}
   size_t MarkStackSize                            = 4194304                                   {product} {ergonomic}
   size_t MaxHeapSize                              = 8382316544                                {product} {ergonomic}
   size_t MaxNewSize                               = 5028970496                                {product} {ergonomic}
   size_t MinHeapDeltaBytes                        = 2097152                                   {product} {ergonomic}
    uintx NonNMethodCodeHeapSize                   = 5836300                                {pd product} {ergonomic}
    uintx NonProfiledCodeHeapSize                  = 122910970                              {pd product} {ergonomic}
    uintx ProfiledCodeHeapSize                     = 122910970                              {pd product} {ergonomic}
    uintx ReservedCodeCacheSize                    = 251658240                              {pd product} {ergonomic}
     bool SegmentedCodeCache                       = true                                      {product} {ergonomic}
     bool UseCompressedClassPointers               = true                                 {lp64_product} {ergonomic}
     bool UseCompressedOops                        = true                                 {lp64_product} {ergonomic}
     bool UseG1GC                                  = true                                      {product} {ergonomic}

Logging:
Log output configuration:
 #0: stdout all=warning uptime,level,tags
 #1: stderr all=off uptime,level,tags

Environment Variables:
JAVA_HOME=/usr/lib/jvm/java-11-openjdk
PATH=/usr/lib/jvm/java-14-openjdk/bin:/usr/local/bin:/usr/local/sbin:/usr/bin:/opt/android-sdk/tools:/opt/android-sdk/tools/bin:/usr/lib/jvm/default/bin:/usr/lib/smlnj/bin
LD_LIBRARY_PATH=/opt/cuda/lib64
SHELL=/bin/bash
DISPLAY=:0.0
LANG=en_US.UTF-8

Signal Handlers:
SIGSEGV: [libjvm.so+0xe0a500], sa_mask[0]=11111111011111111101111111111110, sa_flags=SA_RESTART|SA_SIGINFO
SIGBUS: [libjvm.so+0xe0a500], sa_mask[0]=11111111011111111101111111111110, sa_flags=SA_RESTART|SA_SIGINFO
SIGFPE: [libjvm.so+0xe0a500], sa_mask[0]=11111111011111111101111111111110, sa_flags=SA_RESTART|SA_SIGINFO
SIGPIPE: [libjvm.so+0xbf93d0], sa_mask[0]=11111111011111111101111111111110, sa_flags=SA_RESTART|SA_SIGINFO
SIGXFSZ: [libjvm.so+0xbf93d0], sa_mask[0]=11111111011111111101111111111110, sa_flags=SA_RESTART|SA_SIGINFO
SIGILL: [libjvm.so+0xe0a500], sa_mask[0]=11111111011111111101111111111110, sa_flags=SA_RESTART|SA_SIGINFO
SIGUSR2: [libjvm.so+0xbf9260], sa_mask[0]=00100000000000000000000000000000, sa_flags=SA_RESTART|SA_SIGINFO
SIGHUP: [libjvm.so+0xbf9860], sa_mask[0]=11111111011111111101111111111110, sa_flags=SA_RESTART|SA_SIGINFO
SIGINT: [libjvm.so+0xbf9860], sa_mask[0]=11111111011111111101111111111110, sa_flags=SA_RESTART|SA_SIGINFO
SIGTERM: [libjvm.so+0xbf9860], sa_mask[0]=11111111011111111101111111111110, sa_flags=SA_RESTART|SA_SIGINFO
SIGQUIT: [libjvm.so+0xbf9860], sa_mask[0]=11111111011111111101111111111110, sa_flags=SA_RESTART|SA_SIGINFO


---------------  S Y S T E M  ---------------

OS:LSB_VERSION=1.4
DISTRIB_ID=Arch
DISTRIB_RELEASE=rolling
DISTRIB_DESCRIPTION="Arch Linux"
uname:Linux 5.15.4-arch1-1 #1 SMP PREEMPT Sun, 21 Nov 2021 21:34:33 +0000 x86_64
OS uptime: 9 days 8:40 hours
libc:glibc 2.33 NPTL 2.33 
rlimit (soft/hard): STACK 8192k/infinity , CORE infinity/infinity , NPROC 127832/127832 , NOFILE 524288/524288 , AS infinity/infinity , CPU infinity/infinity , DATA infinity/infinity , FSIZE infinity/infinity , MEMLOCK 1024k/1024k
load average:4.08 3.34 3.20

/proc/meminfo:
MemTotal:       32740680 kB
MemFree:        15952656 kB
MemAvailable:   21694556 kB
Buffers:          384988 kB
Cached:          5869964 kB
SwapCached:            0 kB
Active:          2297456 kB
Inactive:       13713820 kB
Active(anon):      55264 kB
Inactive(anon): 10024436 kB
Active(file):    2242192 kB
Inactive(file):  3689384 kB
Unevictable:      246660 kB
Mlocked:              64 kB
SwapTotal:      32575484 kB
SwapFree:       32575484 kB
Dirty:               532 kB
Writeback:             0 kB
AnonPages:      10003076 kB
Mapped:          1347032 kB
Shmem:            323384 kB
KReclaimable:     273480 kB
Slab:             365112 kB
SReclaimable:     273480 kB
SUnreclaim:        91632 kB
KernelStack:       15936 kB
PageTables:        43596 kB
NFS_Unstable:          0 kB
Bounce:                0 kB
WritebackTmp:          0 kB
CommitLimit:    48945824 kB
Committed_AS:   13783280 kB
VmallocTotal:   34359738367 kB
VmallocUsed:       39312 kB
VmallocChunk:          0 kB
Percpu:             5600 kB
HardwareCorrupted:     0 kB
AnonHugePages:         0 kB
ShmemHugePages:        0 kB
ShmemPmdMapped:        0 kB
FileHugePages:         0 kB
FilePmdMapped:         0 kB
CmaTotal:              0 kB
CmaFree:               0 kB
HugePages_Total:       0
HugePages_Free:        0
HugePages_Rsvd:        0
HugePages_Surp:        0
Hugepagesize:       2048 kB
Hugetlb:               0 kB
DirectMap4k:      393304 kB
DirectMap2M:    22542336 kB
DirectMap1G:    11534336 kB

/sys/kernel/mm/transparent_hugepage/enabled:
always [madvise] never
/sys/kernel/mm/transparent_hugepage/defrag (defrag/compaction efforts parameter):
always defer defer+madvise [madvise] never

Process Memory:
Virtual Size: 11211532K (peak: 11212220K)
Resident Set Size: 59124K (peak: 59124K) (anon: 40112K, file: 18980K, shmem: 32K)
Swapped out: 0K
C-Heap outstanding allocations: 10912K

/proc/sys/kernel/threads-max (system-wide limit on the number of threads):
255665
/proc/sys/vm/max_map_count (maximum number of memory map areas a process may have):
65530
/proc/sys/kernel/pid_max (system-wide limit on number of process identifiers):
4194304

Steal ticks since vm start: 0
Steal ticks percentage since vm start:  0.000

CPU:total 8 (initial active 8) (4 cores per cpu, 2 threads per core) family 6 model 60 stepping 3 microcode 0x1c, cmov, cx8, fxsr, mmx, sse, sse2, sse3, ssse3, sse4.1, sse4.2, popcnt, avx, avx2, aes, clmul, erms, lzcnt, ht, tsc, tscinvbit, bmi1, bmi2, fma
CPU Model and flags from /proc/cpuinfo:
model name	: Intel(R) Core(TM) i7-4790 CPU @ 3.60GHz
flags		: fpu vme de pse tsc msr pae mce cx8 apic sep mtrr pge mca cmov pat pse36 clflush dts acpi mmx fxsr sse sse2 ss ht tm pbe syscall nx pdpe1gb rdtscp lm constant_tsc arch_perfmon pebs bts rep_good nopl xtopology nonstop_tsc cpuid aperfmperf pni pclmulqdq dtes64 monitor ds_cpl vmx smx est tm2 ssse3 sdbg fma cx16 xtpr pdcm pcid sse4_1 sse4_2 x2apic movbe popcnt aes xsave avx f16c rdrand lahf_lm abm cpuid_fault invpcid_single pti tpr_shadow vnmi flexpriority ept vpid ept_ad fsgsbase tsc_adjust bmi1 avx2 smep bmi2 erms invpcid xsaveopt dtherm ida arat pln pts
Online cpus:
0-7
Offline cpus:

BIOS frequency limitation:
<Not Available>
Frequency switch latency (ns):
20000
Available cpu frequencies:
<Not Available>
Current governor:
schedutil
Core performance/turbo boost:
<Not Available>

Memory: 4k page, physical 32740680k(15952656k free), swap 32575484k(32575484k free)

vm_info: OpenJDK 64-Bit Server VM (11.0.13+8) for linux-amd64 JRE (11.0.13+8), built on Nov  9 2021 19:45:44 by "builduser" with gcc 11.1.0

END.
