#
# A fatal error has been detected by the Java Runtime Environment:
#
#  SIGSEGV (0xb) at pc=0x00007fa935cf2c6a, pid=2844581, tid=2844602
#
# JRE version: OpenJDK Runtime Environment (11.0.13+8) (build 11.0.13+8)
# Java VM: OpenJDK 64-Bit Server VM (11.0.13+8, mixed mode, tiered, compressed oops, g1 gc, linux-amd64)
# Problematic frame:
# V  [libjvm.so+0x5b7c6a]
#
# Core dump will be written. Default location: Core dumps may be processed with "/usr/lib/systemd/systemd-coredump %P %u %g %s %t %c %h" (or dumping to /home/stepanov/workspace/guidedBBF/bbfgradle/core.2844581)
#
# If you would like to submit a bug report, please visit:
#   https://bugreport.java.com/bugreport/crash.jsp
#

---------------  S U M M A R Y ------------

Command Line: Tmp0Kt

Host: Intel(R) Core(TM) i7-4790 CPU @ 3.60GHz, 8 cores, 31G, Arch Linux
Time: Fri Dec  3 09:51:10 2021 MSK elapsed time: 0.240361 seconds (0d 0h 0m 0s)

---------------  T H R E A D  ---------------

Current thread (0x00007fa8d00b0800):  JavaThread "C2 CompilerThread2" daemon [_thread_in_native, id=2844602, stack(0x00007fa900134000,0x00007fa900235000)]


Current CompileTask:
C2:    240  254 %     4       kotlin.UnsignedKt::ulongCompare @ 556 (12 bytes)

Stack: [0x00007fa900134000,0x00007fa900235000],  sp=0x00007fa900231d70,  free space=1015k
Native frames: (J=compiled Java code, A=aot compiled Java code, j=interpreted, Vv=VM code, C=native code)
V  [libjvm.so+0x5b7c6a]
V  [libjvm.so+0x5b7de2]
V  [libjvm.so+0x594f9d]
V  [libjvm.so+0xc34b84]
V  [libjvm.so+0x55b19c]
V  [libjvm.so+0x63045e]
V  [libjvm.so+0x55a4c5]
V  [libjvm.so+0x6394c6]
V  [libjvm.so+0x63a788]
V  [libjvm.so+0xd9c2f8]
V  [libjvm.so+0xd997d1]
V  [libjvm.so+0xc03641]


siginfo: si_signo: 11 (SIGSEGV), si_code: 1 (SEGV_MAPERR), si_addr: 0x0000000000000000

Register to memory mapping:

RAX=0x0 is NULL
RBX=0x00007fa8b82bc4f0 points into unknown readable memory: 0x00007fa900233970 | 70 39 23 00 a9 7f 00 00
RCX=0x0 is NULL
RDX=0x00007fa8c401d910 points into unknown readable memory: 0x00007fa8c401d920 | 20 d9 01 c4 a8 7f 00 00
RSP=0x00007fa900231d70 is pointing into the stack for thread: 0x00007fa8d00b0800
RBP=0x00007fa900231dd0 is pointing into the stack for thread: 0x00007fa8d00b0800
RSI=0x000000000000022c is an unknown value
RDI=0x00007fa8b82bc4f0 points into unknown readable memory: 0x00007fa900233970 | 70 39 23 00 a9 7f 00 00
R8 =0x00007fa8b82baef0 points into unknown readable memory: 0x00007fa936800fb8 | b8 0f 80 36 a9 7f 00 00
R9 =0x00000000ffffffff is an unknown value
R10=0x00007fa8d014ed30 points into unknown readable memory: 0x00000000000007f0 | f0 07 00 00 00 00 00 00
R11=0x00007fa8b82bbeac points into unknown readable memory: 09 00 00 00
R12=0x00007fa8d00b0d80 points into unknown readable memory: 0x00007fa800000006 | 06 00 00 00 a8 7f 00 00
R13=0x00007fa8c401d910 points into unknown readable memory: 0x00007fa8c401d920 | 20 d9 01 c4 a8 7f 00 00
R14=0x00007fa8c401d8e0 points into unknown readable memory: 0x00007fa8b82bc580 | 80 c5 2b b8 a8 7f 00 00
R15=0x00007fa8c4019f90 points into unknown readable memory: 0x0000000000000000 | 00 00 00 00 00 00 00 00


Registers:
RAX=0x0000000000000000, RBX=0x00007fa8b82bc4f0, RCX=0x0000000000000000, RDX=0x00007fa8c401d910
RSP=0x00007fa900231d70, RBP=0x00007fa900231dd0, RSI=0x000000000000022c, RDI=0x00007fa8b82bc4f0
R8 =0x00007fa8b82baef0, R9 =0x00000000ffffffff, R10=0x00007fa8d014ed30, R11=0x00007fa8b82bbeac
R12=0x00007fa8d00b0d80, R13=0x00007fa8c401d910, R14=0x00007fa8c401d8e0, R15=0x00007fa8c4019f90
RIP=0x00007fa935cf2c6a, EFLAGS=0x0000000000010246, CSGSFS=0x002b000000000033, ERR=0x0000000000000004
  TRAPNO=0x000000000000000e

Top of Stack: (sp=0x00007fa900231d70)
0x00007fa900231d70:   00007fa8b81a9730 0000000000000000
0x00007fa900231d80:   00007fa8c4019f90 00007fa8c401d8e0
0x00007fa900231d90:   00000000000083b0 00007fa8c4021f78
0x00007fa900231da0:   00007fa900232cf0 00007fa900231e80 

Instructions: (pc=0x00007fa935cf2c6a)
0x00007fa935cf2b6a:   48 85 ff 74 16 48 8d 15 e8 7c 8e 00 48 8d 35 23
0x00007fa935cf2b7a:   7d 8e 00 31 c0 67 e8 fb 22 88 00 48 83 7b 30 00
0x00007fa935cf2b8a:   0f 85 a0 fd ff ff 48 8d 05 c7 7c 8e 00 48 89 43
0x00007fa935cf2b9a:   30 e9 90 fd ff ff 4d 89 4d 50 89 95 70 ff ff ff
0x00007fa935cf2baa:   4c 89 6b 50 e9 47 fd ff ff 31 c0 eb 8c 90 0f 1f
0x00007fa935cf2bba:   84 00 00 00 00 00 55 48 89 e5 41 57 41 56 41 55
0x00007fa935cf2bca:   41 54 53 48 89 fb 48 83 ec 38 66 48 8d 3d 04 63
0x00007fa935cf2bda:   bc 00 66 48 ff 15 3c 5d bc 00 31 f6 bf 28 00 00
0x00007fa935cf2bea:   00 48 8b 00 4c 8b a0 78 02 00 00 49 8b 44 24 20
0x00007fa935cf2bfa:   f3 41 0f 6f 4c 24 10 48 89 45 c8 49 8b 44 24 28
0x00007fa935cf2c0a:   66 49 0f 7e cf 0f 29 4d b0 48 89 45 c0 67 e8 13
0x00007fa935cf2c1a:   62 6f 00 49 89 c6 48 85 c0 74 0b 48 89 de 48 89
0x00007fa935cf2c2a:   c7 e8 d0 77 ff ff 31 f6 bf 08 00 00 00 67 e8 f3
0x00007fa935cf2c3a:   61 6f 00 49 89 c5 48 85 c0 74 08 48 89 c7 e8 83
0x00007fa935cf2c4a:   72 ff ff 8b 73 18 31 c0 48 8b 7b 10 83 fe ff 0f
0x00007fa935cf2c5a:   44 f0 67 e8 4e 51 fe ff 31 c9 4c 89 ea 48 89 df
0x00007fa935cf2c6a:   8b 30 e8 3f c3 ff ff 48 89 df 48 89 45 a8 e8 93
0x00007fa935cf2c7a:   ee ff ff 48 8b 13 48 83 7a 60 00 74 49 49 83 3f
0x00007fa935cf2c8a:   00 74 16 4c 89 e7 48 8b 75 c0 67 e8 f6 16 e7 ff
0x00007fa935cf2c9a:   4c 89 ff 67 e8 fd 08 e7 ff 66 0f 6f 55 b0 48 8b
0x00007fa935cf2caa:   45 c8 41 0f 11 54 24 10 49 89 44 24 20 48 83 c4
0x00007fa935cf2cba:   38 5b 41 5c 41 5d 41 5e 41 5f 5d c3 66 2e 0f 1f
0x00007fa935cf2cca:   84 00 00 00 00 00 48 83 7b 30 00 75 b0 48 8b 4d
0x00007fa935cf2cda:   a8 48 89 c6 48 8b 79 28 e8 59 78 ff ff 48 8b 75
0x00007fa935cf2cea:   a8 48 89 df 4d 89 e8 4c 89 f1 ba 01 00 00 00 e8
0x00007fa935cf2cfa:   32 fa ff ff 48 8b 3b 48 83 7f 60 00 0f 85 7b ff
0x00007fa935cf2d0a:   ff ff 48 83 7b 30 00 0f 85 70 ff ff ff 48 8b 43
0x00007fa935cf2d1a:   68 48 83 78 10 00 74 30 67 e8 78 e3 fc ff 83 f8
0x00007fa935cf2d2a:   03 7e 25 eb 31 90 48 8b 46 50 4c 89 e9 4c 89 f2
0x00007fa935cf2d3a:   48 89 df 48 89 43 50 48 c7 46 50 00 00 00 00 c6
0x00007fa935cf2d4a:   46 4b 00 e8 6e e8 ff ff 48 8b 73 50 48 85 f6 75
0x00007fa935cf2d5a:   d5 e9 27 ff ff ff 48 8b 73 68 4c 89 e9 4c 89 f2 


Stack slot to memory mapping:
stack at sp + 0 slots: 0x00007fa8b81a9730 points into unknown readable memory: 0x00007fa93680d430 | 30 d4 80 36 a9 7f 00 00
stack at sp + 1 slots: 0x0 is NULL
stack at sp + 2 slots: 0x00007fa8c4019f90 points into unknown readable memory: 0x0000000000000000 | 00 00 00 00 00 00 00 00
stack at sp + 3 slots: 0x00007fa8c401d8e0 points into unknown readable memory: 0x00007fa8b82bc580 | 80 c5 2b b8 a8 7f 00 00
stack at sp + 4 slots: 0x00000000000083b0 is an unknown value
stack at sp + 5 slots: 0x00007fa8c4021f78 points into unknown readable memory: 0x0000000000007ff5 | f5 7f 00 00 00 00 00 00
stack at sp + 6 slots: 0x00007fa900232cf0 is pointing into the stack for thread: 0x00007fa8d00b0800
stack at sp + 7 slots: 0x00007fa900231e80 is pointing into the stack for thread: 0x00007fa8d00b0800


---------------  P R O C E S S  ---------------

Threads class SMR info:
_java_thread_list=0x00007fa8d00b1c30, length=11, elements={
0x00007fa930016800, 0x00007fa93025a000, 0x00007fa93025e000, 0x00007fa930273000,
0x00007fa930275000, 0x00007fa930277000, 0x00007fa930279000, 0x00007fa93027b800,
0x00007fa93034b800, 0x00007fa8d004e800, 0x00007fa8d00b0800
}

Java Threads: ( => current thread )
  0x00007fa930016800 JavaThread "main" [_thread_in_Java, id=2844585, stack(0x00007fa9352c5000,0x00007fa9353c6000)]
  0x00007fa93025a000 JavaThread "Reference Handler" daemon [_thread_blocked, id=2844592, stack(0x00007fa900e58000,0x00007fa900f59000)]
  0x00007fa93025e000 JavaThread "Finalizer" daemon [_thread_blocked, id=2844593, stack(0x00007fa900d57000,0x00007fa900e58000)]
  0x00007fa930273000 JavaThread "Signal Dispatcher" daemon [_thread_blocked, id=2844594, stack(0x00007fa90096e000,0x00007fa900a6f000)]
  0x00007fa930275000 JavaThread "Service Thread" daemon [_thread_blocked, id=2844595, stack(0x00007fa90086d000,0x00007fa90096e000)]
  0x00007fa930277000 JavaThread "C2 CompilerThread0" daemon [_thread_blocked, id=2844596, stack(0x00007fa90076c000,0x00007fa90086d000)]
  0x00007fa930279000 JavaThread "C1 CompilerThread0" daemon [_thread_blocked, id=2844597, stack(0x00007fa90066b000,0x00007fa90076c000)]
  0x00007fa93027b800 JavaThread "Sweeper thread" daemon [_thread_blocked, id=2844598, stack(0x00007fa90056a000,0x00007fa90066b000)]
  0x00007fa93034b800 JavaThread "Common-Cleaner" daemon [_thread_blocked, id=2844600, stack(0x00007fa900367000,0x00007fa900468000)]
  0x00007fa8d004e800 JavaThread "C2 CompilerThread1" daemon [_thread_blocked, id=2844601, stack(0x00007fa900235000,0x00007fa900336000)]
=>0x00007fa8d00b0800 JavaThread "C2 CompilerThread2" daemon [_thread_in_native, id=2844602, stack(0x00007fa900134000,0x00007fa900235000)]

Other Threads:
  0x00007fa930252000 VMThread "VM Thread" [stack: 0x00007fa918047000,0x00007fa918147000] [id=2844591]
  0x00007fa93033a000 WatcherThread [stack: 0x00007fa90046a000,0x00007fa90056a000] [id=2844599]
  0x00007fa93002e800 GCTaskThread "GC Thread#0" [stack: 0x00007fa934f99000,0x00007fa935099000] [id=2844586]
  0x00007fa8ec001000 GCTaskThread "GC Thread#1" [stack: 0x00007fa900034000,0x00007fa900134000] [id=2844603]
  0x00007fa8ec002800 GCTaskThread "GC Thread#2" [stack: 0x00007fa8f9f00000,0x00007fa8fa000000] [id=2844604]
  0x00007fa8ec004000 GCTaskThread "GC Thread#3" [stack: 0x00007fa8f9dfe000,0x00007fa8f9efe000] [id=2844605]
  0x00007fa8ec005800 GCTaskThread "GC Thread#4" [stack: 0x00007fa8f9cfc000,0x00007fa8f9dfc000] [id=2844606]
  0x00007fa8ec007800 GCTaskThread "GC Thread#5" [stack: 0x00007fa8f9bfa000,0x00007fa8f9cfa000] [id=2844607]
  0x00007fa8ec009000 GCTaskThread "GC Thread#6" [stack: 0x00007fa8f9af8000,0x00007fa8f9bf8000] [id=2844608]
  0x00007fa8ec00a800 GCTaskThread "GC Thread#7" [stack: 0x00007fa8f99f6000,0x00007fa8f9af6000] [id=2844609]
  0x00007fa930069000 ConcurrentGCThread "G1 Main Marker" [stack: 0x00007fa93454e000,0x00007fa93464e000] [id=2844587]
  0x00007fa93006a800 ConcurrentGCThread "G1 Conc#0" [stack: 0x00007fa93444c000,0x00007fa93454c000] [id=2844588]
  0x00007fa9301ec800 ConcurrentGCThread "G1 Refine#0" [stack: 0x00007fa91834f000,0x00007fa91844f000] [id=2844589]
  0x00007fa9301ee000 ConcurrentGCThread "G1 Young RemSet Sampling" [stack: 0x00007fa91824d000,0x00007fa91834d000] [id=2844590]

Threads with active compile tasks:
C2 CompilerThread2    242  254 %     4       kotlin.UnsignedKt::ulongCompare @ 556 (12 bytes)

VM state:not at safepoint (normal execution)

VM Mutex/Monitor currently owned by a thread: None

Heap address: 0x000000060c600000, size: 7994 MB, Compressed Oops mode: Zero based, Oop shift amount: 3
Narrow klass base: 0x0000000800000000, Narrow klass shift: 0
Compressed class space size: 1073741824 Address: 0x0000000800000000

Heap:
 garbage-first heap   total 512000K, used 56327K [0x000000060c600000, 0x0000000800000000)
  region size 2048K, 29 young (59392K), 1 survivors (2048K)
 Metaspace       used 5201K, capacity 5296K, committed 5632K, reserved 1056768K
  class space    used 418K, capacity 464K, committed 512K, reserved 1048576K
Heap Regions: E=young(eden), S=young(survivor), O=old, HS=humongous(starts), HC=humongous(continues), CS=collection set, F=free, A=archive, TAMS=top-at-mark-start (previous, next)
|   0|0x000000060c600000, 0x000000060c600000, 0x000000060c800000|  0%| F|  |TAMS 0x000000060c600000, 0x000000060c600000| Untracked 
|   1|0x000000060c800000, 0x000000060c800000, 0x000000060ca00000|  0%| F|  |TAMS 0x000000060c800000, 0x000000060c800000| Untracked 
|   2|0x000000060ca00000, 0x000000060ca00000, 0x000000060cc00000|  0%| F|  |TAMS 0x000000060ca00000, 0x000000060ca00000| Untracked 
|   3|0x000000060cc00000, 0x000000060cc00000, 0x000000060ce00000|  0%| F|  |TAMS 0x000000060cc00000, 0x000000060cc00000| Untracked 
|   4|0x000000060ce00000, 0x000000060ce00000, 0x000000060d000000|  0%| F|  |TAMS 0x000000060ce00000, 0x000000060ce00000| Untracked 
|   5|0x000000060d000000, 0x000000060d000000, 0x000000060d200000|  0%| F|  |TAMS 0x000000060d000000, 0x000000060d000000| Untracked 
|   6|0x000000060d200000, 0x000000060d200000, 0x000000060d400000|  0%| F|  |TAMS 0x000000060d200000, 0x000000060d200000| Untracked 
|   7|0x000000060d400000, 0x000000060d400000, 0x000000060d600000|  0%| F|  |TAMS 0x000000060d400000, 0x000000060d400000| Untracked 
|   8|0x000000060d600000, 0x000000060d600000, 0x000000060d800000|  0%| F|  |TAMS 0x000000060d600000, 0x000000060d600000| Untracked 
|   9|0x000000060d800000, 0x000000060d800000, 0x000000060da00000|  0%| F|  |TAMS 0x000000060d800000, 0x000000060d800000| Untracked 
|  10|0x000000060da00000, 0x000000060da00000, 0x000000060dc00000|  0%| F|  |TAMS 0x000000060da00000, 0x000000060da00000| Untracked 
|  11|0x000000060dc00000, 0x000000060dc00000, 0x000000060de00000|  0%| F|  |TAMS 0x000000060dc00000, 0x000000060dc00000| Untracked 
|  12|0x000000060de00000, 0x000000060de00000, 0x000000060e000000|  0%| F|  |TAMS 0x000000060de00000, 0x000000060de00000| Untracked 
|  13|0x000000060e000000, 0x000000060e000000, 0x000000060e200000|  0%| F|  |TAMS 0x000000060e000000, 0x000000060e000000| Untracked 
|  14|0x000000060e200000, 0x000000060e200000, 0x000000060e400000|  0%| F|  |TAMS 0x000000060e200000, 0x000000060e200000| Untracked 
|  15|0x000000060e400000, 0x000000060e400000, 0x000000060e600000|  0%| F|  |TAMS 0x000000060e400000, 0x000000060e400000| Untracked 
|  16|0x000000060e600000, 0x000000060e600000, 0x000000060e800000|  0%| F|  |TAMS 0x000000060e600000, 0x000000060e600000| Untracked 
|  17|0x000000060e800000, 0x000000060e800000, 0x000000060ea00000|  0%| F|  |TAMS 0x000000060e800000, 0x000000060e800000| Untracked 
|  18|0x000000060ea00000, 0x000000060ea00000, 0x000000060ec00000|  0%| F|  |TAMS 0x000000060ea00000, 0x000000060ea00000| Untracked 
|  19|0x000000060ec00000, 0x000000060ec00000, 0x000000060ee00000|  0%| F|  |TAMS 0x000000060ec00000, 0x000000060ec00000| Untracked 
|  20|0x000000060ee00000, 0x000000060ee00000, 0x000000060f000000|  0%| F|  |TAMS 0x000000060ee00000, 0x000000060ee00000| Untracked 
|  21|0x000000060f000000, 0x000000060f000000, 0x000000060f200000|  0%| F|  |TAMS 0x000000060f000000, 0x000000060f000000| Untracked 
|  22|0x000000060f200000, 0x000000060f200000, 0x000000060f400000|  0%| F|  |TAMS 0x000000060f200000, 0x000000060f200000| Untracked 
|  23|0x000000060f400000, 0x000000060f400000, 0x000000060f600000|  0%| F|  |TAMS 0x000000060f400000, 0x000000060f400000| Untracked 
|  24|0x000000060f600000, 0x000000060f600000, 0x000000060f800000|  0%| F|  |TAMS 0x000000060f600000, 0x000000060f600000| Untracked 
|  25|0x000000060f800000, 0x000000060f800000, 0x000000060fa00000|  0%| F|  |TAMS 0x000000060f800000, 0x000000060f800000| Untracked 
|  26|0x000000060fa00000, 0x000000060fa00000, 0x000000060fc00000|  0%| F|  |TAMS 0x000000060fa00000, 0x000000060fa00000| Untracked 
|  27|0x000000060fc00000, 0x000000060fc00000, 0x000000060fe00000|  0%| F|  |TAMS 0x000000060fc00000, 0x000000060fc00000| Untracked 
|  28|0x000000060fe00000, 0x000000060fe00000, 0x0000000610000000|  0%| F|  |TAMS 0x000000060fe00000, 0x000000060fe00000| Untracked 
|  29|0x0000000610000000, 0x0000000610000000, 0x0000000610200000|  0%| F|  |TAMS 0x0000000610000000, 0x0000000610000000| Untracked 
|  30|0x0000000610200000, 0x0000000610200000, 0x0000000610400000|  0%| F|  |TAMS 0x0000000610200000, 0x0000000610200000| Untracked 
|  31|0x0000000610400000, 0x0000000610400000, 0x0000000610600000|  0%| F|  |TAMS 0x0000000610400000, 0x0000000610400000| Untracked 
|  32|0x0000000610600000, 0x0000000610600000, 0x0000000610800000|  0%| F|  |TAMS 0x0000000610600000, 0x0000000610600000| Untracked 
|  33|0x0000000610800000, 0x0000000610800000, 0x0000000610a00000|  0%| F|  |TAMS 0x0000000610800000, 0x0000000610800000| Untracked 
|  34|0x0000000610a00000, 0x0000000610a00000, 0x0000000610c00000|  0%| F|  |TAMS 0x0000000610a00000, 0x0000000610a00000| Untracked 
|  35|0x0000000610c00000, 0x0000000610c00000, 0x0000000610e00000|  0%| F|  |TAMS 0x0000000610c00000, 0x0000000610c00000| Untracked 
|  36|0x0000000610e00000, 0x0000000610e00000, 0x0000000611000000|  0%| F|  |TAMS 0x0000000610e00000, 0x0000000610e00000| Untracked 
|  37|0x0000000611000000, 0x0000000611000000, 0x0000000611200000|  0%| F|  |TAMS 0x0000000611000000, 0x0000000611000000| Untracked 
|  38|0x0000000611200000, 0x0000000611200000, 0x0000000611400000|  0%| F|  |TAMS 0x0000000611200000, 0x0000000611200000| Untracked 
|  39|0x0000000611400000, 0x0000000611400000, 0x0000000611600000|  0%| F|  |TAMS 0x0000000611400000, 0x0000000611400000| Untracked 
|  40|0x0000000611600000, 0x0000000611600000, 0x0000000611800000|  0%| F|  |TAMS 0x0000000611600000, 0x0000000611600000| Untracked 
|  41|0x0000000611800000, 0x0000000611800000, 0x0000000611a00000|  0%| F|  |TAMS 0x0000000611800000, 0x0000000611800000| Untracked 
|  42|0x0000000611a00000, 0x0000000611a00000, 0x0000000611c00000|  0%| F|  |TAMS 0x0000000611a00000, 0x0000000611a00000| Untracked 
|  43|0x0000000611c00000, 0x0000000611c00000, 0x0000000611e00000|  0%| F|  |TAMS 0x0000000611c00000, 0x0000000611c00000| Untracked 
|  44|0x0000000611e00000, 0x0000000611e00000, 0x0000000612000000|  0%| F|  |TAMS 0x0000000611e00000, 0x0000000611e00000| Untracked 
|  45|0x0000000612000000, 0x0000000612000000, 0x0000000612200000|  0%| F|  |TAMS 0x0000000612000000, 0x0000000612000000| Untracked 
|  46|0x0000000612200000, 0x0000000612200000, 0x0000000612400000|  0%| F|  |TAMS 0x0000000612200000, 0x0000000612200000| Untracked 
|  47|0x0000000612400000, 0x0000000612400000, 0x0000000612600000|  0%| F|  |TAMS 0x0000000612400000, 0x0000000612400000| Untracked 
|  48|0x0000000612600000, 0x0000000612600000, 0x0000000612800000|  0%| F|  |TAMS 0x0000000612600000, 0x0000000612600000| Untracked 
|  49|0x0000000612800000, 0x0000000612800000, 0x0000000612a00000|  0%| F|  |TAMS 0x0000000612800000, 0x0000000612800000| Untracked 
|  50|0x0000000612a00000, 0x0000000612a00000, 0x0000000612c00000|  0%| F|  |TAMS 0x0000000612a00000, 0x0000000612a00000| Untracked 
|  51|0x0000000612c00000, 0x0000000612c00000, 0x0000000612e00000|  0%| F|  |TAMS 0x0000000612c00000, 0x0000000612c00000| Untracked 
|  52|0x0000000612e00000, 0x0000000612e00000, 0x0000000613000000|  0%| F|  |TAMS 0x0000000612e00000, 0x0000000612e00000| Untracked 
|  53|0x0000000613000000, 0x0000000613000000, 0x0000000613200000|  0%| F|  |TAMS 0x0000000613000000, 0x0000000613000000| Untracked 
|  54|0x0000000613200000, 0x0000000613200000, 0x0000000613400000|  0%| F|  |TAMS 0x0000000613200000, 0x0000000613200000| Untracked 
|  55|0x0000000613400000, 0x0000000613400000, 0x0000000613600000|  0%| F|  |TAMS 0x0000000613400000, 0x0000000613400000| Untracked 
|  56|0x0000000613600000, 0x0000000613600000, 0x0000000613800000|  0%| F|  |TAMS 0x0000000613600000, 0x0000000613600000| Untracked 
|  57|0x0000000613800000, 0x0000000613800000, 0x0000000613a00000|  0%| F|  |TAMS 0x0000000613800000, 0x0000000613800000| Untracked 
|  58|0x0000000613a00000, 0x0000000613a00000, 0x0000000613c00000|  0%| F|  |TAMS 0x0000000613a00000, 0x0000000613a00000| Untracked 
|  59|0x0000000613c00000, 0x0000000613c00000, 0x0000000613e00000|  0%| F|  |TAMS 0x0000000613c00000, 0x0000000613c00000| Untracked 
|  60|0x0000000613e00000, 0x0000000613e00000, 0x0000000614000000|  0%| F|  |TAMS 0x0000000613e00000, 0x0000000613e00000| Untracked 
|  61|0x0000000614000000, 0x0000000614000000, 0x0000000614200000|  0%| F|  |TAMS 0x0000000614000000, 0x0000000614000000| Untracked 
|  62|0x0000000614200000, 0x0000000614200000, 0x0000000614400000|  0%| F|  |TAMS 0x0000000614200000, 0x0000000614200000| Untracked 
|  63|0x0000000614400000, 0x0000000614400000, 0x0000000614600000|  0%| F|  |TAMS 0x0000000614400000, 0x0000000614400000| Untracked 
|  64|0x0000000614600000, 0x0000000614600000, 0x0000000614800000|  0%| F|  |TAMS 0x0000000614600000, 0x0000000614600000| Untracked 
|  65|0x0000000614800000, 0x0000000614800000, 0x0000000614a00000|  0%| F|  |TAMS 0x0000000614800000, 0x0000000614800000| Untracked 
|  66|0x0000000614a00000, 0x0000000614a00000, 0x0000000614c00000|  0%| F|  |TAMS 0x0000000614a00000, 0x0000000614a00000| Untracked 
|  67|0x0000000614c00000, 0x0000000614c00000, 0x0000000614e00000|  0%| F|  |TAMS 0x0000000614c00000, 0x0000000614c00000| Untracked 
|  68|0x0000000614e00000, 0x0000000614e00000, 0x0000000615000000|  0%| F|  |TAMS 0x0000000614e00000, 0x0000000614e00000| Untracked 
|  69|0x0000000615000000, 0x0000000615000000, 0x0000000615200000|  0%| F|  |TAMS 0x0000000615000000, 0x0000000615000000| Untracked 
|  70|0x0000000615200000, 0x0000000615200000, 0x0000000615400000|  0%| F|  |TAMS 0x0000000615200000, 0x0000000615200000| Untracked 
|  71|0x0000000615400000, 0x0000000615400000, 0x0000000615600000|  0%| F|  |TAMS 0x0000000615400000, 0x0000000615400000| Untracked 
|  72|0x0000000615600000, 0x0000000615600000, 0x0000000615800000|  0%| F|  |TAMS 0x0000000615600000, 0x0000000615600000| Untracked 
|  73|0x0000000615800000, 0x0000000615800000, 0x0000000615a00000|  0%| F|  |TAMS 0x0000000615800000, 0x0000000615800000| Untracked 
|  74|0x0000000615a00000, 0x0000000615a00000, 0x0000000615c00000|  0%| F|  |TAMS 0x0000000615a00000, 0x0000000615a00000| Untracked 
|  75|0x0000000615c00000, 0x0000000615c00000, 0x0000000615e00000|  0%| F|  |TAMS 0x0000000615c00000, 0x0000000615c00000| Untracked 
|  76|0x0000000615e00000, 0x0000000615e00000, 0x0000000616000000|  0%| F|  |TAMS 0x0000000615e00000, 0x0000000615e00000| Untracked 
|  77|0x0000000616000000, 0x0000000616000000, 0x0000000616200000|  0%| F|  |TAMS 0x0000000616000000, 0x0000000616000000| Untracked 
|  78|0x0000000616200000, 0x0000000616200000, 0x0000000616400000|  0%| F|  |TAMS 0x0000000616200000, 0x0000000616200000| Untracked 
|  79|0x0000000616400000, 0x0000000616400000, 0x0000000616600000|  0%| F|  |TAMS 0x0000000616400000, 0x0000000616400000| Untracked 
|  80|0x0000000616600000, 0x0000000616600000, 0x0000000616800000|  0%| F|  |TAMS 0x0000000616600000, 0x0000000616600000| Untracked 
|  81|0x0000000616800000, 0x0000000616800000, 0x0000000616a00000|  0%| F|  |TAMS 0x0000000616800000, 0x0000000616800000| Untracked 
|  82|0x0000000616a00000, 0x0000000616a00000, 0x0000000616c00000|  0%| F|  |TAMS 0x0000000616a00000, 0x0000000616a00000| Untracked 
|  83|0x0000000616c00000, 0x0000000616c00000, 0x0000000616e00000|  0%| F|  |TAMS 0x0000000616c00000, 0x0000000616c00000| Untracked 
|  84|0x0000000616e00000, 0x0000000616e00000, 0x0000000617000000|  0%| F|  |TAMS 0x0000000616e00000, 0x0000000616e00000| Untracked 
|  85|0x0000000617000000, 0x0000000617000000, 0x0000000617200000|  0%| F|  |TAMS 0x0000000617000000, 0x0000000617000000| Untracked 
|  86|0x0000000617200000, 0x0000000617200000, 0x0000000617400000|  0%| F|  |TAMS 0x0000000617200000, 0x0000000617200000| Untracked 
|  87|0x0000000617400000, 0x0000000617400000, 0x0000000617600000|  0%| F|  |TAMS 0x0000000617400000, 0x0000000617400000| Untracked 
|  88|0x0000000617600000, 0x0000000617600000, 0x0000000617800000|  0%| F|  |TAMS 0x0000000617600000, 0x0000000617600000| Untracked 
|  89|0x0000000617800000, 0x0000000617800000, 0x0000000617a00000|  0%| F|  |TAMS 0x0000000617800000, 0x0000000617800000| Untracked 
|  90|0x0000000617a00000, 0x0000000617a00000, 0x0000000617c00000|  0%| F|  |TAMS 0x0000000617a00000, 0x0000000617a00000| Untracked 
|  91|0x0000000617c00000, 0x0000000617c00000, 0x0000000617e00000|  0%| F|  |TAMS 0x0000000617c00000, 0x0000000617c00000| Untracked 
|  92|0x0000000617e00000, 0x0000000617e00000, 0x0000000618000000|  0%| F|  |TAMS 0x0000000617e00000, 0x0000000617e00000| Untracked 
|  93|0x0000000618000000, 0x0000000618000000, 0x0000000618200000|  0%| F|  |TAMS 0x0000000618000000, 0x0000000618000000| Untracked 
|  94|0x0000000618200000, 0x0000000618200000, 0x0000000618400000|  0%| F|  |TAMS 0x0000000618200000, 0x0000000618200000| Untracked 
|  95|0x0000000618400000, 0x0000000618400000, 0x0000000618600000|  0%| F|  |TAMS 0x0000000618400000, 0x0000000618400000| Untracked 
|  96|0x0000000618600000, 0x0000000618600000, 0x0000000618800000|  0%| F|  |TAMS 0x0000000618600000, 0x0000000618600000| Untracked 
|  97|0x0000000618800000, 0x0000000618800000, 0x0000000618a00000|  0%| F|  |TAMS 0x0000000618800000, 0x0000000618800000| Untracked 
|  98|0x0000000618a00000, 0x0000000618a00000, 0x0000000618c00000|  0%| F|  |TAMS 0x0000000618a00000, 0x0000000618a00000| Untracked 
|  99|0x0000000618c00000, 0x0000000618c00000, 0x0000000618e00000|  0%| F|  |TAMS 0x0000000618c00000, 0x0000000618c00000| Untracked 
| 100|0x0000000618e00000, 0x0000000618e00000, 0x0000000619000000|  0%| F|  |TAMS 0x0000000618e00000, 0x0000000618e00000| Untracked 
| 101|0x0000000619000000, 0x0000000619000000, 0x0000000619200000|  0%| F|  |TAMS 0x0000000619000000, 0x0000000619000000| Untracked 
| 102|0x0000000619200000, 0x0000000619200000, 0x0000000619400000|  0%| F|  |TAMS 0x0000000619200000, 0x0000000619200000| Untracked 
| 103|0x0000000619400000, 0x0000000619400000, 0x0000000619600000|  0%| F|  |TAMS 0x0000000619400000, 0x0000000619400000| Untracked 
| 104|0x0000000619600000, 0x0000000619600000, 0x0000000619800000|  0%| F|  |TAMS 0x0000000619600000, 0x0000000619600000| Untracked 
| 105|0x0000000619800000, 0x0000000619800000, 0x0000000619a00000|  0%| F|  |TAMS 0x0000000619800000, 0x0000000619800000| Untracked 
| 106|0x0000000619a00000, 0x0000000619a00000, 0x0000000619c00000|  0%| F|  |TAMS 0x0000000619a00000, 0x0000000619a00000| Untracked 
| 107|0x0000000619c00000, 0x0000000619c00000, 0x0000000619e00000|  0%| F|  |TAMS 0x0000000619c00000, 0x0000000619c00000| Untracked 
| 108|0x0000000619e00000, 0x0000000619e00000, 0x000000061a000000|  0%| F|  |TAMS 0x0000000619e00000, 0x0000000619e00000| Untracked 
| 109|0x000000061a000000, 0x000000061a000000, 0x000000061a200000|  0%| F|  |TAMS 0x000000061a000000, 0x000000061a000000| Untracked 
| 110|0x000000061a200000, 0x000000061a200000, 0x000000061a400000|  0%| F|  |TAMS 0x000000061a200000, 0x000000061a200000| Untracked 
| 111|0x000000061a400000, 0x000000061a400000, 0x000000061a600000|  0%| F|  |TAMS 0x000000061a400000, 0x000000061a400000| Untracked 
| 112|0x000000061a600000, 0x000000061a600000, 0x000000061a800000|  0%| F|  |TAMS 0x000000061a600000, 0x000000061a600000| Untracked 
| 113|0x000000061a800000, 0x000000061a800000, 0x000000061aa00000|  0%| F|  |TAMS 0x000000061a800000, 0x000000061a800000| Untracked 
| 114|0x000000061aa00000, 0x000000061aa00000, 0x000000061ac00000|  0%| F|  |TAMS 0x000000061aa00000, 0x000000061aa00000| Untracked 
| 115|0x000000061ac00000, 0x000000061ac00000, 0x000000061ae00000|  0%| F|  |TAMS 0x000000061ac00000, 0x000000061ac00000| Untracked 
| 116|0x000000061ae00000, 0x000000061ae00000, 0x000000061b000000|  0%| F|  |TAMS 0x000000061ae00000, 0x000000061ae00000| Untracked 
| 117|0x000000061b000000, 0x000000061b000000, 0x000000061b200000|  0%| F|  |TAMS 0x000000061b000000, 0x000000061b000000| Untracked 
| 118|0x000000061b200000, 0x000000061b200000, 0x000000061b400000|  0%| F|  |TAMS 0x000000061b200000, 0x000000061b200000| Untracked 
| 119|0x000000061b400000, 0x000000061b400000, 0x000000061b600000|  0%| F|  |TAMS 0x000000061b400000, 0x000000061b400000| Untracked 
| 120|0x000000061b600000, 0x000000061b600000, 0x000000061b800000|  0%| F|  |TAMS 0x000000061b600000, 0x000000061b600000| Untracked 
| 121|0x000000061b800000, 0x000000061b800000, 0x000000061ba00000|  0%| F|  |TAMS 0x000000061b800000, 0x000000061b800000| Untracked 
| 122|0x000000061ba00000, 0x000000061ba00000, 0x000000061bc00000|  0%| F|  |TAMS 0x000000061ba00000, 0x000000061ba00000| Untracked 
| 123|0x000000061bc00000, 0x000000061bc00000, 0x000000061be00000|  0%| F|  |TAMS 0x000000061bc00000, 0x000000061bc00000| Untracked 
| 124|0x000000061be00000, 0x000000061be00000, 0x000000061c000000|  0%| F|  |TAMS 0x000000061be00000, 0x000000061be00000| Untracked 
| 125|0x000000061c000000, 0x000000061c000000, 0x000000061c200000|  0%| F|  |TAMS 0x000000061c000000, 0x000000061c000000| Untracked 
| 126|0x000000061c200000, 0x000000061c200000, 0x000000061c400000|  0%| F|  |TAMS 0x000000061c200000, 0x000000061c200000| Untracked 
| 127|0x000000061c400000, 0x000000061c400000, 0x000000061c600000|  0%| F|  |TAMS 0x000000061c400000, 0x000000061c400000| Untracked 
| 128|0x000000061c600000, 0x000000061c600000, 0x000000061c800000|  0%| F|  |TAMS 0x000000061c600000, 0x000000061c600000| Untracked 
| 129|0x000000061c800000, 0x000000061c800000, 0x000000061ca00000|  0%| F|  |TAMS 0x000000061c800000, 0x000000061c800000| Untracked 
| 130|0x000000061ca00000, 0x000000061ca00000, 0x000000061cc00000|  0%| F|  |TAMS 0x000000061ca00000, 0x000000061ca00000| Untracked 
| 131|0x000000061cc00000, 0x000000061cc00000, 0x000000061ce00000|  0%| F|  |TAMS 0x000000061cc00000, 0x000000061cc00000| Untracked 
| 132|0x000000061ce00000, 0x000000061ce00000, 0x000000061d000000|  0%| F|  |TAMS 0x000000061ce00000, 0x000000061ce00000| Untracked 
| 133|0x000000061d000000, 0x000000061d000000, 0x000000061d200000|  0%| F|  |TAMS 0x000000061d000000, 0x000000061d000000| Untracked 
| 134|0x000000061d200000, 0x000000061d200000, 0x000000061d400000|  0%| F|  |TAMS 0x000000061d200000, 0x000000061d200000| Untracked 
| 135|0x000000061d400000, 0x000000061d400000, 0x000000061d600000|  0%| F|  |TAMS 0x000000061d400000, 0x000000061d400000| Untracked 
| 136|0x000000061d600000, 0x000000061d600000, 0x000000061d800000|  0%| F|  |TAMS 0x000000061d600000, 0x000000061d600000| Untracked 
| 137|0x000000061d800000, 0x000000061d800000, 0x000000061da00000|  0%| F|  |TAMS 0x000000061d800000, 0x000000061d800000| Untracked 
| 138|0x000000061da00000, 0x000000061da00000, 0x000000061dc00000|  0%| F|  |TAMS 0x000000061da00000, 0x000000061da00000| Untracked 
| 139|0x000000061dc00000, 0x000000061dc00000, 0x000000061de00000|  0%| F|  |TAMS 0x000000061dc00000, 0x000000061dc00000| Untracked 
| 140|0x000000061de00000, 0x000000061de00000, 0x000000061e000000|  0%| F|  |TAMS 0x000000061de00000, 0x000000061de00000| Untracked 
| 141|0x000000061e000000, 0x000000061e000000, 0x000000061e200000|  0%| F|  |TAMS 0x000000061e000000, 0x000000061e000000| Untracked 
| 142|0x000000061e200000, 0x000000061e200000, 0x000000061e400000|  0%| F|  |TAMS 0x000000061e200000, 0x000000061e200000| Untracked 
| 143|0x000000061e400000, 0x000000061e400000, 0x000000061e600000|  0%| F|  |TAMS 0x000000061e400000, 0x000000061e400000| Untracked 
| 144|0x000000061e600000, 0x000000061e600000, 0x000000061e800000|  0%| F|  |TAMS 0x000000061e600000, 0x000000061e600000| Untracked 
| 145|0x000000061e800000, 0x000000061e800000, 0x000000061ea00000|  0%| F|  |TAMS 0x000000061e800000, 0x000000061e800000| Untracked 
| 146|0x000000061ea00000, 0x000000061ea00000, 0x000000061ec00000|  0%| F|  |TAMS 0x000000061ea00000, 0x000000061ea00000| Untracked 
| 147|0x000000061ec00000, 0x000000061ec00000, 0x000000061ee00000|  0%| F|  |TAMS 0x000000061ec00000, 0x000000061ec00000| Untracked 
| 148|0x000000061ee00000, 0x000000061ee00000, 0x000000061f000000|  0%| F|  |TAMS 0x000000061ee00000, 0x000000061ee00000| Untracked 
| 149|0x000000061f000000, 0x000000061f000000, 0x000000061f200000|  0%| F|  |TAMS 0x000000061f000000, 0x000000061f000000| Untracked 
| 150|0x000000061f200000, 0x000000061f200000, 0x000000061f400000|  0%| F|  |TAMS 0x000000061f200000, 0x000000061f200000| Untracked 
| 151|0x000000061f400000, 0x000000061f400000, 0x000000061f600000|  0%| F|  |TAMS 0x000000061f400000, 0x000000061f400000| Untracked 
| 152|0x000000061f600000, 0x000000061f600000, 0x000000061f800000|  0%| F|  |TAMS 0x000000061f600000, 0x000000061f600000| Untracked 
| 153|0x000000061f800000, 0x000000061f800000, 0x000000061fa00000|  0%| F|  |TAMS 0x000000061f800000, 0x000000061f800000| Untracked 
| 154|0x000000061fa00000, 0x000000061fa00000, 0x000000061fc00000|  0%| F|  |TAMS 0x000000061fa00000, 0x000000061fa00000| Untracked 
| 155|0x000000061fc00000, 0x000000061fc00000, 0x000000061fe00000|  0%| F|  |TAMS 0x000000061fc00000, 0x000000061fc00000| Untracked 
| 156|0x000000061fe00000, 0x000000061fe00000, 0x0000000620000000|  0%| F|  |TAMS 0x000000061fe00000, 0x000000061fe00000| Untracked 
| 157|0x0000000620000000, 0x0000000620000000, 0x0000000620200000|  0%| F|  |TAMS 0x0000000620000000, 0x0000000620000000| Untracked 
| 158|0x0000000620200000, 0x0000000620200000, 0x0000000620400000|  0%| F|  |TAMS 0x0000000620200000, 0x0000000620200000| Untracked 
| 159|0x0000000620400000, 0x0000000620400000, 0x0000000620600000|  0%| F|  |TAMS 0x0000000620400000, 0x0000000620400000| Untracked 
| 160|0x0000000620600000, 0x0000000620600000, 0x0000000620800000|  0%| F|  |TAMS 0x0000000620600000, 0x0000000620600000| Untracked 
| 161|0x0000000620800000, 0x0000000620800000, 0x0000000620a00000|  0%| F|  |TAMS 0x0000000620800000, 0x0000000620800000| Untracked 
| 162|0x0000000620a00000, 0x0000000620a00000, 0x0000000620c00000|  0%| F|  |TAMS 0x0000000620a00000, 0x0000000620a00000| Untracked 
| 163|0x0000000620c00000, 0x0000000620c00000, 0x0000000620e00000|  0%| F|  |TAMS 0x0000000620c00000, 0x0000000620c00000| Untracked 
| 164|0x0000000620e00000, 0x0000000620e00000, 0x0000000621000000|  0%| F|  |TAMS 0x0000000620e00000, 0x0000000620e00000| Untracked 
| 165|0x0000000621000000, 0x0000000621000000, 0x0000000621200000|  0%| F|  |TAMS 0x0000000621000000, 0x0000000621000000| Untracked 
| 166|0x0000000621200000, 0x0000000621200000, 0x0000000621400000|  0%| F|  |TAMS 0x0000000621200000, 0x0000000621200000| Untracked 
| 167|0x0000000621400000, 0x0000000621400000, 0x0000000621600000|  0%| F|  |TAMS 0x0000000621400000, 0x0000000621400000| Untracked 
| 168|0x0000000621600000, 0x0000000621600000, 0x0000000621800000|  0%| F|  |TAMS 0x0000000621600000, 0x0000000621600000| Untracked 
| 169|0x0000000621800000, 0x0000000621800000, 0x0000000621a00000|  0%| F|  |TAMS 0x0000000621800000, 0x0000000621800000| Untracked 
| 170|0x0000000621a00000, 0x0000000621a00000, 0x0000000621c00000|  0%| F|  |TAMS 0x0000000621a00000, 0x0000000621a00000| Untracked 
| 171|0x0000000621c00000, 0x0000000621c00000, 0x0000000621e00000|  0%| F|  |TAMS 0x0000000621c00000, 0x0000000621c00000| Untracked 
| 172|0x0000000621e00000, 0x0000000621e00000, 0x0000000622000000|  0%| F|  |TAMS 0x0000000621e00000, 0x0000000621e00000| Untracked 
| 173|0x0000000622000000, 0x0000000622000000, 0x0000000622200000|  0%| F|  |TAMS 0x0000000622000000, 0x0000000622000000| Untracked 
| 174|0x0000000622200000, 0x0000000622200000, 0x0000000622400000|  0%| F|  |TAMS 0x0000000622200000, 0x0000000622200000| Untracked 
| 175|0x0000000622400000, 0x0000000622400000, 0x0000000622600000|  0%| F|  |TAMS 0x0000000622400000, 0x0000000622400000| Untracked 
| 176|0x0000000622600000, 0x0000000622600000, 0x0000000622800000|  0%| F|  |TAMS 0x0000000622600000, 0x0000000622600000| Untracked 
| 177|0x0000000622800000, 0x0000000622800000, 0x0000000622a00000|  0%| F|  |TAMS 0x0000000622800000, 0x0000000622800000| Untracked 
| 178|0x0000000622a00000, 0x0000000622a00000, 0x0000000622c00000|  0%| F|  |TAMS 0x0000000622a00000, 0x0000000622a00000| Untracked 
| 179|0x0000000622c00000, 0x0000000622c00000, 0x0000000622e00000|  0%| F|  |TAMS 0x0000000622c00000, 0x0000000622c00000| Untracked 
| 180|0x0000000622e00000, 0x0000000622e00000, 0x0000000623000000|  0%| F|  |TAMS 0x0000000622e00000, 0x0000000622e00000| Untracked 
| 181|0x0000000623000000, 0x0000000623000000, 0x0000000623200000|  0%| F|  |TAMS 0x0000000623000000, 0x0000000623000000| Untracked 
| 182|0x0000000623200000, 0x0000000623200000, 0x0000000623400000|  0%| F|  |TAMS 0x0000000623200000, 0x0000000623200000| Untracked 
| 183|0x0000000623400000, 0x0000000623400000, 0x0000000623600000|  0%| F|  |TAMS 0x0000000623400000, 0x0000000623400000| Untracked 
| 184|0x0000000623600000, 0x0000000623600000, 0x0000000623800000|  0%| F|  |TAMS 0x0000000623600000, 0x0000000623600000| Untracked 
| 185|0x0000000623800000, 0x0000000623800000, 0x0000000623a00000|  0%| F|  |TAMS 0x0000000623800000, 0x0000000623800000| Untracked 
| 186|0x0000000623a00000, 0x0000000623a00000, 0x0000000623c00000|  0%| F|  |TAMS 0x0000000623a00000, 0x0000000623a00000| Untracked 
| 187|0x0000000623c00000, 0x0000000623c00000, 0x0000000623e00000|  0%| F|  |TAMS 0x0000000623c00000, 0x0000000623c00000| Untracked 
| 188|0x0000000623e00000, 0x0000000623e00000, 0x0000000624000000|  0%| F|  |TAMS 0x0000000623e00000, 0x0000000623e00000| Untracked 
| 189|0x0000000624000000, 0x0000000624000000, 0x0000000624200000|  0%| F|  |TAMS 0x0000000624000000, 0x0000000624000000| Untracked 
| 190|0x0000000624200000, 0x0000000624200000, 0x0000000624400000|  0%| F|  |TAMS 0x0000000624200000, 0x0000000624200000| Untracked 
| 191|0x0000000624400000, 0x0000000624400000, 0x0000000624600000|  0%| F|  |TAMS 0x0000000624400000, 0x0000000624400000| Untracked 
| 192|0x0000000624600000, 0x0000000624600000, 0x0000000624800000|  0%| F|  |TAMS 0x0000000624600000, 0x0000000624600000| Untracked 
| 193|0x0000000624800000, 0x0000000624800000, 0x0000000624a00000|  0%| F|  |TAMS 0x0000000624800000, 0x0000000624800000| Untracked 
| 194|0x0000000624a00000, 0x0000000624a00000, 0x0000000624c00000|  0%| F|  |TAMS 0x0000000624a00000, 0x0000000624a00000| Untracked 
| 195|0x0000000624c00000, 0x0000000624c00000, 0x0000000624e00000|  0%| F|  |TAMS 0x0000000624c00000, 0x0000000624c00000| Untracked 
| 196|0x0000000624e00000, 0x0000000624e00000, 0x0000000625000000|  0%| F|  |TAMS 0x0000000624e00000, 0x0000000624e00000| Untracked 
| 197|0x0000000625000000, 0x0000000625000000, 0x0000000625200000|  0%| F|  |TAMS 0x0000000625000000, 0x0000000625000000| Untracked 
| 198|0x0000000625200000, 0x0000000625200000, 0x0000000625400000|  0%| F|  |TAMS 0x0000000625200000, 0x0000000625200000| Untracked 
| 199|0x0000000625400000, 0x0000000625400000, 0x0000000625600000|  0%| F|  |TAMS 0x0000000625400000, 0x0000000625400000| Untracked 
| 200|0x0000000625600000, 0x0000000625600000, 0x0000000625800000|  0%| F|  |TAMS 0x0000000625600000, 0x0000000625600000| Untracked 
| 201|0x0000000625800000, 0x0000000625800000, 0x0000000625a00000|  0%| F|  |TAMS 0x0000000625800000, 0x0000000625800000| Untracked 
| 202|0x0000000625a00000, 0x0000000625a00000, 0x0000000625c00000|  0%| F|  |TAMS 0x0000000625a00000, 0x0000000625a00000| Untracked 
| 203|0x0000000625c00000, 0x0000000625c00000, 0x0000000625e00000|  0%| F|  |TAMS 0x0000000625c00000, 0x0000000625c00000| Untracked 
| 204|0x0000000625e00000, 0x0000000625e00000, 0x0000000626000000|  0%| F|  |TAMS 0x0000000625e00000, 0x0000000625e00000| Untracked 
| 205|0x0000000626000000, 0x0000000626000000, 0x0000000626200000|  0%| F|  |TAMS 0x0000000626000000, 0x0000000626000000| Untracked 
| 206|0x0000000626200000, 0x0000000626200000, 0x0000000626400000|  0%| F|  |TAMS 0x0000000626200000, 0x0000000626200000| Untracked 
| 207|0x0000000626400000, 0x0000000626400000, 0x0000000626600000|  0%| F|  |TAMS 0x0000000626400000, 0x0000000626400000| Untracked 
| 208|0x0000000626600000, 0x0000000626600000, 0x0000000626800000|  0%| F|  |TAMS 0x0000000626600000, 0x0000000626600000| Untracked 
| 209|0x0000000626800000, 0x0000000626800000, 0x0000000626a00000|  0%| F|  |TAMS 0x0000000626800000, 0x0000000626800000| Untracked 
| 210|0x0000000626a00000, 0x0000000626a00000, 0x0000000626c00000|  0%| F|  |TAMS 0x0000000626a00000, 0x0000000626a00000| Untracked 
| 211|0x0000000626c00000, 0x0000000626c00000, 0x0000000626e00000|  0%| F|  |TAMS 0x0000000626c00000, 0x0000000626c00000| Untracked 
| 212|0x0000000626e00000, 0x0000000626e00000, 0x0000000627000000|  0%| F|  |TAMS 0x0000000626e00000, 0x0000000626e00000| Untracked 
| 213|0x0000000627000000, 0x0000000627000000, 0x0000000627200000|  0%| F|  |TAMS 0x0000000627000000, 0x0000000627000000| Untracked 
| 214|0x0000000627200000, 0x0000000627200000, 0x0000000627400000|  0%| F|  |TAMS 0x0000000627200000, 0x0000000627200000| Untracked 
| 215|0x0000000627400000, 0x0000000627400000, 0x0000000627600000|  0%| F|  |TAMS 0x0000000627400000, 0x0000000627400000| Untracked 
| 216|0x0000000627600000, 0x0000000627600000, 0x0000000627800000|  0%| F|  |TAMS 0x0000000627600000, 0x0000000627600000| Untracked 
| 217|0x0000000627800000, 0x0000000627800000, 0x0000000627a00000|  0%| F|  |TAMS 0x0000000627800000, 0x0000000627800000| Untracked 
| 218|0x0000000627a00000, 0x0000000627a00000, 0x0000000627c00000|  0%| F|  |TAMS 0x0000000627a00000, 0x0000000627a00000| Untracked 
| 219|0x0000000627c00000, 0x0000000627c00000, 0x0000000627e00000|  0%| F|  |TAMS 0x0000000627c00000, 0x0000000627c00000| Untracked 
| 220|0x0000000627e00000, 0x0000000627f00800, 0x0000000628000000| 50%| E|  |TAMS 0x0000000627e00000, 0x0000000627e00000| Complete 
| 221|0x0000000628000000, 0x0000000628200000, 0x0000000628200000|100%| E|CS|TAMS 0x0000000628000000, 0x0000000628000000| Complete 
| 222|0x0000000628200000, 0x0000000628400000, 0x0000000628400000|100%| E|CS|TAMS 0x0000000628200000, 0x0000000628200000| Complete 
| 223|0x0000000628400000, 0x0000000628600000, 0x0000000628600000|100%| E|CS|TAMS 0x0000000628400000, 0x0000000628400000| Complete 
| 224|0x0000000628600000, 0x0000000628800000, 0x0000000628800000|100%| E|CS|TAMS 0x0000000628600000, 0x0000000628600000| Complete 
| 225|0x0000000628800000, 0x0000000628a00000, 0x0000000628a00000|100%| E|CS|TAMS 0x0000000628800000, 0x0000000628800000| Complete 
| 226|0x0000000628a00000, 0x0000000628c00000, 0x0000000628c00000|100%| E|CS|TAMS 0x0000000628a00000, 0x0000000628a00000| Complete 
| 227|0x0000000628c00000, 0x0000000628e00000, 0x0000000628e00000|100%| E|CS|TAMS 0x0000000628c00000, 0x0000000628c00000| Complete 
| 228|0x0000000628e00000, 0x0000000629000000, 0x0000000629000000|100%| E|CS|TAMS 0x0000000628e00000, 0x0000000628e00000| Complete 
| 229|0x0000000629000000, 0x0000000629200000, 0x0000000629200000|100%| E|CS|TAMS 0x0000000629000000, 0x0000000629000000| Complete 
| 230|0x0000000629200000, 0x0000000629400000, 0x0000000629400000|100%| E|CS|TAMS 0x0000000629200000, 0x0000000629200000| Complete 
| 231|0x0000000629400000, 0x0000000629600000, 0x0000000629600000|100%| E|CS|TAMS 0x0000000629400000, 0x0000000629400000| Complete 
| 232|0x0000000629600000, 0x0000000629800000, 0x0000000629800000|100%| E|CS|TAMS 0x0000000629600000, 0x0000000629600000| Complete 
| 233|0x0000000629800000, 0x0000000629a00000, 0x0000000629a00000|100%| E|CS|TAMS 0x0000000629800000, 0x0000000629800000| Complete 
| 234|0x0000000629a00000, 0x0000000629c00000, 0x0000000629c00000|100%| E|CS|TAMS 0x0000000629a00000, 0x0000000629a00000| Complete 
| 235|0x0000000629c00000, 0x0000000629e00000, 0x0000000629e00000|100%| E|CS|TAMS 0x0000000629c00000, 0x0000000629c00000| Complete 
| 236|0x0000000629e00000, 0x000000062a000000, 0x000000062a000000|100%| E|CS|TAMS 0x0000000629e00000, 0x0000000629e00000| Complete 
| 237|0x000000062a000000, 0x000000062a101cd0, 0x000000062a200000| 50%| S|CS|TAMS 0x000000062a000000, 0x000000062a000000| Complete 
| 238|0x000000062a200000, 0x000000062a400000, 0x000000062a400000|100%| E|CS|TAMS 0x000000062a200000, 0x000000062a200000| Complete 
| 239|0x000000062a400000, 0x000000062a600000, 0x000000062a600000|100%| E|CS|TAMS 0x000000062a400000, 0x000000062a400000| Complete 
| 240|0x000000062a600000, 0x000000062a800000, 0x000000062a800000|100%| E|CS|TAMS 0x000000062a600000, 0x000000062a600000| Complete 
| 241|0x000000062a800000, 0x000000062aa00000, 0x000000062aa00000|100%| E|CS|TAMS 0x000000062a800000, 0x000000062a800000| Complete 
| 242|0x000000062aa00000, 0x000000062ac00000, 0x000000062ac00000|100%| E|CS|TAMS 0x000000062aa00000, 0x000000062aa00000| Complete 
| 243|0x000000062ac00000, 0x000000062ae00000, 0x000000062ae00000|100%| E|CS|TAMS 0x000000062ac00000, 0x000000062ac00000| Complete 
| 244|0x000000062ae00000, 0x000000062b000000, 0x000000062b000000|100%| E|CS|TAMS 0x000000062ae00000, 0x000000062ae00000| Complete 
| 245|0x000000062b000000, 0x000000062b200000, 0x000000062b200000|100%| E|CS|TAMS 0x000000062b000000, 0x000000062b000000| Complete 
| 246|0x000000062b200000, 0x000000062b400000, 0x000000062b400000|100%| E|CS|TAMS 0x000000062b200000, 0x000000062b200000| Complete 
| 247|0x000000062b400000, 0x000000062b600000, 0x000000062b600000|100%| E|CS|TAMS 0x000000062b400000, 0x000000062b400000| Complete 
| 248|0x000000062b600000, 0x000000062b800000, 0x000000062b800000|100%| E|CS|TAMS 0x000000062b600000, 0x000000062b600000| Complete 
| 249|0x000000062b800000, 0x000000062ba00000, 0x000000062ba00000|100%| E|CS|TAMS 0x000000062b800000, 0x000000062b800000| Complete 

Card table byte_map: [0x00007fa9120c6000,0x00007fa913063000] _byte_map_base: 0x00007fa90f063000

Marking Bits (Prev, Next): (CMBitMap*) 0x00007fa9300583e8, (CMBitMap*) 0x00007fa930058420
 Prev Bits: [0x00007fa909441000, 0x00007fa911129000)
 Next Bits: [0x00007fa901759000, 0x00007fa909441000)

Polling page: 0x00007fa936b6b000

Metaspace:

Usage:
  Non-class:      4.72 MB capacity,     4.67 MB (>99%) used,    47.02 KB ( <1%) free+waste,     1.25 KB ( <1%) overhead. 
      Class:    464.00 KB capacity,   418.24 KB ( 90%) used,    45.07 KB ( 10%) free+waste,   704 bytes ( <1%) overhead. 
       Both:      5.17 MB capacity,     5.08 MB ( 98%) used,    92.09 KB (  2%) free+waste,     1.94 KB ( <1%) overhead. 

Virtual space:
  Non-class space:        8.00 MB reserved,       5.00 MB ( 62%) committed 
      Class space:        1.00 GB reserved,     512.00 KB ( <1%) committed 
             Both:        1.01 GB reserved,       5.50 MB ( <1%) committed 

Chunk freelists:
   Non-Class:  60.00 KB
       Class:  16.00 KB
        Both:  76.00 KB

MaxMetaspaceSize: unlimited
CompressedClassSpaceSize: 1.00 GB
Initial GC threshold: 20.80 MB
Current GC threshold: 20.80 MB
CDS: off

CodeHeap 'non-profiled nmethods': size=120032Kb used=144Kb max_used=144Kb free=119887Kb
 bounds [0x00007fa92031b000, 0x00007fa92058b000, 0x00007fa927853000]
CodeHeap 'profiled nmethods': size=120028Kb used=355Kb max_used=355Kb free=119672Kb
 bounds [0x00007fa918de4000, 0x00007fa919054000, 0x00007fa92031b000]
CodeHeap 'non-nmethods': size=5700Kb used=1059Kb max_used=1097Kb free=4640Kb
 bounds [0x00007fa918853000, 0x00007fa918ac3000, 0x00007fa918de4000]
 total_blobs=546 nmethods=252 adapters=208
 compilation: enabled
              stopped_count=0, restarted_count=0
 full_count=0

Compilation events (20 events):
Event: 0.156 Thread 0x00007fa8d00b0800 nmethod 240 0x00007fa920339510 code [0x00007fa9203396c0, 0x00007fa920339808]
Event: 0.156 Thread 0x00007fa8d00b0800  242       4       coverage.CoverageEntry::<init> (51 bytes)
Event: 0.158 Thread 0x00007fa8d004e800 nmethod 239 0x00007fa920339a90 code [0x00007fa920339c40, 0x00007fa92033a0a8]
Event: 0.158 Thread 0x00007fa8d004e800  251       4       java.lang.Integer::numberOfTrailingZeros (79 bytes)
Event: 0.158 Thread 0x00007fa8d00b0800 nmethod 242 0x00007fa92033a310 code [0x00007fa92033a4a0, 0x00007fa92033a918]
Event: 0.158 Thread 0x00007fa8d00b0800  243       4       coverage.MyMethodBasedCoverage::putEntry (86 bytes)
Event: 0.158 Thread 0x00007fa8d004e800 nmethod 251 0x00007fa92033aa90 code [0x00007fa92033ac20, 0x00007fa92033acf8]
Event: 0.158 Thread 0x00007fa8d004e800  244       4       java.util.LinkedHashMap::afterNodeAccess (116 bytes)
Event: 0.159 Thread 0x00007fa8d004e800 nmethod 244 0x00007fa92033ae10 code [0x00007fa92033afa0, 0x00007fa92033b018]
Event: 0.159 Thread 0x00007fa8d004e800  226       4       coverage.CoverageEntry::isSameEntries (61 bytes)
Event: 0.159 Thread 0x00007fa930277000 nmethod 249 0x00007fa92033b110 code [0x00007fa92033b2c0, 0x00007fa92033b7d8]
Event: 0.159 Thread 0x00007fa930277000  227       4       coverage.CoverageEntry::compareParamsAndRtv (134 bytes)
Event: 0.160 Thread 0x00007fa8d00b0800 nmethod 243 0x00007fa92033ba90 code [0x00007fa92033bc80, 0x00007fa92033bed0]
Event: 0.169 Thread 0x00007fa8d004e800 nmethod 226 0x00007fa92033c210 code [0x00007fa92033c400, 0x00007fa92033d078]
Event: 0.169 Thread 0x00007fa930277000 nmethod 227 0x00007fa92033da90 code [0x00007fa92033dc80, 0x00007fa92033e858]
Event: 0.217 Thread 0x00007fa930279000  252 %     3       Tmp0Kt::testEmptyULongLoop2 @ 236 (576 bytes)
Event: 0.218 Thread 0x00007fa930279000 nmethod 252% 0x00007fa918e37f90 code [0x00007fa918e383e0, 0x00007fa918e39b50]
Event: 0.219 Thread 0x00007fa930279000  253       3       Tmp0Kt::testEmptyULongLoop2 (576 bytes)
Event: 0.219 Thread 0x00007fa930279000 nmethod 253 0x00007fa918e3a710 code [0x00007fa918e3ab60, 0x00007fa918e3c250]
Event: 0.225 Thread 0x00007fa8d00b0800  254 %     4       kotlin.UnsignedKt::ulongCompare @ 556 (12 bytes)

GC Heap History (2 events):
Event: 0.172 GC heap before
{Heap before GC invocations=0 (full 0):
 garbage-first heap   total 512000K, used 22528K [0x000000060c600000, 0x0000000800000000)
  region size 2048K, 12 young (24576K), 0 survivors (0K)
 Metaspace       used 5198K, capacity 5296K, committed 5632K, reserved 1056768K
  class space    used 418K, capacity 464K, committed 512K, reserved 1048576K
}
Event: 0.173 GC heap after
{Heap after GC invocations=1 (full 0):
 garbage-first heap   total 512000K, used 1031K [0x000000060c600000, 0x0000000800000000)
  region size 2048K, 1 young (2048K), 1 survivors (2048K)
 Metaspace       used 5198K, capacity 5296K, committed 5632K, reserved 1056768K
  class space    used 418K, capacity 464K, committed 512K, reserved 1048576K
}

Deoptimization events (4 events):
Event: 0.054 Thread 0x00007fa930016800 Uncommon trap: trap_request=0xffffff4d fr.pc=0x00007fa92031f30c relative=0x00000000000001ec
Event: 0.054 Thread 0x00007fa930016800 Uncommon trap: reason=unstable_if action=reinterpret pc=0x00007fa92031f30c method=java.lang.String.hashCode()I @ 14 c2
Event: 0.054 Thread 0x00007fa930016800 DEOPT PACKING pc=0x00007fa92031f30c sp=0x00007fa9353c30d0
Event: 0.054 Thread 0x00007fa930016800 DEOPT UNPACKING pc=0x00007fa91889cea5 sp=0x00007fa9353c3088 mode 2

Classes redefined (0 events):
No events

Internal exceptions (0 events):
No events

Events (20 events):
Event: 0.086 loading class java/util/AbstractList$ListItr
Event: 0.086 loading class java/util/AbstractList$Itr
Event: 0.086 loading class java/util/AbstractList$Itr done
Event: 0.086 loading class java/util/AbstractList$ListItr done
Event: 0.086 loading class kotlin/UnsignedKt
Event: 0.086 loading class kotlin/UnsignedKt done
Event: 0.087 loading class kotlin/ranges/URangesKt
Event: 0.087 loading class kotlin/ranges/URangesKt done
Event: 0.087 loading class kotlin/ranges/URangesKt___URangesKt
Event: 0.087 loading class kotlin/ranges/URangesKt___URangesKt done
Event: 0.100 Thread 0x00007fa8d004e800 Thread added: 0x00007fa8d004e800
Event: 0.100 Protecting memory [0x00007fa900235000,0x00007fa900239000] with protection modes 0
Event: 0.106 Thread 0x00007fa8d00b0800 Thread added: 0x00007fa8d00b0800
Event: 0.106 Protecting memory [0x00007fa900134000,0x00007fa900138000] with protection modes 0
Event: 0.172 Executing VM operation: G1CollectForAllocation
Event: 0.173 Executing VM operation: G1CollectForAllocation done
Event: 0.173 Executing VM operation: RevokeBias
Event: 0.173 Executing VM operation: RevokeBias done
Event: 0.173 Executing VM operation: RevokeBias
Event: 0.173 Executing VM operation: RevokeBias done


Dynamic libraries:
60c600000-62ba00000 rw-p 00000000 00:00 0 
62ba00000-800000000 ---p 00000000 00:00 0 
800000000-800080000 rw-p 00000000 00:00 0 
800080000-840000000 ---p 00000000 00:00 0 
55aa963fa000-55aa963fb000 r--p 00000000 08:02 1968997                    /usr/lib/jvm/java-11-openjdk/bin/java
55aa963fb000-55aa963fc000 r-xp 00001000 08:02 1968997                    /usr/lib/jvm/java-11-openjdk/bin/java
55aa963fc000-55aa963fd000 r--p 00002000 08:02 1968997                    /usr/lib/jvm/java-11-openjdk/bin/java
55aa963fd000-55aa963fe000 r--p 00002000 08:02 1968997                    /usr/lib/jvm/java-11-openjdk/bin/java
55aa963fe000-55aa963ff000 rw-p 00003000 08:02 1968997                    /usr/lib/jvm/java-11-openjdk/bin/java
55aa9682b000-55aa9684c000 rw-p 00000000 00:00 0                          [heap]
7fa8a0000000-7fa8a0021000 rw-p 00000000 00:00 0 
7fa8a0021000-7fa8a4000000 ---p 00000000 00:00 0 
7fa8a4000000-7fa8a4021000 rw-p 00000000 00:00 0 
7fa8a4021000-7fa8a8000000 ---p 00000000 00:00 0 
7fa8a8000000-7fa8a8021000 rw-p 00000000 00:00 0 
7fa8a8021000-7fa8ac000000 ---p 00000000 00:00 0 
7fa8ac000000-7fa8ac021000 rw-p 00000000 00:00 0 
7fa8ac021000-7fa8b0000000 ---p 00000000 00:00 0 
7fa8b0000000-7fa8b0021000 rw-p 00000000 00:00 0 
7fa8b0021000-7fa8b4000000 ---p 00000000 00:00 0 
7fa8b4000000-7fa8b4021000 rw-p 00000000 00:00 0 
7fa8b4021000-7fa8b8000000 ---p 00000000 00:00 0 
7fa8b8000000-7fa8b83d1000 rw-p 00000000 00:00 0 
7fa8b83d1000-7fa8bc000000 ---p 00000000 00:00 0 
7fa8bc000000-7fa8bc021000 rw-p 00000000 00:00 0 
7fa8bc021000-7fa8c0000000 ---p 00000000 00:00 0 
7fa8c0000000-7fa8c0021000 rw-p 00000000 00:00 0 
7fa8c0021000-7fa8c4000000 ---p 00000000 00:00 0 
7fa8c4000000-7fa8c4553000 rw-p 00000000 00:00 0 
7fa8c4553000-7fa8c8000000 ---p 00000000 00:00 0 
7fa8c8000000-7fa8c8021000 rw-p 00000000 00:00 0 
7fa8c8021000-7fa8cc000000 ---p 00000000 00:00 0 
7fa8cc000000-7fa8cc021000 rw-p 00000000 00:00 0 
7fa8cc021000-7fa8d0000000 ---p 00000000 00:00 0 
7fa8d0000000-7fa8d04d5000 rw-p 00000000 00:00 0 
7fa8d04d5000-7fa8d4000000 ---p 00000000 00:00 0 
7fa8d4000000-7fa8d4074000 rw-p 00000000 00:00 0 
7fa8d4074000-7fa8d8000000 ---p 00000000 00:00 0 
7fa8d8000000-7fa8d8021000 rw-p 00000000 00:00 0 
7fa8d8021000-7fa8dc000000 ---p 00000000 00:00 0 
7fa8dc000000-7fa8dc021000 rw-p 00000000 00:00 0 
7fa8dc021000-7fa8e0000000 ---p 00000000 00:00 0 
7fa8e0000000-7fa8e0021000 rw-p 00000000 00:00 0 
7fa8e0021000-7fa8e4000000 ---p 00000000 00:00 0 
7fa8e4000000-7fa8e4021000 rw-p 00000000 00:00 0 
7fa8e4021000-7fa8e8000000 ---p 00000000 00:00 0 
7fa8e8000000-7fa8e8021000 rw-p 00000000 00:00 0 
7fa8e8021000-7fa8ec000000 ---p 00000000 00:00 0 
7fa8ec000000-7fa8ec021000 rw-p 00000000 00:00 0 
7fa8ec021000-7fa8f0000000 ---p 00000000 00:00 0 
7fa8f0000000-7fa8f0021000 rw-p 00000000 00:00 0 
7fa8f0021000-7fa8f4000000 ---p 00000000 00:00 0 
7fa8f4000000-7fa8f4021000 rw-p 00000000 00:00 0 
7fa8f4021000-7fa8f8000000 ---p 00000000 00:00 0 
7fa8f99f4000-7fa8f99f5000 ---p 00000000 00:00 0 
7fa8f99f5000-7fa8f9af6000 rw-p 00000000 00:00 0 
7fa8f9af6000-7fa8f9af7000 ---p 00000000 00:00 0 
7fa8f9af7000-7fa8f9bf8000 rw-p 00000000 00:00 0 
7fa8f9bf8000-7fa8f9bf9000 ---p 00000000 00:00 0 
7fa8f9bf9000-7fa8f9cfa000 rw-p 00000000 00:00 0 
7fa8f9cfa000-7fa8f9cfb000 ---p 00000000 00:00 0 
7fa8f9cfb000-7fa8f9dfc000 rw-p 00000000 00:00 0 
7fa8f9dfc000-7fa8f9dfd000 ---p 00000000 00:00 0 
7fa8f9dfd000-7fa8f9efe000 rw-p 00000000 00:00 0 
7fa8f9efe000-7fa8f9eff000 ---p 00000000 00:00 0 
7fa8f9eff000-7fa8fc000000 rw-p 00000000 00:00 0 
7fa8fc000000-7fa8fc021000 rw-p 00000000 00:00 0 
7fa8fc021000-7fa900000000 ---p 00000000 00:00 0 
7fa900032000-7fa900033000 ---p 00000000 00:00 0 
7fa900033000-7fa900134000 rw-p 00000000 00:00 0 
7fa900134000-7fa900138000 ---p 00000000 00:00 0 
7fa900138000-7fa900235000 rw-p 00000000 00:00 0 
7fa900235000-7fa900239000 ---p 00000000 00:00 0 
7fa900239000-7fa900367000 rw-p 00000000 00:00 0 
7fa900367000-7fa90036b000 ---p 00000000 00:00 0 
7fa90036b000-7fa900468000 rw-p 00000000 00:00 0 
7fa900468000-7fa900469000 ---p 00000000 00:00 0 
7fa900469000-7fa90056a000 rw-p 00000000 00:00 0 
7fa90056a000-7fa90056e000 ---p 00000000 00:00 0 
7fa90056e000-7fa90066b000 rw-p 00000000 00:00 0 
7fa90066b000-7fa90066f000 ---p 00000000 00:00 0 
7fa90066f000-7fa90076c000 rw-p 00000000 00:00 0 
7fa90076c000-7fa900770000 ---p 00000000 00:00 0 
7fa900770000-7fa90086d000 rw-p 00000000 00:00 0 
7fa90086d000-7fa900871000 ---p 00000000 00:00 0 
7fa900871000-7fa90096e000 rw-p 00000000 00:00 0 
7fa90096e000-7fa900972000 ---p 00000000 00:00 0 
7fa900972000-7fa900a6f000 rw-p 00000000 00:00 0 
7fa900a6f000-7fa900d57000 r--p 00000000 08:02 14491448                   /usr/lib/locale/locale-archive
7fa900d57000-7fa900d5b000 ---p 00000000 00:00 0 
7fa900d5b000-7fa900e58000 rw-p 00000000 00:00 0 
7fa900e58000-7fa900e5c000 ---p 00000000 00:00 0 
7fa900e5c000-7fa901459000 rw-p 00000000 00:00 0 
7fa901459000-7fa901759000 ---p 00000000 00:00 0 
7fa901759000-7fa901f29000 rw-p 00000000 00:00 0 
7fa901f29000-7fa909441000 ---p 00000000 00:00 0 
7fa909441000-7fa909c11000 rw-p 00000000 00:00 0 
7fa909c11000-7fa911129000 ---p 00000000 00:00 0 
7fa911129000-7fa911223000 rw-p 00000000 00:00 0 
7fa911223000-7fa9120c6000 ---p 00000000 00:00 0 
7fa9120c6000-7fa9121c0000 rw-p 00000000 00:00 0 
7fa9121c0000-7fa913063000 ---p 00000000 00:00 0 
7fa913063000-7fa91315d000 rw-p 00000000 00:00 0 
7fa91315d000-7fa914000000 ---p 00000000 00:00 0 
7fa914000000-7fa914021000 rw-p 00000000 00:00 0 
7fa914021000-7fa918000000 ---p 00000000 00:00 0 
7fa918019000-7fa91801d000 r--p 00000000 08:02 1976496                    /usr/lib/jvm/java-11-openjdk/lib/libnet.so
7fa91801d000-7fa91802c000 r-xp 00004000 08:02 1976496                    /usr/lib/jvm/java-11-openjdk/lib/libnet.so
7fa91802c000-7fa918030000 r--p 00013000 08:02 1976496                    /usr/lib/jvm/java-11-openjdk/lib/libnet.so
7fa918030000-7fa918031000 r--p 00016000 08:02 1976496                    /usr/lib/jvm/java-11-openjdk/lib/libnet.so
7fa918031000-7fa918032000 rw-p 00017000 08:02 1976496                    /usr/lib/jvm/java-11-openjdk/lib/libnet.so
7fa918032000-7fa918039000 r--p 00000000 08:02 1976501                    /usr/lib/jvm/java-11-openjdk/lib/libnio.so
7fa918039000-7fa918040000 r-xp 00007000 08:02 1976501                    /usr/lib/jvm/java-11-openjdk/lib/libnio.so
7fa918040000-7fa918043000 r--p 0000e000 08:02 1976501                    /usr/lib/jvm/java-11-openjdk/lib/libnio.so
7fa918043000-7fa918044000 r--p 00010000 08:02 1976501                    /usr/lib/jvm/java-11-openjdk/lib/libnio.so
7fa918044000-7fa918045000 rw-p 00011000 08:02 1976501                    /usr/lib/jvm/java-11-openjdk/lib/libnio.so
7fa918045000-7fa918046000 ---p 00000000 00:00 0 
7fa918046000-7fa91824b000 rw-p 00000000 00:00 0 
7fa91824b000-7fa91824c000 ---p 00000000 00:00 0 
7fa91824c000-7fa91834d000 rw-p 00000000 00:00 0 
7fa91834d000-7fa91834e000 ---p 00000000 00:00 0 
7fa91834e000-7fa918853000 rw-p 00000000 00:00 0 
7fa918853000-7fa918ac3000 rwxp 00000000 00:00 0 
7fa918ac3000-7fa918de4000 ---p 00000000 00:00 0 
7fa918de4000-7fa919054000 rwxp 00000000 00:00 0 
7fa919054000-7fa92031b000 ---p 00000000 00:00 0 
7fa92031b000-7fa92058b000 rwxp 00000000 00:00 0 
7fa92058b000-7fa927853000 ---p 00000000 00:00 0 
7fa927853000-7fa930000000 r--s 00000000 08:02 1976524                    /usr/lib/jvm/java-11-openjdk/lib/modules
7fa930000000-7fa930450000 rw-p 00000000 00:00 0 
7fa930450000-7fa934000000 ---p 00000000 00:00 0 
7fa934004000-7fa93444a000 rw-p 00000000 00:00 0 
7fa93444a000-7fa93444b000 ---p 00000000 00:00 0 
7fa93444b000-7fa93454c000 rw-p 00000000 00:00 0 
7fa93454c000-7fa93454d000 ---p 00000000 00:00 0 
7fa93454d000-7fa934f97000 rw-p 00000000 00:00 0 
7fa934f97000-7fa934f98000 ---p 00000000 00:00 0 
7fa934f98000-7fa93509e000 rw-p 00000000 00:00 0 
7fa93509e000-7fa935184000 ---p 00000000 00:00 0 
7fa935184000-7fa935189000 rw-p 00000000 00:00 0 
7fa935189000-7fa93526f000 ---p 00000000 00:00 0 
7fa93526f000-7fa935274000 rw-p 00000000 00:00 0 
7fa935274000-7fa93527b000 ---p 00000000 00:00 0 
7fa93527b000-7fa93527d000 r--p 00000000 08:02 1976523                    /usr/lib/jvm/java-11-openjdk/lib/libzip.so
7fa93527d000-7fa935281000 r-xp 00002000 08:02 1976523                    /usr/lib/jvm/java-11-openjdk/lib/libzip.so
7fa935281000-7fa935283000 r--p 00006000 08:02 1976523                    /usr/lib/jvm/java-11-openjdk/lib/libzip.so
7fa935283000-7fa935284000 r--p 00007000 08:02 1976523                    /usr/lib/jvm/java-11-openjdk/lib/libzip.so
7fa935284000-7fa935285000 rw-p 00008000 08:02 1976523                    /usr/lib/jvm/java-11-openjdk/lib/libzip.so
7fa935285000-7fa93528d000 rw-s 00000000 00:24 469803                     /tmp/hsperfdata_stepanov/2844581
7fa93528d000-7fa93529b000 r--p 00000000 08:02 1976470                    /usr/lib/jvm/java-11-openjdk/lib/libjava.so
7fa93529b000-7fa9352b0000 r-xp 0000e000 08:02 1976470                    /usr/lib/jvm/java-11-openjdk/lib/libjava.so
7fa9352b0000-7fa9352b6000 r--p 00023000 08:02 1976470                    /usr/lib/jvm/java-11-openjdk/lib/libjava.so
7fa9352b6000-7fa9352b7000 ---p 00029000 08:02 1976470                    /usr/lib/jvm/java-11-openjdk/lib/libjava.so
7fa9352b7000-7fa9352b8000 r--p 00029000 08:02 1976470                    /usr/lib/jvm/java-11-openjdk/lib/libjava.so
7fa9352b8000-7fa9352b9000 rw-p 0002a000 08:02 1976470                    /usr/lib/jvm/java-11-openjdk/lib/libjava.so
7fa9352b9000-7fa9352ba000 rw-p 00000000 00:00 0 
7fa9352ba000-7fa9352bd000 r--p 00000000 08:02 14421227                   /usr/lib/librt-2.33.so
7fa9352bd000-7fa9352c1000 r-xp 00003000 08:02 14421227                   /usr/lib/librt-2.33.so
7fa9352c1000-7fa9352c3000 r--p 00007000 08:02 14421227                   /usr/lib/librt-2.33.so
7fa9352c3000-7fa9352c4000 r--p 00008000 08:02 14421227                   /usr/lib/librt-2.33.so
7fa9352c4000-7fa9352c5000 rw-p 00009000 08:02 14421227                   /usr/lib/librt-2.33.so
7fa9352c5000-7fa9352c9000 ---p 00000000 00:00 0 
7fa9352c9000-7fa9353c6000 rw-p 00000000 00:00 0 
7fa9353c6000-7fa9353c9000 r--p 00000000 08:02 14421476                   /usr/lib/libgcc_s.so.1
7fa9353c9000-7fa9353db000 r-xp 00003000 08:02 14421476                   /usr/lib/libgcc_s.so.1
7fa9353db000-7fa9353de000 r--p 00015000 08:02 14421476                   /usr/lib/libgcc_s.so.1
7fa9353de000-7fa9353df000 ---p 00018000 08:02 14421476                   /usr/lib/libgcc_s.so.1
7fa9353df000-7fa9353e0000 r--p 00018000 08:02 14421476                   /usr/lib/libgcc_s.so.1
7fa9353e0000-7fa9353e1000 rw-p 00019000 08:02 14421476                   /usr/lib/libgcc_s.so.1
7fa9353e1000-7fa9353f0000 r--p 00000000 08:02 14421113                   /usr/lib/libm-2.33.so
7fa9353f0000-7fa93548a000 r-xp 0000f000 08:02 14421113                   /usr/lib/libm-2.33.so
7fa93548a000-7fa935522000 r--p 000a9000 08:02 14421113                   /usr/lib/libm-2.33.so
7fa935522000-7fa935523000 ---p 00141000 08:02 14421113                   /usr/lib/libm-2.33.so
7fa935523000-7fa935524000 r--p 00141000 08:02 14421113                   /usr/lib/libm-2.33.so
7fa935524000-7fa935525000 rw-p 00142000 08:02 14421113                   /usr/lib/libm-2.33.so
7fa935525000-7fa9355be000 r--p 00000000 08:02 14477167                   /usr/lib/libstdc++.so.6.0.29
7fa9355be000-7fa9356be000 r-xp 00099000 08:02 14477167                   /usr/lib/libstdc++.so.6.0.29
7fa9356be000-7fa93572a000 r--p 00199000 08:02 14477167                   /usr/lib/libstdc++.so.6.0.29
7fa93572a000-7fa935737000 r--p 00204000 08:02 14477167                   /usr/lib/libstdc++.so.6.0.29
7fa935737000-7fa935738000 rw-p 00211000 08:02 14477167                   /usr/lib/libstdc++.so.6.0.29
7fa935738000-7fa93573b000 rw-p 00000000 00:00 0 
7fa93573b000-7fa9359b3000 r--p 00000000 08:02 1976538                    /usr/lib/jvm/java-11-openjdk/lib/server/libjvm.so
7fa9359b3000-7fa9365b7000 r-xp 00278000 08:02 1976538                    /usr/lib/jvm/java-11-openjdk/lib/server/libjvm.so
7fa9365b7000-7fa9367f7000 r--p 00e7c000 08:02 1976538                    /usr/lib/jvm/java-11-openjdk/lib/server/libjvm.so
7fa9367f7000-7fa9367f8000 ---p 010bc000 08:02 1976538                    /usr/lib/jvm/java-11-openjdk/lib/server/libjvm.so
7fa9367f8000-7fa9368b9000 r--p 010bc000 08:02 1976538                    /usr/lib/jvm/java-11-openjdk/lib/server/libjvm.so
7fa9368b9000-7fa9368f3000 rw-p 0117d000 08:02 1976538                    /usr/lib/jvm/java-11-openjdk/lib/server/libjvm.so
7fa9368f3000-7fa93694b000 rw-p 00000000 00:00 0 
7fa93694b000-7fa936952000 r--p 00000000 08:02 14421201                   /usr/lib/libpthread-2.33.so
7fa936952000-7fa936961000 r-xp 00007000 08:02 14421201                   /usr/lib/libpthread-2.33.so
7fa936961000-7fa936965000 r--p 00016000 08:02 14421201                   /usr/lib/libpthread-2.33.so
7fa936965000-7fa936966000 ---p 0001a000 08:02 14421201                   /usr/lib/libpthread-2.33.so
7fa936966000-7fa936967000 r--p 0001a000 08:02 14421201                   /usr/lib/libpthread-2.33.so
7fa936967000-7fa936968000 rw-p 0001b000 08:02 14421201                   /usr/lib/libpthread-2.33.so
7fa936968000-7fa93696c000 rw-p 00000000 00:00 0 
7fa93696c000-7fa93696e000 r--p 00000000 08:02 14421089                   /usr/lib/libdl-2.33.so
7fa93696e000-7fa936970000 r-xp 00002000 08:02 14421089                   /usr/lib/libdl-2.33.so
7fa936970000-7fa936971000 r--p 00004000 08:02 14421089                   /usr/lib/libdl-2.33.so
7fa936971000-7fa936972000 r--p 00004000 08:02 14421089                   /usr/lib/libdl-2.33.so
7fa936972000-7fa936973000 rw-p 00005000 08:02 14421089                   /usr/lib/libdl-2.33.so
7fa936973000-7fa936976000 r--p 00000000 08:02 14439370                   /usr/lib/libz.so.1.2.11
7fa936976000-7fa936984000 r-xp 00003000 08:02 14439370                   /usr/lib/libz.so.1.2.11
7fa936984000-7fa93698a000 r--p 00011000 08:02 14439370                   /usr/lib/libz.so.1.2.11
7fa93698a000-7fa93698b000 ---p 00017000 08:02 14439370                   /usr/lib/libz.so.1.2.11
7fa93698b000-7fa93698c000 r--p 00017000 08:02 14439370                   /usr/lib/libz.so.1.2.11
7fa93698c000-7fa93698d000 rw-p 00018000 08:02 14439370                   /usr/lib/libz.so.1.2.11
7fa93698d000-7fa9369b3000 r--p 00000000 08:02 14421056                   /usr/lib/libc-2.33.so
7fa9369b3000-7fa936afe000 r-xp 00026000 08:02 14421056                   /usr/lib/libc-2.33.so
7fa936afe000-7fa936b4a000 r--p 00171000 08:02 14421056                   /usr/lib/libc-2.33.so
7fa936b4a000-7fa936b4d000 r--p 001bc000 08:02 14421056                   /usr/lib/libc-2.33.so
7fa936b4d000-7fa936b50000 rw-p 001bf000 08:02 14421056                   /usr/lib/libc-2.33.so
7fa936b50000-7fa936b59000 rw-p 00000000 00:00 0 
7fa936b60000-7fa936b62000 r--p 00000000 08:02 14421153                   /usr/lib/libnss_compat-2.33.so
7fa936b62000-7fa936b68000 r-xp 00002000 08:02 14421153                   /usr/lib/libnss_compat-2.33.so
7fa936b68000-7fa936b69000 r--p 00008000 08:02 14421153                   /usr/lib/libnss_compat-2.33.so
7fa936b69000-7fa936b6a000 r--p 00008000 08:02 14421153                   /usr/lib/libnss_compat-2.33.so
7fa936b6a000-7fa936b6b000 rw-p 00009000 08:02 14421153                   /usr/lib/libnss_compat-2.33.so
7fa936b6b000-7fa936b6c000 ---p 00000000 00:00 0 
7fa936b6c000-7fa936b6d000 r--p 00000000 00:00 0 
7fa936b6d000-7fa936b6f000 r--p 00000000 08:02 1976476                    /usr/lib/jvm/java-11-openjdk/lib/libjimage.so
7fa936b6f000-7fa936b72000 r-xp 00002000 08:02 1976476                    /usr/lib/jvm/java-11-openjdk/lib/libjimage.so
7fa936b72000-7fa936b73000 r--p 00005000 08:02 1976476                    /usr/lib/jvm/java-11-openjdk/lib/libjimage.so
7fa936b73000-7fa936b74000 ---p 00006000 08:02 1976476                    /usr/lib/jvm/java-11-openjdk/lib/libjimage.so
7fa936b74000-7fa936b75000 r--p 00006000 08:02 1976476                    /usr/lib/jvm/java-11-openjdk/lib/libjimage.so
7fa936b75000-7fa936b76000 rw-p 00007000 08:02 1976476                    /usr/lib/jvm/java-11-openjdk/lib/libjimage.so
7fa936b76000-7fa936b7b000 r--p 00000000 08:02 1976521                    /usr/lib/jvm/java-11-openjdk/lib/libverify.so
7fa936b7b000-7fa936b82000 r-xp 00005000 08:02 1976521                    /usr/lib/jvm/java-11-openjdk/lib/libverify.so
7fa936b82000-7fa936b84000 r--p 0000c000 08:02 1976521                    /usr/lib/jvm/java-11-openjdk/lib/libverify.so
7fa936b84000-7fa936b86000 r--p 0000d000 08:02 1976521                    /usr/lib/jvm/java-11-openjdk/lib/libverify.so
7fa936b86000-7fa936b87000 rw-p 0000f000 08:02 1976521                    /usr/lib/jvm/java-11-openjdk/lib/libverify.so
7fa936b87000-7fa936b8a000 r--p 00000000 08:02 1976252                    /usr/lib/jvm/java-11-openjdk/lib/jli/libjli.so
7fa936b8a000-7fa936b94000 r-xp 00003000 08:02 1976252                    /usr/lib/jvm/java-11-openjdk/lib/jli/libjli.so
7fa936b94000-7fa936b97000 r--p 0000d000 08:02 1976252                    /usr/lib/jvm/java-11-openjdk/lib/jli/libjli.so
7fa936b97000-7fa936b98000 ---p 00010000 08:02 1976252                    /usr/lib/jvm/java-11-openjdk/lib/jli/libjli.so
7fa936b98000-7fa936b99000 r--p 00010000 08:02 1976252                    /usr/lib/jvm/java-11-openjdk/lib/jli/libjli.so
7fa936b99000-7fa936b9a000 rw-p 00011000 08:02 1976252                    /usr/lib/jvm/java-11-openjdk/lib/jli/libjli.so
7fa936b9a000-7fa936b9c000 rw-p 00000000 00:00 0 
7fa936b9c000-7fa936b9d000 r--p 00000000 08:02 14420974                   /usr/lib/ld-2.33.so
7fa936b9d000-7fa936bc1000 r-xp 00001000 08:02 14420974                   /usr/lib/ld-2.33.so
7fa936bc1000-7fa936bca000 r--p 00025000 08:02 14420974                   /usr/lib/ld-2.33.so
7fa936bca000-7fa936bcc000 r--p 0002d000 08:02 14420974                   /usr/lib/ld-2.33.so
7fa936bcc000-7fa936bce000 rw-p 0002f000 08:02 14420974                   /usr/lib/ld-2.33.so
7ffcd725d000-7ffcd727e000 rw-p 00000000 00:00 0                          [stack]
7ffcd73a2000-7ffcd73a6000 r--p 00000000 00:00 0                          [vvar]
7ffcd73a6000-7ffcd73a8000 r-xp 00000000 00:00 0                          [vdso]
ffffffffff600000-ffffffffff601000 --xp 00000000 00:00 0                  [vsyscall]


VM Arguments:
java_command: Tmp0Kt
java_class_path (initial): tmp/lib/kotlin-stdlib-1.4.0.jar:tmp/lib/kotlin-stdlib-common-1.4.0.jar:tmp/lib/kotlin-test-1.4.0.jar:tmp/lib/kotlin-test-common-1.4.0.jar:tmp/lib/kotlin-reflect-1.4.0.jar:tmp/lib/kotlin-script-runtime-1.4.0.jar:tmp/lib/kotlin-stdlib-jdk8-1.4.0.jar:tmp/lib/kotlin-stdlib-jdk7-1.4.0.jar:tmp/tmp.jar
Launcher Type: SUN_STANDARD

[Global flags]
     intx CICompilerCount                          = 4                                         {product} {ergonomic}
     uint ConcGCThreads                            = 2                                         {product} {ergonomic}
     uint G1ConcRefinementThreads                  = 8                                         {product} {ergonomic}
   size_t G1HeapRegionSize                         = 2097152                                   {product} {ergonomic}
    uintx GCDrainStackTargetSize                   = 64                                        {product} {ergonomic}
   size_t InitialHeapSize                          = 524288000                                 {product} {ergonomic}
   size_t MarkStackSize                            = 4194304                                   {product} {ergonomic}
   size_t MaxHeapSize                              = 8382316544                                {product} {ergonomic}
   size_t MaxNewSize                               = 5028970496                                {product} {ergonomic}
   size_t MinHeapDeltaBytes                        = 2097152                                   {product} {ergonomic}
    uintx NonNMethodCodeHeapSize                   = 5836300                                {pd product} {ergonomic}
    uintx NonProfiledCodeHeapSize                  = 122910970                              {pd product} {ergonomic}
    uintx ProfiledCodeHeapSize                     = 122910970                              {pd product} {ergonomic}
    uintx ReservedCodeCacheSize                    = 251658240                              {pd product} {ergonomic}
     bool SegmentedCodeCache                       = true                                      {product} {ergonomic}
     bool UseCompressedClassPointers               = true                                 {lp64_product} {ergonomic}
     bool UseCompressedOops                        = true                                 {lp64_product} {ergonomic}
     bool UseG1GC                                  = true                                      {product} {ergonomic}

Logging:
Log output configuration:
 #0: stdout all=warning uptime,level,tags
 #1: stderr all=off uptime,level,tags

Environment Variables:
JAVA_HOME=/usr/lib/jvm/java-11-openjdk
PATH=/usr/lib/jvm/java-14-openjdk/bin:/usr/local/bin:/usr/local/sbin:/usr/bin:/opt/android-sdk/tools:/opt/android-sdk/tools/bin:/usr/lib/jvm/default/bin:/usr/lib/smlnj/bin
LD_LIBRARY_PATH=/opt/cuda/lib64
SHELL=/bin/bash
DISPLAY=:0.0
LANG=en_US.UTF-8

Signal Handlers:
SIGSEGV: [libjvm.so+0xe0a500], sa_mask[0]=11111111011111111101111111111110, sa_flags=SA_RESTART|SA_SIGINFO
SIGBUS: [libjvm.so+0xe0a500], sa_mask[0]=11111111011111111101111111111110, sa_flags=SA_RESTART|SA_SIGINFO
SIGFPE: [libjvm.so+0xe0a500], sa_mask[0]=11111111011111111101111111111110, sa_flags=SA_RESTART|SA_SIGINFO
SIGPIPE: [libjvm.so+0xbf93d0], sa_mask[0]=11111111011111111101111111111110, sa_flags=SA_RESTART|SA_SIGINFO
SIGXFSZ: [libjvm.so+0xbf93d0], sa_mask[0]=11111111011111111101111111111110, sa_flags=SA_RESTART|SA_SIGINFO
SIGILL: [libjvm.so+0xe0a500], sa_mask[0]=11111111011111111101111111111110, sa_flags=SA_RESTART|SA_SIGINFO
SIGUSR2: [libjvm.so+0xbf9260], sa_mask[0]=00100000000000000000000000000000, sa_flags=SA_RESTART|SA_SIGINFO
SIGHUP: [libjvm.so+0xbf9860], sa_mask[0]=11111111011111111101111111111110, sa_flags=SA_RESTART|SA_SIGINFO
SIGINT: [libjvm.so+0xbf9860], sa_mask[0]=11111111011111111101111111111110, sa_flags=SA_RESTART|SA_SIGINFO
SIGTERM: [libjvm.so+0xbf9860], sa_mask[0]=11111111011111111101111111111110, sa_flags=SA_RESTART|SA_SIGINFO
SIGQUIT: [libjvm.so+0xbf9860], sa_mask[0]=11111111011111111101111111111110, sa_flags=SA_RESTART|SA_SIGINFO


---------------  S Y S T E M  ---------------

OS:LSB_VERSION=1.4
DISTRIB_ID=Arch
DISTRIB_RELEASE=rolling
DISTRIB_DESCRIPTION="Arch Linux"
uname:Linux 5.15.4-arch1-1 #1 SMP PREEMPT Sun, 21 Nov 2021 21:34:33 +0000 x86_64
OS uptime: 9 days 17:18 hours
libc:glibc 2.33 NPTL 2.33 
rlimit (soft/hard): STACK 8192k/infinity , CORE infinity/infinity , NPROC 127832/127832 , NOFILE 524288/524288 , AS infinity/infinity , CPU infinity/infinity , DATA infinity/infinity , FSIZE infinity/infinity , MEMLOCK 1024k/1024k
load average:0.97 2.26 2.76

/proc/meminfo:
MemTotal:       32740680 kB
MemFree:        14505132 kB
MemAvailable:   20544180 kB
Buffers:          385276 kB
Cached:          6176024 kB
SwapCached:            0 kB
Active:          2298840 kB
Inactive:       15127936 kB
Active(anon):      55284 kB
Inactive(anon): 11151608 kB
Active(file):    2243556 kB
Inactive(file):  3976328 kB
Unevictable:      264680 kB
Mlocked:              64 kB
SwapTotal:      32575484 kB
SwapFree:       32575484 kB
Dirty:               452 kB
Writeback:             0 kB
AnonPages:      11130384 kB
Mapped:          1347504 kB
Shmem:            341412 kB
KReclaimable:     282320 kB
Slab:             374812 kB
SReclaimable:     282320 kB
SUnreclaim:        92492 kB
KernelStack:       14496 kB
PageTables:        46272 kB
NFS_Unstable:          0 kB
Bounce:                0 kB
WritebackTmp:          0 kB
CommitLimit:    48945824 kB
Committed_AS:   14742380 kB
VmallocTotal:   34359738367 kB
VmallocUsed:       37872 kB
VmallocChunk:          0 kB
Percpu:             5984 kB
HardwareCorrupted:     0 kB
AnonHugePages:         0 kB
ShmemHugePages:        0 kB
ShmemPmdMapped:        0 kB
FileHugePages:         0 kB
FilePmdMapped:         0 kB
CmaTotal:              0 kB
CmaFree:               0 kB
HugePages_Total:       0
HugePages_Free:        0
HugePages_Rsvd:        0
HugePages_Surp:        0
Hugepagesize:       2048 kB
Hugetlb:               0 kB
DirectMap4k:      393304 kB
DirectMap2M:    22542336 kB
DirectMap1G:    11534336 kB

/sys/kernel/mm/transparent_hugepage/enabled:
always [madvise] never
/sys/kernel/mm/transparent_hugepage/defrag (defrag/compaction efforts parameter):
always defer defer+madvise [madvise] never

Process Memory:
Virtual Size: 11677508K (peak: 11677508K)
Resident Set Size: 109592K (peak: 109592K) (anon: 90700K, file: 18860K, shmem: 32K)
Swapped out: 0K
C-Heap outstanding allocations: 14863K

/proc/sys/kernel/threads-max (system-wide limit on the number of threads):
255665
/proc/sys/vm/max_map_count (maximum number of memory map areas a process may have):
65530
/proc/sys/kernel/pid_max (system-wide limit on number of process identifiers):
4194304

Steal ticks since vm start: 0
Steal ticks percentage since vm start:  0.000

CPU:total 8 (initial active 8) (4 cores per cpu, 2 threads per core) family 6 model 60 stepping 3 microcode 0x1c, cmov, cx8, fxsr, mmx, sse, sse2, sse3, ssse3, sse4.1, sse4.2, popcnt, avx, avx2, aes, clmul, erms, lzcnt, ht, tsc, tscinvbit, bmi1, bmi2, fma
CPU Model and flags from /proc/cpuinfo:
model name	: Intel(R) Core(TM) i7-4790 CPU @ 3.60GHz
flags		: fpu vme de pse tsc msr pae mce cx8 apic sep mtrr pge mca cmov pat pse36 clflush dts acpi mmx fxsr sse sse2 ss ht tm pbe syscall nx pdpe1gb rdtscp lm constant_tsc arch_perfmon pebs bts rep_good nopl xtopology nonstop_tsc cpuid aperfmperf pni pclmulqdq dtes64 monitor ds_cpl vmx smx est tm2 ssse3 sdbg fma cx16 xtpr pdcm pcid sse4_1 sse4_2 x2apic movbe popcnt aes xsave avx f16c rdrand lahf_lm abm cpuid_fault invpcid_single pti tpr_shadow vnmi flexpriority ept vpid ept_ad fsgsbase tsc_adjust bmi1 avx2 smep bmi2 erms invpcid xsaveopt dtherm ida arat pln pts
Online cpus:
0-7
Offline cpus:

BIOS frequency limitation:
<Not Available>
Frequency switch latency (ns):
20000
Available cpu frequencies:
<Not Available>
Current governor:
schedutil
Core performance/turbo boost:
<Not Available>

Memory: 4k page, physical 32740680k(14505132k free), swap 32575484k(32575484k free)

vm_info: OpenJDK 64-Bit Server VM (11.0.13+8) for linux-amd64 JRE (11.0.13+8), built on Nov  9 2021 19:45:44 by "builduser" with gcc 11.1.0

END.
