#
# A fatal error has been detected by the Java Runtime Environment:
#
#  SIGSEGV (0xb) at pc=0x00007fdd019fec6a, pid=2008023, tid=2008038
#
# JRE version: OpenJDK Runtime Environment (11.0.13+8) (build 11.0.13+8)
# Java VM: OpenJDK 64-Bit Server VM (11.0.13+8, mixed mode, tiered, compressed oops, g1 gc, linux-amd64)
# Problematic frame:
# V  [libjvm.so+0x5b7c6a]
#
# Core dump will be written. Default location: Core dumps may be processed with "/usr/lib/systemd/systemd-coredump %P %u %g %s %t %c %h" (or dumping to /home/stepanov/workspace/guidedBBF/bbfgradle/core.2008023)
#
# If you would like to submit a bug report, please visit:
#   https://bugreport.java.com/bugreport/crash.jsp
#

---------------  S U M M A R Y ------------

Command Line: Tmp0Kt

Host: Intel(R) Core(TM) i7-4790 CPU @ 3.60GHz, 8 cores, 31G, Arch Linux
Time: Fri Dec  3 01:19:03 2021 MSK elapsed time: 0.142640 seconds (0d 0h 0m 0s)

---------------  T H R E A D  ---------------

Current thread (0x00007fdcfc277000):  JavaThread "C2 CompilerThread0" daemon [_thread_in_native, id=2008038, stack(0x00007fdccc48c000,0x00007fdccc58d000)]


Current CompileTask:
C2:    142  277 %     4       kotlin.UnsignedKt::ulongCompare @ 166 (12 bytes)

Stack: [0x00007fdccc48c000,0x00007fdccc58d000],  sp=0x00007fdccc589d70,  free space=1015k
Native frames: (J=compiled Java code, A=aot compiled Java code, j=interpreted, Vv=VM code, C=native code)
V  [libjvm.so+0x5b7c6a]
V  [libjvm.so+0x5b7de2]
V  [libjvm.so+0x594f9d]
V  [libjvm.so+0xc34b84]
V  [libjvm.so+0x55b19c]
V  [libjvm.so+0x63045e]
V  [libjvm.so+0x55a4c5]
V  [libjvm.so+0x6394c6]
V  [libjvm.so+0x63a788]
V  [libjvm.so+0xd9c2f8]
V  [libjvm.so+0xd997d1]
V  [libjvm.so+0xc03641]


siginfo: si_signo: 11 (SIGSEGV), si_code: 1 (SEGV_MAPERR), si_addr: 0x00007fdc00000014

Register to memory mapping:

RAX=0x00007fdc00000014 is an unknown value
RBX=0x00007fdca018a1c0 points into unknown readable memory: 0x00007fdccc58b970 | 70 b9 58 cc dc 7f 00 00
RCX=0x0 is NULL
RDX=0x00007fdca0225240 points into unknown readable memory: 0x00007fdca0225250 | 50 52 22 a0 dc 7f 00 00
RSP=0x00007fdccc589d70 is pointing into the stack for thread: 0x00007fdcfc277000
RBP=0x00007fdccc589dd0 is pointing into the stack for thread: 0x00007fdcfc277000
RSI=0x00000000000000a6 is an unknown value
RDI=0x00007fdca018a1c0 points into unknown readable memory: 0x00007fdccc58b970 | 70 b9 58 cc dc 7f 00 00
R8 =0x00007fdca0188bc0 points into unknown readable memory: 0x00007fdd0250cfb8 | b8 cf 50 02 dd 7f 00 00
R9 =0x00000000ffffffff is an unknown value
R10=0x00007fdc90022c50 points into unknown readable memory: 0x00000000000007f0 | f0 07 00 00 00 00 00 00
R11=0x00007fdca0189b7c points into unknown readable memory: 00 00 00 00
R12=0x00007fdcfc277bd0 points into unknown readable memory: 0x00007fdc00000006 | 06 00 00 00 dc 7f 00 00
R13=0x00007fdca0225240 points into unknown readable memory: 0x00007fdca0225250 | 50 52 22 a0 dc 7f 00 00
R14=0x00007fdca0225210 points into unknown readable memory: 0x00007fdca018a250 | 50 a2 18 a0 dc 7f 00 00
R15=0x00007fdca02218c0 points into unknown readable memory: 0x0000000000000000 | 00 00 00 00 00 00 00 00


Registers:
RAX=0x00007fdc00000014, RBX=0x00007fdca018a1c0, RCX=0x0000000000000000, RDX=0x00007fdca0225240
RSP=0x00007fdccc589d70, RBP=0x00007fdccc589dd0, RSI=0x00000000000000a6, RDI=0x00007fdca018a1c0
R8 =0x00007fdca0188bc0, R9 =0x00000000ffffffff, R10=0x00007fdc90022c50, R11=0x00007fdca0189b7c
R12=0x00007fdcfc277bd0, R13=0x00007fdca0225240, R14=0x00007fdca0225210, R15=0x00007fdca02218c0
RIP=0x00007fdd019fec6a, EFLAGS=0x0000000000010246, CSGSFS=0x002b000000000033, ERR=0x0000000000000004
  TRAPNO=0x000000000000000e

Top of Stack: (sp=0x00007fdccc589d70)
0x00007fdccc589d70:   00007fdc9c228460 0000000000000000
0x00007fdccc589d80:   00007fdca02218c0 00007fdca0225210
0x00007fdccc589d90:   00000000000083b0 00007fdca02298a8
0x00007fdccc589da0:   00007fdccc58acf0 00007fdccc589e80 

Instructions: (pc=0x00007fdd019fec6a)
0x00007fdd019feb6a:   48 85 ff 74 16 48 8d 15 e8 7c 8e 00 48 8d 35 23
0x00007fdd019feb7a:   7d 8e 00 31 c0 67 e8 fb 22 88 00 48 83 7b 30 00
0x00007fdd019feb8a:   0f 85 a0 fd ff ff 48 8d 05 c7 7c 8e 00 48 89 43
0x00007fdd019feb9a:   30 e9 90 fd ff ff 4d 89 4d 50 89 95 70 ff ff ff
0x00007fdd019febaa:   4c 89 6b 50 e9 47 fd ff ff 31 c0 eb 8c 90 0f 1f
0x00007fdd019febba:   84 00 00 00 00 00 55 48 89 e5 41 57 41 56 41 55
0x00007fdd019febca:   41 54 53 48 89 fb 48 83 ec 38 66 48 8d 3d 04 63
0x00007fdd019febda:   bc 00 66 48 ff 15 3c 5d bc 00 31 f6 bf 28 00 00
0x00007fdd019febea:   00 48 8b 00 4c 8b a0 78 02 00 00 49 8b 44 24 20
0x00007fdd019febfa:   f3 41 0f 6f 4c 24 10 48 89 45 c8 49 8b 44 24 28
0x00007fdd019fec0a:   66 49 0f 7e cf 0f 29 4d b0 48 89 45 c0 67 e8 13
0x00007fdd019fec1a:   62 6f 00 49 89 c6 48 85 c0 74 0b 48 89 de 48 89
0x00007fdd019fec2a:   c7 e8 d0 77 ff ff 31 f6 bf 08 00 00 00 67 e8 f3
0x00007fdd019fec3a:   61 6f 00 49 89 c5 48 85 c0 74 08 48 89 c7 e8 83
0x00007fdd019fec4a:   72 ff ff 8b 73 18 31 c0 48 8b 7b 10 83 fe ff 0f
0x00007fdd019fec5a:   44 f0 67 e8 4e 51 fe ff 31 c9 4c 89 ea 48 89 df
0x00007fdd019fec6a:   8b 30 e8 3f c3 ff ff 48 89 df 48 89 45 a8 e8 93
0x00007fdd019fec7a:   ee ff ff 48 8b 13 48 83 7a 60 00 74 49 49 83 3f
0x00007fdd019fec8a:   00 74 16 4c 89 e7 48 8b 75 c0 67 e8 f6 16 e7 ff
0x00007fdd019fec9a:   4c 89 ff 67 e8 fd 08 e7 ff 66 0f 6f 55 b0 48 8b
0x00007fdd019fecaa:   45 c8 41 0f 11 54 24 10 49 89 44 24 20 48 83 c4
0x00007fdd019fecba:   38 5b 41 5c 41 5d 41 5e 41 5f 5d c3 66 2e 0f 1f
0x00007fdd019fecca:   84 00 00 00 00 00 48 83 7b 30 00 75 b0 48 8b 4d
0x00007fdd019fecda:   a8 48 89 c6 48 8b 79 28 e8 59 78 ff ff 48 8b 75
0x00007fdd019fecea:   a8 48 89 df 4d 89 e8 4c 89 f1 ba 01 00 00 00 e8
0x00007fdd019fecfa:   32 fa ff ff 48 8b 3b 48 83 7f 60 00 0f 85 7b ff
0x00007fdd019fed0a:   ff ff 48 83 7b 30 00 0f 85 70 ff ff ff 48 8b 43
0x00007fdd019fed1a:   68 48 83 78 10 00 74 30 67 e8 78 e3 fc ff 83 f8
0x00007fdd019fed2a:   03 7e 25 eb 31 90 48 8b 46 50 4c 89 e9 4c 89 f2
0x00007fdd019fed3a:   48 89 df 48 89 43 50 48 c7 46 50 00 00 00 00 c6
0x00007fdd019fed4a:   46 4b 00 e8 6e e8 ff ff 48 8b 73 50 48 85 f6 75
0x00007fdd019fed5a:   d5 e9 27 ff ff ff 48 8b 73 68 4c 89 e9 4c 89 f2 


Stack slot to memory mapping:
stack at sp + 0 slots: 0x00007fdc9c228460 points into unknown readable memory: 0x00007fdd02519430 | 30 94 51 02 dd 7f 00 00
stack at sp + 1 slots: 0x0 is NULL
stack at sp + 2 slots: 0x00007fdca02218c0 points into unknown readable memory: 0x0000000000000000 | 00 00 00 00 00 00 00 00
stack at sp + 3 slots: 0x00007fdca0225210 points into unknown readable memory: 0x00007fdca018a250 | 50 a2 18 a0 dc 7f 00 00
stack at sp + 4 slots: 0x00000000000083b0 is an unknown value
stack at sp + 5 slots: 0x00007fdca02298a8 points into unknown readable memory: 0x0000000000000045 | 45 00 00 00 00 00 00 00
stack at sp + 6 slots: 0x00007fdccc58acf0 is pointing into the stack for thread: 0x00007fdcfc277000
stack at sp + 7 slots: 0x00007fdccc589e80 is pointing into the stack for thread: 0x00007fdcfc277000


---------------  P R O C E S S  ---------------

Threads class SMR info:
_java_thread_list=0x00007fdca00bf340, length=11, elements={
0x00007fdcfc016800, 0x00007fdcfc25a000, 0x00007fdcfc25e000, 0x00007fdcfc273000,
0x00007fdcfc275000, 0x00007fdcfc277000, 0x00007fdcfc279000, 0x00007fdcfc27b800,
0x00007fdcfc34b000, 0x00007fdca0093000, 0x00007fdca00bd800
}

Java Threads: ( => current thread )
  0x00007fdcfc016800 JavaThread "main" [_thread_in_Java, id=2008027, stack(0x00007fdd00fd1000,0x00007fdd010d2000)]
  0x00007fdcfc25a000 JavaThread "Reference Handler" daemon [_thread_blocked, id=2008034, stack(0x00007fdcccb78000,0x00007fdcccc79000)]
  0x00007fdcfc25e000 JavaThread "Finalizer" daemon [_thread_blocked, id=2008035, stack(0x00007fdccca77000,0x00007fdcccb78000)]
  0x00007fdcfc273000 JavaThread "Signal Dispatcher" daemon [_thread_blocked, id=2008036, stack(0x00007fdccc68e000,0x00007fdccc78f000)]
  0x00007fdcfc275000 JavaThread "Service Thread" daemon [_thread_blocked, id=2008037, stack(0x00007fdccc58d000,0x00007fdccc68e000)]
=>0x00007fdcfc277000 JavaThread "C2 CompilerThread0" daemon [_thread_in_native, id=2008038, stack(0x00007fdccc48c000,0x00007fdccc58d000)]
  0x00007fdcfc279000 JavaThread "C1 CompilerThread0" daemon [_thread_blocked, id=2008039, stack(0x00007fdccc38b000,0x00007fdccc48c000)]
  0x00007fdcfc27b800 JavaThread "Sweeper thread" daemon [_thread_blocked, id=2008040, stack(0x00007fdccc28a000,0x00007fdccc38b000)]
  0x00007fdcfc34b000 JavaThread "Common-Cleaner" daemon [_thread_blocked, id=2008042, stack(0x00007fdccc087000,0x00007fdccc188000)]
  0x00007fdca0093000 JavaThread "C2 CompilerThread1" daemon [_thread_blocked, id=2008043, stack(0x00007fdcc5eff000,0x00007fdcc6000000)]
  0x00007fdca00bd800 JavaThread "C2 CompilerThread2" daemon [_thread_blocked, id=2008044, stack(0x00007fdcc5dfe000,0x00007fdcc5eff000)]

Other Threads:
  0x00007fdcfc252000 VMThread "VM Thread" [stack: 0x00007fdcccc7b000,0x00007fdcccd7b000] [id=2008033] _threads_hazard_ptr=0x00007fdca00bf340
  0x00007fdcfc33a000 WatcherThread [stack: 0x00007fdccc18a000,0x00007fdccc28a000] [id=2008041]
  0x00007fdcfc02e800 GCTaskThread "GC Thread#0" [stack: 0x00007fdd00ca5000,0x00007fdd00da5000] [id=2008028]
  0x00007fdcb8001000 GCTaskThread "GC Thread#1" [stack: 0x00007fdcc5cfe000,0x00007fdcc5dfe000] [id=2008045]
  0x00007fdcb8002800 GCTaskThread "GC Thread#2" [stack: 0x00007fdcc5bfc000,0x00007fdcc5cfc000] [id=2008046]
  0x00007fdcb8004000 GCTaskThread "GC Thread#3" [stack: 0x00007fdcc5afa000,0x00007fdcc5bfa000] [id=2008047]
  0x00007fdcb8006000 GCTaskThread "GC Thread#4" [stack: 0x00007fdcc59f8000,0x00007fdcc5af8000] [id=2008048]
  0x00007fdcb8008000 GCTaskThread "GC Thread#5" [stack: 0x00007fdcc58f6000,0x00007fdcc59f6000] [id=2008049]
  0x00007fdcb8009800 GCTaskThread "GC Thread#6" [stack: 0x00007fdcc57f4000,0x00007fdcc58f4000] [id=2008050]
  0x00007fdcb800b800 GCTaskThread "GC Thread#7" [stack: 0x00007fdcc56f2000,0x00007fdcc57f2000] [id=2008051]
  0x00007fdcfc069000 ConcurrentGCThread "G1 Main Marker" [stack: 0x00007fdd0025a000,0x00007fdd0035a000] [id=2008029]
  0x00007fdcfc06a800 ConcurrentGCThread "G1 Conc#0" [stack: 0x00007fdd00158000,0x00007fdd00258000] [id=2008030]
  0x00007fdcfc1ec800 ConcurrentGCThread "G1 Refine#0" [stack: 0x00007fdce404c000,0x00007fdce414c000] [id=2008031]
  0x00007fdcfc1ee000 ConcurrentGCThread "G1 Young RemSet Sampling" [stack: 0x00007fdccd659000,0x00007fdccd759000] [id=2008032]

Threads with active compile tasks:
C2 CompilerThread0    144  277 %     4       kotlin.UnsignedKt::ulongCompare @ 166 (12 bytes)
C2 CompilerThread1    144  251       4       coverage.MyMethodBasedCoverage::putEntry (86 bytes)
C2 CompilerThread2    145  231       4       java.util.HashMap::putVal (300 bytes)

VM state:synchronizing (normal execution)

VM Mutex/Monitor currently owned by a thread:  ([mutex/lock_event])
[0x00007fdcfc012790] Safepoint_lock - owner thread: 0x00007fdcfc252000
[0x00007fdcfc012820] Threads_lock - owner thread: 0x00007fdcfc252000

Heap address: 0x000000060c600000, size: 7994 MB, Compressed Oops mode: Zero based, Oop shift amount: 3
Narrow klass base: 0x0000000800000000, Narrow klass shift: 0
Compressed class space size: 1073741824 Address: 0x0000000800000000

Heap:
 garbage-first heap   total 512000K, used 1238K [0x000000060c600000, 0x0000000800000000)
  region size 2048K, 2 young (4096K), 1 survivors (2048K)
 Metaspace       used 5961K, capacity 6064K, committed 6144K, reserved 1056768K
  class space    used 424K, capacity 464K, committed 512K, reserved 1048576K
Heap Regions: E=young(eden), S=young(survivor), O=old, HS=humongous(starts), HC=humongous(continues), CS=collection set, F=free, A=archive, TAMS=top-at-mark-start (previous, next)
|   0|0x000000060c600000, 0x000000060c600000, 0x000000060c800000|  0%| F|  |TAMS 0x000000060c600000, 0x000000060c600000| Untracked 
|   1|0x000000060c800000, 0x000000060c800000, 0x000000060ca00000|  0%| F|  |TAMS 0x000000060c800000, 0x000000060c800000| Untracked 
|   2|0x000000060ca00000, 0x000000060ca00000, 0x000000060cc00000|  0%| F|  |TAMS 0x000000060ca00000, 0x000000060ca00000| Untracked 
|   3|0x000000060cc00000, 0x000000060cc00000, 0x000000060ce00000|  0%| F|  |TAMS 0x000000060cc00000, 0x000000060cc00000| Untracked 
|   4|0x000000060ce00000, 0x000000060ce00000, 0x000000060d000000|  0%| F|  |TAMS 0x000000060ce00000, 0x000000060ce00000| Untracked 
|   5|0x000000060d000000, 0x000000060d000000, 0x000000060d200000|  0%| F|  |TAMS 0x000000060d000000, 0x000000060d000000| Untracked 
|   6|0x000000060d200000, 0x000000060d200000, 0x000000060d400000|  0%| F|  |TAMS 0x000000060d200000, 0x000000060d200000| Untracked 
|   7|0x000000060d400000, 0x000000060d400000, 0x000000060d600000|  0%| F|  |TAMS 0x000000060d400000, 0x000000060d400000| Untracked 
|   8|0x000000060d600000, 0x000000060d600000, 0x000000060d800000|  0%| F|  |TAMS 0x000000060d600000, 0x000000060d600000| Untracked 
|   9|0x000000060d800000, 0x000000060d800000, 0x000000060da00000|  0%| F|  |TAMS 0x000000060d800000, 0x000000060d800000| Untracked 
|  10|0x000000060da00000, 0x000000060da00000, 0x000000060dc00000|  0%| F|  |TAMS 0x000000060da00000, 0x000000060da00000| Untracked 
|  11|0x000000060dc00000, 0x000000060dc00000, 0x000000060de00000|  0%| F|  |TAMS 0x000000060dc00000, 0x000000060dc00000| Untracked 
|  12|0x000000060de00000, 0x000000060de00000, 0x000000060e000000|  0%| F|  |TAMS 0x000000060de00000, 0x000000060de00000| Untracked 
|  13|0x000000060e000000, 0x000000060e000000, 0x000000060e200000|  0%| F|  |TAMS 0x000000060e000000, 0x000000060e000000| Untracked 
|  14|0x000000060e200000, 0x000000060e200000, 0x000000060e400000|  0%| F|  |TAMS 0x000000060e200000, 0x000000060e200000| Untracked 
|  15|0x000000060e400000, 0x000000060e400000, 0x000000060e600000|  0%| F|  |TAMS 0x000000060e400000, 0x000000060e400000| Untracked 
|  16|0x000000060e600000, 0x000000060e600000, 0x000000060e800000|  0%| F|  |TAMS 0x000000060e600000, 0x000000060e600000| Untracked 
|  17|0x000000060e800000, 0x000000060e800000, 0x000000060ea00000|  0%| F|  |TAMS 0x000000060e800000, 0x000000060e800000| Untracked 
|  18|0x000000060ea00000, 0x000000060ea00000, 0x000000060ec00000|  0%| F|  |TAMS 0x000000060ea00000, 0x000000060ea00000| Untracked 
|  19|0x000000060ec00000, 0x000000060ec00000, 0x000000060ee00000|  0%| F|  |TAMS 0x000000060ec00000, 0x000000060ec00000| Untracked 
|  20|0x000000060ee00000, 0x000000060ee00000, 0x000000060f000000|  0%| F|  |TAMS 0x000000060ee00000, 0x000000060ee00000| Untracked 
|  21|0x000000060f000000, 0x000000060f000000, 0x000000060f200000|  0%| F|  |TAMS 0x000000060f000000, 0x000000060f000000| Untracked 
|  22|0x000000060f200000, 0x000000060f200000, 0x000000060f400000|  0%| F|  |TAMS 0x000000060f200000, 0x000000060f200000| Untracked 
|  23|0x000000060f400000, 0x000000060f400000, 0x000000060f600000|  0%| F|  |TAMS 0x000000060f400000, 0x000000060f400000| Untracked 
|  24|0x000000060f600000, 0x000000060f600000, 0x000000060f800000|  0%| F|  |TAMS 0x000000060f600000, 0x000000060f600000| Untracked 
|  25|0x000000060f800000, 0x000000060f800000, 0x000000060fa00000|  0%| F|  |TAMS 0x000000060f800000, 0x000000060f800000| Untracked 
|  26|0x000000060fa00000, 0x000000060fa00000, 0x000000060fc00000|  0%| F|  |TAMS 0x000000060fa00000, 0x000000060fa00000| Untracked 
|  27|0x000000060fc00000, 0x000000060fc00000, 0x000000060fe00000|  0%| F|  |TAMS 0x000000060fc00000, 0x000000060fc00000| Untracked 
|  28|0x000000060fe00000, 0x000000060fe00000, 0x0000000610000000|  0%| F|  |TAMS 0x000000060fe00000, 0x000000060fe00000| Untracked 
|  29|0x0000000610000000, 0x0000000610000000, 0x0000000610200000|  0%| F|  |TAMS 0x0000000610000000, 0x0000000610000000| Untracked 
|  30|0x0000000610200000, 0x0000000610200000, 0x0000000610400000|  0%| F|  |TAMS 0x0000000610200000, 0x0000000610200000| Untracked 
|  31|0x0000000610400000, 0x0000000610400000, 0x0000000610600000|  0%| F|  |TAMS 0x0000000610400000, 0x0000000610400000| Untracked 
|  32|0x0000000610600000, 0x0000000610600000, 0x0000000610800000|  0%| F|  |TAMS 0x0000000610600000, 0x0000000610600000| Untracked 
|  33|0x0000000610800000, 0x0000000610800000, 0x0000000610a00000|  0%| F|  |TAMS 0x0000000610800000, 0x0000000610800000| Untracked 
|  34|0x0000000610a00000, 0x0000000610a00000, 0x0000000610c00000|  0%| F|  |TAMS 0x0000000610a00000, 0x0000000610a00000| Untracked 
|  35|0x0000000610c00000, 0x0000000610c00000, 0x0000000610e00000|  0%| F|  |TAMS 0x0000000610c00000, 0x0000000610c00000| Untracked 
|  36|0x0000000610e00000, 0x0000000610e00000, 0x0000000611000000|  0%| F|  |TAMS 0x0000000610e00000, 0x0000000610e00000| Untracked 
|  37|0x0000000611000000, 0x0000000611000000, 0x0000000611200000|  0%| F|  |TAMS 0x0000000611000000, 0x0000000611000000| Untracked 
|  38|0x0000000611200000, 0x0000000611200000, 0x0000000611400000|  0%| F|  |TAMS 0x0000000611200000, 0x0000000611200000| Untracked 
|  39|0x0000000611400000, 0x0000000611400000, 0x0000000611600000|  0%| F|  |TAMS 0x0000000611400000, 0x0000000611400000| Untracked 
|  40|0x0000000611600000, 0x0000000611600000, 0x0000000611800000|  0%| F|  |TAMS 0x0000000611600000, 0x0000000611600000| Untracked 
|  41|0x0000000611800000, 0x0000000611800000, 0x0000000611a00000|  0%| F|  |TAMS 0x0000000611800000, 0x0000000611800000| Untracked 
|  42|0x0000000611a00000, 0x0000000611a00000, 0x0000000611c00000|  0%| F|  |TAMS 0x0000000611a00000, 0x0000000611a00000| Untracked 
|  43|0x0000000611c00000, 0x0000000611c00000, 0x0000000611e00000|  0%| F|  |TAMS 0x0000000611c00000, 0x0000000611c00000| Untracked 
|  44|0x0000000611e00000, 0x0000000611e00000, 0x0000000612000000|  0%| F|  |TAMS 0x0000000611e00000, 0x0000000611e00000| Untracked 
|  45|0x0000000612000000, 0x0000000612000000, 0x0000000612200000|  0%| F|  |TAMS 0x0000000612000000, 0x0000000612000000| Untracked 
|  46|0x0000000612200000, 0x0000000612200000, 0x0000000612400000|  0%| F|  |TAMS 0x0000000612200000, 0x0000000612200000| Untracked 
|  47|0x0000000612400000, 0x0000000612400000, 0x0000000612600000|  0%| F|  |TAMS 0x0000000612400000, 0x0000000612400000| Untracked 
|  48|0x0000000612600000, 0x0000000612600000, 0x0000000612800000|  0%| F|  |TAMS 0x0000000612600000, 0x0000000612600000| Untracked 
|  49|0x0000000612800000, 0x0000000612800000, 0x0000000612a00000|  0%| F|  |TAMS 0x0000000612800000, 0x0000000612800000| Untracked 
|  50|0x0000000612a00000, 0x0000000612a00000, 0x0000000612c00000|  0%| F|  |TAMS 0x0000000612a00000, 0x0000000612a00000| Untracked 
|  51|0x0000000612c00000, 0x0000000612c00000, 0x0000000612e00000|  0%| F|  |TAMS 0x0000000612c00000, 0x0000000612c00000| Untracked 
|  52|0x0000000612e00000, 0x0000000612e00000, 0x0000000613000000|  0%| F|  |TAMS 0x0000000612e00000, 0x0000000612e00000| Untracked 
|  53|0x0000000613000000, 0x0000000613000000, 0x0000000613200000|  0%| F|  |TAMS 0x0000000613000000, 0x0000000613000000| Untracked 
|  54|0x0000000613200000, 0x0000000613200000, 0x0000000613400000|  0%| F|  |TAMS 0x0000000613200000, 0x0000000613200000| Untracked 
|  55|0x0000000613400000, 0x0000000613400000, 0x0000000613600000|  0%| F|  |TAMS 0x0000000613400000, 0x0000000613400000| Untracked 
|  56|0x0000000613600000, 0x0000000613600000, 0x0000000613800000|  0%| F|  |TAMS 0x0000000613600000, 0x0000000613600000| Untracked 
|  57|0x0000000613800000, 0x0000000613800000, 0x0000000613a00000|  0%| F|  |TAMS 0x0000000613800000, 0x0000000613800000| Untracked 
|  58|0x0000000613a00000, 0x0000000613a00000, 0x0000000613c00000|  0%| F|  |TAMS 0x0000000613a00000, 0x0000000613a00000| Untracked 
|  59|0x0000000613c00000, 0x0000000613c00000, 0x0000000613e00000|  0%| F|  |TAMS 0x0000000613c00000, 0x0000000613c00000| Untracked 
|  60|0x0000000613e00000, 0x0000000613e00000, 0x0000000614000000|  0%| F|  |TAMS 0x0000000613e00000, 0x0000000613e00000| Untracked 
|  61|0x0000000614000000, 0x0000000614000000, 0x0000000614200000|  0%| F|  |TAMS 0x0000000614000000, 0x0000000614000000| Untracked 
|  62|0x0000000614200000, 0x0000000614200000, 0x0000000614400000|  0%| F|  |TAMS 0x0000000614200000, 0x0000000614200000| Untracked 
|  63|0x0000000614400000, 0x0000000614400000, 0x0000000614600000|  0%| F|  |TAMS 0x0000000614400000, 0x0000000614400000| Untracked 
|  64|0x0000000614600000, 0x0000000614600000, 0x0000000614800000|  0%| F|  |TAMS 0x0000000614600000, 0x0000000614600000| Untracked 
|  65|0x0000000614800000, 0x0000000614800000, 0x0000000614a00000|  0%| F|  |TAMS 0x0000000614800000, 0x0000000614800000| Untracked 
|  66|0x0000000614a00000, 0x0000000614a00000, 0x0000000614c00000|  0%| F|  |TAMS 0x0000000614a00000, 0x0000000614a00000| Untracked 
|  67|0x0000000614c00000, 0x0000000614c00000, 0x0000000614e00000|  0%| F|  |TAMS 0x0000000614c00000, 0x0000000614c00000| Untracked 
|  68|0x0000000614e00000, 0x0000000614e00000, 0x0000000615000000|  0%| F|  |TAMS 0x0000000614e00000, 0x0000000614e00000| Untracked 
|  69|0x0000000615000000, 0x0000000615000000, 0x0000000615200000|  0%| F|  |TAMS 0x0000000615000000, 0x0000000615000000| Untracked 
|  70|0x0000000615200000, 0x0000000615200000, 0x0000000615400000|  0%| F|  |TAMS 0x0000000615200000, 0x0000000615200000| Untracked 
|  71|0x0000000615400000, 0x0000000615400000, 0x0000000615600000|  0%| F|  |TAMS 0x0000000615400000, 0x0000000615400000| Untracked 
|  72|0x0000000615600000, 0x0000000615600000, 0x0000000615800000|  0%| F|  |TAMS 0x0000000615600000, 0x0000000615600000| Untracked 
|  73|0x0000000615800000, 0x0000000615800000, 0x0000000615a00000|  0%| F|  |TAMS 0x0000000615800000, 0x0000000615800000| Untracked 
|  74|0x0000000615a00000, 0x0000000615a00000, 0x0000000615c00000|  0%| F|  |TAMS 0x0000000615a00000, 0x0000000615a00000| Untracked 
|  75|0x0000000615c00000, 0x0000000615c00000, 0x0000000615e00000|  0%| F|  |TAMS 0x0000000615c00000, 0x0000000615c00000| Untracked 
|  76|0x0000000615e00000, 0x0000000615e00000, 0x0000000616000000|  0%| F|  |TAMS 0x0000000615e00000, 0x0000000615e00000| Untracked 
|  77|0x0000000616000000, 0x0000000616000000, 0x0000000616200000|  0%| F|  |TAMS 0x0000000616000000, 0x0000000616000000| Untracked 
|  78|0x0000000616200000, 0x0000000616200000, 0x0000000616400000|  0%| F|  |TAMS 0x0000000616200000, 0x0000000616200000| Untracked 
|  79|0x0000000616400000, 0x0000000616400000, 0x0000000616600000|  0%| F|  |TAMS 0x0000000616400000, 0x0000000616400000| Untracked 
|  80|0x0000000616600000, 0x0000000616600000, 0x0000000616800000|  0%| F|  |TAMS 0x0000000616600000, 0x0000000616600000| Untracked 
|  81|0x0000000616800000, 0x0000000616800000, 0x0000000616a00000|  0%| F|  |TAMS 0x0000000616800000, 0x0000000616800000| Untracked 
|  82|0x0000000616a00000, 0x0000000616a00000, 0x0000000616c00000|  0%| F|  |TAMS 0x0000000616a00000, 0x0000000616a00000| Untracked 
|  83|0x0000000616c00000, 0x0000000616c00000, 0x0000000616e00000|  0%| F|  |TAMS 0x0000000616c00000, 0x0000000616c00000| Untracked 
|  84|0x0000000616e00000, 0x0000000616e00000, 0x0000000617000000|  0%| F|  |TAMS 0x0000000616e00000, 0x0000000616e00000| Untracked 
|  85|0x0000000617000000, 0x0000000617000000, 0x0000000617200000|  0%| F|  |TAMS 0x0000000617000000, 0x0000000617000000| Untracked 
|  86|0x0000000617200000, 0x0000000617200000, 0x0000000617400000|  0%| F|  |TAMS 0x0000000617200000, 0x0000000617200000| Untracked 
|  87|0x0000000617400000, 0x0000000617400000, 0x0000000617600000|  0%| F|  |TAMS 0x0000000617400000, 0x0000000617400000| Untracked 
|  88|0x0000000617600000, 0x0000000617600000, 0x0000000617800000|  0%| F|  |TAMS 0x0000000617600000, 0x0000000617600000| Untracked 
|  89|0x0000000617800000, 0x0000000617800000, 0x0000000617a00000|  0%| F|  |TAMS 0x0000000617800000, 0x0000000617800000| Untracked 
|  90|0x0000000617a00000, 0x0000000617a00000, 0x0000000617c00000|  0%| F|  |TAMS 0x0000000617a00000, 0x0000000617a00000| Untracked 
|  91|0x0000000617c00000, 0x0000000617c00000, 0x0000000617e00000|  0%| F|  |TAMS 0x0000000617c00000, 0x0000000617c00000| Untracked 
|  92|0x0000000617e00000, 0x0000000617e00000, 0x0000000618000000|  0%| F|  |TAMS 0x0000000617e00000, 0x0000000617e00000| Untracked 
|  93|0x0000000618000000, 0x0000000618000000, 0x0000000618200000|  0%| F|  |TAMS 0x0000000618000000, 0x0000000618000000| Untracked 
|  94|0x0000000618200000, 0x0000000618200000, 0x0000000618400000|  0%| F|  |TAMS 0x0000000618200000, 0x0000000618200000| Untracked 
|  95|0x0000000618400000, 0x0000000618400000, 0x0000000618600000|  0%| F|  |TAMS 0x0000000618400000, 0x0000000618400000| Untracked 
|  96|0x0000000618600000, 0x0000000618600000, 0x0000000618800000|  0%| F|  |TAMS 0x0000000618600000, 0x0000000618600000| Untracked 
|  97|0x0000000618800000, 0x0000000618800000, 0x0000000618a00000|  0%| F|  |TAMS 0x0000000618800000, 0x0000000618800000| Untracked 
|  98|0x0000000618a00000, 0x0000000618a00000, 0x0000000618c00000|  0%| F|  |TAMS 0x0000000618a00000, 0x0000000618a00000| Untracked 
|  99|0x0000000618c00000, 0x0000000618c00000, 0x0000000618e00000|  0%| F|  |TAMS 0x0000000618c00000, 0x0000000618c00000| Untracked 
| 100|0x0000000618e00000, 0x0000000618e00000, 0x0000000619000000|  0%| F|  |TAMS 0x0000000618e00000, 0x0000000618e00000| Untracked 
| 101|0x0000000619000000, 0x0000000619000000, 0x0000000619200000|  0%| F|  |TAMS 0x0000000619000000, 0x0000000619000000| Untracked 
| 102|0x0000000619200000, 0x0000000619200000, 0x0000000619400000|  0%| F|  |TAMS 0x0000000619200000, 0x0000000619200000| Untracked 
| 103|0x0000000619400000, 0x0000000619400000, 0x0000000619600000|  0%| F|  |TAMS 0x0000000619400000, 0x0000000619400000| Untracked 
| 104|0x0000000619600000, 0x0000000619600000, 0x0000000619800000|  0%| F|  |TAMS 0x0000000619600000, 0x0000000619600000| Untracked 
| 105|0x0000000619800000, 0x0000000619800000, 0x0000000619a00000|  0%| F|  |TAMS 0x0000000619800000, 0x0000000619800000| Untracked 
| 106|0x0000000619a00000, 0x0000000619a00000, 0x0000000619c00000|  0%| F|  |TAMS 0x0000000619a00000, 0x0000000619a00000| Untracked 
| 107|0x0000000619c00000, 0x0000000619c00000, 0x0000000619e00000|  0%| F|  |TAMS 0x0000000619c00000, 0x0000000619c00000| Untracked 
| 108|0x0000000619e00000, 0x0000000619e00000, 0x000000061a000000|  0%| F|  |TAMS 0x0000000619e00000, 0x0000000619e00000| Untracked 
| 109|0x000000061a000000, 0x000000061a000000, 0x000000061a200000|  0%| F|  |TAMS 0x000000061a000000, 0x000000061a000000| Untracked 
| 110|0x000000061a200000, 0x000000061a200000, 0x000000061a400000|  0%| F|  |TAMS 0x000000061a200000, 0x000000061a200000| Untracked 
| 111|0x000000061a400000, 0x000000061a400000, 0x000000061a600000|  0%| F|  |TAMS 0x000000061a400000, 0x000000061a400000| Untracked 
| 112|0x000000061a600000, 0x000000061a600000, 0x000000061a800000|  0%| F|  |TAMS 0x000000061a600000, 0x000000061a600000| Untracked 
| 113|0x000000061a800000, 0x000000061a800000, 0x000000061aa00000|  0%| F|  |TAMS 0x000000061a800000, 0x000000061a800000| Untracked 
| 114|0x000000061aa00000, 0x000000061aa00000, 0x000000061ac00000|  0%| F|  |TAMS 0x000000061aa00000, 0x000000061aa00000| Untracked 
| 115|0x000000061ac00000, 0x000000061ac00000, 0x000000061ae00000|  0%| F|  |TAMS 0x000000061ac00000, 0x000000061ac00000| Untracked 
| 116|0x000000061ae00000, 0x000000061ae00000, 0x000000061b000000|  0%| F|  |TAMS 0x000000061ae00000, 0x000000061ae00000| Untracked 
| 117|0x000000061b000000, 0x000000061b000000, 0x000000061b200000|  0%| F|  |TAMS 0x000000061b000000, 0x000000061b000000| Untracked 
| 118|0x000000061b200000, 0x000000061b200000, 0x000000061b400000|  0%| F|  |TAMS 0x000000061b200000, 0x000000061b200000| Untracked 
| 119|0x000000061b400000, 0x000000061b400000, 0x000000061b600000|  0%| F|  |TAMS 0x000000061b400000, 0x000000061b400000| Untracked 
| 120|0x000000061b600000, 0x000000061b600000, 0x000000061b800000|  0%| F|  |TAMS 0x000000061b600000, 0x000000061b600000| Untracked 
| 121|0x000000061b800000, 0x000000061b800000, 0x000000061ba00000|  0%| F|  |TAMS 0x000000061b800000, 0x000000061b800000| Untracked 
| 122|0x000000061ba00000, 0x000000061ba00000, 0x000000061bc00000|  0%| F|  |TAMS 0x000000061ba00000, 0x000000061ba00000| Untracked 
| 123|0x000000061bc00000, 0x000000061bc00000, 0x000000061be00000|  0%| F|  |TAMS 0x000000061bc00000, 0x000000061bc00000| Untracked 
| 124|0x000000061be00000, 0x000000061be00000, 0x000000061c000000|  0%| F|  |TAMS 0x000000061be00000, 0x000000061be00000| Untracked 
| 125|0x000000061c000000, 0x000000061c000000, 0x000000061c200000|  0%| F|  |TAMS 0x000000061c000000, 0x000000061c000000| Untracked 
| 126|0x000000061c200000, 0x000000061c200000, 0x000000061c400000|  0%| F|  |TAMS 0x000000061c200000, 0x000000061c200000| Untracked 
| 127|0x000000061c400000, 0x000000061c400000, 0x000000061c600000|  0%| F|  |TAMS 0x000000061c400000, 0x000000061c400000| Untracked 
| 128|0x000000061c600000, 0x000000061c600000, 0x000000061c800000|  0%| F|  |TAMS 0x000000061c600000, 0x000000061c600000| Untracked 
| 129|0x000000061c800000, 0x000000061c800000, 0x000000061ca00000|  0%| F|  |TAMS 0x000000061c800000, 0x000000061c800000| Untracked 
| 130|0x000000061ca00000, 0x000000061ca00000, 0x000000061cc00000|  0%| F|  |TAMS 0x000000061ca00000, 0x000000061ca00000| Untracked 
| 131|0x000000061cc00000, 0x000000061cc00000, 0x000000061ce00000|  0%| F|  |TAMS 0x000000061cc00000, 0x000000061cc00000| Untracked 
| 132|0x000000061ce00000, 0x000000061ce00000, 0x000000061d000000|  0%| F|  |TAMS 0x000000061ce00000, 0x000000061ce00000| Untracked 
| 133|0x000000061d000000, 0x000000061d000000, 0x000000061d200000|  0%| F|  |TAMS 0x000000061d000000, 0x000000061d000000| Untracked 
| 134|0x000000061d200000, 0x000000061d200000, 0x000000061d400000|  0%| F|  |TAMS 0x000000061d200000, 0x000000061d200000| Untracked 
| 135|0x000000061d400000, 0x000000061d400000, 0x000000061d600000|  0%| F|  |TAMS 0x000000061d400000, 0x000000061d400000| Untracked 
| 136|0x000000061d600000, 0x000000061d600000, 0x000000061d800000|  0%| F|  |TAMS 0x000000061d600000, 0x000000061d600000| Untracked 
| 137|0x000000061d800000, 0x000000061d800000, 0x000000061da00000|  0%| F|  |TAMS 0x000000061d800000, 0x000000061d800000| Untracked 
| 138|0x000000061da00000, 0x000000061da00000, 0x000000061dc00000|  0%| F|  |TAMS 0x000000061da00000, 0x000000061da00000| Untracked 
| 139|0x000000061dc00000, 0x000000061dc00000, 0x000000061de00000|  0%| F|  |TAMS 0x000000061dc00000, 0x000000061dc00000| Untracked 
| 140|0x000000061de00000, 0x000000061de00000, 0x000000061e000000|  0%| F|  |TAMS 0x000000061de00000, 0x000000061de00000| Untracked 
| 141|0x000000061e000000, 0x000000061e000000, 0x000000061e200000|  0%| F|  |TAMS 0x000000061e000000, 0x000000061e000000| Untracked 
| 142|0x000000061e200000, 0x000000061e200000, 0x000000061e400000|  0%| F|  |TAMS 0x000000061e200000, 0x000000061e200000| Untracked 
| 143|0x000000061e400000, 0x000000061e400000, 0x000000061e600000|  0%| F|  |TAMS 0x000000061e400000, 0x000000061e400000| Untracked 
| 144|0x000000061e600000, 0x000000061e600000, 0x000000061e800000|  0%| F|  |TAMS 0x000000061e600000, 0x000000061e600000| Untracked 
| 145|0x000000061e800000, 0x000000061e800000, 0x000000061ea00000|  0%| F|  |TAMS 0x000000061e800000, 0x000000061e800000| Untracked 
| 146|0x000000061ea00000, 0x000000061ea00000, 0x000000061ec00000|  0%| F|  |TAMS 0x000000061ea00000, 0x000000061ea00000| Untracked 
| 147|0x000000061ec00000, 0x000000061ec00000, 0x000000061ee00000|  0%| F|  |TAMS 0x000000061ec00000, 0x000000061ec00000| Untracked 
| 148|0x000000061ee00000, 0x000000061ee00000, 0x000000061f000000|  0%| F|  |TAMS 0x000000061ee00000, 0x000000061ee00000| Untracked 
| 149|0x000000061f000000, 0x000000061f000000, 0x000000061f200000|  0%| F|  |TAMS 0x000000061f000000, 0x000000061f000000| Untracked 
| 150|0x000000061f200000, 0x000000061f200000, 0x000000061f400000|  0%| F|  |TAMS 0x000000061f200000, 0x000000061f200000| Untracked 
| 151|0x000000061f400000, 0x000000061f400000, 0x000000061f600000|  0%| F|  |TAMS 0x000000061f400000, 0x000000061f400000| Untracked 
| 152|0x000000061f600000, 0x000000061f600000, 0x000000061f800000|  0%| F|  |TAMS 0x000000061f600000, 0x000000061f600000| Untracked 
| 153|0x000000061f800000, 0x000000061f800000, 0x000000061fa00000|  0%| F|  |TAMS 0x000000061f800000, 0x000000061f800000| Untracked 
| 154|0x000000061fa00000, 0x000000061fa00000, 0x000000061fc00000|  0%| F|  |TAMS 0x000000061fa00000, 0x000000061fa00000| Untracked 
| 155|0x000000061fc00000, 0x000000061fc00000, 0x000000061fe00000|  0%| F|  |TAMS 0x000000061fc00000, 0x000000061fc00000| Untracked 
| 156|0x000000061fe00000, 0x000000061fe00000, 0x0000000620000000|  0%| F|  |TAMS 0x000000061fe00000, 0x000000061fe00000| Untracked 
| 157|0x0000000620000000, 0x0000000620000000, 0x0000000620200000|  0%| F|  |TAMS 0x0000000620000000, 0x0000000620000000| Untracked 
| 158|0x0000000620200000, 0x0000000620200000, 0x0000000620400000|  0%| F|  |TAMS 0x0000000620200000, 0x0000000620200000| Untracked 
| 159|0x0000000620400000, 0x0000000620400000, 0x0000000620600000|  0%| F|  |TAMS 0x0000000620400000, 0x0000000620400000| Untracked 
| 160|0x0000000620600000, 0x0000000620600000, 0x0000000620800000|  0%| F|  |TAMS 0x0000000620600000, 0x0000000620600000| Untracked 
| 161|0x0000000620800000, 0x0000000620800000, 0x0000000620a00000|  0%| F|  |TAMS 0x0000000620800000, 0x0000000620800000| Untracked 
| 162|0x0000000620a00000, 0x0000000620a00000, 0x0000000620c00000|  0%| F|  |TAMS 0x0000000620a00000, 0x0000000620a00000| Untracked 
| 163|0x0000000620c00000, 0x0000000620c00000, 0x0000000620e00000|  0%| F|  |TAMS 0x0000000620c00000, 0x0000000620c00000| Untracked 
| 164|0x0000000620e00000, 0x0000000620e00000, 0x0000000621000000|  0%| F|  |TAMS 0x0000000620e00000, 0x0000000620e00000| Untracked 
| 165|0x0000000621000000, 0x0000000621000000, 0x0000000621200000|  0%| F|  |TAMS 0x0000000621000000, 0x0000000621000000| Untracked 
| 166|0x0000000621200000, 0x0000000621200000, 0x0000000621400000|  0%| F|  |TAMS 0x0000000621200000, 0x0000000621200000| Untracked 
| 167|0x0000000621400000, 0x0000000621400000, 0x0000000621600000|  0%| F|  |TAMS 0x0000000621400000, 0x0000000621400000| Untracked 
| 168|0x0000000621600000, 0x0000000621600000, 0x0000000621800000|  0%| F|  |TAMS 0x0000000621600000, 0x0000000621600000| Untracked 
| 169|0x0000000621800000, 0x0000000621800000, 0x0000000621a00000|  0%| F|  |TAMS 0x0000000621800000, 0x0000000621800000| Untracked 
| 170|0x0000000621a00000, 0x0000000621a00000, 0x0000000621c00000|  0%| F|  |TAMS 0x0000000621a00000, 0x0000000621a00000| Untracked 
| 171|0x0000000621c00000, 0x0000000621c00000, 0x0000000621e00000|  0%| F|  |TAMS 0x0000000621c00000, 0x0000000621c00000| Untracked 
| 172|0x0000000621e00000, 0x0000000621e00000, 0x0000000622000000|  0%| F|  |TAMS 0x0000000621e00000, 0x0000000621e00000| Untracked 
| 173|0x0000000622000000, 0x0000000622000000, 0x0000000622200000|  0%| F|  |TAMS 0x0000000622000000, 0x0000000622000000| Untracked 
| 174|0x0000000622200000, 0x0000000622200000, 0x0000000622400000|  0%| F|  |TAMS 0x0000000622200000, 0x0000000622200000| Untracked 
| 175|0x0000000622400000, 0x0000000622400000, 0x0000000622600000|  0%| F|  |TAMS 0x0000000622400000, 0x0000000622400000| Untracked 
| 176|0x0000000622600000, 0x0000000622600000, 0x0000000622800000|  0%| F|  |TAMS 0x0000000622600000, 0x0000000622600000| Untracked 
| 177|0x0000000622800000, 0x0000000622800000, 0x0000000622a00000|  0%| F|  |TAMS 0x0000000622800000, 0x0000000622800000| Untracked 
| 178|0x0000000622a00000, 0x0000000622a00000, 0x0000000622c00000|  0%| F|  |TAMS 0x0000000622a00000, 0x0000000622a00000| Untracked 
| 179|0x0000000622c00000, 0x0000000622c00000, 0x0000000622e00000|  0%| F|  |TAMS 0x0000000622c00000, 0x0000000622c00000| Untracked 
| 180|0x0000000622e00000, 0x0000000622e00000, 0x0000000623000000|  0%| F|  |TAMS 0x0000000622e00000, 0x0000000622e00000| Untracked 
| 181|0x0000000623000000, 0x0000000623000000, 0x0000000623200000|  0%| F|  |TAMS 0x0000000623000000, 0x0000000623000000| Untracked 
| 182|0x0000000623200000, 0x0000000623200000, 0x0000000623400000|  0%| F|  |TAMS 0x0000000623200000, 0x0000000623200000| Untracked 
| 183|0x0000000623400000, 0x0000000623400000, 0x0000000623600000|  0%| F|  |TAMS 0x0000000623400000, 0x0000000623400000| Untracked 
| 184|0x0000000623600000, 0x0000000623600000, 0x0000000623800000|  0%| F|  |TAMS 0x0000000623600000, 0x0000000623600000| Untracked 
| 185|0x0000000623800000, 0x0000000623800000, 0x0000000623a00000|  0%| F|  |TAMS 0x0000000623800000, 0x0000000623800000| Untracked 
| 186|0x0000000623a00000, 0x0000000623a00000, 0x0000000623c00000|  0%| F|  |TAMS 0x0000000623a00000, 0x0000000623a00000| Untracked 
| 187|0x0000000623c00000, 0x0000000623c00000, 0x0000000623e00000|  0%| F|  |TAMS 0x0000000623c00000, 0x0000000623c00000| Untracked 
| 188|0x0000000623e00000, 0x0000000623e00000, 0x0000000624000000|  0%| F|  |TAMS 0x0000000623e00000, 0x0000000623e00000| Untracked 
| 189|0x0000000624000000, 0x0000000624000000, 0x0000000624200000|  0%| F|  |TAMS 0x0000000624000000, 0x0000000624000000| Untracked 
| 190|0x0000000624200000, 0x0000000624200000, 0x0000000624400000|  0%| F|  |TAMS 0x0000000624200000, 0x0000000624200000| Untracked 
| 191|0x0000000624400000, 0x0000000624400000, 0x0000000624600000|  0%| F|  |TAMS 0x0000000624400000, 0x0000000624400000| Untracked 
| 192|0x0000000624600000, 0x0000000624600000, 0x0000000624800000|  0%| F|  |TAMS 0x0000000624600000, 0x0000000624600000| Untracked 
| 193|0x0000000624800000, 0x0000000624800000, 0x0000000624a00000|  0%| F|  |TAMS 0x0000000624800000, 0x0000000624800000| Untracked 
| 194|0x0000000624a00000, 0x0000000624a00000, 0x0000000624c00000|  0%| F|  |TAMS 0x0000000624a00000, 0x0000000624a00000| Untracked 
| 195|0x0000000624c00000, 0x0000000624c00000, 0x0000000624e00000|  0%| F|  |TAMS 0x0000000624c00000, 0x0000000624c00000| Untracked 
| 196|0x0000000624e00000, 0x0000000624e00000, 0x0000000625000000|  0%| F|  |TAMS 0x0000000624e00000, 0x0000000624e00000| Untracked 
| 197|0x0000000625000000, 0x0000000625000000, 0x0000000625200000|  0%| F|  |TAMS 0x0000000625000000, 0x0000000625000000| Untracked 
| 198|0x0000000625200000, 0x0000000625200000, 0x0000000625400000|  0%| F|  |TAMS 0x0000000625200000, 0x0000000625200000| Untracked 
| 199|0x0000000625400000, 0x0000000625400000, 0x0000000625600000|  0%| F|  |TAMS 0x0000000625400000, 0x0000000625400000| Untracked 
| 200|0x0000000625600000, 0x0000000625600000, 0x0000000625800000|  0%| F|  |TAMS 0x0000000625600000, 0x0000000625600000| Untracked 
| 201|0x0000000625800000, 0x0000000625800000, 0x0000000625a00000|  0%| F|  |TAMS 0x0000000625800000, 0x0000000625800000| Untracked 
| 202|0x0000000625a00000, 0x0000000625a00000, 0x0000000625c00000|  0%| F|  |TAMS 0x0000000625a00000, 0x0000000625a00000| Untracked 
| 203|0x0000000625c00000, 0x0000000625c00000, 0x0000000625e00000|  0%| F|  |TAMS 0x0000000625c00000, 0x0000000625c00000| Untracked 
| 204|0x0000000625e00000, 0x0000000625e00000, 0x0000000626000000|  0%| F|  |TAMS 0x0000000625e00000, 0x0000000625e00000| Untracked 
| 205|0x0000000626000000, 0x0000000626000000, 0x0000000626200000|  0%| F|  |TAMS 0x0000000626000000, 0x0000000626000000| Untracked 
| 206|0x0000000626200000, 0x0000000626200000, 0x0000000626400000|  0%| F|  |TAMS 0x0000000626200000, 0x0000000626200000| Untracked 
| 207|0x0000000626400000, 0x0000000626400000, 0x0000000626600000|  0%| F|  |TAMS 0x0000000626400000, 0x0000000626400000| Untracked 
| 208|0x0000000626600000, 0x0000000626600000, 0x0000000626800000|  0%| F|  |TAMS 0x0000000626600000, 0x0000000626600000| Untracked 
| 209|0x0000000626800000, 0x0000000626800000, 0x0000000626a00000|  0%| F|  |TAMS 0x0000000626800000, 0x0000000626800000| Untracked 
| 210|0x0000000626a00000, 0x0000000626a00000, 0x0000000626c00000|  0%| F|  |TAMS 0x0000000626a00000, 0x0000000626a00000| Untracked 
| 211|0x0000000626c00000, 0x0000000626c00000, 0x0000000626e00000|  0%| F|  |TAMS 0x0000000626c00000, 0x0000000626c00000| Untracked 
| 212|0x0000000626e00000, 0x0000000626e00000, 0x0000000627000000|  0%| F|  |TAMS 0x0000000626e00000, 0x0000000626e00000| Untracked 
| 213|0x0000000627000000, 0x0000000627000000, 0x0000000627200000|  0%| F|  |TAMS 0x0000000627000000, 0x0000000627000000| Untracked 
| 214|0x0000000627200000, 0x0000000627200000, 0x0000000627400000|  0%| F|  |TAMS 0x0000000627200000, 0x0000000627200000| Untracked 
| 215|0x0000000627400000, 0x0000000627400000, 0x0000000627600000|  0%| F|  |TAMS 0x0000000627400000, 0x0000000627400000| Untracked 
| 216|0x0000000627600000, 0x0000000627600000, 0x0000000627800000|  0%| F|  |TAMS 0x0000000627600000, 0x0000000627600000| Untracked 
| 217|0x0000000627800000, 0x0000000627800000, 0x0000000627a00000|  0%| F|  |TAMS 0x0000000627800000, 0x0000000627800000| Untracked 
| 218|0x0000000627a00000, 0x0000000627a00000, 0x0000000627c00000|  0%| F|  |TAMS 0x0000000627a00000, 0x0000000627a00000| Untracked 
| 219|0x0000000627c00000, 0x0000000627c00000, 0x0000000627e00000|  0%| F|  |TAMS 0x0000000627c00000, 0x0000000627c00000| Untracked 
| 220|0x0000000627e00000, 0x0000000627e00000, 0x0000000628000000|  0%| F|  |TAMS 0x0000000627e00000, 0x0000000627e00000| Untracked 
| 221|0x0000000628000000, 0x0000000628000000, 0x0000000628200000|  0%| F|  |TAMS 0x0000000628000000, 0x0000000628000000| Untracked 
| 222|0x0000000628200000, 0x0000000628200000, 0x0000000628400000|  0%| F|  |TAMS 0x0000000628200000, 0x0000000628200000| Untracked 
| 223|0x0000000628400000, 0x0000000628400000, 0x0000000628600000|  0%| F|  |TAMS 0x0000000628400000, 0x0000000628400000| Untracked 
| 224|0x0000000628600000, 0x0000000628600000, 0x0000000628800000|  0%| F|  |TAMS 0x0000000628600000, 0x0000000628600000| Untracked 
| 225|0x0000000628800000, 0x0000000628800000, 0x0000000628a00000|  0%| F|  |TAMS 0x0000000628800000, 0x0000000628800000| Untracked 
| 226|0x0000000628a00000, 0x0000000628a00000, 0x0000000628c00000|  0%| F|  |TAMS 0x0000000628a00000, 0x0000000628a00000| Untracked 
| 227|0x0000000628c00000, 0x0000000628c00000, 0x0000000628e00000|  0%| F|  |TAMS 0x0000000628c00000, 0x0000000628c00000| Untracked 
| 228|0x0000000628e00000, 0x0000000628e00000, 0x0000000629000000|  0%| F|  |TAMS 0x0000000628e00000, 0x0000000628e00000| Untracked 
| 229|0x0000000629000000, 0x0000000629000000, 0x0000000629200000|  0%| F|  |TAMS 0x0000000629000000, 0x0000000629000000| Untracked 
| 230|0x0000000629200000, 0x0000000629200000, 0x0000000629400000|  0%| F|  |TAMS 0x0000000629200000, 0x0000000629200000| Untracked 
| 231|0x0000000629400000, 0x0000000629400000, 0x0000000629600000|  0%| F|  |TAMS 0x0000000629400000, 0x0000000629400000| Untracked 
| 232|0x0000000629600000, 0x0000000629600000, 0x0000000629800000|  0%| F|  |TAMS 0x0000000629600000, 0x0000000629600000| Untracked 
| 233|0x0000000629800000, 0x0000000629800000, 0x0000000629a00000|  0%| F|  |TAMS 0x0000000629800000, 0x0000000629800000| Untracked 
| 234|0x0000000629a00000, 0x0000000629a00000, 0x0000000629c00000|  0%| F|  |TAMS 0x0000000629a00000, 0x0000000629a00000| Untracked 
| 235|0x0000000629c00000, 0x0000000629c00000, 0x0000000629e00000|  0%| F|  |TAMS 0x0000000629c00000, 0x0000000629c00000| Untracked 
| 236|0x0000000629e00000, 0x0000000629e00000, 0x000000062a000000|  0%| F|  |TAMS 0x0000000629e00000, 0x0000000629e00000| Untracked 
| 237|0x000000062a000000, 0x000000062a135958, 0x000000062a200000| 60%| S|CS|TAMS 0x000000062a000000, 0x000000062a000000| Complete 
| 238|0x000000062a200000, 0x000000062a200000, 0x000000062a400000|  0%| F|  |TAMS 0x000000062a200000, 0x000000062a200000| Untracked 
| 239|0x000000062a400000, 0x000000062a400000, 0x000000062a600000|  0%| F|  |TAMS 0x000000062a400000, 0x000000062a400000| Untracked 
| 240|0x000000062a600000, 0x000000062a600000, 0x000000062a800000|  0%| F|  |TAMS 0x000000062a600000, 0x000000062a600000| Untracked 
| 241|0x000000062a800000, 0x000000062a800000, 0x000000062aa00000|  0%| F|  |TAMS 0x000000062a800000, 0x000000062a800000| Untracked 
| 242|0x000000062aa00000, 0x000000062aa00000, 0x000000062ac00000|  0%| F|  |TAMS 0x000000062aa00000, 0x000000062aa00000| Untracked 
| 243|0x000000062ac00000, 0x000000062ac00000, 0x000000062ae00000|  0%| F|  |TAMS 0x000000062ac00000, 0x000000062ac00000| Untracked 
| 244|0x000000062ae00000, 0x000000062ae00000, 0x000000062b000000|  0%| F|  |TAMS 0x000000062ae00000, 0x000000062ae00000| Untracked 
| 245|0x000000062b000000, 0x000000062b000000, 0x000000062b200000|  0%| F|  |TAMS 0x000000062b000000, 0x000000062b000000| Untracked 
| 246|0x000000062b200000, 0x000000062b200000, 0x000000062b400000|  0%| F|  |TAMS 0x000000062b200000, 0x000000062b200000| Untracked 
| 247|0x000000062b400000, 0x000000062b400000, 0x000000062b600000|  0%| F|  |TAMS 0x000000062b400000, 0x000000062b400000| Untracked 
| 248|0x000000062b600000, 0x000000062b600000, 0x000000062b800000|  0%| F|  |TAMS 0x000000062b600000, 0x000000062b600000| Untracked 
| 249|0x000000062b800000, 0x000000062b900800, 0x000000062ba00000| 50%| E|  |TAMS 0x000000062b800000, 0x000000062b800000| Complete 

Card table byte_map: [0x00007fdcde0c6000,0x00007fdcdf063000] _byte_map_base: 0x00007fdcdb063000

Marking Bits (Prev, Next): (CMBitMap*) 0x00007fdcfc0583e8, (CMBitMap*) 0x00007fdcfc058420
 Prev Bits: [0x00007fdcd5441000, 0x00007fdcdd129000)
 Next Bits: [0x00007fdccd759000, 0x00007fdcd5441000)

Polling page: 0x00007fdd02877000

Metaspace:

Usage:
  Non-class:      5.47 MB capacity,     5.41 MB ( 99%) used,    60.27 KB (  1%) free+waste,     2.00 KB ( <1%) overhead. 
      Class:    464.00 KB capacity,   424.08 KB ( 91%) used,    39.23 KB (  8%) free+waste,   704 bytes ( <1%) overhead. 
       Both:      5.92 MB capacity,     5.82 MB ( 98%) used,    99.51 KB (  2%) free+waste,     2.69 KB ( <1%) overhead. 

Virtual space:
  Non-class space:        8.00 MB reserved,       5.50 MB ( 69%) committed 
      Class space:        1.00 GB reserved,     512.00 KB ( <1%) committed 
             Both:        1.01 GB reserved,       6.00 MB ( <1%) committed 

Chunk freelists:
   Non-Class:  4.00 KB
       Class:  16.00 KB
        Both:  20.00 KB

MaxMetaspaceSize: unlimited
CompressedClassSpaceSize: 1.00 GB
Initial GC threshold: 20.80 MB
Current GC threshold: 20.80 MB
CDS: off

CodeHeap 'non-profiled nmethods': size=120032Kb used=95Kb max_used=95Kb free=119936Kb
 bounds [0x00007fdcec31b000, 0x00007fdcec58b000, 0x00007fdcf3853000]
CodeHeap 'profiled nmethods': size=120028Kb used=432Kb max_used=432Kb free=119595Kb
 bounds [0x00007fdce4de4000, 0x00007fdce5054000, 0x00007fdcec31b000]
CodeHeap 'non-nmethods': size=5700Kb used=1076Kb max_used=1089Kb free=4623Kb
 bounds [0x00007fdce4853000, 0x00007fdce4ac3000, 0x00007fdce4de4000]
 total_blobs=575 nmethods=271 adapters=216
 compilation: enabled
              stopped_count=0, restarted_count=0
 full_count=0

Compilation events (20 events):
Event: 0.108 Thread 0x00007fdcfc279000  275       3       Tmp0Kt::testWrappingUIntLoop (311 bytes)
Event: 0.109 Thread 0x00007fdcfc279000 nmethod 275 0x00007fdce4e4c610 code [0x00007fdce4e4cb00, 0x00007fdce4e4f200]
Event: 0.110 Thread 0x00007fdcfc277000 nmethod 239 0x00007fdcec32ae10 code [0x00007fdcec32afc0, 0x00007fdcec32b6b8]
Event: 0.110 Thread 0x00007fdcfc277000  221       4       coverage.CoverageEntry::isSameEntries (61 bytes)
Event: 0.115 Thread 0x00007fdca0093000 nmethod 228 0x00007fdcec32bb10 code [0x00007fdcec32be20, 0x00007fdcec32d528]
Event: 0.115 Thread 0x00007fdca0093000  240       4       kotlin.ULong::constructor-impl (2 bytes)
Event: 0.115 Thread 0x00007fdca0093000 nmethod 240 0x00007fdcec32e810 code [0x00007fdcec32e9a0, 0x00007fdcec32e9d8]
Event: 0.115 Thread 0x00007fdca0093000  276       4       kotlin.UInt::constructor-impl (2 bytes)
Event: 0.115 Thread 0x00007fdca0093000 nmethod 276 0x00007fdcec32eb10 code [0x00007fdcec32eca0, 0x00007fdcec32ecd8]
Event: 0.115 Thread 0x00007fdca0093000  266       4       kotlin.jvm.internal.Intrinsics::areEqual (22 bytes)
Event: 0.117 Thread 0x00007fdcfc277000 nmethod 221 0x00007fdcec32ee10 code [0x00007fdcec32f060, 0x00007fdcec32f9b0]
Event: 0.117 Thread 0x00007fdcfc277000  222       4       coverage.CoverageEntry::compareParamsAndRtv (134 bytes)
Event: 0.120 Thread 0x00007fdca0093000 nmethod 266 0x00007fdcec330310 code [0x00007fdcec3304e0, 0x00007fdcec330978]
Event: 0.120 Thread 0x00007fdca0093000  251       4       coverage.MyMethodBasedCoverage::putEntry (86 bytes)
Event: 0.123 Thread 0x00007fdcfc277000 nmethod 222 0x00007fdcec330e90 code [0x00007fdcec331080, 0x00007fdcec3316b8]
Event: 0.123 Thread 0x00007fdcfc277000  252       4       java.util.LinkedHashMap::afterNodeAccess (116 bytes)
Event: 0.123 Thread 0x00007fdcfc277000 nmethod 252 0x00007fdcec331d10 code [0x00007fdcec331ea0, 0x00007fdcec331f18]
Event: 0.123 Thread 0x00007fdcfc277000  241       4       kotlin.text.StringsKt__StringsKt::split (176 bytes)
Event: 0.127 Thread 0x00007fdcfc277000 nmethod 241 0x00007fdcec332010 code [0x00007fdcec3321e0, 0x00007fdcec332778]
Event: 0.127 Thread 0x00007fdcfc277000  277 %     4       kotlin.UnsignedKt::ulongCompare @ 166 (12 bytes)

GC Heap History (0 events):
No events

Deoptimization events (4 events):
Event: 0.037 Thread 0x00007fdcfc016800 Uncommon trap: trap_request=0xffffff4d fr.pc=0x00007fdcec31ef0c relative=0x00000000000001ec
Event: 0.037 Thread 0x00007fdcfc016800 Uncommon trap: reason=unstable_if action=reinterpret pc=0x00007fdcec31ef0c method=java.lang.String.hashCode()I @ 14 c2
Event: 0.037 Thread 0x00007fdcfc016800 DEOPT PACKING pc=0x00007fdcec31ef0c sp=0x00007fdd010cf0d0
Event: 0.038 Thread 0x00007fdcfc016800 DEOPT UNPACKING pc=0x00007fdce489cea5 sp=0x00007fdd010cf088 mode 2

Classes redefined (0 events):
No events

Internal exceptions (0 events):
No events

Events (20 events):
Event: 0.072 loading class kotlin/collections/ArraysKt
Event: 0.072 loading class kotlin/collections/ArraysKt done
Event: 0.072 loading class kotlin/collections/ArraysKt___ArraysKt
Event: 0.072 loading class kotlin/collections/ArraysKt___ArraysKt done
Event: 0.077 loading class kotlin/collections/ArraysKt___ArraysJvmKt
Event: 0.077 loading class kotlin/collections/ArraysKt___ArraysJvmKt done
Event: 0.078 loading class kotlin/collections/ArraysKt__ArraysKt
Event: 0.078 loading class kotlin/collections/ArraysKt__ArraysKt done
Event: 0.078 loading class kotlin/collections/ArraysKt__ArraysJVMKt
Event: 0.078 loading class kotlin/collections/ArraysKt__ArraysJVMKt done
Event: 0.079 loading class kotlin/collections/ArraysUtilJVM
Event: 0.079 loading class kotlin/collections/ArraysUtilJVM done
Event: 0.080 loading class java/util/Arrays$ArrayList
Event: 0.080 loading class java/util/Arrays$ArrayList done
Event: 0.080 loading class java/util/Arrays$ArrayItr
Event: 0.080 loading class java/util/Arrays$ArrayItr done
Event: 0.085 Thread 0x00007fdca0093000 Thread added: 0x00007fdca0093000
Event: 0.085 Protecting memory [0x00007fdcc5eff000,0x00007fdcc5f03000] with protection modes 0
Event: 0.091 Thread 0x00007fdca00bd800 Thread added: 0x00007fdca00bd800
Event: 0.091 Protecting memory [0x00007fdcc5dfe000,0x00007fdcc5e02000] with protection modes 0


Dynamic libraries:
60c600000-62ba00000 rw-p 00000000 00:00 0 
62ba00000-800000000 ---p 00000000 00:00 0 
800000000-800080000 rw-p 00000000 00:00 0 
800080000-840000000 ---p 00000000 00:00 0 
560b764d4000-560b764d5000 r--p 00000000 08:02 1968997                    /usr/lib/jvm/java-11-openjdk/bin/java
560b764d5000-560b764d6000 r-xp 00001000 08:02 1968997                    /usr/lib/jvm/java-11-openjdk/bin/java
560b764d6000-560b764d7000 r--p 00002000 08:02 1968997                    /usr/lib/jvm/java-11-openjdk/bin/java
560b764d7000-560b764d8000 r--p 00002000 08:02 1968997                    /usr/lib/jvm/java-11-openjdk/bin/java
560b764d8000-560b764d9000 rw-p 00003000 08:02 1968997                    /usr/lib/jvm/java-11-openjdk/bin/java
560b767a8000-560b767c9000 rw-p 00000000 00:00 0                          [heap]
7fdc6c000000-7fdc6c021000 rw-p 00000000 00:00 0 
7fdc6c021000-7fdc70000000 ---p 00000000 00:00 0 
7fdc70000000-7fdc70021000 rw-p 00000000 00:00 0 
7fdc70021000-7fdc74000000 ---p 00000000 00:00 0 
7fdc74000000-7fdc74021000 rw-p 00000000 00:00 0 
7fdc74021000-7fdc78000000 ---p 00000000 00:00 0 
7fdc78000000-7fdc78021000 rw-p 00000000 00:00 0 
7fdc78021000-7fdc7c000000 ---p 00000000 00:00 0 
7fdc7c000000-7fdc7c021000 rw-p 00000000 00:00 0 
7fdc7c021000-7fdc80000000 ---p 00000000 00:00 0 
7fdc80000000-7fdc80021000 rw-p 00000000 00:00 0 
7fdc80021000-7fdc84000000 ---p 00000000 00:00 0 
7fdc84000000-7fdc84334000 rw-p 00000000 00:00 0 
7fdc84334000-7fdc88000000 ---p 00000000 00:00 0 
7fdc88000000-7fdc88021000 rw-p 00000000 00:00 0 
7fdc88021000-7fdc8c000000 ---p 00000000 00:00 0 
7fdc8c000000-7fdc8c021000 rw-p 00000000 00:00 0 
7fdc8c021000-7fdc90000000 ---p 00000000 00:00 0 
7fdc90000000-7fdc9029e000 rw-p 00000000 00:00 0 
7fdc9029e000-7fdc94000000 ---p 00000000 00:00 0 
7fdc94000000-7fdc94021000 rw-p 00000000 00:00 0 
7fdc94021000-7fdc98000000 ---p 00000000 00:00 0 
7fdc98000000-7fdc98021000 rw-p 00000000 00:00 0 
7fdc98021000-7fdc9c000000 ---p 00000000 00:00 0 
7fdc9c000000-7fdc9c38a000 rw-p 00000000 00:00 0 
7fdc9c38a000-7fdca0000000 ---p 00000000 00:00 0 
7fdca0000000-7fdca022b000 rw-p 00000000 00:00 0 
7fdca022b000-7fdca4000000 ---p 00000000 00:00 0 
7fdca4000000-7fdca4021000 rw-p 00000000 00:00 0 
7fdca4021000-7fdca8000000 ---p 00000000 00:00 0 
7fdca8000000-7fdca8021000 rw-p 00000000 00:00 0 
7fdca8021000-7fdcac000000 ---p 00000000 00:00 0 
7fdcac000000-7fdcac021000 rw-p 00000000 00:00 0 
7fdcac021000-7fdcb0000000 ---p 00000000 00:00 0 
7fdcb0000000-7fdcb0021000 rw-p 00000000 00:00 0 
7fdcb0021000-7fdcb4000000 ---p 00000000 00:00 0 
7fdcb4000000-7fdcb4021000 rw-p 00000000 00:00 0 
7fdcb4021000-7fdcb8000000 ---p 00000000 00:00 0 
7fdcb8000000-7fdcb8021000 rw-p 00000000 00:00 0 
7fdcb8021000-7fdcbc000000 ---p 00000000 00:00 0 
7fdcbc000000-7fdcbc021000 rw-p 00000000 00:00 0 
7fdcbc021000-7fdcc0000000 ---p 00000000 00:00 0 
7fdcc0000000-7fdcc0021000 rw-p 00000000 00:00 0 
7fdcc0021000-7fdcc4000000 ---p 00000000 00:00 0 
7fdcc56f0000-7fdcc56f1000 ---p 00000000 00:00 0 
7fdcc56f1000-7fdcc57f2000 rw-p 00000000 00:00 0 
7fdcc57f2000-7fdcc57f3000 ---p 00000000 00:00 0 
7fdcc57f3000-7fdcc58f4000 rw-p 00000000 00:00 0 
7fdcc58f4000-7fdcc58f5000 ---p 00000000 00:00 0 
7fdcc58f5000-7fdcc59f6000 rw-p 00000000 00:00 0 
7fdcc59f6000-7fdcc59f7000 ---p 00000000 00:00 0 
7fdcc59f7000-7fdcc5af8000 rw-p 00000000 00:00 0 
7fdcc5af8000-7fdcc5af9000 ---p 00000000 00:00 0 
7fdcc5af9000-7fdcc5bfa000 rw-p 00000000 00:00 0 
7fdcc5bfa000-7fdcc5bfb000 ---p 00000000 00:00 0 
7fdcc5bfb000-7fdcc5cfc000 rw-p 00000000 00:00 0 
7fdcc5cfc000-7fdcc5cfd000 ---p 00000000 00:00 0 
7fdcc5cfd000-7fdcc5dfe000 rw-p 00000000 00:00 0 
7fdcc5dfe000-7fdcc5e02000 ---p 00000000 00:00 0 
7fdcc5e02000-7fdcc5eff000 rw-p 00000000 00:00 0 
7fdcc5eff000-7fdcc5f03000 ---p 00000000 00:00 0 
7fdcc5f03000-7fdcc8000000 rw-p 00000000 00:00 0 
7fdcc8000000-7fdcc8021000 rw-p 00000000 00:00 0 
7fdcc8021000-7fdccc000000 ---p 00000000 00:00 0 
7fdccc056000-7fdccc087000 rw-p 00000000 00:00 0 
7fdccc087000-7fdccc08b000 ---p 00000000 00:00 0 
7fdccc08b000-7fdccc188000 rw-p 00000000 00:00 0 
7fdccc188000-7fdccc189000 ---p 00000000 00:00 0 
7fdccc189000-7fdccc28a000 rw-p 00000000 00:00 0 
7fdccc28a000-7fdccc28e000 ---p 00000000 00:00 0 
7fdccc28e000-7fdccc38b000 rw-p 00000000 00:00 0 
7fdccc38b000-7fdccc38f000 ---p 00000000 00:00 0 
7fdccc38f000-7fdccc48c000 rw-p 00000000 00:00 0 
7fdccc48c000-7fdccc490000 ---p 00000000 00:00 0 
7fdccc490000-7fdccc58d000 rw-p 00000000 00:00 0 
7fdccc58d000-7fdccc591000 ---p 00000000 00:00 0 
7fdccc591000-7fdccc68e000 rw-p 00000000 00:00 0 
7fdccc68e000-7fdccc692000 ---p 00000000 00:00 0 
7fdccc692000-7fdccc78f000 rw-p 00000000 00:00 0 
7fdccc78f000-7fdccca77000 r--p 00000000 08:02 14491448                   /usr/lib/locale/locale-archive
7fdccca77000-7fdccca7b000 ---p 00000000 00:00 0 
7fdccca7b000-7fdcccb78000 rw-p 00000000 00:00 0 
7fdcccb78000-7fdcccb7c000 ---p 00000000 00:00 0 
7fdcccb7c000-7fdcccc79000 rw-p 00000000 00:00 0 
7fdcccc79000-7fdcccc7a000 ---p 00000000 00:00 0 
7fdcccc7a000-7fdccd3d7000 rw-p 00000000 00:00 0 
7fdccd3d7000-7fdccd657000 ---p 00000000 00:00 0 
7fdccd657000-7fdccd658000 ---p 00000000 00:00 0 
7fdccd658000-7fdccdf29000 rw-p 00000000 00:00 0 
7fdccdf29000-7fdcd5441000 ---p 00000000 00:00 0 
7fdcd5441000-7fdcd5c11000 rw-p 00000000 00:00 0 
7fdcd5c11000-7fdcdd129000 ---p 00000000 00:00 0 
7fdcdd129000-7fdcdd223000 rw-p 00000000 00:00 0 
7fdcdd223000-7fdcde0c6000 ---p 00000000 00:00 0 
7fdcde0c6000-7fdcde1c0000 rw-p 00000000 00:00 0 
7fdcde1c0000-7fdcdf063000 ---p 00000000 00:00 0 
7fdcdf063000-7fdcdf15d000 rw-p 00000000 00:00 0 
7fdcdf15d000-7fdce0000000 ---p 00000000 00:00 0 
7fdce0000000-7fdce0021000 rw-p 00000000 00:00 0 
7fdce0021000-7fdce4000000 ---p 00000000 00:00 0 
7fdce4009000-7fdce400d000 r--p 00000000 08:02 1976496                    /usr/lib/jvm/java-11-openjdk/lib/libnet.so
7fdce400d000-7fdce401c000 r-xp 00004000 08:02 1976496                    /usr/lib/jvm/java-11-openjdk/lib/libnet.so
7fdce401c000-7fdce4020000 r--p 00013000 08:02 1976496                    /usr/lib/jvm/java-11-openjdk/lib/libnet.so
7fdce4020000-7fdce4021000 r--p 00016000 08:02 1976496                    /usr/lib/jvm/java-11-openjdk/lib/libnet.so
7fdce4021000-7fdce4022000 rw-p 00017000 08:02 1976496                    /usr/lib/jvm/java-11-openjdk/lib/libnet.so
7fdce4022000-7fdce404a000 rw-p 00000000 00:00 0 
7fdce404a000-7fdce404b000 ---p 00000000 00:00 0 
7fdce404b000-7fdce4853000 rw-p 00000000 00:00 0 
7fdce4853000-7fdce4ac3000 rwxp 00000000 00:00 0 
7fdce4ac3000-7fdce4de4000 ---p 00000000 00:00 0 
7fdce4de4000-7fdce5054000 rwxp 00000000 00:00 0 
7fdce5054000-7fdcec31b000 ---p 00000000 00:00 0 
7fdcec31b000-7fdcec58b000 rwxp 00000000 00:00 0 
7fdcec58b000-7fdcf3853000 ---p 00000000 00:00 0 
7fdcf3853000-7fdcfc000000 r--s 00000000 08:02 1976524                    /usr/lib/jvm/java-11-openjdk/lib/modules
7fdcfc000000-7fdcfc488000 rw-p 00000000 00:00 0 
7fdcfc488000-7fdd00000000 ---p 00000000 00:00 0 
7fdd00000000-7fdd00007000 r--p 00000000 08:02 1976501                    /usr/lib/jvm/java-11-openjdk/lib/libnio.so
7fdd00007000-7fdd0000e000 r-xp 00007000 08:02 1976501                    /usr/lib/jvm/java-11-openjdk/lib/libnio.so
7fdd0000e000-7fdd00011000 r--p 0000e000 08:02 1976501                    /usr/lib/jvm/java-11-openjdk/lib/libnio.so
7fdd00011000-7fdd00012000 r--p 00010000 08:02 1976501                    /usr/lib/jvm/java-11-openjdk/lib/libnio.so
7fdd00012000-7fdd00013000 rw-p 00011000 08:02 1976501                    /usr/lib/jvm/java-11-openjdk/lib/libnio.so
7fdd00013000-7fdd00156000 rw-p 00000000 00:00 0 
7fdd00156000-7fdd00157000 ---p 00000000 00:00 0 
7fdd00157000-7fdd00258000 rw-p 00000000 00:00 0 
7fdd00258000-7fdd00259000 ---p 00000000 00:00 0 
7fdd00259000-7fdd00ca3000 rw-p 00000000 00:00 0 
7fdd00ca3000-7fdd00ca4000 ---p 00000000 00:00 0 
7fdd00ca4000-7fdd00daa000 rw-p 00000000 00:00 0 
7fdd00daa000-7fdd00e90000 ---p 00000000 00:00 0 
7fdd00e90000-7fdd00e95000 rw-p 00000000 00:00 0 
7fdd00e95000-7fdd00f7b000 ---p 00000000 00:00 0 
7fdd00f7b000-7fdd00f80000 rw-p 00000000 00:00 0 
7fdd00f80000-7fdd00f87000 ---p 00000000 00:00 0 
7fdd00f87000-7fdd00f89000 r--p 00000000 08:02 1976523                    /usr/lib/jvm/java-11-openjdk/lib/libzip.so
7fdd00f89000-7fdd00f8d000 r-xp 00002000 08:02 1976523                    /usr/lib/jvm/java-11-openjdk/lib/libzip.so
7fdd00f8d000-7fdd00f8f000 r--p 00006000 08:02 1976523                    /usr/lib/jvm/java-11-openjdk/lib/libzip.so
7fdd00f8f000-7fdd00f90000 r--p 00007000 08:02 1976523                    /usr/lib/jvm/java-11-openjdk/lib/libzip.so
7fdd00f90000-7fdd00f91000 rw-p 00008000 08:02 1976523                    /usr/lib/jvm/java-11-openjdk/lib/libzip.so
7fdd00f91000-7fdd00f99000 rw-s 00000000 00:24 434639                     /tmp/hsperfdata_stepanov/2008023
7fdd00f99000-7fdd00fa7000 r--p 00000000 08:02 1976470                    /usr/lib/jvm/java-11-openjdk/lib/libjava.so
7fdd00fa7000-7fdd00fbc000 r-xp 0000e000 08:02 1976470                    /usr/lib/jvm/java-11-openjdk/lib/libjava.so
7fdd00fbc000-7fdd00fc2000 r--p 00023000 08:02 1976470                    /usr/lib/jvm/java-11-openjdk/lib/libjava.so
7fdd00fc2000-7fdd00fc3000 ---p 00029000 08:02 1976470                    /usr/lib/jvm/java-11-openjdk/lib/libjava.so
7fdd00fc3000-7fdd00fc4000 r--p 00029000 08:02 1976470                    /usr/lib/jvm/java-11-openjdk/lib/libjava.so
7fdd00fc4000-7fdd00fc5000 rw-p 0002a000 08:02 1976470                    /usr/lib/jvm/java-11-openjdk/lib/libjava.so
7fdd00fc5000-7fdd00fc6000 rw-p 00000000 00:00 0 
7fdd00fc6000-7fdd00fc9000 r--p 00000000 08:02 14421227                   /usr/lib/librt-2.33.so
7fdd00fc9000-7fdd00fcd000 r-xp 00003000 08:02 14421227                   /usr/lib/librt-2.33.so
7fdd00fcd000-7fdd00fcf000 r--p 00007000 08:02 14421227                   /usr/lib/librt-2.33.so
7fdd00fcf000-7fdd00fd0000 r--p 00008000 08:02 14421227                   /usr/lib/librt-2.33.so
7fdd00fd0000-7fdd00fd1000 rw-p 00009000 08:02 14421227                   /usr/lib/librt-2.33.so
7fdd00fd1000-7fdd00fd5000 ---p 00000000 00:00 0 
7fdd00fd5000-7fdd010d2000 rw-p 00000000 00:00 0 
7fdd010d2000-7fdd010d5000 r--p 00000000 08:02 14421476                   /usr/lib/libgcc_s.so.1
7fdd010d5000-7fdd010e7000 r-xp 00003000 08:02 14421476                   /usr/lib/libgcc_s.so.1
7fdd010e7000-7fdd010ea000 r--p 00015000 08:02 14421476                   /usr/lib/libgcc_s.so.1
7fdd010ea000-7fdd010eb000 ---p 00018000 08:02 14421476                   /usr/lib/libgcc_s.so.1
7fdd010eb000-7fdd010ec000 r--p 00018000 08:02 14421476                   /usr/lib/libgcc_s.so.1
7fdd010ec000-7fdd010ed000 rw-p 00019000 08:02 14421476                   /usr/lib/libgcc_s.so.1
7fdd010ed000-7fdd010fc000 r--p 00000000 08:02 14421113                   /usr/lib/libm-2.33.so
7fdd010fc000-7fdd01196000 r-xp 0000f000 08:02 14421113                   /usr/lib/libm-2.33.so
7fdd01196000-7fdd0122e000 r--p 000a9000 08:02 14421113                   /usr/lib/libm-2.33.so
7fdd0122e000-7fdd0122f000 ---p 00141000 08:02 14421113                   /usr/lib/libm-2.33.so
7fdd0122f000-7fdd01230000 r--p 00141000 08:02 14421113                   /usr/lib/libm-2.33.so
7fdd01230000-7fdd01231000 rw-p 00142000 08:02 14421113                   /usr/lib/libm-2.33.so
7fdd01231000-7fdd012ca000 r--p 00000000 08:02 14477167                   /usr/lib/libstdc++.so.6.0.29
7fdd012ca000-7fdd013ca000 r-xp 00099000 08:02 14477167                   /usr/lib/libstdc++.so.6.0.29
7fdd013ca000-7fdd01436000 r--p 00199000 08:02 14477167                   /usr/lib/libstdc++.so.6.0.29
7fdd01436000-7fdd01443000 r--p 00204000 08:02 14477167                   /usr/lib/libstdc++.so.6.0.29
7fdd01443000-7fdd01444000 rw-p 00211000 08:02 14477167                   /usr/lib/libstdc++.so.6.0.29
7fdd01444000-7fdd01447000 rw-p 00000000 00:00 0 
7fdd01447000-7fdd016bf000 r--p 00000000 08:02 1976538                    /usr/lib/jvm/java-11-openjdk/lib/server/libjvm.so
7fdd016bf000-7fdd022c3000 r-xp 00278000 08:02 1976538                    /usr/lib/jvm/java-11-openjdk/lib/server/libjvm.so
7fdd022c3000-7fdd02503000 r--p 00e7c000 08:02 1976538                    /usr/lib/jvm/java-11-openjdk/lib/server/libjvm.so
7fdd02503000-7fdd02504000 ---p 010bc000 08:02 1976538                    /usr/lib/jvm/java-11-openjdk/lib/server/libjvm.so
7fdd02504000-7fdd025c5000 r--p 010bc000 08:02 1976538                    /usr/lib/jvm/java-11-openjdk/lib/server/libjvm.so
7fdd025c5000-7fdd025ff000 rw-p 0117d000 08:02 1976538                    /usr/lib/jvm/java-11-openjdk/lib/server/libjvm.so
7fdd025ff000-7fdd02657000 rw-p 00000000 00:00 0 
7fdd02657000-7fdd0265e000 r--p 00000000 08:02 14421201                   /usr/lib/libpthread-2.33.so
7fdd0265e000-7fdd0266d000 r-xp 00007000 08:02 14421201                   /usr/lib/libpthread-2.33.so
7fdd0266d000-7fdd02671000 r--p 00016000 08:02 14421201                   /usr/lib/libpthread-2.33.so
7fdd02671000-7fdd02672000 ---p 0001a000 08:02 14421201                   /usr/lib/libpthread-2.33.so
7fdd02672000-7fdd02673000 r--p 0001a000 08:02 14421201                   /usr/lib/libpthread-2.33.so
7fdd02673000-7fdd02674000 rw-p 0001b000 08:02 14421201                   /usr/lib/libpthread-2.33.so
7fdd02674000-7fdd02678000 rw-p 00000000 00:00 0 
7fdd02678000-7fdd0267a000 r--p 00000000 08:02 14421089                   /usr/lib/libdl-2.33.so
7fdd0267a000-7fdd0267c000 r-xp 00002000 08:02 14421089                   /usr/lib/libdl-2.33.so
7fdd0267c000-7fdd0267d000 r--p 00004000 08:02 14421089                   /usr/lib/libdl-2.33.so
7fdd0267d000-7fdd0267e000 r--p 00004000 08:02 14421089                   /usr/lib/libdl-2.33.so
7fdd0267e000-7fdd0267f000 rw-p 00005000 08:02 14421089                   /usr/lib/libdl-2.33.so
7fdd0267f000-7fdd02682000 r--p 00000000 08:02 14439370                   /usr/lib/libz.so.1.2.11
7fdd02682000-7fdd02690000 r-xp 00003000 08:02 14439370                   /usr/lib/libz.so.1.2.11
7fdd02690000-7fdd02696000 r--p 00011000 08:02 14439370                   /usr/lib/libz.so.1.2.11
7fdd02696000-7fdd02697000 ---p 00017000 08:02 14439370                   /usr/lib/libz.so.1.2.11
7fdd02697000-7fdd02698000 r--p 00017000 08:02 14439370                   /usr/lib/libz.so.1.2.11
7fdd02698000-7fdd02699000 rw-p 00018000 08:02 14439370                   /usr/lib/libz.so.1.2.11
7fdd02699000-7fdd026bf000 r--p 00000000 08:02 14421056                   /usr/lib/libc-2.33.so
7fdd026bf000-7fdd0280a000 r-xp 00026000 08:02 14421056                   /usr/lib/libc-2.33.so
7fdd0280a000-7fdd02856000 r--p 00171000 08:02 14421056                   /usr/lib/libc-2.33.so
7fdd02856000-7fdd02859000 r--p 001bc000 08:02 14421056                   /usr/lib/libc-2.33.so
7fdd02859000-7fdd0285c000 rw-p 001bf000 08:02 14421056                   /usr/lib/libc-2.33.so
7fdd0285c000-7fdd02865000 rw-p 00000000 00:00 0 
7fdd0286c000-7fdd0286e000 r--p 00000000 08:02 14421153                   /usr/lib/libnss_compat-2.33.so
7fdd0286e000-7fdd02874000 r-xp 00002000 08:02 14421153                   /usr/lib/libnss_compat-2.33.so
7fdd02874000-7fdd02875000 r--p 00008000 08:02 14421153                   /usr/lib/libnss_compat-2.33.so
7fdd02875000-7fdd02876000 r--p 00008000 08:02 14421153                   /usr/lib/libnss_compat-2.33.so
7fdd02876000-7fdd02877000 rw-p 00009000 08:02 14421153                   /usr/lib/libnss_compat-2.33.so
7fdd02877000-7fdd02878000 ---p 00000000 00:00 0 
7fdd02878000-7fdd02879000 r--p 00000000 00:00 0 
7fdd02879000-7fdd0287b000 r--p 00000000 08:02 1976476                    /usr/lib/jvm/java-11-openjdk/lib/libjimage.so
7fdd0287b000-7fdd0287e000 r-xp 00002000 08:02 1976476                    /usr/lib/jvm/java-11-openjdk/lib/libjimage.so
7fdd0287e000-7fdd0287f000 r--p 00005000 08:02 1976476                    /usr/lib/jvm/java-11-openjdk/lib/libjimage.so
7fdd0287f000-7fdd02880000 ---p 00006000 08:02 1976476                    /usr/lib/jvm/java-11-openjdk/lib/libjimage.so
7fdd02880000-7fdd02881000 r--p 00006000 08:02 1976476                    /usr/lib/jvm/java-11-openjdk/lib/libjimage.so
7fdd02881000-7fdd02882000 rw-p 00007000 08:02 1976476                    /usr/lib/jvm/java-11-openjdk/lib/libjimage.so
7fdd02882000-7fdd02887000 r--p 00000000 08:02 1976521                    /usr/lib/jvm/java-11-openjdk/lib/libverify.so
7fdd02887000-7fdd0288e000 r-xp 00005000 08:02 1976521                    /usr/lib/jvm/java-11-openjdk/lib/libverify.so
7fdd0288e000-7fdd02890000 r--p 0000c000 08:02 1976521                    /usr/lib/jvm/java-11-openjdk/lib/libverify.so
7fdd02890000-7fdd02892000 r--p 0000d000 08:02 1976521                    /usr/lib/jvm/java-11-openjdk/lib/libverify.so
7fdd02892000-7fdd02893000 rw-p 0000f000 08:02 1976521                    /usr/lib/jvm/java-11-openjdk/lib/libverify.so
7fdd02893000-7fdd02896000 r--p 00000000 08:02 1976252                    /usr/lib/jvm/java-11-openjdk/lib/jli/libjli.so
7fdd02896000-7fdd028a0000 r-xp 00003000 08:02 1976252                    /usr/lib/jvm/java-11-openjdk/lib/jli/libjli.so
7fdd028a0000-7fdd028a3000 r--p 0000d000 08:02 1976252                    /usr/lib/jvm/java-11-openjdk/lib/jli/libjli.so
7fdd028a3000-7fdd028a4000 ---p 00010000 08:02 1976252                    /usr/lib/jvm/java-11-openjdk/lib/jli/libjli.so
7fdd028a4000-7fdd028a5000 r--p 00010000 08:02 1976252                    /usr/lib/jvm/java-11-openjdk/lib/jli/libjli.so
7fdd028a5000-7fdd028a6000 rw-p 00011000 08:02 1976252                    /usr/lib/jvm/java-11-openjdk/lib/jli/libjli.so
7fdd028a6000-7fdd028a8000 rw-p 00000000 00:00 0 
7fdd028a8000-7fdd028a9000 r--p 00000000 08:02 14420974                   /usr/lib/ld-2.33.so
7fdd028a9000-7fdd028cd000 r-xp 00001000 08:02 14420974                   /usr/lib/ld-2.33.so
7fdd028cd000-7fdd028d6000 r--p 00025000 08:02 14420974                   /usr/lib/ld-2.33.so
7fdd028d6000-7fdd028d8000 r--p 0002d000 08:02 14420974                   /usr/lib/ld-2.33.so
7fdd028d8000-7fdd028da000 rw-p 0002f000 08:02 14420974                   /usr/lib/ld-2.33.so
7ffe3008d000-7ffe300ae000 rw-p 00000000 00:00 0                          [stack]
7ffe300cc000-7ffe300d0000 r--p 00000000 00:00 0                          [vvar]
7ffe300d0000-7ffe300d2000 r-xp 00000000 00:00 0                          [vdso]
ffffffffff600000-ffffffffff601000 --xp 00000000 00:00 0                  [vsyscall]


VM Arguments:
java_command: Tmp0Kt
java_class_path (initial): tmp/lib/kotlin-stdlib-1.4.0.jar:tmp/lib/kotlin-stdlib-common-1.4.0.jar:tmp/lib/kotlin-test-1.4.0.jar:tmp/lib/kotlin-test-common-1.4.0.jar:tmp/lib/kotlin-reflect-1.4.0.jar:tmp/lib/kotlin-script-runtime-1.4.0.jar:tmp/lib/kotlin-stdlib-jdk8-1.4.0.jar:tmp/lib/kotlin-stdlib-jdk7-1.4.0.jar:tmp/tmp.jar
Launcher Type: SUN_STANDARD

[Global flags]
     intx CICompilerCount                          = 4                                         {product} {ergonomic}
     uint ConcGCThreads                            = 2                                         {product} {ergonomic}
     uint G1ConcRefinementThreads                  = 8                                         {product} {ergonomic}
   size_t G1HeapRegionSize                         = 2097152                                   {product} {ergonomic}
    uintx GCDrainStackTargetSize                   = 64                                        {product} {ergonomic}
   size_t InitialHeapSize                          = 524288000                                 {product} {ergonomic}
   size_t MarkStackSize                            = 4194304                                   {product} {ergonomic}
   size_t MaxHeapSize                              = 8382316544                                {product} {ergonomic}
   size_t MaxNewSize                               = 5028970496                                {product} {ergonomic}
   size_t MinHeapDeltaBytes                        = 2097152                                   {product} {ergonomic}
    uintx NonNMethodCodeHeapSize                   = 5836300                                {pd product} {ergonomic}
    uintx NonProfiledCodeHeapSize                  = 122910970                              {pd product} {ergonomic}
    uintx ProfiledCodeHeapSize                     = 122910970                              {pd product} {ergonomic}
    uintx ReservedCodeCacheSize                    = 251658240                              {pd product} {ergonomic}
     bool SegmentedCodeCache                       = true                                      {product} {ergonomic}
     bool UseCompressedClassPointers               = true                                 {lp64_product} {ergonomic}
     bool UseCompressedOops                        = true                                 {lp64_product} {ergonomic}
     bool UseG1GC                                  = true                                      {product} {ergonomic}

Logging:
Log output configuration:
 #0: stdout all=warning uptime,level,tags
 #1: stderr all=off uptime,level,tags

Environment Variables:
JAVA_HOME=/usr/lib/jvm/java-11-openjdk
PATH=/usr/lib/jvm/java-14-openjdk/bin:/usr/local/bin:/usr/local/sbin:/usr/bin:/opt/android-sdk/tools:/opt/android-sdk/tools/bin:/usr/lib/jvm/default/bin:/usr/lib/smlnj/bin
LD_LIBRARY_PATH=/opt/cuda/lib64
SHELL=/bin/bash
DISPLAY=:0.0
LANG=en_US.UTF-8

Signal Handlers:
SIGSEGV: [libjvm.so+0xe0a500], sa_mask[0]=11111111011111111101111111111110, sa_flags=SA_RESTART|SA_SIGINFO
SIGBUS: [libjvm.so+0xe0a500], sa_mask[0]=11111111011111111101111111111110, sa_flags=SA_RESTART|SA_SIGINFO
SIGFPE: [libjvm.so+0xe0a500], sa_mask[0]=11111111011111111101111111111110, sa_flags=SA_RESTART|SA_SIGINFO
SIGPIPE: [libjvm.so+0xbf93d0], sa_mask[0]=11111111011111111101111111111110, sa_flags=SA_RESTART|SA_SIGINFO
SIGXFSZ: [libjvm.so+0xbf93d0], sa_mask[0]=11111111011111111101111111111110, sa_flags=SA_RESTART|SA_SIGINFO
SIGILL: [libjvm.so+0xe0a500], sa_mask[0]=11111111011111111101111111111110, sa_flags=SA_RESTART|SA_SIGINFO
SIGUSR2: [libjvm.so+0xbf9260], sa_mask[0]=00100000000000000000000000000000, sa_flags=SA_RESTART|SA_SIGINFO
SIGHUP: [libjvm.so+0xbf9860], sa_mask[0]=11111111011111111101111111111110, sa_flags=SA_RESTART|SA_SIGINFO
SIGINT: [libjvm.so+0xbf9860], sa_mask[0]=11111111011111111101111111111110, sa_flags=SA_RESTART|SA_SIGINFO
SIGTERM: [libjvm.so+0xbf9860], sa_mask[0]=11111111011111111101111111111110, sa_flags=SA_RESTART|SA_SIGINFO
SIGQUIT: [libjvm.so+0xbf9860], sa_mask[0]=11111111011111111101111111111110, sa_flags=SA_RESTART|SA_SIGINFO


---------------  S Y S T E M  ---------------

OS:LSB_VERSION=1.4
DISTRIB_ID=Arch
DISTRIB_RELEASE=rolling
DISTRIB_DESCRIPTION="Arch Linux"
uname:Linux 5.15.4-arch1-1 #1 SMP PREEMPT Sun, 21 Nov 2021 21:34:33 +0000 x86_64
OS uptime: 9 days 8:45 hours
libc:glibc 2.33 NPTL 2.33 
rlimit (soft/hard): STACK 8192k/infinity , CORE infinity/infinity , NPROC 127832/127832 , NOFILE 524288/524288 , AS infinity/infinity , CPU infinity/infinity , DATA infinity/infinity , FSIZE infinity/infinity , MEMLOCK 1024k/1024k
load average:2.28 2.91 3.07

/proc/meminfo:
MemTotal:       32740680 kB
MemFree:        15147412 kB
MemAvailable:   20919112 kB
Buffers:          385016 kB
Cached:          5898880 kB
SwapCached:            0 kB
Active:          2297476 kB
Inactive:       14522580 kB
Active(anon):      55264 kB
Inactive(anon): 10804288 kB
Active(file):    2242212 kB
Inactive(file):  3718292 kB
Unevictable:      246672 kB
Mlocked:              64 kB
SwapTotal:      32575484 kB
SwapFree:       32575484 kB
Dirty:               140 kB
Writeback:             0 kB
AnonPages:      10782960 kB
Mapped:          1347360 kB
Shmem:            323396 kB
KReclaimable:     274352 kB
Slab:             365684 kB
SReclaimable:     274352 kB
SUnreclaim:        91332 kB
KernelStack:       15344 kB
PageTables:        45004 kB
NFS_Unstable:          0 kB
Bounce:                0 kB
WritebackTmp:          0 kB
CommitLimit:    48945824 kB
Committed_AS:   14544480 kB
VmallocTotal:   34359738367 kB
VmallocUsed:       38592 kB
VmallocChunk:          0 kB
Percpu:             5600 kB
HardwareCorrupted:     0 kB
AnonHugePages:         0 kB
ShmemHugePages:        0 kB
ShmemPmdMapped:        0 kB
FileHugePages:         0 kB
FilePmdMapped:         0 kB
CmaTotal:              0 kB
CmaFree:               0 kB
HugePages_Total:       0
HugePages_Free:        0
HugePages_Rsvd:        0
HugePages_Surp:        0
Hugepagesize:       2048 kB
Hugetlb:               0 kB
DirectMap4k:      393304 kB
DirectMap2M:    22542336 kB
DirectMap1G:    11534336 kB

/sys/kernel/mm/transparent_hugepage/enabled:
always [madvise] never
/sys/kernel/mm/transparent_hugepage/defrag (defrag/compaction efforts parameter):
always defer defer+madvise [madvise] never

Process Memory:
Virtual Size: 11677508K (peak: 11677508K)
Resident Set Size: 71988K (peak: 71988K) (anon: 52836K, file: 19120K, shmem: 32K)
Swapped out: 0K
C-Heap outstanding allocations: 14188K

/proc/sys/kernel/threads-max (system-wide limit on the number of threads):
255665
/proc/sys/vm/max_map_count (maximum number of memory map areas a process may have):
65530
/proc/sys/kernel/pid_max (system-wide limit on number of process identifiers):
4194304

Steal ticks since vm start: 0
Steal ticks percentage since vm start:  0.000

CPU:total 8 (initial active 8) (4 cores per cpu, 2 threads per core) family 6 model 60 stepping 3 microcode 0x1c, cmov, cx8, fxsr, mmx, sse, sse2, sse3, ssse3, sse4.1, sse4.2, popcnt, avx, avx2, aes, clmul, erms, lzcnt, ht, tsc, tscinvbit, bmi1, bmi2, fma
CPU Model and flags from /proc/cpuinfo:
model name	: Intel(R) Core(TM) i7-4790 CPU @ 3.60GHz
flags		: fpu vme de pse tsc msr pae mce cx8 apic sep mtrr pge mca cmov pat pse36 clflush dts acpi mmx fxsr sse sse2 ss ht tm pbe syscall nx pdpe1gb rdtscp lm constant_tsc arch_perfmon pebs bts rep_good nopl xtopology nonstop_tsc cpuid aperfmperf pni pclmulqdq dtes64 monitor ds_cpl vmx smx est tm2 ssse3 sdbg fma cx16 xtpr pdcm pcid sse4_1 sse4_2 x2apic movbe popcnt aes xsave avx f16c rdrand lahf_lm abm cpuid_fault invpcid_single pti tpr_shadow vnmi flexpriority ept vpid ept_ad fsgsbase tsc_adjust bmi1 avx2 smep bmi2 erms invpcid xsaveopt dtherm ida arat pln pts
Online cpus:
0-7
Offline cpus:

BIOS frequency limitation:
<Not Available>
Frequency switch latency (ns):
20000
Available cpu frequencies:
<Not Available>
Current governor:
schedutil
Core performance/turbo boost:
<Not Available>

Memory: 4k page, physical 32740680k(15147412k free), swap 32575484k(32575484k free)

vm_info: OpenJDK 64-Bit Server VM (11.0.13+8) for linux-amd64 JRE (11.0.13+8), built on Nov  9 2021 19:45:44 by "builduser" with gcc 11.1.0

END.
