#
# A fatal error has been detected by the Java Runtime Environment:
#
#  SIGSEGV (0xb) at pc=0x00007f724f073fd7, pid=2844683, tid=2844698
#
# JRE version: OpenJDK Runtime Environment (11.0.13+8) (build 11.0.13+8)
# Java VM: OpenJDK 64-Bit Server VM (11.0.13+8, mixed mode, tiered, compressed oops, g1 gc, linux-amd64)
# Problematic frame:
# V  [libjvm.so+0x5b3fd7]
#
# Core dump will be written. Default location: Core dumps may be processed with "/usr/lib/systemd/systemd-coredump %P %u %g %s %t %c %h" (or dumping to /home/stepanov/workspace/guidedBBF/bbfgradle/core.2844683)
#
# If you would like to submit a bug report, please visit:
#   https://bugreport.java.com/bugreport/crash.jsp
#

---------------  S U M M A R Y ------------

Command Line: Tmp0Kt

Host: Intel(R) Core(TM) i7-4790 CPU @ 3.60GHz, 8 cores, 31G, Arch Linux
Time: Fri Dec  3 09:51:24 2021 MSK elapsed time: 0.212694 seconds (0d 0h 0m 0s)

---------------  T H R E A D  ---------------

Current thread (0x00007f7248277000):  JavaThread "C2 CompilerThread0" daemon [_thread_in_native, id=2844698, stack(0x00007f721830d000,0x00007f721840e000)]


Current CompileTask:
C2:    212  257 %     4       kotlin.UnsignedKt::ulongCompare @ 556 (12 bytes)

Stack: [0x00007f721830d000,0x00007f721840e000],  sp=0x00007f721840ad20,  free space=1015k
Native frames: (J=compiled Java code, A=aot compiled Java code, j=interpreted, Vv=VM code, C=native code)
V  [libjvm.so+0x5b3fd7]
V  [libjvm.so+0x5b7c71]
V  [libjvm.so+0x5b7de2]
V  [libjvm.so+0x594f9d]
V  [libjvm.so+0xc34b84]
V  [libjvm.so+0x55b19c]
V  [libjvm.so+0x63045e]
V  [libjvm.so+0x55a4c5]
V  [libjvm.so+0x6394c6]
V  [libjvm.so+0x63a788]
V  [libjvm.so+0xd9c2f8]
V  [libjvm.so+0xd997d1]
V  [libjvm.so+0xc03641]


siginfo: si_signo: 11 (SIGSEGV), si_code: 1 (SEGV_MAPERR), si_addr: 0x00007f744dd81630

Register to memory mapping:

RAX=0x00007f71d0150a30 points into unknown readable memory: 0x0000000000000000 | 00 00 00 00 00 00 00 00
RBX=0x00007f71d01509b0 points into unknown readable memory: 0x00007f721840c970 | 70 c9 40 18 72 7f 00 00
RCX=0x0 is NULL
RDX=0x00007f71d0055880 points into unknown readable memory: 0x00007f71d0055890 | 90 58 05 d0 71 7f 00 00
RSP=0x00007f721840ad20 is pointing into the stack for thread: 0x00007f7248277000
RBP=0x00007f721840ad60 is pointing into the stack for thread: 0x00007f7248277000
RSI=0x000000004fb86180 is an unknown value
RDI=0x00007f71d01509b0 points into unknown readable memory: 0x00007f721840c970 | 70 c9 40 18 72 7f 00 00
R8 =0x00007f721840c978 is pointing into the stack for thread: 0x00007f7248277000
R9 =0x00000000ffffffff is an unknown value
R10=0x00007f71dc0b9d20 points into unknown readable memory: 0x00007f724828eac0 | c0 ea 28 48 72 7f 00 00
R11=0x00007f71d015036c points into unknown readable memory: 01 00 00 00
R12=0x00007f7248277bd0 points into unknown readable memory: 0x00007f7200000006 | 06 00 00 00 72 7f 00 00
R13=0x00007f71d0055880 points into unknown readable memory: 0x00007f71d0055890 | 90 58 05 d0 71 7f 00 00
R14=0x00007f71d01509b0 points into unknown readable memory: 0x00007f721840c970 | 70 c9 40 18 72 7f 00 00
R15=0x000000004fb86180 is an unknown value


Registers:
RAX=0x00007f71d0150a30, RBX=0x00007f71d01509b0, RCX=0x0000000000000000, RDX=0x00007f71d0055880
RSP=0x00007f721840ad20, RBP=0x00007f721840ad60, RSI=0x000000004fb86180, RDI=0x00007f71d01509b0
R8 =0x00007f721840c978, R9 =0x00000000ffffffff, R10=0x00007f71dc0b9d20, R11=0x00007f71d015036c
R12=0x00007f7248277bd0, R13=0x00007f71d0055880, R14=0x00007f71d01509b0, R15=0x000000004fb86180
RIP=0x00007f724f073fd7, EFLAGS=0x0000000000010202, CSGSFS=0x002b000000000033, ERR=0x0000000000000004
  TRAPNO=0x000000000000000e

Top of Stack: (sp=0x00007f721840ad20)
0x00007f721840ad20:   00007f721840adc0 00000000d0055890
0x00007f721840ad30:   00007f71d0055880 00007f71d01509b0
0x00007f721840ad40:   00007f7248277bd0 00007f71d0055880
0x00007f721840ad50:   00007f71d0055850 00007f71d0051f00 

Instructions: (pc=0x00007f724f073fd7)
0x00007f724f073ed7:   00 48 8b 11 45 31 f6 4c 63 00 c7 02 00 00 00 00
0x00007f724f073ee7:   4c 89 c0 49 c1 e0 03 85 c0 7e 35 66 0f 1f 44 00
0x00007f724f073ef7:   00 49 8b 45 00 48 8b 19 4c 8b 78 18 48 63 33 4d
0x00007f724f073f07:   01 f7 3b 73 04 74 5a 8d 46 01 49 83 c6 08 89 03
0x00007f724f073f17:   48 8b 43 18 49 8b 17 48 89 14 f0 4d 39 c6 75 d1
0x00007f724f073f27:   66 0f 6f 05 a1 b4 8e 00 49 89 4c 24 30 49 c7 44
0x00007f724f073f37:   24 60 00 00 00 00 41 0f 11 44 24 38 66 0f ef c0
0x00007f724f073f47:   41 c7 44 24 48 00 00 00 00 41 0f 11 44 24 50 48
0x00007f724f073f57:   83 c4 18 5b 41 5c 41 5d 41 5e 41 5f 5d c3 0f 1f
0x00007f724f073f67:   00 48 89 df 4c 89 45 c0 49 83 c6 08 48 89 4d c8
0x00007f724f073f77:   e8 34 40 00 00 48 63 03 4c 8b 45 c0 48 8b 4d c8
0x00007f724f073f87:   8d 50 01 4d 39 c6 89 13 48 8b 53 18 49 8b 37 48
0x00007f724f073f97:   89 34 c2 0f 85 58 ff ff ff eb 85 66 0f 1f 44 00
0x00007f724f073fa7:   00 31 d2 e9 7a fe ff ff 90 55 48 89 e5 41 57 4c
0x00007f724f073fb7:   63 fe 41 56 49 89 fe 41 55 49 89 d5 41 54 53 48
0x00007f724f073fc7:   83 ec 18 48 8b 07 89 4d cc 4c 8b 00 48 8b 47 40
0x00007f724f073fd7:   4a 8b 1c f8 48 85 db 0f 84 64 01 00 00 83 7d cc
0x00007f724f073fe7:   01 0f 84 02 01 00 00 8b 03 85 c0 7e 7d 48 8b 73
0x00007f724f073ff7:   18 83 e8 01 4c 8d 5c c6 08 4c 8b 26 41 80 7c 24
0x00007f724f074007:   48 00 75 5d 49 8b 55 00 8b 02 85 c0 0f 84 ae 00
0x00007f724f074017:   00 00 49 8b 4c 24 30 48 8b 09 48 63 39 39 c7 75
0x00007f724f074027:   40 85 ff 0f 8e 97 00 00 00 4c 8b 51 18 4c 8b 4a
0x00007f724f074037:   18 4c 89 65 c0 31 c0 eb 15 8b 52 04 39 51 04 75
0x00007f724f074047:   20 48 83 c0 01 48 39 f8 0f 84 8b 00 00 00 49 8b
0x00007f724f074057:   14 c1 49 8b 0c c2 44 8b 22 44 39 21 74 db 0f 1f
0x00007f724f074067:   00 48 83 c6 08 49 39 f3 75 8f 83 7d cc 02 0f 84
0x00007f724f074077:   b5 01 00 00 49 8b 46 10 4c 89 c6 bf 68 00 00 00
0x00007f724f074087:   48 8b 40 10 48 8b 40 18 4e 8b 3c f8 67 e8 57 85
0x00007f724f074097:   e6 ff 49 89 c4 48 85 c0 74 11 4c 89 e9 4c 89 fa
0x00007f724f0740a7:   4c 89 f6 48 89 c7 e8 be fc ff ff 48 63 33 3b 73
0x00007f724f0740b7:   04 74 7b 8d 46 01 89 03 48 8b 43 18 4c 89 24 f0
0x00007f724f0740c7:   48 83 c4 18 4c 89 e0 5b 41 5c 41 5d 41 5e 41 5f 


Stack slot to memory mapping:
stack at sp + 0 slots: 0x00007f721840adc0 is pointing into the stack for thread: 0x00007f7248277000
stack at sp + 1 slots: 0x00000000d0055890 is an unknown value
stack at sp + 2 slots: 0x00007f71d0055880 points into unknown readable memory: 0x00007f71d0055890 | 90 58 05 d0 71 7f 00 00
stack at sp + 3 slots: 0x00007f71d01509b0 points into unknown readable memory: 0x00007f721840c970 | 70 c9 40 18 72 7f 00 00
stack at sp + 4 slots: 0x00007f7248277bd0 points into unknown readable memory: 0x00007f7200000006 | 06 00 00 00 72 7f 00 00
stack at sp + 5 slots: 0x00007f71d0055880 points into unknown readable memory: 0x00007f71d0055890 | 90 58 05 d0 71 7f 00 00
stack at sp + 6 slots: 0x00007f71d0055850 points into unknown readable memory: 0x00007f71d0150a40 | 40 0a 15 d0 71 7f 00 00
stack at sp + 7 slots: 0x00007f71d0051f00 points into unknown readable memory: 0x0000000000000000 | 00 00 00 00 00 00 00 00


---------------  P R O C E S S  ---------------

Threads class SMR info:
_java_thread_list=0x00007f71dc000c30, length=11, elements={
0x00007f7248016800, 0x00007f724825a000, 0x00007f724825e000, 0x00007f7248273000,
0x00007f7248275000, 0x00007f7248277000, 0x00007f7248279000, 0x00007f724827b800,
0x00007f7248343000, 0x00007f71ec072800, 0x00007f71dc023000
}

Java Threads: ( => current thread )
  0x00007f7248016800 JavaThread "main" [_thread_in_Java, id=2844687, stack(0x00007f724e64a000,0x00007f724e74b000)]
  0x00007f724825a000 JavaThread "Reference Handler" daemon [_thread_blocked, id=2844694, stack(0x00007f7230327000,0x00007f7230428000)]
  0x00007f724825e000 JavaThread "Finalizer" daemon [_thread_blocked, id=2844695, stack(0x00007f7230226000,0x00007f7230327000)]
  0x00007f7248273000 JavaThread "Signal Dispatcher" daemon [_thread_blocked, id=2844696, stack(0x00007f7230125000,0x00007f7230226000)]
  0x00007f7248275000 JavaThread "Service Thread" daemon [_thread_blocked, id=2844697, stack(0x00007f7230024000,0x00007f7230125000)]
=>0x00007f7248277000 JavaThread "C2 CompilerThread0" daemon [_thread_in_native, id=2844698, stack(0x00007f721830d000,0x00007f721840e000)]
  0x00007f7248279000 JavaThread "C1 CompilerThread0" daemon [_thread_blocked, id=2844699, stack(0x00007f721820c000,0x00007f721830d000)]
  0x00007f724827b800 JavaThread "Sweeper thread" daemon [_thread_blocked, id=2844700, stack(0x00007f721810b000,0x00007f721820c000)]
  0x00007f7248343000 JavaThread "Common-Cleaner" daemon [_thread_blocked, id=2844702, stack(0x00007f720b6ff000,0x00007f720b800000)]
  0x00007f71ec072800 JavaThread "C2 CompilerThread1" daemon [_thread_blocked, id=2844703, stack(0x00007f720b5b4000,0x00007f720b6b5000)]
  0x00007f71dc023000 JavaThread "C2 CompilerThread2" daemon [_thread_blocked, id=2844704, stack(0x00007f720b4b3000,0x00007f720b5b4000)]

Other Threads:
  0x00007f7248252000 VMThread "VM Thread" [stack: 0x00007f723042a000,0x00007f723052a000] [id=2844693]
  0x00007f7248332000 WatcherThread [stack: 0x00007f721800b000,0x00007f721810b000] [id=2844701]
  0x00007f724802e800 GCTaskThread "GC Thread#0" [stack: 0x00007f724e31e000,0x00007f724e41e000] [id=2844688]
  0x00007f7200001000 GCTaskThread "GC Thread#1" [stack: 0x00007f720b295000,0x00007f720b395000] [id=2844705]
  0x00007f7200003000 GCTaskThread "GC Thread#2" [stack: 0x00007f720b193000,0x00007f720b293000] [id=2844706]
  0x00007f7200004800 GCTaskThread "GC Thread#3" [stack: 0x00007f720b091000,0x00007f720b191000] [id=2844707]
  0x00007f7200006800 GCTaskThread "GC Thread#4" [stack: 0x00007f720af8f000,0x00007f720b08f000] [id=2844708]
  0x00007f7200008800 GCTaskThread "GC Thread#5" [stack: 0x00007f720ae8d000,0x00007f720af8d000] [id=2844709]
  0x00007f720000a000 GCTaskThread "GC Thread#6" [stack: 0x00007f720ad8b000,0x00007f720ae8b000] [id=2844710]
  0x00007f720000c000 GCTaskThread "GC Thread#7" [stack: 0x00007f720ac89000,0x00007f720ad89000] [id=2844711]
  0x00007f7248069000 ConcurrentGCThread "G1 Main Marker" [stack: 0x00007f724c936000,0x00007f724ca36000] [id=2844689]
  0x00007f724806a800 ConcurrentGCThread "G1 Conc#0" [stack: 0x00007f724c834000,0x00007f724c934000] [id=2844690]
  0x00007f72481ec800 ConcurrentGCThread "G1 Refine#0" [stack: 0x00007f7230753000,0x00007f7230853000] [id=2844691]
  0x00007f72481ee000 ConcurrentGCThread "G1 Young RemSet Sampling" [stack: 0x00007f7230651000,0x00007f7230751000] [id=2844692]

Threads with active compile tasks:
C2 CompilerThread0    215  257 %     4       kotlin.UnsignedKt::ulongCompare @ 556 (12 bytes)

VM state:not at safepoint (normal execution)

VM Mutex/Monitor currently owned by a thread: None

Heap address: 0x000000060c600000, size: 7994 MB, Compressed Oops mode: Zero based, Oop shift amount: 3
Narrow klass base: 0x0000000800000000, Narrow klass shift: 0
Compressed class space size: 1073741824 Address: 0x0000000800000000

Heap:
 garbage-first heap   total 512000K, used 60423K [0x000000060c600000, 0x0000000800000000)
  region size 2048K, 31 young (63488K), 1 survivors (2048K)
 Metaspace       used 5202K, capacity 5296K, committed 5376K, reserved 1056768K
  class space    used 418K, capacity 464K, committed 512K, reserved 1048576K
Heap Regions: E=young(eden), S=young(survivor), O=old, HS=humongous(starts), HC=humongous(continues), CS=collection set, F=free, A=archive, TAMS=top-at-mark-start (previous, next)
|   0|0x000000060c600000, 0x000000060c600000, 0x000000060c800000|  0%| F|  |TAMS 0x000000060c600000, 0x000000060c600000| Untracked 
|   1|0x000000060c800000, 0x000000060c800000, 0x000000060ca00000|  0%| F|  |TAMS 0x000000060c800000, 0x000000060c800000| Untracked 
|   2|0x000000060ca00000, 0x000000060ca00000, 0x000000060cc00000|  0%| F|  |TAMS 0x000000060ca00000, 0x000000060ca00000| Untracked 
|   3|0x000000060cc00000, 0x000000060cc00000, 0x000000060ce00000|  0%| F|  |TAMS 0x000000060cc00000, 0x000000060cc00000| Untracked 
|   4|0x000000060ce00000, 0x000000060ce00000, 0x000000060d000000|  0%| F|  |TAMS 0x000000060ce00000, 0x000000060ce00000| Untracked 
|   5|0x000000060d000000, 0x000000060d000000, 0x000000060d200000|  0%| F|  |TAMS 0x000000060d000000, 0x000000060d000000| Untracked 
|   6|0x000000060d200000, 0x000000060d200000, 0x000000060d400000|  0%| F|  |TAMS 0x000000060d200000, 0x000000060d200000| Untracked 
|   7|0x000000060d400000, 0x000000060d400000, 0x000000060d600000|  0%| F|  |TAMS 0x000000060d400000, 0x000000060d400000| Untracked 
|   8|0x000000060d600000, 0x000000060d600000, 0x000000060d800000|  0%| F|  |TAMS 0x000000060d600000, 0x000000060d600000| Untracked 
|   9|0x000000060d800000, 0x000000060d800000, 0x000000060da00000|  0%| F|  |TAMS 0x000000060d800000, 0x000000060d800000| Untracked 
|  10|0x000000060da00000, 0x000000060da00000, 0x000000060dc00000|  0%| F|  |TAMS 0x000000060da00000, 0x000000060da00000| Untracked 
|  11|0x000000060dc00000, 0x000000060dc00000, 0x000000060de00000|  0%| F|  |TAMS 0x000000060dc00000, 0x000000060dc00000| Untracked 
|  12|0x000000060de00000, 0x000000060de00000, 0x000000060e000000|  0%| F|  |TAMS 0x000000060de00000, 0x000000060de00000| Untracked 
|  13|0x000000060e000000, 0x000000060e000000, 0x000000060e200000|  0%| F|  |TAMS 0x000000060e000000, 0x000000060e000000| Untracked 
|  14|0x000000060e200000, 0x000000060e200000, 0x000000060e400000|  0%| F|  |TAMS 0x000000060e200000, 0x000000060e200000| Untracked 
|  15|0x000000060e400000, 0x000000060e400000, 0x000000060e600000|  0%| F|  |TAMS 0x000000060e400000, 0x000000060e400000| Untracked 
|  16|0x000000060e600000, 0x000000060e600000, 0x000000060e800000|  0%| F|  |TAMS 0x000000060e600000, 0x000000060e600000| Untracked 
|  17|0x000000060e800000, 0x000000060e800000, 0x000000060ea00000|  0%| F|  |TAMS 0x000000060e800000, 0x000000060e800000| Untracked 
|  18|0x000000060ea00000, 0x000000060ea00000, 0x000000060ec00000|  0%| F|  |TAMS 0x000000060ea00000, 0x000000060ea00000| Untracked 
|  19|0x000000060ec00000, 0x000000060ec00000, 0x000000060ee00000|  0%| F|  |TAMS 0x000000060ec00000, 0x000000060ec00000| Untracked 
|  20|0x000000060ee00000, 0x000000060ee00000, 0x000000060f000000|  0%| F|  |TAMS 0x000000060ee00000, 0x000000060ee00000| Untracked 
|  21|0x000000060f000000, 0x000000060f000000, 0x000000060f200000|  0%| F|  |TAMS 0x000000060f000000, 0x000000060f000000| Untracked 
|  22|0x000000060f200000, 0x000000060f200000, 0x000000060f400000|  0%| F|  |TAMS 0x000000060f200000, 0x000000060f200000| Untracked 
|  23|0x000000060f400000, 0x000000060f400000, 0x000000060f600000|  0%| F|  |TAMS 0x000000060f400000, 0x000000060f400000| Untracked 
|  24|0x000000060f600000, 0x000000060f600000, 0x000000060f800000|  0%| F|  |TAMS 0x000000060f600000, 0x000000060f600000| Untracked 
|  25|0x000000060f800000, 0x000000060f800000, 0x000000060fa00000|  0%| F|  |TAMS 0x000000060f800000, 0x000000060f800000| Untracked 
|  26|0x000000060fa00000, 0x000000060fa00000, 0x000000060fc00000|  0%| F|  |TAMS 0x000000060fa00000, 0x000000060fa00000| Untracked 
|  27|0x000000060fc00000, 0x000000060fc00000, 0x000000060fe00000|  0%| F|  |TAMS 0x000000060fc00000, 0x000000060fc00000| Untracked 
|  28|0x000000060fe00000, 0x000000060fe00000, 0x0000000610000000|  0%| F|  |TAMS 0x000000060fe00000, 0x000000060fe00000| Untracked 
|  29|0x0000000610000000, 0x0000000610000000, 0x0000000610200000|  0%| F|  |TAMS 0x0000000610000000, 0x0000000610000000| Untracked 
|  30|0x0000000610200000, 0x0000000610200000, 0x0000000610400000|  0%| F|  |TAMS 0x0000000610200000, 0x0000000610200000| Untracked 
|  31|0x0000000610400000, 0x0000000610400000, 0x0000000610600000|  0%| F|  |TAMS 0x0000000610400000, 0x0000000610400000| Untracked 
|  32|0x0000000610600000, 0x0000000610600000, 0x0000000610800000|  0%| F|  |TAMS 0x0000000610600000, 0x0000000610600000| Untracked 
|  33|0x0000000610800000, 0x0000000610800000, 0x0000000610a00000|  0%| F|  |TAMS 0x0000000610800000, 0x0000000610800000| Untracked 
|  34|0x0000000610a00000, 0x0000000610a00000, 0x0000000610c00000|  0%| F|  |TAMS 0x0000000610a00000, 0x0000000610a00000| Untracked 
|  35|0x0000000610c00000, 0x0000000610c00000, 0x0000000610e00000|  0%| F|  |TAMS 0x0000000610c00000, 0x0000000610c00000| Untracked 
|  36|0x0000000610e00000, 0x0000000610e00000, 0x0000000611000000|  0%| F|  |TAMS 0x0000000610e00000, 0x0000000610e00000| Untracked 
|  37|0x0000000611000000, 0x0000000611000000, 0x0000000611200000|  0%| F|  |TAMS 0x0000000611000000, 0x0000000611000000| Untracked 
|  38|0x0000000611200000, 0x0000000611200000, 0x0000000611400000|  0%| F|  |TAMS 0x0000000611200000, 0x0000000611200000| Untracked 
|  39|0x0000000611400000, 0x0000000611400000, 0x0000000611600000|  0%| F|  |TAMS 0x0000000611400000, 0x0000000611400000| Untracked 
|  40|0x0000000611600000, 0x0000000611600000, 0x0000000611800000|  0%| F|  |TAMS 0x0000000611600000, 0x0000000611600000| Untracked 
|  41|0x0000000611800000, 0x0000000611800000, 0x0000000611a00000|  0%| F|  |TAMS 0x0000000611800000, 0x0000000611800000| Untracked 
|  42|0x0000000611a00000, 0x0000000611a00000, 0x0000000611c00000|  0%| F|  |TAMS 0x0000000611a00000, 0x0000000611a00000| Untracked 
|  43|0x0000000611c00000, 0x0000000611c00000, 0x0000000611e00000|  0%| F|  |TAMS 0x0000000611c00000, 0x0000000611c00000| Untracked 
|  44|0x0000000611e00000, 0x0000000611e00000, 0x0000000612000000|  0%| F|  |TAMS 0x0000000611e00000, 0x0000000611e00000| Untracked 
|  45|0x0000000612000000, 0x0000000612000000, 0x0000000612200000|  0%| F|  |TAMS 0x0000000612000000, 0x0000000612000000| Untracked 
|  46|0x0000000612200000, 0x0000000612200000, 0x0000000612400000|  0%| F|  |TAMS 0x0000000612200000, 0x0000000612200000| Untracked 
|  47|0x0000000612400000, 0x0000000612400000, 0x0000000612600000|  0%| F|  |TAMS 0x0000000612400000, 0x0000000612400000| Untracked 
|  48|0x0000000612600000, 0x0000000612600000, 0x0000000612800000|  0%| F|  |TAMS 0x0000000612600000, 0x0000000612600000| Untracked 
|  49|0x0000000612800000, 0x0000000612800000, 0x0000000612a00000|  0%| F|  |TAMS 0x0000000612800000, 0x0000000612800000| Untracked 
|  50|0x0000000612a00000, 0x0000000612a00000, 0x0000000612c00000|  0%| F|  |TAMS 0x0000000612a00000, 0x0000000612a00000| Untracked 
|  51|0x0000000612c00000, 0x0000000612c00000, 0x0000000612e00000|  0%| F|  |TAMS 0x0000000612c00000, 0x0000000612c00000| Untracked 
|  52|0x0000000612e00000, 0x0000000612e00000, 0x0000000613000000|  0%| F|  |TAMS 0x0000000612e00000, 0x0000000612e00000| Untracked 
|  53|0x0000000613000000, 0x0000000613000000, 0x0000000613200000|  0%| F|  |TAMS 0x0000000613000000, 0x0000000613000000| Untracked 
|  54|0x0000000613200000, 0x0000000613200000, 0x0000000613400000|  0%| F|  |TAMS 0x0000000613200000, 0x0000000613200000| Untracked 
|  55|0x0000000613400000, 0x0000000613400000, 0x0000000613600000|  0%| F|  |TAMS 0x0000000613400000, 0x0000000613400000| Untracked 
|  56|0x0000000613600000, 0x0000000613600000, 0x0000000613800000|  0%| F|  |TAMS 0x0000000613600000, 0x0000000613600000| Untracked 
|  57|0x0000000613800000, 0x0000000613800000, 0x0000000613a00000|  0%| F|  |TAMS 0x0000000613800000, 0x0000000613800000| Untracked 
|  58|0x0000000613a00000, 0x0000000613a00000, 0x0000000613c00000|  0%| F|  |TAMS 0x0000000613a00000, 0x0000000613a00000| Untracked 
|  59|0x0000000613c00000, 0x0000000613c00000, 0x0000000613e00000|  0%| F|  |TAMS 0x0000000613c00000, 0x0000000613c00000| Untracked 
|  60|0x0000000613e00000, 0x0000000613e00000, 0x0000000614000000|  0%| F|  |TAMS 0x0000000613e00000, 0x0000000613e00000| Untracked 
|  61|0x0000000614000000, 0x0000000614000000, 0x0000000614200000|  0%| F|  |TAMS 0x0000000614000000, 0x0000000614000000| Untracked 
|  62|0x0000000614200000, 0x0000000614200000, 0x0000000614400000|  0%| F|  |TAMS 0x0000000614200000, 0x0000000614200000| Untracked 
|  63|0x0000000614400000, 0x0000000614400000, 0x0000000614600000|  0%| F|  |TAMS 0x0000000614400000, 0x0000000614400000| Untracked 
|  64|0x0000000614600000, 0x0000000614600000, 0x0000000614800000|  0%| F|  |TAMS 0x0000000614600000, 0x0000000614600000| Untracked 
|  65|0x0000000614800000, 0x0000000614800000, 0x0000000614a00000|  0%| F|  |TAMS 0x0000000614800000, 0x0000000614800000| Untracked 
|  66|0x0000000614a00000, 0x0000000614a00000, 0x0000000614c00000|  0%| F|  |TAMS 0x0000000614a00000, 0x0000000614a00000| Untracked 
|  67|0x0000000614c00000, 0x0000000614c00000, 0x0000000614e00000|  0%| F|  |TAMS 0x0000000614c00000, 0x0000000614c00000| Untracked 
|  68|0x0000000614e00000, 0x0000000614e00000, 0x0000000615000000|  0%| F|  |TAMS 0x0000000614e00000, 0x0000000614e00000| Untracked 
|  69|0x0000000615000000, 0x0000000615000000, 0x0000000615200000|  0%| F|  |TAMS 0x0000000615000000, 0x0000000615000000| Untracked 
|  70|0x0000000615200000, 0x0000000615200000, 0x0000000615400000|  0%| F|  |TAMS 0x0000000615200000, 0x0000000615200000| Untracked 
|  71|0x0000000615400000, 0x0000000615400000, 0x0000000615600000|  0%| F|  |TAMS 0x0000000615400000, 0x0000000615400000| Untracked 
|  72|0x0000000615600000, 0x0000000615600000, 0x0000000615800000|  0%| F|  |TAMS 0x0000000615600000, 0x0000000615600000| Untracked 
|  73|0x0000000615800000, 0x0000000615800000, 0x0000000615a00000|  0%| F|  |TAMS 0x0000000615800000, 0x0000000615800000| Untracked 
|  74|0x0000000615a00000, 0x0000000615a00000, 0x0000000615c00000|  0%| F|  |TAMS 0x0000000615a00000, 0x0000000615a00000| Untracked 
|  75|0x0000000615c00000, 0x0000000615c00000, 0x0000000615e00000|  0%| F|  |TAMS 0x0000000615c00000, 0x0000000615c00000| Untracked 
|  76|0x0000000615e00000, 0x0000000615e00000, 0x0000000616000000|  0%| F|  |TAMS 0x0000000615e00000, 0x0000000615e00000| Untracked 
|  77|0x0000000616000000, 0x0000000616000000, 0x0000000616200000|  0%| F|  |TAMS 0x0000000616000000, 0x0000000616000000| Untracked 
|  78|0x0000000616200000, 0x0000000616200000, 0x0000000616400000|  0%| F|  |TAMS 0x0000000616200000, 0x0000000616200000| Untracked 
|  79|0x0000000616400000, 0x0000000616400000, 0x0000000616600000|  0%| F|  |TAMS 0x0000000616400000, 0x0000000616400000| Untracked 
|  80|0x0000000616600000, 0x0000000616600000, 0x0000000616800000|  0%| F|  |TAMS 0x0000000616600000, 0x0000000616600000| Untracked 
|  81|0x0000000616800000, 0x0000000616800000, 0x0000000616a00000|  0%| F|  |TAMS 0x0000000616800000, 0x0000000616800000| Untracked 
|  82|0x0000000616a00000, 0x0000000616a00000, 0x0000000616c00000|  0%| F|  |TAMS 0x0000000616a00000, 0x0000000616a00000| Untracked 
|  83|0x0000000616c00000, 0x0000000616c00000, 0x0000000616e00000|  0%| F|  |TAMS 0x0000000616c00000, 0x0000000616c00000| Untracked 
|  84|0x0000000616e00000, 0x0000000616e00000, 0x0000000617000000|  0%| F|  |TAMS 0x0000000616e00000, 0x0000000616e00000| Untracked 
|  85|0x0000000617000000, 0x0000000617000000, 0x0000000617200000|  0%| F|  |TAMS 0x0000000617000000, 0x0000000617000000| Untracked 
|  86|0x0000000617200000, 0x0000000617200000, 0x0000000617400000|  0%| F|  |TAMS 0x0000000617200000, 0x0000000617200000| Untracked 
|  87|0x0000000617400000, 0x0000000617400000, 0x0000000617600000|  0%| F|  |TAMS 0x0000000617400000, 0x0000000617400000| Untracked 
|  88|0x0000000617600000, 0x0000000617600000, 0x0000000617800000|  0%| F|  |TAMS 0x0000000617600000, 0x0000000617600000| Untracked 
|  89|0x0000000617800000, 0x0000000617800000, 0x0000000617a00000|  0%| F|  |TAMS 0x0000000617800000, 0x0000000617800000| Untracked 
|  90|0x0000000617a00000, 0x0000000617a00000, 0x0000000617c00000|  0%| F|  |TAMS 0x0000000617a00000, 0x0000000617a00000| Untracked 
|  91|0x0000000617c00000, 0x0000000617c00000, 0x0000000617e00000|  0%| F|  |TAMS 0x0000000617c00000, 0x0000000617c00000| Untracked 
|  92|0x0000000617e00000, 0x0000000617e00000, 0x0000000618000000|  0%| F|  |TAMS 0x0000000617e00000, 0x0000000617e00000| Untracked 
|  93|0x0000000618000000, 0x0000000618000000, 0x0000000618200000|  0%| F|  |TAMS 0x0000000618000000, 0x0000000618000000| Untracked 
|  94|0x0000000618200000, 0x0000000618200000, 0x0000000618400000|  0%| F|  |TAMS 0x0000000618200000, 0x0000000618200000| Untracked 
|  95|0x0000000618400000, 0x0000000618400000, 0x0000000618600000|  0%| F|  |TAMS 0x0000000618400000, 0x0000000618400000| Untracked 
|  96|0x0000000618600000, 0x0000000618600000, 0x0000000618800000|  0%| F|  |TAMS 0x0000000618600000, 0x0000000618600000| Untracked 
|  97|0x0000000618800000, 0x0000000618800000, 0x0000000618a00000|  0%| F|  |TAMS 0x0000000618800000, 0x0000000618800000| Untracked 
|  98|0x0000000618a00000, 0x0000000618a00000, 0x0000000618c00000|  0%| F|  |TAMS 0x0000000618a00000, 0x0000000618a00000| Untracked 
|  99|0x0000000618c00000, 0x0000000618c00000, 0x0000000618e00000|  0%| F|  |TAMS 0x0000000618c00000, 0x0000000618c00000| Untracked 
| 100|0x0000000618e00000, 0x0000000618e00000, 0x0000000619000000|  0%| F|  |TAMS 0x0000000618e00000, 0x0000000618e00000| Untracked 
| 101|0x0000000619000000, 0x0000000619000000, 0x0000000619200000|  0%| F|  |TAMS 0x0000000619000000, 0x0000000619000000| Untracked 
| 102|0x0000000619200000, 0x0000000619200000, 0x0000000619400000|  0%| F|  |TAMS 0x0000000619200000, 0x0000000619200000| Untracked 
| 103|0x0000000619400000, 0x0000000619400000, 0x0000000619600000|  0%| F|  |TAMS 0x0000000619400000, 0x0000000619400000| Untracked 
| 104|0x0000000619600000, 0x0000000619600000, 0x0000000619800000|  0%| F|  |TAMS 0x0000000619600000, 0x0000000619600000| Untracked 
| 105|0x0000000619800000, 0x0000000619800000, 0x0000000619a00000|  0%| F|  |TAMS 0x0000000619800000, 0x0000000619800000| Untracked 
| 106|0x0000000619a00000, 0x0000000619a00000, 0x0000000619c00000|  0%| F|  |TAMS 0x0000000619a00000, 0x0000000619a00000| Untracked 
| 107|0x0000000619c00000, 0x0000000619c00000, 0x0000000619e00000|  0%| F|  |TAMS 0x0000000619c00000, 0x0000000619c00000| Untracked 
| 108|0x0000000619e00000, 0x0000000619e00000, 0x000000061a000000|  0%| F|  |TAMS 0x0000000619e00000, 0x0000000619e00000| Untracked 
| 109|0x000000061a000000, 0x000000061a000000, 0x000000061a200000|  0%| F|  |TAMS 0x000000061a000000, 0x000000061a000000| Untracked 
| 110|0x000000061a200000, 0x000000061a200000, 0x000000061a400000|  0%| F|  |TAMS 0x000000061a200000, 0x000000061a200000| Untracked 
| 111|0x000000061a400000, 0x000000061a400000, 0x000000061a600000|  0%| F|  |TAMS 0x000000061a400000, 0x000000061a400000| Untracked 
| 112|0x000000061a600000, 0x000000061a600000, 0x000000061a800000|  0%| F|  |TAMS 0x000000061a600000, 0x000000061a600000| Untracked 
| 113|0x000000061a800000, 0x000000061a800000, 0x000000061aa00000|  0%| F|  |TAMS 0x000000061a800000, 0x000000061a800000| Untracked 
| 114|0x000000061aa00000, 0x000000061aa00000, 0x000000061ac00000|  0%| F|  |TAMS 0x000000061aa00000, 0x000000061aa00000| Untracked 
| 115|0x000000061ac00000, 0x000000061ac00000, 0x000000061ae00000|  0%| F|  |TAMS 0x000000061ac00000, 0x000000061ac00000| Untracked 
| 116|0x000000061ae00000, 0x000000061ae00000, 0x000000061b000000|  0%| F|  |TAMS 0x000000061ae00000, 0x000000061ae00000| Untracked 
| 117|0x000000061b000000, 0x000000061b000000, 0x000000061b200000|  0%| F|  |TAMS 0x000000061b000000, 0x000000061b000000| Untracked 
| 118|0x000000061b200000, 0x000000061b200000, 0x000000061b400000|  0%| F|  |TAMS 0x000000061b200000, 0x000000061b200000| Untracked 
| 119|0x000000061b400000, 0x000000061b400000, 0x000000061b600000|  0%| F|  |TAMS 0x000000061b400000, 0x000000061b400000| Untracked 
| 120|0x000000061b600000, 0x000000061b600000, 0x000000061b800000|  0%| F|  |TAMS 0x000000061b600000, 0x000000061b600000| Untracked 
| 121|0x000000061b800000, 0x000000061b800000, 0x000000061ba00000|  0%| F|  |TAMS 0x000000061b800000, 0x000000061b800000| Untracked 
| 122|0x000000061ba00000, 0x000000061ba00000, 0x000000061bc00000|  0%| F|  |TAMS 0x000000061ba00000, 0x000000061ba00000| Untracked 
| 123|0x000000061bc00000, 0x000000061bc00000, 0x000000061be00000|  0%| F|  |TAMS 0x000000061bc00000, 0x000000061bc00000| Untracked 
| 124|0x000000061be00000, 0x000000061be00000, 0x000000061c000000|  0%| F|  |TAMS 0x000000061be00000, 0x000000061be00000| Untracked 
| 125|0x000000061c000000, 0x000000061c000000, 0x000000061c200000|  0%| F|  |TAMS 0x000000061c000000, 0x000000061c000000| Untracked 
| 126|0x000000061c200000, 0x000000061c200000, 0x000000061c400000|  0%| F|  |TAMS 0x000000061c200000, 0x000000061c200000| Untracked 
| 127|0x000000061c400000, 0x000000061c400000, 0x000000061c600000|  0%| F|  |TAMS 0x000000061c400000, 0x000000061c400000| Untracked 
| 128|0x000000061c600000, 0x000000061c600000, 0x000000061c800000|  0%| F|  |TAMS 0x000000061c600000, 0x000000061c600000| Untracked 
| 129|0x000000061c800000, 0x000000061c800000, 0x000000061ca00000|  0%| F|  |TAMS 0x000000061c800000, 0x000000061c800000| Untracked 
| 130|0x000000061ca00000, 0x000000061ca00000, 0x000000061cc00000|  0%| F|  |TAMS 0x000000061ca00000, 0x000000061ca00000| Untracked 
| 131|0x000000061cc00000, 0x000000061cc00000, 0x000000061ce00000|  0%| F|  |TAMS 0x000000061cc00000, 0x000000061cc00000| Untracked 
| 132|0x000000061ce00000, 0x000000061ce00000, 0x000000061d000000|  0%| F|  |TAMS 0x000000061ce00000, 0x000000061ce00000| Untracked 
| 133|0x000000061d000000, 0x000000061d000000, 0x000000061d200000|  0%| F|  |TAMS 0x000000061d000000, 0x000000061d000000| Untracked 
| 134|0x000000061d200000, 0x000000061d200000, 0x000000061d400000|  0%| F|  |TAMS 0x000000061d200000, 0x000000061d200000| Untracked 
| 135|0x000000061d400000, 0x000000061d400000, 0x000000061d600000|  0%| F|  |TAMS 0x000000061d400000, 0x000000061d400000| Untracked 
| 136|0x000000061d600000, 0x000000061d600000, 0x000000061d800000|  0%| F|  |TAMS 0x000000061d600000, 0x000000061d600000| Untracked 
| 137|0x000000061d800000, 0x000000061d800000, 0x000000061da00000|  0%| F|  |TAMS 0x000000061d800000, 0x000000061d800000| Untracked 
| 138|0x000000061da00000, 0x000000061da00000, 0x000000061dc00000|  0%| F|  |TAMS 0x000000061da00000, 0x000000061da00000| Untracked 
| 139|0x000000061dc00000, 0x000000061dc00000, 0x000000061de00000|  0%| F|  |TAMS 0x000000061dc00000, 0x000000061dc00000| Untracked 
| 140|0x000000061de00000, 0x000000061de00000, 0x000000061e000000|  0%| F|  |TAMS 0x000000061de00000, 0x000000061de00000| Untracked 
| 141|0x000000061e000000, 0x000000061e000000, 0x000000061e200000|  0%| F|  |TAMS 0x000000061e000000, 0x000000061e000000| Untracked 
| 142|0x000000061e200000, 0x000000061e200000, 0x000000061e400000|  0%| F|  |TAMS 0x000000061e200000, 0x000000061e200000| Untracked 
| 143|0x000000061e400000, 0x000000061e400000, 0x000000061e600000|  0%| F|  |TAMS 0x000000061e400000, 0x000000061e400000| Untracked 
| 144|0x000000061e600000, 0x000000061e600000, 0x000000061e800000|  0%| F|  |TAMS 0x000000061e600000, 0x000000061e600000| Untracked 
| 145|0x000000061e800000, 0x000000061e800000, 0x000000061ea00000|  0%| F|  |TAMS 0x000000061e800000, 0x000000061e800000| Untracked 
| 146|0x000000061ea00000, 0x000000061ea00000, 0x000000061ec00000|  0%| F|  |TAMS 0x000000061ea00000, 0x000000061ea00000| Untracked 
| 147|0x000000061ec00000, 0x000000061ec00000, 0x000000061ee00000|  0%| F|  |TAMS 0x000000061ec00000, 0x000000061ec00000| Untracked 
| 148|0x000000061ee00000, 0x000000061ee00000, 0x000000061f000000|  0%| F|  |TAMS 0x000000061ee00000, 0x000000061ee00000| Untracked 
| 149|0x000000061f000000, 0x000000061f000000, 0x000000061f200000|  0%| F|  |TAMS 0x000000061f000000, 0x000000061f000000| Untracked 
| 150|0x000000061f200000, 0x000000061f200000, 0x000000061f400000|  0%| F|  |TAMS 0x000000061f200000, 0x000000061f200000| Untracked 
| 151|0x000000061f400000, 0x000000061f400000, 0x000000061f600000|  0%| F|  |TAMS 0x000000061f400000, 0x000000061f400000| Untracked 
| 152|0x000000061f600000, 0x000000061f600000, 0x000000061f800000|  0%| F|  |TAMS 0x000000061f600000, 0x000000061f600000| Untracked 
| 153|0x000000061f800000, 0x000000061f800000, 0x000000061fa00000|  0%| F|  |TAMS 0x000000061f800000, 0x000000061f800000| Untracked 
| 154|0x000000061fa00000, 0x000000061fa00000, 0x000000061fc00000|  0%| F|  |TAMS 0x000000061fa00000, 0x000000061fa00000| Untracked 
| 155|0x000000061fc00000, 0x000000061fc00000, 0x000000061fe00000|  0%| F|  |TAMS 0x000000061fc00000, 0x000000061fc00000| Untracked 
| 156|0x000000061fe00000, 0x000000061fe00000, 0x0000000620000000|  0%| F|  |TAMS 0x000000061fe00000, 0x000000061fe00000| Untracked 
| 157|0x0000000620000000, 0x0000000620000000, 0x0000000620200000|  0%| F|  |TAMS 0x0000000620000000, 0x0000000620000000| Untracked 
| 158|0x0000000620200000, 0x0000000620200000, 0x0000000620400000|  0%| F|  |TAMS 0x0000000620200000, 0x0000000620200000| Untracked 
| 159|0x0000000620400000, 0x0000000620400000, 0x0000000620600000|  0%| F|  |TAMS 0x0000000620400000, 0x0000000620400000| Untracked 
| 160|0x0000000620600000, 0x0000000620600000, 0x0000000620800000|  0%| F|  |TAMS 0x0000000620600000, 0x0000000620600000| Untracked 
| 161|0x0000000620800000, 0x0000000620800000, 0x0000000620a00000|  0%| F|  |TAMS 0x0000000620800000, 0x0000000620800000| Untracked 
| 162|0x0000000620a00000, 0x0000000620a00000, 0x0000000620c00000|  0%| F|  |TAMS 0x0000000620a00000, 0x0000000620a00000| Untracked 
| 163|0x0000000620c00000, 0x0000000620c00000, 0x0000000620e00000|  0%| F|  |TAMS 0x0000000620c00000, 0x0000000620c00000| Untracked 
| 164|0x0000000620e00000, 0x0000000620e00000, 0x0000000621000000|  0%| F|  |TAMS 0x0000000620e00000, 0x0000000620e00000| Untracked 
| 165|0x0000000621000000, 0x0000000621000000, 0x0000000621200000|  0%| F|  |TAMS 0x0000000621000000, 0x0000000621000000| Untracked 
| 166|0x0000000621200000, 0x0000000621200000, 0x0000000621400000|  0%| F|  |TAMS 0x0000000621200000, 0x0000000621200000| Untracked 
| 167|0x0000000621400000, 0x0000000621400000, 0x0000000621600000|  0%| F|  |TAMS 0x0000000621400000, 0x0000000621400000| Untracked 
| 168|0x0000000621600000, 0x0000000621600000, 0x0000000621800000|  0%| F|  |TAMS 0x0000000621600000, 0x0000000621600000| Untracked 
| 169|0x0000000621800000, 0x0000000621800000, 0x0000000621a00000|  0%| F|  |TAMS 0x0000000621800000, 0x0000000621800000| Untracked 
| 170|0x0000000621a00000, 0x0000000621a00000, 0x0000000621c00000|  0%| F|  |TAMS 0x0000000621a00000, 0x0000000621a00000| Untracked 
| 171|0x0000000621c00000, 0x0000000621c00000, 0x0000000621e00000|  0%| F|  |TAMS 0x0000000621c00000, 0x0000000621c00000| Untracked 
| 172|0x0000000621e00000, 0x0000000621e00000, 0x0000000622000000|  0%| F|  |TAMS 0x0000000621e00000, 0x0000000621e00000| Untracked 
| 173|0x0000000622000000, 0x0000000622000000, 0x0000000622200000|  0%| F|  |TAMS 0x0000000622000000, 0x0000000622000000| Untracked 
| 174|0x0000000622200000, 0x0000000622200000, 0x0000000622400000|  0%| F|  |TAMS 0x0000000622200000, 0x0000000622200000| Untracked 
| 175|0x0000000622400000, 0x0000000622400000, 0x0000000622600000|  0%| F|  |TAMS 0x0000000622400000, 0x0000000622400000| Untracked 
| 176|0x0000000622600000, 0x0000000622600000, 0x0000000622800000|  0%| F|  |TAMS 0x0000000622600000, 0x0000000622600000| Untracked 
| 177|0x0000000622800000, 0x0000000622800000, 0x0000000622a00000|  0%| F|  |TAMS 0x0000000622800000, 0x0000000622800000| Untracked 
| 178|0x0000000622a00000, 0x0000000622a00000, 0x0000000622c00000|  0%| F|  |TAMS 0x0000000622a00000, 0x0000000622a00000| Untracked 
| 179|0x0000000622c00000, 0x0000000622c00000, 0x0000000622e00000|  0%| F|  |TAMS 0x0000000622c00000, 0x0000000622c00000| Untracked 
| 180|0x0000000622e00000, 0x0000000622e00000, 0x0000000623000000|  0%| F|  |TAMS 0x0000000622e00000, 0x0000000622e00000| Untracked 
| 181|0x0000000623000000, 0x0000000623000000, 0x0000000623200000|  0%| F|  |TAMS 0x0000000623000000, 0x0000000623000000| Untracked 
| 182|0x0000000623200000, 0x0000000623200000, 0x0000000623400000|  0%| F|  |TAMS 0x0000000623200000, 0x0000000623200000| Untracked 
| 183|0x0000000623400000, 0x0000000623400000, 0x0000000623600000|  0%| F|  |TAMS 0x0000000623400000, 0x0000000623400000| Untracked 
| 184|0x0000000623600000, 0x0000000623600000, 0x0000000623800000|  0%| F|  |TAMS 0x0000000623600000, 0x0000000623600000| Untracked 
| 185|0x0000000623800000, 0x0000000623800000, 0x0000000623a00000|  0%| F|  |TAMS 0x0000000623800000, 0x0000000623800000| Untracked 
| 186|0x0000000623a00000, 0x0000000623a00000, 0x0000000623c00000|  0%| F|  |TAMS 0x0000000623a00000, 0x0000000623a00000| Untracked 
| 187|0x0000000623c00000, 0x0000000623c00000, 0x0000000623e00000|  0%| F|  |TAMS 0x0000000623c00000, 0x0000000623c00000| Untracked 
| 188|0x0000000623e00000, 0x0000000623e00000, 0x0000000624000000|  0%| F|  |TAMS 0x0000000623e00000, 0x0000000623e00000| Untracked 
| 189|0x0000000624000000, 0x0000000624000000, 0x0000000624200000|  0%| F|  |TAMS 0x0000000624000000, 0x0000000624000000| Untracked 
| 190|0x0000000624200000, 0x0000000624200000, 0x0000000624400000|  0%| F|  |TAMS 0x0000000624200000, 0x0000000624200000| Untracked 
| 191|0x0000000624400000, 0x0000000624400000, 0x0000000624600000|  0%| F|  |TAMS 0x0000000624400000, 0x0000000624400000| Untracked 
| 192|0x0000000624600000, 0x0000000624600000, 0x0000000624800000|  0%| F|  |TAMS 0x0000000624600000, 0x0000000624600000| Untracked 
| 193|0x0000000624800000, 0x0000000624800000, 0x0000000624a00000|  0%| F|  |TAMS 0x0000000624800000, 0x0000000624800000| Untracked 
| 194|0x0000000624a00000, 0x0000000624a00000, 0x0000000624c00000|  0%| F|  |TAMS 0x0000000624a00000, 0x0000000624a00000| Untracked 
| 195|0x0000000624c00000, 0x0000000624c00000, 0x0000000624e00000|  0%| F|  |TAMS 0x0000000624c00000, 0x0000000624c00000| Untracked 
| 196|0x0000000624e00000, 0x0000000624e00000, 0x0000000625000000|  0%| F|  |TAMS 0x0000000624e00000, 0x0000000624e00000| Untracked 
| 197|0x0000000625000000, 0x0000000625000000, 0x0000000625200000|  0%| F|  |TAMS 0x0000000625000000, 0x0000000625000000| Untracked 
| 198|0x0000000625200000, 0x0000000625200000, 0x0000000625400000|  0%| F|  |TAMS 0x0000000625200000, 0x0000000625200000| Untracked 
| 199|0x0000000625400000, 0x0000000625400000, 0x0000000625600000|  0%| F|  |TAMS 0x0000000625400000, 0x0000000625400000| Untracked 
| 200|0x0000000625600000, 0x0000000625600000, 0x0000000625800000|  0%| F|  |TAMS 0x0000000625600000, 0x0000000625600000| Untracked 
| 201|0x0000000625800000, 0x0000000625800000, 0x0000000625a00000|  0%| F|  |TAMS 0x0000000625800000, 0x0000000625800000| Untracked 
| 202|0x0000000625a00000, 0x0000000625a00000, 0x0000000625c00000|  0%| F|  |TAMS 0x0000000625a00000, 0x0000000625a00000| Untracked 
| 203|0x0000000625c00000, 0x0000000625c00000, 0x0000000625e00000|  0%| F|  |TAMS 0x0000000625c00000, 0x0000000625c00000| Untracked 
| 204|0x0000000625e00000, 0x0000000625e00000, 0x0000000626000000|  0%| F|  |TAMS 0x0000000625e00000, 0x0000000625e00000| Untracked 
| 205|0x0000000626000000, 0x0000000626000000, 0x0000000626200000|  0%| F|  |TAMS 0x0000000626000000, 0x0000000626000000| Untracked 
| 206|0x0000000626200000, 0x0000000626200000, 0x0000000626400000|  0%| F|  |TAMS 0x0000000626200000, 0x0000000626200000| Untracked 
| 207|0x0000000626400000, 0x0000000626400000, 0x0000000626600000|  0%| F|  |TAMS 0x0000000626400000, 0x0000000626400000| Untracked 
| 208|0x0000000626600000, 0x0000000626600000, 0x0000000626800000|  0%| F|  |TAMS 0x0000000626600000, 0x0000000626600000| Untracked 
| 209|0x0000000626800000, 0x0000000626800000, 0x0000000626a00000|  0%| F|  |TAMS 0x0000000626800000, 0x0000000626800000| Untracked 
| 210|0x0000000626a00000, 0x0000000626a00000, 0x0000000626c00000|  0%| F|  |TAMS 0x0000000626a00000, 0x0000000626a00000| Untracked 
| 211|0x0000000626c00000, 0x0000000626c00000, 0x0000000626e00000|  0%| F|  |TAMS 0x0000000626c00000, 0x0000000626c00000| Untracked 
| 212|0x0000000626e00000, 0x0000000626e00000, 0x0000000627000000|  0%| F|  |TAMS 0x0000000626e00000, 0x0000000626e00000| Untracked 
| 213|0x0000000627000000, 0x0000000627000000, 0x0000000627200000|  0%| F|  |TAMS 0x0000000627000000, 0x0000000627000000| Untracked 
| 214|0x0000000627200000, 0x0000000627200000, 0x0000000627400000|  0%| F|  |TAMS 0x0000000627200000, 0x0000000627200000| Untracked 
| 215|0x0000000627400000, 0x0000000627400000, 0x0000000627600000|  0%| F|  |TAMS 0x0000000627400000, 0x0000000627400000| Untracked 
| 216|0x0000000627600000, 0x0000000627600000, 0x0000000627800000|  0%| F|  |TAMS 0x0000000627600000, 0x0000000627600000| Untracked 
| 217|0x0000000627800000, 0x0000000627800000, 0x0000000627a00000|  0%| F|  |TAMS 0x0000000627800000, 0x0000000627800000| Untracked 
| 218|0x0000000627a00000, 0x0000000627c00000, 0x0000000627c00000|100%| E|  |TAMS 0x0000000627a00000, 0x0000000627a00000| Complete 
| 219|0x0000000627c00000, 0x0000000627e00000, 0x0000000627e00000|100%| E|CS|TAMS 0x0000000627c00000, 0x0000000627c00000| Complete 
| 220|0x0000000627e00000, 0x0000000628000000, 0x0000000628000000|100%| E|CS|TAMS 0x0000000627e00000, 0x0000000627e00000| Complete 
| 221|0x0000000628000000, 0x0000000628200000, 0x0000000628200000|100%| E|CS|TAMS 0x0000000628000000, 0x0000000628000000| Complete 
| 222|0x0000000628200000, 0x0000000628400000, 0x0000000628400000|100%| E|CS|TAMS 0x0000000628200000, 0x0000000628200000| Complete 
| 223|0x0000000628400000, 0x0000000628600000, 0x0000000628600000|100%| E|CS|TAMS 0x0000000628400000, 0x0000000628400000| Complete 
| 224|0x0000000628600000, 0x0000000628800000, 0x0000000628800000|100%| E|CS|TAMS 0x0000000628600000, 0x0000000628600000| Complete 
| 225|0x0000000628800000, 0x0000000628a00000, 0x0000000628a00000|100%| E|CS|TAMS 0x0000000628800000, 0x0000000628800000| Complete 
| 226|0x0000000628a00000, 0x0000000628c00000, 0x0000000628c00000|100%| E|CS|TAMS 0x0000000628a00000, 0x0000000628a00000| Complete 
| 227|0x0000000628c00000, 0x0000000628e00000, 0x0000000628e00000|100%| E|CS|TAMS 0x0000000628c00000, 0x0000000628c00000| Complete 
| 228|0x0000000628e00000, 0x0000000629000000, 0x0000000629000000|100%| E|CS|TAMS 0x0000000628e00000, 0x0000000628e00000| Complete 
| 229|0x0000000629000000, 0x0000000629200000, 0x0000000629200000|100%| E|CS|TAMS 0x0000000629000000, 0x0000000629000000| Complete 
| 230|0x0000000629200000, 0x0000000629400000, 0x0000000629400000|100%| E|CS|TAMS 0x0000000629200000, 0x0000000629200000| Complete 
| 231|0x0000000629400000, 0x0000000629600000, 0x0000000629600000|100%| E|CS|TAMS 0x0000000629400000, 0x0000000629400000| Complete 
| 232|0x0000000629600000, 0x0000000629800000, 0x0000000629800000|100%| E|CS|TAMS 0x0000000629600000, 0x0000000629600000| Complete 
| 233|0x0000000629800000, 0x0000000629a00000, 0x0000000629a00000|100%| E|CS|TAMS 0x0000000629800000, 0x0000000629800000| Complete 
| 234|0x0000000629a00000, 0x0000000629c00000, 0x0000000629c00000|100%| E|CS|TAMS 0x0000000629a00000, 0x0000000629a00000| Complete 
| 235|0x0000000629c00000, 0x0000000629e00000, 0x0000000629e00000|100%| E|CS|TAMS 0x0000000629c00000, 0x0000000629c00000| Complete 
| 236|0x0000000629e00000, 0x000000062a000000, 0x000000062a000000|100%| E|CS|TAMS 0x0000000629e00000, 0x0000000629e00000| Complete 
| 237|0x000000062a000000, 0x000000062a101ef0, 0x000000062a200000| 50%| S|CS|TAMS 0x000000062a000000, 0x000000062a000000| Complete 
| 238|0x000000062a200000, 0x000000062a400000, 0x000000062a400000|100%| E|CS|TAMS 0x000000062a200000, 0x000000062a200000| Complete 
| 239|0x000000062a400000, 0x000000062a600000, 0x000000062a600000|100%| E|CS|TAMS 0x000000062a400000, 0x000000062a400000| Complete 
| 240|0x000000062a600000, 0x000000062a800000, 0x000000062a800000|100%| E|CS|TAMS 0x000000062a600000, 0x000000062a600000| Complete 
| 241|0x000000062a800000, 0x000000062aa00000, 0x000000062aa00000|100%| E|CS|TAMS 0x000000062a800000, 0x000000062a800000| Complete 
| 242|0x000000062aa00000, 0x000000062ac00000, 0x000000062ac00000|100%| E|CS|TAMS 0x000000062aa00000, 0x000000062aa00000| Complete 
| 243|0x000000062ac00000, 0x000000062ae00000, 0x000000062ae00000|100%| E|CS|TAMS 0x000000062ac00000, 0x000000062ac00000| Complete 
| 244|0x000000062ae00000, 0x000000062b000000, 0x000000062b000000|100%| E|CS|TAMS 0x000000062ae00000, 0x000000062ae00000| Complete 
| 245|0x000000062b000000, 0x000000062b200000, 0x000000062b200000|100%| E|CS|TAMS 0x000000062b000000, 0x000000062b000000| Complete 
| 246|0x000000062b200000, 0x000000062b400000, 0x000000062b400000|100%| E|CS|TAMS 0x000000062b200000, 0x000000062b200000| Complete 
| 247|0x000000062b400000, 0x000000062b600000, 0x000000062b600000|100%| E|CS|TAMS 0x000000062b400000, 0x000000062b400000| Complete 
| 248|0x000000062b600000, 0x000000062b800000, 0x000000062b800000|100%| E|CS|TAMS 0x000000062b600000, 0x000000062b600000| Complete 
| 249|0x000000062b800000, 0x000000062ba00000, 0x000000062ba00000|100%| E|CS|TAMS 0x000000062b800000, 0x000000062b800000| Complete 

Card table byte_map: [0x00007f722b063000,0x00007f722c000000] _byte_map_base: 0x00007f7228000000

Marking Bits (Prev, Next): (CMBitMap*) 0x00007f72480583e8, (CMBitMap*) 0x00007f7248058420
 Prev Bits: [0x00007f72223de000, 0x00007f722a0c6000)
 Next Bits: [0x00007f721a6f6000, 0x00007f72223de000)

Polling page: 0x00007f724fef0000

Metaspace:

Usage:
  Non-class:      4.72 MB capacity,     4.67 MB (>99%) used,    46.18 KB ( <1%) free+waste,     1.25 KB ( <1%) overhead. 
      Class:    464.00 KB capacity,   418.24 KB ( 90%) used,    45.07 KB ( 10%) free+waste,   704 bytes ( <1%) overhead. 
       Both:      5.17 MB capacity,     5.08 MB ( 98%) used,    91.25 KB (  2%) free+waste,     1.94 KB ( <1%) overhead. 

Virtual space:
  Non-class space:        8.00 MB reserved,       4.75 MB ( 59%) committed 
      Class space:        1.00 GB reserved,     512.00 KB ( <1%) committed 
             Both:        1.01 GB reserved,       5.25 MB ( <1%) committed 

Chunk freelists:
   Non-Class:  32.00 KB
       Class:  16.00 KB
        Both:  48.00 KB

MaxMetaspaceSize: unlimited
CompressedClassSpaceSize: 1.00 GB
Initial GC threshold: 20.80 MB
Current GC threshold: 20.80 MB
CDS: off

CodeHeap 'non-profiled nmethods': size=120032Kb used=152Kb max_used=152Kb free=119879Kb
 bounds [0x00007f723831b000, 0x00007f723858b000, 0x00007f723f853000]
CodeHeap 'profiled nmethods': size=120028Kb used=358Kb max_used=358Kb free=119669Kb
 bounds [0x00007f7230de4000, 0x00007f7231054000, 0x00007f723831b000]
CodeHeap 'non-nmethods': size=5700Kb used=1059Kb max_used=1085Kb free=4640Kb
 bounds [0x00007f7230853000, 0x00007f7230ac3000, 0x00007f7230de4000]
 total_blobs=550 nmethods=256 adapters=208
 compilation: enabled
              stopped_count=0, restarted_count=0
 full_count=0

Compilation events (20 events):
Event: 0.136 Thread 0x00007f7248277000 nmethod 223 0x00007f7238331190 code [0x00007f7238331340, 0x00007f72383313e8]
Event: 0.136 Thread 0x00007f7248277000  243       4       kotlin.text.StringsKt__StringsKt::split (176 bytes)
Event: 0.141 Thread 0x00007f71dc023000 nmethod 242 0x00007f7238331510 code [0x00007f7238331740, 0x00007f7238333378]
Event: 0.141 Thread 0x00007f71dc023000  244       4       kotlin.text.StringsKt__StringsKt::split$StringsKt__StringsKt (246 bytes)
Event: 0.151 Thread 0x00007f71ec072800 nmethod 237 0x00007f7238334090 code [0x00007f7238334360, 0x00007f7238337b38]
Event: 0.151 Thread 0x00007f71ec072800  248       4       kotlin.jvm.internal.Intrinsics::checkNotNullExpressionValue (38 bytes)
Event: 0.152 Thread 0x00007f71ec072800 nmethod 248 0x00007f7238339790 code [0x00007f7238339920, 0x00007f7238339978]
Event: 0.152 Thread 0x00007f71ec072800  252       4       java.lang.String::subSequence (7 bytes)
Event: 0.155 Thread 0x00007f71ec072800 nmethod 252 0x00007f7238339a90 code [0x00007f7238339c40, 0x00007f723833a158]
Event: 0.155 Thread 0x00007f71ec072800  251       4       java.lang.String::checkBoundsBeginEnd (60 bytes)
Event: 0.156 Thread 0x00007f71ec072800 nmethod 251 0x00007f723833a410 code [0x00007f723833a5a0, 0x00007f723833a638]
Event: 0.156 Thread 0x00007f71ec072800  228       4       coverage.CoverageEntry::compareParamsAndRtv (134 bytes)
Event: 0.157 Thread 0x00007f7248277000 nmethod 243 0x00007f723833a710 code [0x00007f723833a960, 0x00007f723833c2b8]
Event: 0.162 Thread 0x00007f71dc023000 nmethod 244 0x00007f723833d110 code [0x00007f723833d360, 0x00007f723833ebf8]
Event: 0.165 Thread 0x00007f71ec072800 nmethod 228 0x00007f723833fa90 code [0x00007f723833fc80, 0x00007f7238340818]
Event: 0.189 Thread 0x00007f7248279000  255 %     3       Tmp0Kt::testEmptyULongLoop2 @ 236 (588 bytes)
Event: 0.191 Thread 0x00007f7248279000 nmethod 255% 0x00007f7230e38890 code [0x00007f7230e38d00, 0x00007f7230e3a560]
Event: 0.191 Thread 0x00007f7248279000  256       3       Tmp0Kt::testEmptyULongLoop2 (588 bytes)
Event: 0.192 Thread 0x00007f7248279000 nmethod 256 0x00007f7230e3b190 code [0x00007f7230e3b600, 0x00007f7230e3cdc0]
Event: 0.197 Thread 0x00007f7248277000  257 %     4       kotlin.UnsignedKt::ulongCompare @ 556 (12 bytes)

GC Heap History (2 events):
Event: 0.145 GC heap before
{Heap before GC invocations=0 (full 0):
 garbage-first heap   total 512000K, used 22528K [0x000000060c600000, 0x0000000800000000)
  region size 2048K, 12 young (24576K), 0 survivors (0K)
 Metaspace       used 5199K, capacity 5296K, committed 5376K, reserved 1056768K
  class space    used 418K, capacity 464K, committed 512K, reserved 1048576K
}
Event: 0.146 GC heap after
{Heap after GC invocations=1 (full 0):
 garbage-first heap   total 512000K, used 1031K [0x000000060c600000, 0x0000000800000000)
  region size 2048K, 1 young (2048K), 1 survivors (2048K)
 Metaspace       used 5199K, capacity 5296K, committed 5376K, reserved 1056768K
  class space    used 418K, capacity 464K, committed 512K, reserved 1048576K
}

Deoptimization events (4 events):
Event: 0.053 Thread 0x00007f7248016800 Uncommon trap: trap_request=0xffffff4d fr.pc=0x00007f723831f320 relative=0x0000000000000200
Event: 0.053 Thread 0x00007f7248016800 Uncommon trap: reason=unstable_if action=reinterpret pc=0x00007f723831f320 method=java.lang.String.hashCode()I @ 14 c2
Event: 0.053 Thread 0x00007f7248016800 DEOPT PACKING pc=0x00007f723831f320 sp=0x00007f724e7480d0
Event: 0.053 Thread 0x00007f7248016800 DEOPT UNPACKING pc=0x00007f723089cea5 sp=0x00007f724e748088 mode 2

Classes redefined (0 events):
No events

Internal exceptions (0 events):
No events

Events (20 events):
Event: 0.085 loading class java/util/AbstractList$ListItr
Event: 0.085 loading class java/util/AbstractList$Itr
Event: 0.085 loading class java/util/AbstractList$Itr done
Event: 0.085 loading class java/util/AbstractList$ListItr done
Event: 0.085 loading class kotlin/UnsignedKt
Event: 0.085 loading class kotlin/UnsignedKt done
Event: 0.086 loading class kotlin/ranges/URangesKt
Event: 0.086 loading class kotlin/ranges/URangesKt done
Event: 0.086 loading class kotlin/ranges/URangesKt___URangesKt
Event: 0.086 loading class kotlin/ranges/URangesKt___URangesKt done
Event: 0.097 Thread 0x00007f71ec072800 Thread added: 0x00007f71ec072800
Event: 0.097 Protecting memory [0x00007f720b5b4000,0x00007f720b5b8000] with protection modes 0
Event: 0.100 Thread 0x00007f71dc023000 Thread added: 0x00007f71dc023000
Event: 0.100 Protecting memory [0x00007f720b4b3000,0x00007f720b4b7000] with protection modes 0
Event: 0.145 Executing VM operation: G1CollectForAllocation
Event: 0.146 Executing VM operation: G1CollectForAllocation done
Event: 0.146 Executing VM operation: RevokeBias
Event: 0.147 Executing VM operation: RevokeBias done
Event: 0.147 Executing VM operation: RevokeBias
Event: 0.147 Executing VM operation: RevokeBias done


Dynamic libraries:
60c600000-62ba00000 rw-p 00000000 00:00 0 
62ba00000-800000000 ---p 00000000 00:00 0 
800000000-800080000 rw-p 00000000 00:00 0 
800080000-840000000 ---p 00000000 00:00 0 
55ec379d4000-55ec379d5000 r--p 00000000 08:02 1968997                    /usr/lib/jvm/java-11-openjdk/bin/java
55ec379d5000-55ec379d6000 r-xp 00001000 08:02 1968997                    /usr/lib/jvm/java-11-openjdk/bin/java
55ec379d6000-55ec379d7000 r--p 00002000 08:02 1968997                    /usr/lib/jvm/java-11-openjdk/bin/java
55ec379d7000-55ec379d8000 r--p 00002000 08:02 1968997                    /usr/lib/jvm/java-11-openjdk/bin/java
55ec379d8000-55ec379d9000 rw-p 00003000 08:02 1968997                    /usr/lib/jvm/java-11-openjdk/bin/java
55ec39006000-55ec39027000 rw-p 00000000 00:00 0                          [heap]
7f71b8000000-7f71b8021000 rw-p 00000000 00:00 0 
7f71b8021000-7f71bc000000 ---p 00000000 00:00 0 
7f71bc000000-7f71bc021000 rw-p 00000000 00:00 0 
7f71bc021000-7f71c0000000 ---p 00000000 00:00 0 
7f71c0000000-7f71c0021000 rw-p 00000000 00:00 0 
7f71c0021000-7f71c4000000 ---p 00000000 00:00 0 
7f71c4000000-7f71c4021000 rw-p 00000000 00:00 0 
7f71c4021000-7f71c8000000 ---p 00000000 00:00 0 
7f71c8000000-7f71c8021000 rw-p 00000000 00:00 0 
7f71c8021000-7f71cc000000 ---p 00000000 00:00 0 
7f71cc000000-7f71cc021000 rw-p 00000000 00:00 0 
7f71cc021000-7f71d0000000 ---p 00000000 00:00 0 
7f71d0000000-7f71d0432000 rw-p 00000000 00:00 0 
7f71d0432000-7f71d4000000 ---p 00000000 00:00 0 
7f71d4000000-7f71d4021000 rw-p 00000000 00:00 0 
7f71d4021000-7f71d8000000 ---p 00000000 00:00 0 
7f71d8000000-7f71d8021000 rw-p 00000000 00:00 0 
7f71d8021000-7f71dc000000 ---p 00000000 00:00 0 
7f71dc000000-7f71dc46a000 rw-p 00000000 00:00 0 
7f71dc46a000-7f71e0000000 ---p 00000000 00:00 0 
7f71e0000000-7f71e0021000 rw-p 00000000 00:00 0 
7f71e0021000-7f71e4000000 ---p 00000000 00:00 0 
7f71e4000000-7f71e4021000 rw-p 00000000 00:00 0 
7f71e4021000-7f71e8000000 ---p 00000000 00:00 0 
7f71e8000000-7f71e8411000 rw-p 00000000 00:00 0 
7f71e8411000-7f71ec000000 ---p 00000000 00:00 0 
7f71ec000000-7f71ec095000 rw-p 00000000 00:00 0 
7f71ec095000-7f71f0000000 ---p 00000000 00:00 0 
7f71f0000000-7f71f0021000 rw-p 00000000 00:00 0 
7f71f0021000-7f71f4000000 ---p 00000000 00:00 0 
7f71f4000000-7f71f4021000 rw-p 00000000 00:00 0 
7f71f4021000-7f71f8000000 ---p 00000000 00:00 0 
7f71f8000000-7f71f8021000 rw-p 00000000 00:00 0 
7f71f8021000-7f71fc000000 ---p 00000000 00:00 0 
7f71fc000000-7f71fc021000 rw-p 00000000 00:00 0 
7f71fc021000-7f7200000000 ---p 00000000 00:00 0 
7f7200000000-7f7200021000 rw-p 00000000 00:00 0 
7f7200021000-7f7204000000 ---p 00000000 00:00 0 
7f7204000000-7f7204021000 rw-p 00000000 00:00 0 
7f7204021000-7f7208000000 ---p 00000000 00:00 0 
7f720ac87000-7f720ac88000 ---p 00000000 00:00 0 
7f720ac88000-7f720ad89000 rw-p 00000000 00:00 0 
7f720ad89000-7f720ad8a000 ---p 00000000 00:00 0 
7f720ad8a000-7f720ae8b000 rw-p 00000000 00:00 0 
7f720ae8b000-7f720ae8c000 ---p 00000000 00:00 0 
7f720ae8c000-7f720af8d000 rw-p 00000000 00:00 0 
7f720af8d000-7f720af8e000 ---p 00000000 00:00 0 
7f720af8e000-7f720b08f000 rw-p 00000000 00:00 0 
7f720b08f000-7f720b090000 ---p 00000000 00:00 0 
7f720b090000-7f720b191000 rw-p 00000000 00:00 0 
7f720b191000-7f720b192000 ---p 00000000 00:00 0 
7f720b192000-7f720b293000 rw-p 00000000 00:00 0 
7f720b293000-7f720b294000 ---p 00000000 00:00 0 
7f720b294000-7f720b395000 rw-p 00000000 00:00 0 
7f720b4b3000-7f720b4b7000 ---p 00000000 00:00 0 
7f720b4b7000-7f720b5b4000 rw-p 00000000 00:00 0 
7f720b5b4000-7f720b5b8000 ---p 00000000 00:00 0 
7f720b5b8000-7f720b6e6000 rw-p 00000000 00:00 0 
7f720b6e6000-7f720b6ea000 r--p 00000000 08:02 1976496                    /usr/lib/jvm/java-11-openjdk/lib/libnet.so
7f720b6ea000-7f720b6f9000 r-xp 00004000 08:02 1976496                    /usr/lib/jvm/java-11-openjdk/lib/libnet.so
7f720b6f9000-7f720b6fd000 r--p 00013000 08:02 1976496                    /usr/lib/jvm/java-11-openjdk/lib/libnet.so
7f720b6fd000-7f720b6fe000 r--p 00016000 08:02 1976496                    /usr/lib/jvm/java-11-openjdk/lib/libnet.so
7f720b6fe000-7f720b6ff000 rw-p 00017000 08:02 1976496                    /usr/lib/jvm/java-11-openjdk/lib/libnet.so
7f720b6ff000-7f720b703000 ---p 00000000 00:00 0 
7f720b703000-7f720bcc0000 rw-p 00000000 00:00 0 
7f720bcc0000-7f720c000000 ---p 00000000 00:00 0 
7f720c000000-7f720c021000 rw-p 00000000 00:00 0 
7f720c021000-7f7210000000 ---p 00000000 00:00 0 
7f7210000000-7f7210021000 rw-p 00000000 00:00 0 
7f7210021000-7f7214000000 ---p 00000000 00:00 0 
7f7214000000-7f7214021000 rw-p 00000000 00:00 0 
7f7214021000-7f7218000000 ---p 00000000 00:00 0 
7f7218009000-7f721800a000 ---p 00000000 00:00 0 
7f721800a000-7f721810b000 rw-p 00000000 00:00 0 
7f721810b000-7f721810f000 ---p 00000000 00:00 0 
7f721810f000-7f721820c000 rw-p 00000000 00:00 0 
7f721820c000-7f7218210000 ---p 00000000 00:00 0 
7f7218210000-7f721830d000 rw-p 00000000 00:00 0 
7f721830d000-7f7218311000 ---p 00000000 00:00 0 
7f7218311000-7f721840e000 rw-p 00000000 00:00 0 
7f721840e000-7f72186f6000 r--p 00000000 08:02 14491448                   /usr/lib/locale/locale-archive
7f72186f6000-7f721aec6000 rw-p 00000000 00:00 0 
7f721aec6000-7f72223de000 ---p 00000000 00:00 0 
7f72223de000-7f7222bae000 rw-p 00000000 00:00 0 
7f7222bae000-7f722a0c6000 ---p 00000000 00:00 0 
7f722a0c6000-7f722a1c0000 rw-p 00000000 00:00 0 
7f722a1c0000-7f722b063000 ---p 00000000 00:00 0 
7f722b063000-7f722b15d000 rw-p 00000000 00:00 0 
7f722b15d000-7f722c000000 ---p 00000000 00:00 0 
7f722c000000-7f722c021000 rw-p 00000000 00:00 0 
7f722c021000-7f7230000000 ---p 00000000 00:00 0 
7f7230011000-7f7230018000 r--p 00000000 08:02 1976501                    /usr/lib/jvm/java-11-openjdk/lib/libnio.so
7f7230018000-7f723001f000 r-xp 00007000 08:02 1976501                    /usr/lib/jvm/java-11-openjdk/lib/libnio.so
7f723001f000-7f7230022000 r--p 0000e000 08:02 1976501                    /usr/lib/jvm/java-11-openjdk/lib/libnio.so
7f7230022000-7f7230023000 r--p 00010000 08:02 1976501                    /usr/lib/jvm/java-11-openjdk/lib/libnio.so
7f7230023000-7f7230024000 rw-p 00011000 08:02 1976501                    /usr/lib/jvm/java-11-openjdk/lib/libnio.so
7f7230024000-7f7230028000 ---p 00000000 00:00 0 
7f7230028000-7f7230125000 rw-p 00000000 00:00 0 
7f7230125000-7f7230129000 ---p 00000000 00:00 0 
7f7230129000-7f7230226000 rw-p 00000000 00:00 0 
7f7230226000-7f723022a000 ---p 00000000 00:00 0 
7f723022a000-7f7230327000 rw-p 00000000 00:00 0 
7f7230327000-7f723032b000 ---p 00000000 00:00 0 
7f723032b000-7f7230428000 rw-p 00000000 00:00 0 
7f7230428000-7f7230429000 ---p 00000000 00:00 0 
7f7230429000-7f723064f000 rw-p 00000000 00:00 0 
7f723064f000-7f7230650000 ---p 00000000 00:00 0 
7f7230650000-7f7230751000 rw-p 00000000 00:00 0 
7f7230751000-7f7230752000 ---p 00000000 00:00 0 
7f7230752000-7f7230853000 rw-p 00000000 00:00 0 
7f7230853000-7f7230ac3000 rwxp 00000000 00:00 0 
7f7230ac3000-7f7230de4000 ---p 00000000 00:00 0 
7f7230de4000-7f7231054000 rwxp 00000000 00:00 0 
7f7231054000-7f723831b000 ---p 00000000 00:00 0 
7f723831b000-7f723858b000 rwxp 00000000 00:00 0 
7f723858b000-7f723f853000 ---p 00000000 00:00 0 
7f723f853000-7f7248000000 r--s 00000000 08:02 1976524                    /usr/lib/jvm/java-11-openjdk/lib/modules
7f7248000000-7f7248450000 rw-p 00000000 00:00 0 
7f7248450000-7f724c000000 ---p 00000000 00:00 0 
7f724c009000-7f724c832000 rw-p 00000000 00:00 0 
7f724c832000-7f724c833000 ---p 00000000 00:00 0 
7f724c833000-7f724c934000 rw-p 00000000 00:00 0 
7f724c934000-7f724c935000 ---p 00000000 00:00 0 
7f724c935000-7f724cc32000 rw-p 00000000 00:00 0 
7f724cc32000-7f724dad5000 ---p 00000000 00:00 0 
7f724dad5000-7f724e31c000 rw-p 00000000 00:00 0 
7f724e31c000-7f724e31d000 ---p 00000000 00:00 0 
7f724e31d000-7f724e423000 rw-p 00000000 00:00 0 
7f724e423000-7f724e509000 ---p 00000000 00:00 0 
7f724e509000-7f724e50e000 rw-p 00000000 00:00 0 
7f724e50e000-7f724e5f4000 ---p 00000000 00:00 0 
7f724e5f4000-7f724e5f9000 rw-p 00000000 00:00 0 
7f724e5f9000-7f724e600000 ---p 00000000 00:00 0 
7f724e600000-7f724e602000 r--p 00000000 08:02 1976523                    /usr/lib/jvm/java-11-openjdk/lib/libzip.so
7f724e602000-7f724e606000 r-xp 00002000 08:02 1976523                    /usr/lib/jvm/java-11-openjdk/lib/libzip.so
7f724e606000-7f724e608000 r--p 00006000 08:02 1976523                    /usr/lib/jvm/java-11-openjdk/lib/libzip.so
7f724e608000-7f724e609000 r--p 00007000 08:02 1976523                    /usr/lib/jvm/java-11-openjdk/lib/libzip.so
7f724e609000-7f724e60a000 rw-p 00008000 08:02 1976523                    /usr/lib/jvm/java-11-openjdk/lib/libzip.so
7f724e60a000-7f724e612000 rw-s 00000000 00:24 469810                     /tmp/hsperfdata_stepanov/2844683
7f724e612000-7f724e620000 r--p 00000000 08:02 1976470                    /usr/lib/jvm/java-11-openjdk/lib/libjava.so
7f724e620000-7f724e635000 r-xp 0000e000 08:02 1976470                    /usr/lib/jvm/java-11-openjdk/lib/libjava.so
7f724e635000-7f724e63b000 r--p 00023000 08:02 1976470                    /usr/lib/jvm/java-11-openjdk/lib/libjava.so
7f724e63b000-7f724e63c000 ---p 00029000 08:02 1976470                    /usr/lib/jvm/java-11-openjdk/lib/libjava.so
7f724e63c000-7f724e63d000 r--p 00029000 08:02 1976470                    /usr/lib/jvm/java-11-openjdk/lib/libjava.so
7f724e63d000-7f724e63e000 rw-p 0002a000 08:02 1976470                    /usr/lib/jvm/java-11-openjdk/lib/libjava.so
7f724e63e000-7f724e63f000 rw-p 00000000 00:00 0 
7f724e63f000-7f724e642000 r--p 00000000 08:02 14421227                   /usr/lib/librt-2.33.so
7f724e642000-7f724e646000 r-xp 00003000 08:02 14421227                   /usr/lib/librt-2.33.so
7f724e646000-7f724e648000 r--p 00007000 08:02 14421227                   /usr/lib/librt-2.33.so
7f724e648000-7f724e649000 r--p 00008000 08:02 14421227                   /usr/lib/librt-2.33.so
7f724e649000-7f724e64a000 rw-p 00009000 08:02 14421227                   /usr/lib/librt-2.33.so
7f724e64a000-7f724e64e000 ---p 00000000 00:00 0 
7f724e64e000-7f724e74b000 rw-p 00000000 00:00 0 
7f724e74b000-7f724e74e000 r--p 00000000 08:02 14421476                   /usr/lib/libgcc_s.so.1
7f724e74e000-7f724e760000 r-xp 00003000 08:02 14421476                   /usr/lib/libgcc_s.so.1
7f724e760000-7f724e763000 r--p 00015000 08:02 14421476                   /usr/lib/libgcc_s.so.1
7f724e763000-7f724e764000 ---p 00018000 08:02 14421476                   /usr/lib/libgcc_s.so.1
7f724e764000-7f724e765000 r--p 00018000 08:02 14421476                   /usr/lib/libgcc_s.so.1
7f724e765000-7f724e766000 rw-p 00019000 08:02 14421476                   /usr/lib/libgcc_s.so.1
7f724e766000-7f724e775000 r--p 00000000 08:02 14421113                   /usr/lib/libm-2.33.so
7f724e775000-7f724e80f000 r-xp 0000f000 08:02 14421113                   /usr/lib/libm-2.33.so
7f724e80f000-7f724e8a7000 r--p 000a9000 08:02 14421113                   /usr/lib/libm-2.33.so
7f724e8a7000-7f724e8a8000 ---p 00141000 08:02 14421113                   /usr/lib/libm-2.33.so
7f724e8a8000-7f724e8a9000 r--p 00141000 08:02 14421113                   /usr/lib/libm-2.33.so
7f724e8a9000-7f724e8aa000 rw-p 00142000 08:02 14421113                   /usr/lib/libm-2.33.so
7f724e8aa000-7f724e943000 r--p 00000000 08:02 14477167                   /usr/lib/libstdc++.so.6.0.29
7f724e943000-7f724ea43000 r-xp 00099000 08:02 14477167                   /usr/lib/libstdc++.so.6.0.29
7f724ea43000-7f724eaaf000 r--p 00199000 08:02 14477167                   /usr/lib/libstdc++.so.6.0.29
7f724eaaf000-7f724eabc000 r--p 00204000 08:02 14477167                   /usr/lib/libstdc++.so.6.0.29
7f724eabc000-7f724eabd000 rw-p 00211000 08:02 14477167                   /usr/lib/libstdc++.so.6.0.29
7f724eabd000-7f724eac0000 rw-p 00000000 00:00 0 
7f724eac0000-7f724ed38000 r--p 00000000 08:02 1976538                    /usr/lib/jvm/java-11-openjdk/lib/server/libjvm.so
7f724ed38000-7f724f93c000 r-xp 00278000 08:02 1976538                    /usr/lib/jvm/java-11-openjdk/lib/server/libjvm.so
7f724f93c000-7f724fb7c000 r--p 00e7c000 08:02 1976538                    /usr/lib/jvm/java-11-openjdk/lib/server/libjvm.so
7f724fb7c000-7f724fb7d000 ---p 010bc000 08:02 1976538                    /usr/lib/jvm/java-11-openjdk/lib/server/libjvm.so
7f724fb7d000-7f724fc3e000 r--p 010bc000 08:02 1976538                    /usr/lib/jvm/java-11-openjdk/lib/server/libjvm.so
7f724fc3e000-7f724fc78000 rw-p 0117d000 08:02 1976538                    /usr/lib/jvm/java-11-openjdk/lib/server/libjvm.so
7f724fc78000-7f724fcd0000 rw-p 00000000 00:00 0 
7f724fcd0000-7f724fcd7000 r--p 00000000 08:02 14421201                   /usr/lib/libpthread-2.33.so
7f724fcd7000-7f724fce6000 r-xp 00007000 08:02 14421201                   /usr/lib/libpthread-2.33.so
7f724fce6000-7f724fcea000 r--p 00016000 08:02 14421201                   /usr/lib/libpthread-2.33.so
7f724fcea000-7f724fceb000 ---p 0001a000 08:02 14421201                   /usr/lib/libpthread-2.33.so
7f724fceb000-7f724fcec000 r--p 0001a000 08:02 14421201                   /usr/lib/libpthread-2.33.so
7f724fcec000-7f724fced000 rw-p 0001b000 08:02 14421201                   /usr/lib/libpthread-2.33.so
7f724fced000-7f724fcf1000 rw-p 00000000 00:00 0 
7f724fcf1000-7f724fcf3000 r--p 00000000 08:02 14421089                   /usr/lib/libdl-2.33.so
7f724fcf3000-7f724fcf5000 r-xp 00002000 08:02 14421089                   /usr/lib/libdl-2.33.so
7f724fcf5000-7f724fcf6000 r--p 00004000 08:02 14421089                   /usr/lib/libdl-2.33.so
7f724fcf6000-7f724fcf7000 r--p 00004000 08:02 14421089                   /usr/lib/libdl-2.33.so
7f724fcf7000-7f724fcf8000 rw-p 00005000 08:02 14421089                   /usr/lib/libdl-2.33.so
7f724fcf8000-7f724fcfb000 r--p 00000000 08:02 14439370                   /usr/lib/libz.so.1.2.11
7f724fcfb000-7f724fd09000 r-xp 00003000 08:02 14439370                   /usr/lib/libz.so.1.2.11
7f724fd09000-7f724fd0f000 r--p 00011000 08:02 14439370                   /usr/lib/libz.so.1.2.11
7f724fd0f000-7f724fd10000 ---p 00017000 08:02 14439370                   /usr/lib/libz.so.1.2.11
7f724fd10000-7f724fd11000 r--p 00017000 08:02 14439370                   /usr/lib/libz.so.1.2.11
7f724fd11000-7f724fd12000 rw-p 00018000 08:02 14439370                   /usr/lib/libz.so.1.2.11
7f724fd12000-7f724fd38000 r--p 00000000 08:02 14421056                   /usr/lib/libc-2.33.so
7f724fd38000-7f724fe83000 r-xp 00026000 08:02 14421056                   /usr/lib/libc-2.33.so
7f724fe83000-7f724fecf000 r--p 00171000 08:02 14421056                   /usr/lib/libc-2.33.so
7f724fecf000-7f724fed2000 r--p 001bc000 08:02 14421056                   /usr/lib/libc-2.33.so
7f724fed2000-7f724fed5000 rw-p 001bf000 08:02 14421056                   /usr/lib/libc-2.33.so
7f724fed5000-7f724fede000 rw-p 00000000 00:00 0 
7f724fee5000-7f724fee7000 r--p 00000000 08:02 14421153                   /usr/lib/libnss_compat-2.33.so
7f724fee7000-7f724feed000 r-xp 00002000 08:02 14421153                   /usr/lib/libnss_compat-2.33.so
7f724feed000-7f724feee000 r--p 00008000 08:02 14421153                   /usr/lib/libnss_compat-2.33.so
7f724feee000-7f724feef000 r--p 00008000 08:02 14421153                   /usr/lib/libnss_compat-2.33.so
7f724feef000-7f724fef0000 rw-p 00009000 08:02 14421153                   /usr/lib/libnss_compat-2.33.so
7f724fef0000-7f724fef1000 ---p 00000000 00:00 0 
7f724fef1000-7f724fef2000 r--p 00000000 00:00 0 
7f724fef2000-7f724fef4000 r--p 00000000 08:02 1976476                    /usr/lib/jvm/java-11-openjdk/lib/libjimage.so
7f724fef4000-7f724fef7000 r-xp 00002000 08:02 1976476                    /usr/lib/jvm/java-11-openjdk/lib/libjimage.so
7f724fef7000-7f724fef8000 r--p 00005000 08:02 1976476                    /usr/lib/jvm/java-11-openjdk/lib/libjimage.so
7f724fef8000-7f724fef9000 ---p 00006000 08:02 1976476                    /usr/lib/jvm/java-11-openjdk/lib/libjimage.so
7f724fef9000-7f724fefa000 r--p 00006000 08:02 1976476                    /usr/lib/jvm/java-11-openjdk/lib/libjimage.so
7f724fefa000-7f724fefb000 rw-p 00007000 08:02 1976476                    /usr/lib/jvm/java-11-openjdk/lib/libjimage.so
7f724fefb000-7f724ff00000 r--p 00000000 08:02 1976521                    /usr/lib/jvm/java-11-openjdk/lib/libverify.so
7f724ff00000-7f724ff07000 r-xp 00005000 08:02 1976521                    /usr/lib/jvm/java-11-openjdk/lib/libverify.so
7f724ff07000-7f724ff09000 r--p 0000c000 08:02 1976521                    /usr/lib/jvm/java-11-openjdk/lib/libverify.so
7f724ff09000-7f724ff0b000 r--p 0000d000 08:02 1976521                    /usr/lib/jvm/java-11-openjdk/lib/libverify.so
7f724ff0b000-7f724ff0c000 rw-p 0000f000 08:02 1976521                    /usr/lib/jvm/java-11-openjdk/lib/libverify.so
7f724ff0c000-7f724ff0f000 r--p 00000000 08:02 1976252                    /usr/lib/jvm/java-11-openjdk/lib/jli/libjli.so
7f724ff0f000-7f724ff19000 r-xp 00003000 08:02 1976252                    /usr/lib/jvm/java-11-openjdk/lib/jli/libjli.so
7f724ff19000-7f724ff1c000 r--p 0000d000 08:02 1976252                    /usr/lib/jvm/java-11-openjdk/lib/jli/libjli.so
7f724ff1c000-7f724ff1d000 ---p 00010000 08:02 1976252                    /usr/lib/jvm/java-11-openjdk/lib/jli/libjli.so
7f724ff1d000-7f724ff1e000 r--p 00010000 08:02 1976252                    /usr/lib/jvm/java-11-openjdk/lib/jli/libjli.so
7f724ff1e000-7f724ff1f000 rw-p 00011000 08:02 1976252                    /usr/lib/jvm/java-11-openjdk/lib/jli/libjli.so
7f724ff1f000-7f724ff21000 rw-p 00000000 00:00 0 
7f724ff21000-7f724ff22000 r--p 00000000 08:02 14420974                   /usr/lib/ld-2.33.so
7f724ff22000-7f724ff46000 r-xp 00001000 08:02 14420974                   /usr/lib/ld-2.33.so
7f724ff46000-7f724ff4f000 r--p 00025000 08:02 14420974                   /usr/lib/ld-2.33.so
7f724ff4f000-7f724ff51000 r--p 0002d000 08:02 14420974                   /usr/lib/ld-2.33.so
7f724ff51000-7f724ff53000 rw-p 0002f000 08:02 14420974                   /usr/lib/ld-2.33.so
7ffc1eb33000-7ffc1eb54000 rw-p 00000000 00:00 0                          [stack]
7ffc1eb5d000-7ffc1eb61000 r--p 00000000 00:00 0                          [vvar]
7ffc1eb61000-7ffc1eb63000 r-xp 00000000 00:00 0                          [vdso]
ffffffffff600000-ffffffffff601000 --xp 00000000 00:00 0                  [vsyscall]


VM Arguments:
java_command: Tmp0Kt
java_class_path (initial): tmp/lib/kotlin-stdlib-1.4.0.jar:tmp/lib/kotlin-stdlib-common-1.4.0.jar:tmp/lib/kotlin-test-1.4.0.jar:tmp/lib/kotlin-test-common-1.4.0.jar:tmp/lib/kotlin-reflect-1.4.0.jar:tmp/lib/kotlin-script-runtime-1.4.0.jar:tmp/lib/kotlin-stdlib-jdk8-1.4.0.jar:tmp/lib/kotlin-stdlib-jdk7-1.4.0.jar:tmp/tmp.jar
Launcher Type: SUN_STANDARD

[Global flags]
     intx CICompilerCount                          = 4                                         {product} {ergonomic}
     uint ConcGCThreads                            = 2                                         {product} {ergonomic}
     uint G1ConcRefinementThreads                  = 8                                         {product} {ergonomic}
   size_t G1HeapRegionSize                         = 2097152                                   {product} {ergonomic}
    uintx GCDrainStackTargetSize                   = 64                                        {product} {ergonomic}
   size_t InitialHeapSize                          = 524288000                                 {product} {ergonomic}
   size_t MarkStackSize                            = 4194304                                   {product} {ergonomic}
   size_t MaxHeapSize                              = 8382316544                                {product} {ergonomic}
   size_t MaxNewSize                               = 5028970496                                {product} {ergonomic}
   size_t MinHeapDeltaBytes                        = 2097152                                   {product} {ergonomic}
    uintx NonNMethodCodeHeapSize                   = 5836300                                {pd product} {ergonomic}
    uintx NonProfiledCodeHeapSize                  = 122910970                              {pd product} {ergonomic}
    uintx ProfiledCodeHeapSize                     = 122910970                              {pd product} {ergonomic}
    uintx ReservedCodeCacheSize                    = 251658240                              {pd product} {ergonomic}
     bool SegmentedCodeCache                       = true                                      {product} {ergonomic}
     bool UseCompressedClassPointers               = true                                 {lp64_product} {ergonomic}
     bool UseCompressedOops                        = true                                 {lp64_product} {ergonomic}
     bool UseG1GC                                  = true                                      {product} {ergonomic}

Logging:
Log output configuration:
 #0: stdout all=warning uptime,level,tags
 #1: stderr all=off uptime,level,tags

Environment Variables:
JAVA_HOME=/usr/lib/jvm/java-11-openjdk
PATH=/usr/lib/jvm/java-14-openjdk/bin:/usr/local/bin:/usr/local/sbin:/usr/bin:/opt/android-sdk/tools:/opt/android-sdk/tools/bin:/usr/lib/jvm/default/bin:/usr/lib/smlnj/bin
LD_LIBRARY_PATH=/opt/cuda/lib64
SHELL=/bin/bash
DISPLAY=:0.0
LANG=en_US.UTF-8

Signal Handlers:
SIGSEGV: [libjvm.so+0xe0a500], sa_mask[0]=11111111011111111101111111111110, sa_flags=SA_RESTART|SA_SIGINFO
SIGBUS: [libjvm.so+0xe0a500], sa_mask[0]=11111111011111111101111111111110, sa_flags=SA_RESTART|SA_SIGINFO
SIGFPE: [libjvm.so+0xe0a500], sa_mask[0]=11111111011111111101111111111110, sa_flags=SA_RESTART|SA_SIGINFO
SIGPIPE: [libjvm.so+0xbf93d0], sa_mask[0]=11111111011111111101111111111110, sa_flags=SA_RESTART|SA_SIGINFO
SIGXFSZ: [libjvm.so+0xbf93d0], sa_mask[0]=11111111011111111101111111111110, sa_flags=SA_RESTART|SA_SIGINFO
SIGILL: [libjvm.so+0xe0a500], sa_mask[0]=11111111011111111101111111111110, sa_flags=SA_RESTART|SA_SIGINFO
SIGUSR2: [libjvm.so+0xbf9260], sa_mask[0]=00100000000000000000000000000000, sa_flags=SA_RESTART|SA_SIGINFO
SIGHUP: [libjvm.so+0xbf9860], sa_mask[0]=11111111011111111101111111111110, sa_flags=SA_RESTART|SA_SIGINFO
SIGINT: [libjvm.so+0xbf9860], sa_mask[0]=11111111011111111101111111111110, sa_flags=SA_RESTART|SA_SIGINFO
SIGTERM: [libjvm.so+0xbf9860], sa_mask[0]=11111111011111111101111111111110, sa_flags=SA_RESTART|SA_SIGINFO
SIGQUIT: [libjvm.so+0xbf9860], sa_mask[0]=11111111011111111101111111111110, sa_flags=SA_RESTART|SA_SIGINFO


---------------  S Y S T E M  ---------------

OS:LSB_VERSION=1.4
DISTRIB_ID=Arch
DISTRIB_RELEASE=rolling
DISTRIB_DESCRIPTION="Arch Linux"
uname:Linux 5.15.4-arch1-1 #1 SMP PREEMPT Sun, 21 Nov 2021 21:34:33 +0000 x86_64
OS uptime: 9 days 17:18 hours
libc:glibc 2.33 NPTL 2.33 
rlimit (soft/hard): STACK 8192k/infinity , CORE infinity/infinity , NPROC 127832/127832 , NOFILE 524288/524288 , AS infinity/infinity , CPU infinity/infinity , DATA infinity/infinity , FSIZE infinity/infinity , MEMLOCK 1024k/1024k
load average:2.74 2.62 2.87

/proc/meminfo:
MemTotal:       32740680 kB
MemFree:        14486048 kB
MemAvailable:   20543456 kB
Buffers:          385284 kB
Cached:          6193884 kB
SwapCached:            0 kB
Active:          2298856 kB
Inactive:       15149368 kB
Active(anon):      55284 kB
Inactive(anon): 11155172 kB
Active(file):    2243572 kB
Inactive(file):  3994196 kB
Unevictable:      264664 kB
Mlocked:              64 kB
SwapTotal:      32575484 kB
SwapFree:       32575484 kB
Dirty:               784 kB
Writeback:             0 kB
AnonPages:      11133924 kB
Mapped:          1347504 kB
Shmem:            341396 kB
KReclaimable:     282796 kB
Slab:             375272 kB
SReclaimable:     282796 kB
SUnreclaim:        92476 kB
KernelStack:       14560 kB
PageTables:        46220 kB
NFS_Unstable:          0 kB
Bounce:                0 kB
WritebackTmp:          0 kB
CommitLimit:    48945824 kB
Committed_AS:   14742188 kB
VmallocTotal:   34359738367 kB
VmallocUsed:       37888 kB
VmallocChunk:          0 kB
Percpu:             5984 kB
HardwareCorrupted:     0 kB
AnonHugePages:         0 kB
ShmemHugePages:        0 kB
ShmemPmdMapped:        0 kB
FileHugePages:         0 kB
FilePmdMapped:         0 kB
CmaTotal:              0 kB
CmaFree:               0 kB
HugePages_Total:       0
HugePages_Free:        0
HugePages_Rsvd:        0
HugePages_Surp:        0
Hugepagesize:       2048 kB
Hugetlb:               0 kB
DirectMap4k:      393304 kB
DirectMap2M:    22542336 kB
DirectMap1G:    11534336 kB

/sys/kernel/mm/transparent_hugepage/enabled:
always [madvise] never
/sys/kernel/mm/transparent_hugepage/defrag (defrag/compaction efforts parameter):
always defer defer+madvise [madvise] never

Process Memory:
Virtual Size: 11677508K (peak: 11678652K)
Resident Set Size: 112788K (peak: 112788K) (anon: 93692K, file: 19064K, shmem: 32K)
Swapped out: 0K
C-Heap outstanding allocations: 14070K

/proc/sys/kernel/threads-max (system-wide limit on the number of threads):
255665
/proc/sys/vm/max_map_count (maximum number of memory map areas a process may have):
65530
/proc/sys/kernel/pid_max (system-wide limit on number of process identifiers):
4194304

Steal ticks since vm start: 0
Steal ticks percentage since vm start:  0.000

CPU:total 8 (initial active 8) (4 cores per cpu, 2 threads per core) family 6 model 60 stepping 3 microcode 0x1c, cmov, cx8, fxsr, mmx, sse, sse2, sse3, ssse3, sse4.1, sse4.2, popcnt, avx, avx2, aes, clmul, erms, lzcnt, ht, tsc, tscinvbit, bmi1, bmi2, fma
CPU Model and flags from /proc/cpuinfo:
model name	: Intel(R) Core(TM) i7-4790 CPU @ 3.60GHz
flags		: fpu vme de pse tsc msr pae mce cx8 apic sep mtrr pge mca cmov pat pse36 clflush dts acpi mmx fxsr sse sse2 ss ht tm pbe syscall nx pdpe1gb rdtscp lm constant_tsc arch_perfmon pebs bts rep_good nopl xtopology nonstop_tsc cpuid aperfmperf pni pclmulqdq dtes64 monitor ds_cpl vmx smx est tm2 ssse3 sdbg fma cx16 xtpr pdcm pcid sse4_1 sse4_2 x2apic movbe popcnt aes xsave avx f16c rdrand lahf_lm abm cpuid_fault invpcid_single pti tpr_shadow vnmi flexpriority ept vpid ept_ad fsgsbase tsc_adjust bmi1 avx2 smep bmi2 erms invpcid xsaveopt dtherm ida arat pln pts
Online cpus:
0-7
Offline cpus:

BIOS frequency limitation:
<Not Available>
Frequency switch latency (ns):
20000
Available cpu frequencies:
<Not Available>
Current governor:
schedutil
Core performance/turbo boost:
<Not Available>

Memory: 4k page, physical 32740680k(14485544k free), swap 32575484k(32575484k free)

vm_info: OpenJDK 64-Bit Server VM (11.0.13+8) for linux-amd64 JRE (11.0.13+8), built on Nov  9 2021 19:45:44 by "builduser" with gcc 11.1.0

END.
