#
# A fatal error has been detected by the Java Runtime Environment:
#
#  SIGSEGV (0xb) at pc=0x00007f3134ca4fd7, pid=2844719, tid=2844734
#
# JRE version: OpenJDK Runtime Environment (11.0.13+8) (build 11.0.13+8)
# Java VM: OpenJDK 64-Bit Server VM (11.0.13+8, mixed mode, tiered, compressed oops, g1 gc, linux-amd64)
# Problematic frame:
# V  [libjvm.so+0x5b3fd7]
#
# Core dump will be written. Default location: Core dumps may be processed with "/usr/lib/systemd/systemd-coredump %P %u %g %s %t %c %h" (or dumping to /home/stepanov/workspace/guidedBBF/bbfgradle/core.2844719)
#
# If you would like to submit a bug report, please visit:
#   https://bugreport.java.com/bugreport/crash.jsp
#

---------------  S U M M A R Y ------------

Command Line: Tmp0Kt

Host: Intel(R) Core(TM) i7-4790 CPU @ 3.60GHz, 8 cores, 31G, Arch Linux
Time: Fri Dec  3 09:51:25 2021 MSK elapsed time: 0.229147 seconds (0d 0h 0m 0s)

---------------  T H R E A D  ---------------

Current thread (0x00007f3130277000):  JavaThread "C2 CompilerThread0" daemon [_thread_in_native, id=2844734, stack(0x00007f30f9711000,0x00007f30f9812000)]


Current CompileTask:
C2:    229  257 %     4       kotlin.UnsignedKt::ulongCompare @ 556 (12 bytes)

Stack: [0x00007f30f9711000,0x00007f30f9812000],  sp=0x00007f30f980ed20,  free space=1015k
Native frames: (J=compiled Java code, A=aot compiled Java code, j=interpreted, Vv=VM code, C=native code)
V  [libjvm.so+0x5b3fd7]
V  [libjvm.so+0x5b7c71]
V  [libjvm.so+0x5b7de2]
V  [libjvm.so+0x594f9d]
V  [libjvm.so+0xc34b84]
V  [libjvm.so+0x55b19c]
V  [libjvm.so+0x63045e]
V  [libjvm.so+0x55a4c5]
V  [libjvm.so+0x6394c6]
V  [libjvm.so+0x63a788]
V  [libjvm.so+0xd9c2f8]
V  [libjvm.so+0xd997d1]
V  [libjvm.so+0xc03641]


siginfo: si_signo: 11 (SIGSEGV), si_code: 1 (SEGV_MAPERR), si_addr: 0x00007f327bdd5920

Register to memory mapping:

RAX=0x00007f30d001cd20 points into unknown readable memory: 0x0000000000000000 | 00 00 00 00 00 00 00 00
RBX=0x00007f30d001cca0 points into unknown readable memory: 0x00007f30f9810970 | 70 09 81 f9 30 7f 00 00
RCX=0x0 is NULL
RDX=0x00007f30b81ed5d0 points into unknown readable memory: 0x00007f30b81ed5e0 | e0 d5 1e b8 30 7f 00 00
RSP=0x00007f30f980ed20 is pointing into the stack for thread: 0x00007f3130277000
RBP=0x00007f30f980ed60 is pointing into the stack for thread: 0x00007f3130277000
RSI=0x00000000357b7180 is an unknown value
RDI=0x00007f30d001cca0 points into unknown readable memory: 0x00007f30f9810970 | 70 09 81 f9 30 7f 00 00
R8 =0x00007f30f9810978 is pointing into the stack for thread: 0x00007f3130277000
R9 =0x00000000ffffffff is an unknown value
R10=0x00007f30d4054ba0 points into unknown readable memory: 0x00007f313028eac0 | c0 ea 28 30 31 7f 00 00
R11=0x00007f30d001c65c points into unknown readable memory: 01 00 00 00
R12=0x00007f3130277bd0 points into unknown readable memory: 0x00007f3100000006 | 06 00 00 00 31 7f 00 00
R13=0x00007f30b81ed5d0 points into unknown readable memory: 0x00007f30b81ed5e0 | e0 d5 1e b8 30 7f 00 00
R14=0x00007f30d001cca0 points into unknown readable memory: 0x00007f30f9810970 | 70 09 81 f9 30 7f 00 00
R15=0x00000000357b7180 is an unknown value


Registers:
RAX=0x00007f30d001cd20, RBX=0x00007f30d001cca0, RCX=0x0000000000000000, RDX=0x00007f30b81ed5d0
RSP=0x00007f30f980ed20, RBP=0x00007f30f980ed60, RSI=0x00000000357b7180, RDI=0x00007f30d001cca0
R8 =0x00007f30f9810978, R9 =0x00000000ffffffff, R10=0x00007f30d4054ba0, R11=0x00007f30d001c65c
R12=0x00007f3130277bd0, R13=0x00007f30b81ed5d0, R14=0x00007f30d001cca0, R15=0x00000000357b7180
RIP=0x00007f3134ca4fd7, EFLAGS=0x0000000000010202, CSGSFS=0x002b000000000033, ERR=0x0000000000000004
  TRAPNO=0x000000000000000e

Top of Stack: (sp=0x00007f30f980ed20)
0x00007f30f980ed20:   00007f30f980edc0 00000000b81ed5e0
0x00007f30f980ed30:   00007f30b81ed5d0 00007f30d001cca0
0x00007f30f980ed40:   00007f3130277bd0 00007f30b81ed5d0
0x00007f30f980ed50:   00007f30b81ed5a0 00007f30b81e9c50 

Instructions: (pc=0x00007f3134ca4fd7)
0x00007f3134ca4ed7:   00 48 8b 11 45 31 f6 4c 63 00 c7 02 00 00 00 00
0x00007f3134ca4ee7:   4c 89 c0 49 c1 e0 03 85 c0 7e 35 66 0f 1f 44 00
0x00007f3134ca4ef7:   00 49 8b 45 00 48 8b 19 4c 8b 78 18 48 63 33 4d
0x00007f3134ca4f07:   01 f7 3b 73 04 74 5a 8d 46 01 49 83 c6 08 89 03
0x00007f3134ca4f17:   48 8b 43 18 49 8b 17 48 89 14 f0 4d 39 c6 75 d1
0x00007f3134ca4f27:   66 0f 6f 05 a1 b4 8e 00 49 89 4c 24 30 49 c7 44
0x00007f3134ca4f37:   24 60 00 00 00 00 41 0f 11 44 24 38 66 0f ef c0
0x00007f3134ca4f47:   41 c7 44 24 48 00 00 00 00 41 0f 11 44 24 50 48
0x00007f3134ca4f57:   83 c4 18 5b 41 5c 41 5d 41 5e 41 5f 5d c3 0f 1f
0x00007f3134ca4f67:   00 48 89 df 4c 89 45 c0 49 83 c6 08 48 89 4d c8
0x00007f3134ca4f77:   e8 34 40 00 00 48 63 03 4c 8b 45 c0 48 8b 4d c8
0x00007f3134ca4f87:   8d 50 01 4d 39 c6 89 13 48 8b 53 18 49 8b 37 48
0x00007f3134ca4f97:   89 34 c2 0f 85 58 ff ff ff eb 85 66 0f 1f 44 00
0x00007f3134ca4fa7:   00 31 d2 e9 7a fe ff ff 90 55 48 89 e5 41 57 4c
0x00007f3134ca4fb7:   63 fe 41 56 49 89 fe 41 55 49 89 d5 41 54 53 48
0x00007f3134ca4fc7:   83 ec 18 48 8b 07 89 4d cc 4c 8b 00 48 8b 47 40
0x00007f3134ca4fd7:   4a 8b 1c f8 48 85 db 0f 84 64 01 00 00 83 7d cc
0x00007f3134ca4fe7:   01 0f 84 02 01 00 00 8b 03 85 c0 7e 7d 48 8b 73
0x00007f3134ca4ff7:   18 83 e8 01 4c 8d 5c c6 08 4c 8b 26 41 80 7c 24
0x00007f3134ca5007:   48 00 75 5d 49 8b 55 00 8b 02 85 c0 0f 84 ae 00
0x00007f3134ca5017:   00 00 49 8b 4c 24 30 48 8b 09 48 63 39 39 c7 75
0x00007f3134ca5027:   40 85 ff 0f 8e 97 00 00 00 4c 8b 51 18 4c 8b 4a
0x00007f3134ca5037:   18 4c 89 65 c0 31 c0 eb 15 8b 52 04 39 51 04 75
0x00007f3134ca5047:   20 48 83 c0 01 48 39 f8 0f 84 8b 00 00 00 49 8b
0x00007f3134ca5057:   14 c1 49 8b 0c c2 44 8b 22 44 39 21 74 db 0f 1f
0x00007f3134ca5067:   00 48 83 c6 08 49 39 f3 75 8f 83 7d cc 02 0f 84
0x00007f3134ca5077:   b5 01 00 00 49 8b 46 10 4c 89 c6 bf 68 00 00 00
0x00007f3134ca5087:   48 8b 40 10 48 8b 40 18 4e 8b 3c f8 67 e8 57 85
0x00007f3134ca5097:   e6 ff 49 89 c4 48 85 c0 74 11 4c 89 e9 4c 89 fa
0x00007f3134ca50a7:   4c 89 f6 48 89 c7 e8 be fc ff ff 48 63 33 3b 73
0x00007f3134ca50b7:   04 74 7b 8d 46 01 89 03 48 8b 43 18 4c 89 24 f0
0x00007f3134ca50c7:   48 83 c4 18 4c 89 e0 5b 41 5c 41 5d 41 5e 41 5f 


Stack slot to memory mapping:
stack at sp + 0 slots: 0x00007f30f980edc0 is pointing into the stack for thread: 0x00007f3130277000
stack at sp + 1 slots: 0x00000000b81ed5e0 is an unknown value
stack at sp + 2 slots: 0x00007f30b81ed5d0 points into unknown readable memory: 0x00007f30b81ed5e0 | e0 d5 1e b8 30 7f 00 00
stack at sp + 3 slots: 0x00007f30d001cca0 points into unknown readable memory: 0x00007f30f9810970 | 70 09 81 f9 30 7f 00 00
stack at sp + 4 slots: 0x00007f3130277bd0 points into unknown readable memory: 0x00007f3100000006 | 06 00 00 00 31 7f 00 00
stack at sp + 5 slots: 0x00007f30b81ed5d0 points into unknown readable memory: 0x00007f30b81ed5e0 | e0 d5 1e b8 30 7f 00 00
stack at sp + 6 slots: 0x00007f30b81ed5a0 points into unknown readable memory: 0x00007f30d001cd30 | 30 cd 01 d0 30 7f 00 00
stack at sp + 7 slots: 0x00007f30b81e9c50 points into unknown readable memory: 0x0000000000000000 | 00 00 00 00 00 00 00 00


---------------  P R O C E S S  ---------------

Threads class SMR info:
_java_thread_list=0x00007f30c4000c30, length=11, elements={
0x00007f3130016800, 0x00007f313025a000, 0x00007f313025e000, 0x00007f3130273000,
0x00007f3130275000, 0x00007f3130277000, 0x00007f3130279000, 0x00007f313027b800,
0x00007f313032b000, 0x00007f30d4082800, 0x00007f30c403a800
}

Java Threads: ( => current thread )
  0x00007f3130016800 JavaThread "main" [_thread_in_Java, id=2844723, stack(0x00007f313427b000,0x00007f313437c000)]
  0x00007f313025a000 JavaThread "Reference Handler" daemon [_thread_blocked, id=2844730, stack(0x00007f30f9dfd000,0x00007f30f9efe000)]
  0x00007f313025e000 JavaThread "Finalizer" daemon [_thread_blocked, id=2844731, stack(0x00007f30f9cfc000,0x00007f30f9dfd000)]
  0x00007f3130273000 JavaThread "Signal Dispatcher" daemon [_thread_blocked, id=2844732, stack(0x00007f30f9913000,0x00007f30f9a14000)]
  0x00007f3130275000 JavaThread "Service Thread" daemon [_thread_blocked, id=2844733, stack(0x00007f30f9812000,0x00007f30f9913000)]
=>0x00007f3130277000 JavaThread "C2 CompilerThread0" daemon [_thread_in_native, id=2844734, stack(0x00007f30f9711000,0x00007f30f9812000)]
  0x00007f3130279000 JavaThread "C1 CompilerThread0" daemon [_thread_blocked, id=2844735, stack(0x00007f30f9610000,0x00007f30f9711000)]
  0x00007f313027b800 JavaThread "Sweeper thread" daemon [_thread_blocked, id=2844736, stack(0x00007f30f950f000,0x00007f30f9610000)]
  0x00007f313032b000 JavaThread "Common-Cleaner" daemon [_thread_blocked, id=2844738, stack(0x00007f30f930c000,0x00007f30f940d000)]
  0x00007f30d4082800 JavaThread "C2 CompilerThread1" daemon [_thread_blocked, id=2844739, stack(0x00007f30f91da000,0x00007f30f92db000)]
  0x00007f30c403a800 JavaThread "C2 CompilerThread2" daemon [_thread_blocked, id=2844740, stack(0x00007f30f90d9000,0x00007f30f91da000)]

Other Threads:
  0x00007f3130252000 VMThread "VM Thread" [stack: 0x00007f30f9f00000,0x00007f30fa000000] [id=2844729]
  0x00007f313031a000 WatcherThread [stack: 0x00007f30f940f000,0x00007f30f950f000] [id=2844737]
  0x00007f313002e800 GCTaskThread "GC Thread#0" [stack: 0x00007f3118753000,0x00007f3118853000] [id=2844724]
  0x00007f30ec001000 GCTaskThread "GC Thread#1" [stack: 0x00007f30f8fd9000,0x00007f30f90d9000] [id=2844741]
  0x00007f30ec003000 GCTaskThread "GC Thread#2" [stack: 0x00007f30f8ed7000,0x00007f30f8fd7000] [id=2844742]
  0x00007f30ec004800 GCTaskThread "GC Thread#3" [stack: 0x00007f30f8dd5000,0x00007f30f8ed5000] [id=2844743]
  0x00007f30ec006800 GCTaskThread "GC Thread#4" [stack: 0x00007f30f8cd3000,0x00007f30f8dd3000] [id=2844744]
  0x00007f30ec008800 GCTaskThread "GC Thread#5" [stack: 0x00007f30f8bd1000,0x00007f30f8cd1000] [id=2844745]
  0x00007f30ec00a000 GCTaskThread "GC Thread#6" [stack: 0x00007f30f8acf000,0x00007f30f8bcf000] [id=2844746]
  0x00007f30ec00c000 GCTaskThread "GC Thread#7" [stack: 0x00007f30f89cd000,0x00007f30f8acd000] [id=2844747]
  0x00007f3130069000 ConcurrentGCThread "G1 Main Marker" [stack: 0x00007f3101456000,0x00007f3101556000] [id=2844725]
  0x00007f313006a800 ConcurrentGCThread "G1 Conc#0" [stack: 0x00007f3101354000,0x00007f3101454000] [id=2844726]
  0x00007f31301ec800 ConcurrentGCThread "G1 Refine#0" [stack: 0x00007f3100a4a000,0x00007f3100b4a000] [id=2844727]
  0x00007f31301ee000 ConcurrentGCThread "G1 Young RemSet Sampling" [stack: 0x00007f3100948000,0x00007f3100a48000] [id=2844728]

Threads with active compile tasks:
C2 CompilerThread0    231  257 %     4       kotlin.UnsignedKt::ulongCompare @ 556 (12 bytes)

VM state:not at safepoint (normal execution)

VM Mutex/Monitor currently owned by a thread: None

Heap address: 0x000000060c600000, size: 7994 MB, Compressed Oops mode: Zero based, Oop shift amount: 3
Narrow klass base: 0x0000000800000000, Narrow klass shift: 0
Compressed class space size: 1073741824 Address: 0x0000000800000000

Heap:
 garbage-first heap   total 512000K, used 60414K [0x000000060c600000, 0x0000000800000000)
  region size 2048K, 31 young (63488K), 1 survivors (2048K)
 Metaspace       used 5202K, capacity 5296K, committed 5376K, reserved 1056768K
  class space    used 418K, capacity 464K, committed 512K, reserved 1048576K
Heap Regions: E=young(eden), S=young(survivor), O=old, HS=humongous(starts), HC=humongous(continues), CS=collection set, F=free, A=archive, TAMS=top-at-mark-start (previous, next)
|   0|0x000000060c600000, 0x000000060c600000, 0x000000060c800000|  0%| F|  |TAMS 0x000000060c600000, 0x000000060c600000| Untracked 
|   1|0x000000060c800000, 0x000000060c800000, 0x000000060ca00000|  0%| F|  |TAMS 0x000000060c800000, 0x000000060c800000| Untracked 
|   2|0x000000060ca00000, 0x000000060ca00000, 0x000000060cc00000|  0%| F|  |TAMS 0x000000060ca00000, 0x000000060ca00000| Untracked 
|   3|0x000000060cc00000, 0x000000060cc00000, 0x000000060ce00000|  0%| F|  |TAMS 0x000000060cc00000, 0x000000060cc00000| Untracked 
|   4|0x000000060ce00000, 0x000000060ce00000, 0x000000060d000000|  0%| F|  |TAMS 0x000000060ce00000, 0x000000060ce00000| Untracked 
|   5|0x000000060d000000, 0x000000060d000000, 0x000000060d200000|  0%| F|  |TAMS 0x000000060d000000, 0x000000060d000000| Untracked 
|   6|0x000000060d200000, 0x000000060d200000, 0x000000060d400000|  0%| F|  |TAMS 0x000000060d200000, 0x000000060d200000| Untracked 
|   7|0x000000060d400000, 0x000000060d400000, 0x000000060d600000|  0%| F|  |TAMS 0x000000060d400000, 0x000000060d400000| Untracked 
|   8|0x000000060d600000, 0x000000060d600000, 0x000000060d800000|  0%| F|  |TAMS 0x000000060d600000, 0x000000060d600000| Untracked 
|   9|0x000000060d800000, 0x000000060d800000, 0x000000060da00000|  0%| F|  |TAMS 0x000000060d800000, 0x000000060d800000| Untracked 
|  10|0x000000060da00000, 0x000000060da00000, 0x000000060dc00000|  0%| F|  |TAMS 0x000000060da00000, 0x000000060da00000| Untracked 
|  11|0x000000060dc00000, 0x000000060dc00000, 0x000000060de00000|  0%| F|  |TAMS 0x000000060dc00000, 0x000000060dc00000| Untracked 
|  12|0x000000060de00000, 0x000000060de00000, 0x000000060e000000|  0%| F|  |TAMS 0x000000060de00000, 0x000000060de00000| Untracked 
|  13|0x000000060e000000, 0x000000060e000000, 0x000000060e200000|  0%| F|  |TAMS 0x000000060e000000, 0x000000060e000000| Untracked 
|  14|0x000000060e200000, 0x000000060e200000, 0x000000060e400000|  0%| F|  |TAMS 0x000000060e200000, 0x000000060e200000| Untracked 
|  15|0x000000060e400000, 0x000000060e400000, 0x000000060e600000|  0%| F|  |TAMS 0x000000060e400000, 0x000000060e400000| Untracked 
|  16|0x000000060e600000, 0x000000060e600000, 0x000000060e800000|  0%| F|  |TAMS 0x000000060e600000, 0x000000060e600000| Untracked 
|  17|0x000000060e800000, 0x000000060e800000, 0x000000060ea00000|  0%| F|  |TAMS 0x000000060e800000, 0x000000060e800000| Untracked 
|  18|0x000000060ea00000, 0x000000060ea00000, 0x000000060ec00000|  0%| F|  |TAMS 0x000000060ea00000, 0x000000060ea00000| Untracked 
|  19|0x000000060ec00000, 0x000000060ec00000, 0x000000060ee00000|  0%| F|  |TAMS 0x000000060ec00000, 0x000000060ec00000| Untracked 
|  20|0x000000060ee00000, 0x000000060ee00000, 0x000000060f000000|  0%| F|  |TAMS 0x000000060ee00000, 0x000000060ee00000| Untracked 
|  21|0x000000060f000000, 0x000000060f000000, 0x000000060f200000|  0%| F|  |TAMS 0x000000060f000000, 0x000000060f000000| Untracked 
|  22|0x000000060f200000, 0x000000060f200000, 0x000000060f400000|  0%| F|  |TAMS 0x000000060f200000, 0x000000060f200000| Untracked 
|  23|0x000000060f400000, 0x000000060f400000, 0x000000060f600000|  0%| F|  |TAMS 0x000000060f400000, 0x000000060f400000| Untracked 
|  24|0x000000060f600000, 0x000000060f600000, 0x000000060f800000|  0%| F|  |TAMS 0x000000060f600000, 0x000000060f600000| Untracked 
|  25|0x000000060f800000, 0x000000060f800000, 0x000000060fa00000|  0%| F|  |TAMS 0x000000060f800000, 0x000000060f800000| Untracked 
|  26|0x000000060fa00000, 0x000000060fa00000, 0x000000060fc00000|  0%| F|  |TAMS 0x000000060fa00000, 0x000000060fa00000| Untracked 
|  27|0x000000060fc00000, 0x000000060fc00000, 0x000000060fe00000|  0%| F|  |TAMS 0x000000060fc00000, 0x000000060fc00000| Untracked 
|  28|0x000000060fe00000, 0x000000060fe00000, 0x0000000610000000|  0%| F|  |TAMS 0x000000060fe00000, 0x000000060fe00000| Untracked 
|  29|0x0000000610000000, 0x0000000610000000, 0x0000000610200000|  0%| F|  |TAMS 0x0000000610000000, 0x0000000610000000| Untracked 
|  30|0x0000000610200000, 0x0000000610200000, 0x0000000610400000|  0%| F|  |TAMS 0x0000000610200000, 0x0000000610200000| Untracked 
|  31|0x0000000610400000, 0x0000000610400000, 0x0000000610600000|  0%| F|  |TAMS 0x0000000610400000, 0x0000000610400000| Untracked 
|  32|0x0000000610600000, 0x0000000610600000, 0x0000000610800000|  0%| F|  |TAMS 0x0000000610600000, 0x0000000610600000| Untracked 
|  33|0x0000000610800000, 0x0000000610800000, 0x0000000610a00000|  0%| F|  |TAMS 0x0000000610800000, 0x0000000610800000| Untracked 
|  34|0x0000000610a00000, 0x0000000610a00000, 0x0000000610c00000|  0%| F|  |TAMS 0x0000000610a00000, 0x0000000610a00000| Untracked 
|  35|0x0000000610c00000, 0x0000000610c00000, 0x0000000610e00000|  0%| F|  |TAMS 0x0000000610c00000, 0x0000000610c00000| Untracked 
|  36|0x0000000610e00000, 0x0000000610e00000, 0x0000000611000000|  0%| F|  |TAMS 0x0000000610e00000, 0x0000000610e00000| Untracked 
|  37|0x0000000611000000, 0x0000000611000000, 0x0000000611200000|  0%| F|  |TAMS 0x0000000611000000, 0x0000000611000000| Untracked 
|  38|0x0000000611200000, 0x0000000611200000, 0x0000000611400000|  0%| F|  |TAMS 0x0000000611200000, 0x0000000611200000| Untracked 
|  39|0x0000000611400000, 0x0000000611400000, 0x0000000611600000|  0%| F|  |TAMS 0x0000000611400000, 0x0000000611400000| Untracked 
|  40|0x0000000611600000, 0x0000000611600000, 0x0000000611800000|  0%| F|  |TAMS 0x0000000611600000, 0x0000000611600000| Untracked 
|  41|0x0000000611800000, 0x0000000611800000, 0x0000000611a00000|  0%| F|  |TAMS 0x0000000611800000, 0x0000000611800000| Untracked 
|  42|0x0000000611a00000, 0x0000000611a00000, 0x0000000611c00000|  0%| F|  |TAMS 0x0000000611a00000, 0x0000000611a00000| Untracked 
|  43|0x0000000611c00000, 0x0000000611c00000, 0x0000000611e00000|  0%| F|  |TAMS 0x0000000611c00000, 0x0000000611c00000| Untracked 
|  44|0x0000000611e00000, 0x0000000611e00000, 0x0000000612000000|  0%| F|  |TAMS 0x0000000611e00000, 0x0000000611e00000| Untracked 
|  45|0x0000000612000000, 0x0000000612000000, 0x0000000612200000|  0%| F|  |TAMS 0x0000000612000000, 0x0000000612000000| Untracked 
|  46|0x0000000612200000, 0x0000000612200000, 0x0000000612400000|  0%| F|  |TAMS 0x0000000612200000, 0x0000000612200000| Untracked 
|  47|0x0000000612400000, 0x0000000612400000, 0x0000000612600000|  0%| F|  |TAMS 0x0000000612400000, 0x0000000612400000| Untracked 
|  48|0x0000000612600000, 0x0000000612600000, 0x0000000612800000|  0%| F|  |TAMS 0x0000000612600000, 0x0000000612600000| Untracked 
|  49|0x0000000612800000, 0x0000000612800000, 0x0000000612a00000|  0%| F|  |TAMS 0x0000000612800000, 0x0000000612800000| Untracked 
|  50|0x0000000612a00000, 0x0000000612a00000, 0x0000000612c00000|  0%| F|  |TAMS 0x0000000612a00000, 0x0000000612a00000| Untracked 
|  51|0x0000000612c00000, 0x0000000612c00000, 0x0000000612e00000|  0%| F|  |TAMS 0x0000000612c00000, 0x0000000612c00000| Untracked 
|  52|0x0000000612e00000, 0x0000000612e00000, 0x0000000613000000|  0%| F|  |TAMS 0x0000000612e00000, 0x0000000612e00000| Untracked 
|  53|0x0000000613000000, 0x0000000613000000, 0x0000000613200000|  0%| F|  |TAMS 0x0000000613000000, 0x0000000613000000| Untracked 
|  54|0x0000000613200000, 0x0000000613200000, 0x0000000613400000|  0%| F|  |TAMS 0x0000000613200000, 0x0000000613200000| Untracked 
|  55|0x0000000613400000, 0x0000000613400000, 0x0000000613600000|  0%| F|  |TAMS 0x0000000613400000, 0x0000000613400000| Untracked 
|  56|0x0000000613600000, 0x0000000613600000, 0x0000000613800000|  0%| F|  |TAMS 0x0000000613600000, 0x0000000613600000| Untracked 
|  57|0x0000000613800000, 0x0000000613800000, 0x0000000613a00000|  0%| F|  |TAMS 0x0000000613800000, 0x0000000613800000| Untracked 
|  58|0x0000000613a00000, 0x0000000613a00000, 0x0000000613c00000|  0%| F|  |TAMS 0x0000000613a00000, 0x0000000613a00000| Untracked 
|  59|0x0000000613c00000, 0x0000000613c00000, 0x0000000613e00000|  0%| F|  |TAMS 0x0000000613c00000, 0x0000000613c00000| Untracked 
|  60|0x0000000613e00000, 0x0000000613e00000, 0x0000000614000000|  0%| F|  |TAMS 0x0000000613e00000, 0x0000000613e00000| Untracked 
|  61|0x0000000614000000, 0x0000000614000000, 0x0000000614200000|  0%| F|  |TAMS 0x0000000614000000, 0x0000000614000000| Untracked 
|  62|0x0000000614200000, 0x0000000614200000, 0x0000000614400000|  0%| F|  |TAMS 0x0000000614200000, 0x0000000614200000| Untracked 
|  63|0x0000000614400000, 0x0000000614400000, 0x0000000614600000|  0%| F|  |TAMS 0x0000000614400000, 0x0000000614400000| Untracked 
|  64|0x0000000614600000, 0x0000000614600000, 0x0000000614800000|  0%| F|  |TAMS 0x0000000614600000, 0x0000000614600000| Untracked 
|  65|0x0000000614800000, 0x0000000614800000, 0x0000000614a00000|  0%| F|  |TAMS 0x0000000614800000, 0x0000000614800000| Untracked 
|  66|0x0000000614a00000, 0x0000000614a00000, 0x0000000614c00000|  0%| F|  |TAMS 0x0000000614a00000, 0x0000000614a00000| Untracked 
|  67|0x0000000614c00000, 0x0000000614c00000, 0x0000000614e00000|  0%| F|  |TAMS 0x0000000614c00000, 0x0000000614c00000| Untracked 
|  68|0x0000000614e00000, 0x0000000614e00000, 0x0000000615000000|  0%| F|  |TAMS 0x0000000614e00000, 0x0000000614e00000| Untracked 
|  69|0x0000000615000000, 0x0000000615000000, 0x0000000615200000|  0%| F|  |TAMS 0x0000000615000000, 0x0000000615000000| Untracked 
|  70|0x0000000615200000, 0x0000000615200000, 0x0000000615400000|  0%| F|  |TAMS 0x0000000615200000, 0x0000000615200000| Untracked 
|  71|0x0000000615400000, 0x0000000615400000, 0x0000000615600000|  0%| F|  |TAMS 0x0000000615400000, 0x0000000615400000| Untracked 
|  72|0x0000000615600000, 0x0000000615600000, 0x0000000615800000|  0%| F|  |TAMS 0x0000000615600000, 0x0000000615600000| Untracked 
|  73|0x0000000615800000, 0x0000000615800000, 0x0000000615a00000|  0%| F|  |TAMS 0x0000000615800000, 0x0000000615800000| Untracked 
|  74|0x0000000615a00000, 0x0000000615a00000, 0x0000000615c00000|  0%| F|  |TAMS 0x0000000615a00000, 0x0000000615a00000| Untracked 
|  75|0x0000000615c00000, 0x0000000615c00000, 0x0000000615e00000|  0%| F|  |TAMS 0x0000000615c00000, 0x0000000615c00000| Untracked 
|  76|0x0000000615e00000, 0x0000000615e00000, 0x0000000616000000|  0%| F|  |TAMS 0x0000000615e00000, 0x0000000615e00000| Untracked 
|  77|0x0000000616000000, 0x0000000616000000, 0x0000000616200000|  0%| F|  |TAMS 0x0000000616000000, 0x0000000616000000| Untracked 
|  78|0x0000000616200000, 0x0000000616200000, 0x0000000616400000|  0%| F|  |TAMS 0x0000000616200000, 0x0000000616200000| Untracked 
|  79|0x0000000616400000, 0x0000000616400000, 0x0000000616600000|  0%| F|  |TAMS 0x0000000616400000, 0x0000000616400000| Untracked 
|  80|0x0000000616600000, 0x0000000616600000, 0x0000000616800000|  0%| F|  |TAMS 0x0000000616600000, 0x0000000616600000| Untracked 
|  81|0x0000000616800000, 0x0000000616800000, 0x0000000616a00000|  0%| F|  |TAMS 0x0000000616800000, 0x0000000616800000| Untracked 
|  82|0x0000000616a00000, 0x0000000616a00000, 0x0000000616c00000|  0%| F|  |TAMS 0x0000000616a00000, 0x0000000616a00000| Untracked 
|  83|0x0000000616c00000, 0x0000000616c00000, 0x0000000616e00000|  0%| F|  |TAMS 0x0000000616c00000, 0x0000000616c00000| Untracked 
|  84|0x0000000616e00000, 0x0000000616e00000, 0x0000000617000000|  0%| F|  |TAMS 0x0000000616e00000, 0x0000000616e00000| Untracked 
|  85|0x0000000617000000, 0x0000000617000000, 0x0000000617200000|  0%| F|  |TAMS 0x0000000617000000, 0x0000000617000000| Untracked 
|  86|0x0000000617200000, 0x0000000617200000, 0x0000000617400000|  0%| F|  |TAMS 0x0000000617200000, 0x0000000617200000| Untracked 
|  87|0x0000000617400000, 0x0000000617400000, 0x0000000617600000|  0%| F|  |TAMS 0x0000000617400000, 0x0000000617400000| Untracked 
|  88|0x0000000617600000, 0x0000000617600000, 0x0000000617800000|  0%| F|  |TAMS 0x0000000617600000, 0x0000000617600000| Untracked 
|  89|0x0000000617800000, 0x0000000617800000, 0x0000000617a00000|  0%| F|  |TAMS 0x0000000617800000, 0x0000000617800000| Untracked 
|  90|0x0000000617a00000, 0x0000000617a00000, 0x0000000617c00000|  0%| F|  |TAMS 0x0000000617a00000, 0x0000000617a00000| Untracked 
|  91|0x0000000617c00000, 0x0000000617c00000, 0x0000000617e00000|  0%| F|  |TAMS 0x0000000617c00000, 0x0000000617c00000| Untracked 
|  92|0x0000000617e00000, 0x0000000617e00000, 0x0000000618000000|  0%| F|  |TAMS 0x0000000617e00000, 0x0000000617e00000| Untracked 
|  93|0x0000000618000000, 0x0000000618000000, 0x0000000618200000|  0%| F|  |TAMS 0x0000000618000000, 0x0000000618000000| Untracked 
|  94|0x0000000618200000, 0x0000000618200000, 0x0000000618400000|  0%| F|  |TAMS 0x0000000618200000, 0x0000000618200000| Untracked 
|  95|0x0000000618400000, 0x0000000618400000, 0x0000000618600000|  0%| F|  |TAMS 0x0000000618400000, 0x0000000618400000| Untracked 
|  96|0x0000000618600000, 0x0000000618600000, 0x0000000618800000|  0%| F|  |TAMS 0x0000000618600000, 0x0000000618600000| Untracked 
|  97|0x0000000618800000, 0x0000000618800000, 0x0000000618a00000|  0%| F|  |TAMS 0x0000000618800000, 0x0000000618800000| Untracked 
|  98|0x0000000618a00000, 0x0000000618a00000, 0x0000000618c00000|  0%| F|  |TAMS 0x0000000618a00000, 0x0000000618a00000| Untracked 
|  99|0x0000000618c00000, 0x0000000618c00000, 0x0000000618e00000|  0%| F|  |TAMS 0x0000000618c00000, 0x0000000618c00000| Untracked 
| 100|0x0000000618e00000, 0x0000000618e00000, 0x0000000619000000|  0%| F|  |TAMS 0x0000000618e00000, 0x0000000618e00000| Untracked 
| 101|0x0000000619000000, 0x0000000619000000, 0x0000000619200000|  0%| F|  |TAMS 0x0000000619000000, 0x0000000619000000| Untracked 
| 102|0x0000000619200000, 0x0000000619200000, 0x0000000619400000|  0%| F|  |TAMS 0x0000000619200000, 0x0000000619200000| Untracked 
| 103|0x0000000619400000, 0x0000000619400000, 0x0000000619600000|  0%| F|  |TAMS 0x0000000619400000, 0x0000000619400000| Untracked 
| 104|0x0000000619600000, 0x0000000619600000, 0x0000000619800000|  0%| F|  |TAMS 0x0000000619600000, 0x0000000619600000| Untracked 
| 105|0x0000000619800000, 0x0000000619800000, 0x0000000619a00000|  0%| F|  |TAMS 0x0000000619800000, 0x0000000619800000| Untracked 
| 106|0x0000000619a00000, 0x0000000619a00000, 0x0000000619c00000|  0%| F|  |TAMS 0x0000000619a00000, 0x0000000619a00000| Untracked 
| 107|0x0000000619c00000, 0x0000000619c00000, 0x0000000619e00000|  0%| F|  |TAMS 0x0000000619c00000, 0x0000000619c00000| Untracked 
| 108|0x0000000619e00000, 0x0000000619e00000, 0x000000061a000000|  0%| F|  |TAMS 0x0000000619e00000, 0x0000000619e00000| Untracked 
| 109|0x000000061a000000, 0x000000061a000000, 0x000000061a200000|  0%| F|  |TAMS 0x000000061a000000, 0x000000061a000000| Untracked 
| 110|0x000000061a200000, 0x000000061a200000, 0x000000061a400000|  0%| F|  |TAMS 0x000000061a200000, 0x000000061a200000| Untracked 
| 111|0x000000061a400000, 0x000000061a400000, 0x000000061a600000|  0%| F|  |TAMS 0x000000061a400000, 0x000000061a400000| Untracked 
| 112|0x000000061a600000, 0x000000061a600000, 0x000000061a800000|  0%| F|  |TAMS 0x000000061a600000, 0x000000061a600000| Untracked 
| 113|0x000000061a800000, 0x000000061a800000, 0x000000061aa00000|  0%| F|  |TAMS 0x000000061a800000, 0x000000061a800000| Untracked 
| 114|0x000000061aa00000, 0x000000061aa00000, 0x000000061ac00000|  0%| F|  |TAMS 0x000000061aa00000, 0x000000061aa00000| Untracked 
| 115|0x000000061ac00000, 0x000000061ac00000, 0x000000061ae00000|  0%| F|  |TAMS 0x000000061ac00000, 0x000000061ac00000| Untracked 
| 116|0x000000061ae00000, 0x000000061ae00000, 0x000000061b000000|  0%| F|  |TAMS 0x000000061ae00000, 0x000000061ae00000| Untracked 
| 117|0x000000061b000000, 0x000000061b000000, 0x000000061b200000|  0%| F|  |TAMS 0x000000061b000000, 0x000000061b000000| Untracked 
| 118|0x000000061b200000, 0x000000061b200000, 0x000000061b400000|  0%| F|  |TAMS 0x000000061b200000, 0x000000061b200000| Untracked 
| 119|0x000000061b400000, 0x000000061b400000, 0x000000061b600000|  0%| F|  |TAMS 0x000000061b400000, 0x000000061b400000| Untracked 
| 120|0x000000061b600000, 0x000000061b600000, 0x000000061b800000|  0%| F|  |TAMS 0x000000061b600000, 0x000000061b600000| Untracked 
| 121|0x000000061b800000, 0x000000061b800000, 0x000000061ba00000|  0%| F|  |TAMS 0x000000061b800000, 0x000000061b800000| Untracked 
| 122|0x000000061ba00000, 0x000000061ba00000, 0x000000061bc00000|  0%| F|  |TAMS 0x000000061ba00000, 0x000000061ba00000| Untracked 
| 123|0x000000061bc00000, 0x000000061bc00000, 0x000000061be00000|  0%| F|  |TAMS 0x000000061bc00000, 0x000000061bc00000| Untracked 
| 124|0x000000061be00000, 0x000000061be00000, 0x000000061c000000|  0%| F|  |TAMS 0x000000061be00000, 0x000000061be00000| Untracked 
| 125|0x000000061c000000, 0x000000061c000000, 0x000000061c200000|  0%| F|  |TAMS 0x000000061c000000, 0x000000061c000000| Untracked 
| 126|0x000000061c200000, 0x000000061c200000, 0x000000061c400000|  0%| F|  |TAMS 0x000000061c200000, 0x000000061c200000| Untracked 
| 127|0x000000061c400000, 0x000000061c400000, 0x000000061c600000|  0%| F|  |TAMS 0x000000061c400000, 0x000000061c400000| Untracked 
| 128|0x000000061c600000, 0x000000061c600000, 0x000000061c800000|  0%| F|  |TAMS 0x000000061c600000, 0x000000061c600000| Untracked 
| 129|0x000000061c800000, 0x000000061c800000, 0x000000061ca00000|  0%| F|  |TAMS 0x000000061c800000, 0x000000061c800000| Untracked 
| 130|0x000000061ca00000, 0x000000061ca00000, 0x000000061cc00000|  0%| F|  |TAMS 0x000000061ca00000, 0x000000061ca00000| Untracked 
| 131|0x000000061cc00000, 0x000000061cc00000, 0x000000061ce00000|  0%| F|  |TAMS 0x000000061cc00000, 0x000000061cc00000| Untracked 
| 132|0x000000061ce00000, 0x000000061ce00000, 0x000000061d000000|  0%| F|  |TAMS 0x000000061ce00000, 0x000000061ce00000| Untracked 
| 133|0x000000061d000000, 0x000000061d000000, 0x000000061d200000|  0%| F|  |TAMS 0x000000061d000000, 0x000000061d000000| Untracked 
| 134|0x000000061d200000, 0x000000061d200000, 0x000000061d400000|  0%| F|  |TAMS 0x000000061d200000, 0x000000061d200000| Untracked 
| 135|0x000000061d400000, 0x000000061d400000, 0x000000061d600000|  0%| F|  |TAMS 0x000000061d400000, 0x000000061d400000| Untracked 
| 136|0x000000061d600000, 0x000000061d600000, 0x000000061d800000|  0%| F|  |TAMS 0x000000061d600000, 0x000000061d600000| Untracked 
| 137|0x000000061d800000, 0x000000061d800000, 0x000000061da00000|  0%| F|  |TAMS 0x000000061d800000, 0x000000061d800000| Untracked 
| 138|0x000000061da00000, 0x000000061da00000, 0x000000061dc00000|  0%| F|  |TAMS 0x000000061da00000, 0x000000061da00000| Untracked 
| 139|0x000000061dc00000, 0x000000061dc00000, 0x000000061de00000|  0%| F|  |TAMS 0x000000061dc00000, 0x000000061dc00000| Untracked 
| 140|0x000000061de00000, 0x000000061de00000, 0x000000061e000000|  0%| F|  |TAMS 0x000000061de00000, 0x000000061de00000| Untracked 
| 141|0x000000061e000000, 0x000000061e000000, 0x000000061e200000|  0%| F|  |TAMS 0x000000061e000000, 0x000000061e000000| Untracked 
| 142|0x000000061e200000, 0x000000061e200000, 0x000000061e400000|  0%| F|  |TAMS 0x000000061e200000, 0x000000061e200000| Untracked 
| 143|0x000000061e400000, 0x000000061e400000, 0x000000061e600000|  0%| F|  |TAMS 0x000000061e400000, 0x000000061e400000| Untracked 
| 144|0x000000061e600000, 0x000000061e600000, 0x000000061e800000|  0%| F|  |TAMS 0x000000061e600000, 0x000000061e600000| Untracked 
| 145|0x000000061e800000, 0x000000061e800000, 0x000000061ea00000|  0%| F|  |TAMS 0x000000061e800000, 0x000000061e800000| Untracked 
| 146|0x000000061ea00000, 0x000000061ea00000, 0x000000061ec00000|  0%| F|  |TAMS 0x000000061ea00000, 0x000000061ea00000| Untracked 
| 147|0x000000061ec00000, 0x000000061ec00000, 0x000000061ee00000|  0%| F|  |TAMS 0x000000061ec00000, 0x000000061ec00000| Untracked 
| 148|0x000000061ee00000, 0x000000061ee00000, 0x000000061f000000|  0%| F|  |TAMS 0x000000061ee00000, 0x000000061ee00000| Untracked 
| 149|0x000000061f000000, 0x000000061f000000, 0x000000061f200000|  0%| F|  |TAMS 0x000000061f000000, 0x000000061f000000| Untracked 
| 150|0x000000061f200000, 0x000000061f200000, 0x000000061f400000|  0%| F|  |TAMS 0x000000061f200000, 0x000000061f200000| Untracked 
| 151|0x000000061f400000, 0x000000061f400000, 0x000000061f600000|  0%| F|  |TAMS 0x000000061f400000, 0x000000061f400000| Untracked 
| 152|0x000000061f600000, 0x000000061f600000, 0x000000061f800000|  0%| F|  |TAMS 0x000000061f600000, 0x000000061f600000| Untracked 
| 153|0x000000061f800000, 0x000000061f800000, 0x000000061fa00000|  0%| F|  |TAMS 0x000000061f800000, 0x000000061f800000| Untracked 
| 154|0x000000061fa00000, 0x000000061fa00000, 0x000000061fc00000|  0%| F|  |TAMS 0x000000061fa00000, 0x000000061fa00000| Untracked 
| 155|0x000000061fc00000, 0x000000061fc00000, 0x000000061fe00000|  0%| F|  |TAMS 0x000000061fc00000, 0x000000061fc00000| Untracked 
| 156|0x000000061fe00000, 0x000000061fe00000, 0x0000000620000000|  0%| F|  |TAMS 0x000000061fe00000, 0x000000061fe00000| Untracked 
| 157|0x0000000620000000, 0x0000000620000000, 0x0000000620200000|  0%| F|  |TAMS 0x0000000620000000, 0x0000000620000000| Untracked 
| 158|0x0000000620200000, 0x0000000620200000, 0x0000000620400000|  0%| F|  |TAMS 0x0000000620200000, 0x0000000620200000| Untracked 
| 159|0x0000000620400000, 0x0000000620400000, 0x0000000620600000|  0%| F|  |TAMS 0x0000000620400000, 0x0000000620400000| Untracked 
| 160|0x0000000620600000, 0x0000000620600000, 0x0000000620800000|  0%| F|  |TAMS 0x0000000620600000, 0x0000000620600000| Untracked 
| 161|0x0000000620800000, 0x0000000620800000, 0x0000000620a00000|  0%| F|  |TAMS 0x0000000620800000, 0x0000000620800000| Untracked 
| 162|0x0000000620a00000, 0x0000000620a00000, 0x0000000620c00000|  0%| F|  |TAMS 0x0000000620a00000, 0x0000000620a00000| Untracked 
| 163|0x0000000620c00000, 0x0000000620c00000, 0x0000000620e00000|  0%| F|  |TAMS 0x0000000620c00000, 0x0000000620c00000| Untracked 
| 164|0x0000000620e00000, 0x0000000620e00000, 0x0000000621000000|  0%| F|  |TAMS 0x0000000620e00000, 0x0000000620e00000| Untracked 
| 165|0x0000000621000000, 0x0000000621000000, 0x0000000621200000|  0%| F|  |TAMS 0x0000000621000000, 0x0000000621000000| Untracked 
| 166|0x0000000621200000, 0x0000000621200000, 0x0000000621400000|  0%| F|  |TAMS 0x0000000621200000, 0x0000000621200000| Untracked 
| 167|0x0000000621400000, 0x0000000621400000, 0x0000000621600000|  0%| F|  |TAMS 0x0000000621400000, 0x0000000621400000| Untracked 
| 168|0x0000000621600000, 0x0000000621600000, 0x0000000621800000|  0%| F|  |TAMS 0x0000000621600000, 0x0000000621600000| Untracked 
| 169|0x0000000621800000, 0x0000000621800000, 0x0000000621a00000|  0%| F|  |TAMS 0x0000000621800000, 0x0000000621800000| Untracked 
| 170|0x0000000621a00000, 0x0000000621a00000, 0x0000000621c00000|  0%| F|  |TAMS 0x0000000621a00000, 0x0000000621a00000| Untracked 
| 171|0x0000000621c00000, 0x0000000621c00000, 0x0000000621e00000|  0%| F|  |TAMS 0x0000000621c00000, 0x0000000621c00000| Untracked 
| 172|0x0000000621e00000, 0x0000000621e00000, 0x0000000622000000|  0%| F|  |TAMS 0x0000000621e00000, 0x0000000621e00000| Untracked 
| 173|0x0000000622000000, 0x0000000622000000, 0x0000000622200000|  0%| F|  |TAMS 0x0000000622000000, 0x0000000622000000| Untracked 
| 174|0x0000000622200000, 0x0000000622200000, 0x0000000622400000|  0%| F|  |TAMS 0x0000000622200000, 0x0000000622200000| Untracked 
| 175|0x0000000622400000, 0x0000000622400000, 0x0000000622600000|  0%| F|  |TAMS 0x0000000622400000, 0x0000000622400000| Untracked 
| 176|0x0000000622600000, 0x0000000622600000, 0x0000000622800000|  0%| F|  |TAMS 0x0000000622600000, 0x0000000622600000| Untracked 
| 177|0x0000000622800000, 0x0000000622800000, 0x0000000622a00000|  0%| F|  |TAMS 0x0000000622800000, 0x0000000622800000| Untracked 
| 178|0x0000000622a00000, 0x0000000622a00000, 0x0000000622c00000|  0%| F|  |TAMS 0x0000000622a00000, 0x0000000622a00000| Untracked 
| 179|0x0000000622c00000, 0x0000000622c00000, 0x0000000622e00000|  0%| F|  |TAMS 0x0000000622c00000, 0x0000000622c00000| Untracked 
| 180|0x0000000622e00000, 0x0000000622e00000, 0x0000000623000000|  0%| F|  |TAMS 0x0000000622e00000, 0x0000000622e00000| Untracked 
| 181|0x0000000623000000, 0x0000000623000000, 0x0000000623200000|  0%| F|  |TAMS 0x0000000623000000, 0x0000000623000000| Untracked 
| 182|0x0000000623200000, 0x0000000623200000, 0x0000000623400000|  0%| F|  |TAMS 0x0000000623200000, 0x0000000623200000| Untracked 
| 183|0x0000000623400000, 0x0000000623400000, 0x0000000623600000|  0%| F|  |TAMS 0x0000000623400000, 0x0000000623400000| Untracked 
| 184|0x0000000623600000, 0x0000000623600000, 0x0000000623800000|  0%| F|  |TAMS 0x0000000623600000, 0x0000000623600000| Untracked 
| 185|0x0000000623800000, 0x0000000623800000, 0x0000000623a00000|  0%| F|  |TAMS 0x0000000623800000, 0x0000000623800000| Untracked 
| 186|0x0000000623a00000, 0x0000000623a00000, 0x0000000623c00000|  0%| F|  |TAMS 0x0000000623a00000, 0x0000000623a00000| Untracked 
| 187|0x0000000623c00000, 0x0000000623c00000, 0x0000000623e00000|  0%| F|  |TAMS 0x0000000623c00000, 0x0000000623c00000| Untracked 
| 188|0x0000000623e00000, 0x0000000623e00000, 0x0000000624000000|  0%| F|  |TAMS 0x0000000623e00000, 0x0000000623e00000| Untracked 
| 189|0x0000000624000000, 0x0000000624000000, 0x0000000624200000|  0%| F|  |TAMS 0x0000000624000000, 0x0000000624000000| Untracked 
| 190|0x0000000624200000, 0x0000000624200000, 0x0000000624400000|  0%| F|  |TAMS 0x0000000624200000, 0x0000000624200000| Untracked 
| 191|0x0000000624400000, 0x0000000624400000, 0x0000000624600000|  0%| F|  |TAMS 0x0000000624400000, 0x0000000624400000| Untracked 
| 192|0x0000000624600000, 0x0000000624600000, 0x0000000624800000|  0%| F|  |TAMS 0x0000000624600000, 0x0000000624600000| Untracked 
| 193|0x0000000624800000, 0x0000000624800000, 0x0000000624a00000|  0%| F|  |TAMS 0x0000000624800000, 0x0000000624800000| Untracked 
| 194|0x0000000624a00000, 0x0000000624a00000, 0x0000000624c00000|  0%| F|  |TAMS 0x0000000624a00000, 0x0000000624a00000| Untracked 
| 195|0x0000000624c00000, 0x0000000624c00000, 0x0000000624e00000|  0%| F|  |TAMS 0x0000000624c00000, 0x0000000624c00000| Untracked 
| 196|0x0000000624e00000, 0x0000000624e00000, 0x0000000625000000|  0%| F|  |TAMS 0x0000000624e00000, 0x0000000624e00000| Untracked 
| 197|0x0000000625000000, 0x0000000625000000, 0x0000000625200000|  0%| F|  |TAMS 0x0000000625000000, 0x0000000625000000| Untracked 
| 198|0x0000000625200000, 0x0000000625200000, 0x0000000625400000|  0%| F|  |TAMS 0x0000000625200000, 0x0000000625200000| Untracked 
| 199|0x0000000625400000, 0x0000000625400000, 0x0000000625600000|  0%| F|  |TAMS 0x0000000625400000, 0x0000000625400000| Untracked 
| 200|0x0000000625600000, 0x0000000625600000, 0x0000000625800000|  0%| F|  |TAMS 0x0000000625600000, 0x0000000625600000| Untracked 
| 201|0x0000000625800000, 0x0000000625800000, 0x0000000625a00000|  0%| F|  |TAMS 0x0000000625800000, 0x0000000625800000| Untracked 
| 202|0x0000000625a00000, 0x0000000625a00000, 0x0000000625c00000|  0%| F|  |TAMS 0x0000000625a00000, 0x0000000625a00000| Untracked 
| 203|0x0000000625c00000, 0x0000000625c00000, 0x0000000625e00000|  0%| F|  |TAMS 0x0000000625c00000, 0x0000000625c00000| Untracked 
| 204|0x0000000625e00000, 0x0000000625e00000, 0x0000000626000000|  0%| F|  |TAMS 0x0000000625e00000, 0x0000000625e00000| Untracked 
| 205|0x0000000626000000, 0x0000000626000000, 0x0000000626200000|  0%| F|  |TAMS 0x0000000626000000, 0x0000000626000000| Untracked 
| 206|0x0000000626200000, 0x0000000626200000, 0x0000000626400000|  0%| F|  |TAMS 0x0000000626200000, 0x0000000626200000| Untracked 
| 207|0x0000000626400000, 0x0000000626400000, 0x0000000626600000|  0%| F|  |TAMS 0x0000000626400000, 0x0000000626400000| Untracked 
| 208|0x0000000626600000, 0x0000000626600000, 0x0000000626800000|  0%| F|  |TAMS 0x0000000626600000, 0x0000000626600000| Untracked 
| 209|0x0000000626800000, 0x0000000626800000, 0x0000000626a00000|  0%| F|  |TAMS 0x0000000626800000, 0x0000000626800000| Untracked 
| 210|0x0000000626a00000, 0x0000000626a00000, 0x0000000626c00000|  0%| F|  |TAMS 0x0000000626a00000, 0x0000000626a00000| Untracked 
| 211|0x0000000626c00000, 0x0000000626c00000, 0x0000000626e00000|  0%| F|  |TAMS 0x0000000626c00000, 0x0000000626c00000| Untracked 
| 212|0x0000000626e00000, 0x0000000626e00000, 0x0000000627000000|  0%| F|  |TAMS 0x0000000626e00000, 0x0000000626e00000| Untracked 
| 213|0x0000000627000000, 0x0000000627000000, 0x0000000627200000|  0%| F|  |TAMS 0x0000000627000000, 0x0000000627000000| Untracked 
| 214|0x0000000627200000, 0x0000000627200000, 0x0000000627400000|  0%| F|  |TAMS 0x0000000627200000, 0x0000000627200000| Untracked 
| 215|0x0000000627400000, 0x0000000627400000, 0x0000000627600000|  0%| F|  |TAMS 0x0000000627400000, 0x0000000627400000| Untracked 
| 216|0x0000000627600000, 0x0000000627600000, 0x0000000627800000|  0%| F|  |TAMS 0x0000000627600000, 0x0000000627600000| Untracked 
| 217|0x0000000627800000, 0x0000000627800000, 0x0000000627a00000|  0%| F|  |TAMS 0x0000000627800000, 0x0000000627800000| Untracked 
| 218|0x0000000627a00000, 0x0000000627b00800, 0x0000000627c00000| 50%| E|  |TAMS 0x0000000627a00000, 0x0000000627a00000| Complete 
| 219|0x0000000627c00000, 0x0000000627e00000, 0x0000000627e00000|100%| E|CS|TAMS 0x0000000627c00000, 0x0000000627c00000| Complete 
| 220|0x0000000627e00000, 0x0000000628000000, 0x0000000628000000|100%| E|CS|TAMS 0x0000000627e00000, 0x0000000627e00000| Complete 
| 221|0x0000000628000000, 0x0000000628200000, 0x0000000628200000|100%| E|CS|TAMS 0x0000000628000000, 0x0000000628000000| Complete 
| 222|0x0000000628200000, 0x0000000628400000, 0x0000000628400000|100%| E|CS|TAMS 0x0000000628200000, 0x0000000628200000| Complete 
| 223|0x0000000628400000, 0x0000000628600000, 0x0000000628600000|100%| E|CS|TAMS 0x0000000628400000, 0x0000000628400000| Complete 
| 224|0x0000000628600000, 0x0000000628800000, 0x0000000628800000|100%| E|CS|TAMS 0x0000000628600000, 0x0000000628600000| Complete 
| 225|0x0000000628800000, 0x0000000628a00000, 0x0000000628a00000|100%| E|CS|TAMS 0x0000000628800000, 0x0000000628800000| Complete 
| 226|0x0000000628a00000, 0x0000000628c00000, 0x0000000628c00000|100%| E|CS|TAMS 0x0000000628a00000, 0x0000000628a00000| Complete 
| 227|0x0000000628c00000, 0x0000000628e00000, 0x0000000628e00000|100%| E|CS|TAMS 0x0000000628c00000, 0x0000000628c00000| Complete 
| 228|0x0000000628e00000, 0x0000000629000000, 0x0000000629000000|100%| E|CS|TAMS 0x0000000628e00000, 0x0000000628e00000| Complete 
| 229|0x0000000629000000, 0x0000000629200000, 0x0000000629200000|100%| E|CS|TAMS 0x0000000629000000, 0x0000000629000000| Complete 
| 230|0x0000000629200000, 0x0000000629400000, 0x0000000629400000|100%| E|CS|TAMS 0x0000000629200000, 0x0000000629200000| Complete 
| 231|0x0000000629400000, 0x0000000629600000, 0x0000000629600000|100%| E|CS|TAMS 0x0000000629400000, 0x0000000629400000| Complete 
| 232|0x0000000629600000, 0x0000000629800000, 0x0000000629800000|100%| E|CS|TAMS 0x0000000629600000, 0x0000000629600000| Complete 
| 233|0x0000000629800000, 0x0000000629a00000, 0x0000000629a00000|100%| E|CS|TAMS 0x0000000629800000, 0x0000000629800000| Complete 
| 234|0x0000000629a00000, 0x0000000629c00000, 0x0000000629c00000|100%| E|CS|TAMS 0x0000000629a00000, 0x0000000629a00000| Complete 
| 235|0x0000000629c00000, 0x0000000629e00000, 0x0000000629e00000|100%| E|CS|TAMS 0x0000000629c00000, 0x0000000629c00000| Complete 
| 236|0x0000000629e00000, 0x000000062a000000, 0x000000062a000000|100%| E|CS|TAMS 0x0000000629e00000, 0x0000000629e00000| Complete 
| 237|0x000000062a000000, 0x000000062a0ff8e8, 0x000000062a200000| 49%| S|CS|TAMS 0x000000062a000000, 0x000000062a000000| Complete 
| 238|0x000000062a200000, 0x000000062a400000, 0x000000062a400000|100%| E|CS|TAMS 0x000000062a200000, 0x000000062a200000| Complete 
| 239|0x000000062a400000, 0x000000062a600000, 0x000000062a600000|100%| E|CS|TAMS 0x000000062a400000, 0x000000062a400000| Complete 
| 240|0x000000062a600000, 0x000000062a800000, 0x000000062a800000|100%| E|CS|TAMS 0x000000062a600000, 0x000000062a600000| Complete 
| 241|0x000000062a800000, 0x000000062aa00000, 0x000000062aa00000|100%| E|CS|TAMS 0x000000062a800000, 0x000000062a800000| Complete 
| 242|0x000000062aa00000, 0x000000062ac00000, 0x000000062ac00000|100%| E|CS|TAMS 0x000000062aa00000, 0x000000062aa00000| Complete 
| 243|0x000000062ac00000, 0x000000062ae00000, 0x000000062ae00000|100%| E|CS|TAMS 0x000000062ac00000, 0x000000062ac00000| Complete 
| 244|0x000000062ae00000, 0x000000062b000000, 0x000000062b000000|100%| E|CS|TAMS 0x000000062ae00000, 0x000000062ae00000| Complete 
| 245|0x000000062b000000, 0x000000062b200000, 0x000000062b200000|100%| E|CS|TAMS 0x000000062b000000, 0x000000062b000000| Complete 
| 246|0x000000062b200000, 0x000000062b400000, 0x000000062b400000|100%| E|CS|TAMS 0x000000062b200000, 0x000000062b200000| Complete 
| 247|0x000000062b400000, 0x000000062b600000, 0x000000062b600000|100%| E|CS|TAMS 0x000000062b400000, 0x000000062b400000| Complete 
| 248|0x000000062b600000, 0x000000062b800000, 0x000000062b800000|100%| E|CS|TAMS 0x000000062b600000, 0x000000062b600000| Complete 
| 249|0x000000062b800000, 0x000000062ba00000, 0x000000062ba00000|100%| E|CS|TAMS 0x000000062b800000, 0x000000062b800000| Complete 

Card table byte_map: [0x00007f3111fc5000,0x00007f3112f62000] _byte_map_base: 0x00007f310ef62000

Marking Bits (Prev, Next): (CMBitMap*) 0x00007f31300583e8, (CMBitMap*) 0x00007f3130058420
 Prev Bits: [0x00007f3109340000, 0x00007f3111028000)
 Next Bits: [0x00007f3101658000, 0x00007f3109340000)

Polling page: 0x00007f3135b21000

Metaspace:

Usage:
  Non-class:      4.72 MB capacity,     4.67 MB (>99%) used,    46.18 KB ( <1%) free+waste,     1.25 KB ( <1%) overhead. 
      Class:    464.00 KB capacity,   418.24 KB ( 90%) used,    45.07 KB ( 10%) free+waste,   704 bytes ( <1%) overhead. 
       Both:      5.17 MB capacity,     5.08 MB ( 98%) used,    91.25 KB (  2%) free+waste,     1.94 KB ( <1%) overhead. 

Virtual space:
  Non-class space:        8.00 MB reserved,       4.75 MB ( 59%) committed 
      Class space:        1.00 GB reserved,     512.00 KB ( <1%) committed 
             Both:        1.01 GB reserved,       5.25 MB ( <1%) committed 

Chunk freelists:
   Non-Class:  8.00 KB
       Class:  16.00 KB
        Both:  24.00 KB

MaxMetaspaceSize: unlimited
CompressedClassSpaceSize: 1.00 GB
Initial GC threshold: 20.80 MB
Current GC threshold: 20.80 MB
CDS: off

CodeHeap 'non-profiled nmethods': size=120032Kb used=157Kb max_used=157Kb free=119874Kb
 bounds [0x00007f312031b000, 0x00007f312058b000, 0x00007f3127853000]
CodeHeap 'profiled nmethods': size=120028Kb used=357Kb max_used=357Kb free=119670Kb
 bounds [0x00007f3118de4000, 0x00007f3119054000, 0x00007f312031b000]
CodeHeap 'non-nmethods': size=5700Kb used=1059Kb max_used=1095Kb free=4640Kb
 bounds [0x00007f3118853000, 0x00007f3118ac3000, 0x00007f3118de4000]
 total_blobs=550 nmethods=256 adapters=208
 compilation: enabled
              stopped_count=0, restarted_count=0
 full_count=0

Compilation events (20 events):
Event: 0.137 Thread 0x00007f30c403a800 nmethod 234 0x00007f3120332b90 code [0x00007f3120332d40, 0x00007f3120333138]
Event: 0.137 Thread 0x00007f30c403a800  241       4       kotlin.text.StringsKt__StringsKt::split (176 bytes)
Event: 0.151 Thread 0x00007f30d4082800 nmethod 235 0x00007f3120333490 code [0x00007f3120333760, 0x00007f3120336f38]
Event: 0.151 Thread 0x00007f30d4082800  242       4       kotlin.text.StringsKt__StringsKt::split$StringsKt__StringsKt (246 bytes)
Event: 0.160 Thread 0x00007f30c403a800 nmethod 241 0x00007f3120338b90 code [0x00007f3120338de0, 0x00007f312033a738]
Event: 0.160 Thread 0x00007f30c403a800  243       4       coverage.CoverageEntry::<init> (51 bytes)
Event: 0.160 Thread 0x00007f3130277000 nmethod 240 0x00007f312033b590 code [0x00007f312033b7c0, 0x00007f312033d3f8]
Event: 0.160 Thread 0x00007f3130277000  244       4       coverage.MyMethodBasedCoverage::putEntry (86 bytes)
Event: 0.162 Thread 0x00007f30c403a800 nmethod 243 0x00007f312033e110 code [0x00007f312033e2a0, 0x00007f312033e718]
Event: 0.162 Thread 0x00007f30c403a800  245       4       java.util.LinkedHashMap::afterNodeAccess (116 bytes)
Event: 0.163 Thread 0x00007f30c403a800 nmethod 245 0x00007f312033e890 code [0x00007f312033ea20, 0x00007f312033ea98]
Event: 0.163 Thread 0x00007f30c403a800  229       4       java.util.Collections$SingletonList::hashCode (11 bytes)
Event: 0.164 Thread 0x00007f3130277000 nmethod 244 0x00007f312033eb90 code [0x00007f312033eda0, 0x00007f312033f160]
Event: 0.167 Thread 0x00007f30c403a800 nmethod 229 0x00007f312033f690 code [0x00007f312033f840, 0x00007f312033fa98]
Event: 0.177 Thread 0x00007f30d4082800 nmethod 242 0x00007f312033fc10 code [0x00007f312033fe60, 0x00007f31203416f8]
Event: 0.205 Thread 0x00007f3130279000  255 %     3       Tmp0Kt::testEmptyULongLoop2 @ 236 (588 bytes)
Event: 0.206 Thread 0x00007f3130279000 nmethod 255% 0x00007f3118e38490 code [0x00007f3118e38900, 0x00007f3118e3a160]
Event: 0.207 Thread 0x00007f3130279000  256       3       Tmp0Kt::testEmptyULongLoop2 (588 bytes)
Event: 0.207 Thread 0x00007f3130279000 nmethod 256 0x00007f3118e3ad90 code [0x00007f3118e3b200, 0x00007f3118e3c9c0]
Event: 0.213 Thread 0x00007f3130277000  257 %     4       kotlin.UnsignedKt::ulongCompare @ 556 (12 bytes)

GC Heap History (2 events):
Event: 0.153 GC heap before
{Heap before GC invocations=0 (full 0):
 garbage-first heap   total 512000K, used 22528K [0x000000060c600000, 0x0000000800000000)
  region size 2048K, 12 young (24576K), 0 survivors (0K)
 Metaspace       used 5199K, capacity 5296K, committed 5376K, reserved 1056768K
  class space    used 418K, capacity 464K, committed 512K, reserved 1048576K
}
Event: 0.159 GC heap after
{Heap after GC invocations=1 (full 0):
 garbage-first heap   total 512000K, used 1022K [0x000000060c600000, 0x0000000800000000)
  region size 2048K, 1 young (2048K), 1 survivors (2048K)
 Metaspace       used 5199K, capacity 5296K, committed 5376K, reserved 1056768K
  class space    used 418K, capacity 464K, committed 512K, reserved 1048576K
}

Deoptimization events (4 events):
Event: 0.053 Thread 0x00007f3130016800 Uncommon trap: trap_request=0xffffff4d fr.pc=0x00007f312031f30c relative=0x00000000000001ec
Event: 0.053 Thread 0x00007f3130016800 Uncommon trap: reason=unstable_if action=reinterpret pc=0x00007f312031f30c method=java.lang.String.hashCode()I @ 14 c2
Event: 0.053 Thread 0x00007f3130016800 DEOPT PACKING pc=0x00007f312031f30c sp=0x00007f31343790d0
Event: 0.053 Thread 0x00007f3130016800 DEOPT UNPACKING pc=0x00007f311889cea5 sp=0x00007f3134379088 mode 2

Classes redefined (0 events):
No events

Internal exceptions (0 events):
No events

Events (20 events):
Event: 0.087 loading class java/util/AbstractList$ListItr
Event: 0.087 loading class java/util/AbstractList$Itr
Event: 0.087 loading class java/util/AbstractList$Itr done
Event: 0.087 loading class java/util/AbstractList$ListItr done
Event: 0.087 loading class kotlin/UnsignedKt
Event: 0.087 loading class kotlin/UnsignedKt done
Event: 0.087 loading class kotlin/ranges/URangesKt
Event: 0.087 loading class kotlin/ranges/URangesKt done
Event: 0.087 loading class kotlin/ranges/URangesKt___URangesKt
Event: 0.087 loading class kotlin/ranges/URangesKt___URangesKt done
Event: 0.098 Thread 0x00007f30d4082800 Thread added: 0x00007f30d4082800
Event: 0.098 Protecting memory [0x00007f30f91da000,0x00007f30f91de000] with protection modes 0
Event: 0.101 Thread 0x00007f30c403a800 Thread added: 0x00007f30c403a800
Event: 0.101 Protecting memory [0x00007f30f90d9000,0x00007f30f90dd000] with protection modes 0
Event: 0.153 Executing VM operation: G1CollectForAllocation
Event: 0.159 Executing VM operation: G1CollectForAllocation done
Event: 0.159 Executing VM operation: RevokeBias
Event: 0.159 Executing VM operation: RevokeBias done
Event: 0.159 Executing VM operation: RevokeBias
Event: 0.159 Executing VM operation: RevokeBias done


Dynamic libraries:
60c600000-62ba00000 rw-p 00000000 00:00 0 
62ba00000-800000000 ---p 00000000 00:00 0 
800000000-800080000 rw-p 00000000 00:00 0 
800080000-840000000 ---p 00000000 00:00 0 
55f5037f3000-55f5037f4000 r--p 00000000 08:02 1968997                    /usr/lib/jvm/java-11-openjdk/bin/java
55f5037f4000-55f5037f5000 r-xp 00001000 08:02 1968997                    /usr/lib/jvm/java-11-openjdk/bin/java
55f5037f5000-55f5037f6000 r--p 00002000 08:02 1968997                    /usr/lib/jvm/java-11-openjdk/bin/java
55f5037f6000-55f5037f7000 r--p 00002000 08:02 1968997                    /usr/lib/jvm/java-11-openjdk/bin/java
55f5037f7000-55f5037f8000 rw-p 00003000 08:02 1968997                    /usr/lib/jvm/java-11-openjdk/bin/java
55f505056000-55f505077000 rw-p 00000000 00:00 0                          [heap]
7f30a0000000-7f30a0021000 rw-p 00000000 00:00 0 
7f30a0021000-7f30a4000000 ---p 00000000 00:00 0 
7f30a4000000-7f30a4021000 rw-p 00000000 00:00 0 
7f30a4021000-7f30a8000000 ---p 00000000 00:00 0 
7f30a8000000-7f30a8021000 rw-p 00000000 00:00 0 
7f30a8021000-7f30ac000000 ---p 00000000 00:00 0 
7f30ac000000-7f30ac021000 rw-p 00000000 00:00 0 
7f30ac021000-7f30b0000000 ---p 00000000 00:00 0 
7f30b0000000-7f30b0021000 rw-p 00000000 00:00 0 
7f30b0021000-7f30b4000000 ---p 00000000 00:00 0 
7f30b4000000-7f30b4021000 rw-p 00000000 00:00 0 
7f30b4021000-7f30b8000000 ---p 00000000 00:00 0 
7f30b8000000-7f30b8348000 rw-p 00000000 00:00 0 
7f30b8348000-7f30bc000000 ---p 00000000 00:00 0 
7f30bc000000-7f30bc021000 rw-p 00000000 00:00 0 
7f30bc021000-7f30c0000000 ---p 00000000 00:00 0 
7f30c0000000-7f30c0021000 rw-p 00000000 00:00 0 
7f30c0021000-7f30c4000000 ---p 00000000 00:00 0 
7f30c4000000-7f30c4415000 rw-p 00000000 00:00 0 
7f30c4415000-7f30c8000000 ---p 00000000 00:00 0 
7f30c8000000-7f30c8021000 rw-p 00000000 00:00 0 
7f30c8021000-7f30cc000000 ---p 00000000 00:00 0 
7f30cc000000-7f30cc021000 rw-p 00000000 00:00 0 
7f30cc021000-7f30d0000000 ---p 00000000 00:00 0 
7f30d0000000-7f30d060e000 rw-p 00000000 00:00 0 
7f30d060e000-7f30d4000000 ---p 00000000 00:00 0 
7f30d4000000-7f30d40b6000 rw-p 00000000 00:00 0 
7f30d40b6000-7f30d8000000 ---p 00000000 00:00 0 
7f30d8000000-7f30d8021000 rw-p 00000000 00:00 0 
7f30d8021000-7f30dc000000 ---p 00000000 00:00 0 
7f30dc000000-7f30dc021000 rw-p 00000000 00:00 0 
7f30dc021000-7f30e0000000 ---p 00000000 00:00 0 
7f30e0000000-7f30e0021000 rw-p 00000000 00:00 0 
7f30e0021000-7f30e4000000 ---p 00000000 00:00 0 
7f30e4000000-7f30e4021000 rw-p 00000000 00:00 0 
7f30e4021000-7f30e8000000 ---p 00000000 00:00 0 
7f30e8000000-7f30e8021000 rw-p 00000000 00:00 0 
7f30e8021000-7f30ec000000 ---p 00000000 00:00 0 
7f30ec000000-7f30ec021000 rw-p 00000000 00:00 0 
7f30ec021000-7f30f0000000 ---p 00000000 00:00 0 
7f30f0000000-7f30f0021000 rw-p 00000000 00:00 0 
7f30f0021000-7f30f4000000 ---p 00000000 00:00 0 
7f30f4000000-7f30f4021000 rw-p 00000000 00:00 0 
7f30f4021000-7f30f8000000 ---p 00000000 00:00 0 
7f30f89cb000-7f30f89cc000 ---p 00000000 00:00 0 
7f30f89cc000-7f30f8acd000 rw-p 00000000 00:00 0 
7f30f8acd000-7f30f8ace000 ---p 00000000 00:00 0 
7f30f8ace000-7f30f8bcf000 rw-p 00000000 00:00 0 
7f30f8bcf000-7f30f8bd0000 ---p 00000000 00:00 0 
7f30f8bd0000-7f30f8cd1000 rw-p 00000000 00:00 0 
7f30f8cd1000-7f30f8cd2000 ---p 00000000 00:00 0 
7f30f8cd2000-7f30f8dd3000 rw-p 00000000 00:00 0 
7f30f8dd3000-7f30f8dd4000 ---p 00000000 00:00 0 
7f30f8dd4000-7f30f8ed5000 rw-p 00000000 00:00 0 
7f30f8ed5000-7f30f8ed6000 ---p 00000000 00:00 0 
7f30f8ed6000-7f30f8fd7000 rw-p 00000000 00:00 0 
7f30f8fd7000-7f30f8fd8000 ---p 00000000 00:00 0 
7f30f8fd8000-7f30f90d9000 rw-p 00000000 00:00 0 
7f30f90d9000-7f30f90dd000 ---p 00000000 00:00 0 
7f30f90dd000-7f30f91da000 rw-p 00000000 00:00 0 
7f30f91da000-7f30f91de000 ---p 00000000 00:00 0 
7f30f91de000-7f30f930c000 rw-p 00000000 00:00 0 
7f30f930c000-7f30f9310000 ---p 00000000 00:00 0 
7f30f9310000-7f30f940d000 rw-p 00000000 00:00 0 
7f30f940d000-7f30f940e000 ---p 00000000 00:00 0 
7f30f940e000-7f30f950f000 rw-p 00000000 00:00 0 
7f30f950f000-7f30f9513000 ---p 00000000 00:00 0 
7f30f9513000-7f30f9610000 rw-p 00000000 00:00 0 
7f30f9610000-7f30f9614000 ---p 00000000 00:00 0 
7f30f9614000-7f30f9711000 rw-p 00000000 00:00 0 
7f30f9711000-7f30f9715000 ---p 00000000 00:00 0 
7f30f9715000-7f30f9812000 rw-p 00000000 00:00 0 
7f30f9812000-7f30f9816000 ---p 00000000 00:00 0 
7f30f9816000-7f30f9913000 rw-p 00000000 00:00 0 
7f30f9913000-7f30f9917000 ---p 00000000 00:00 0 
7f30f9917000-7f30f9a14000 rw-p 00000000 00:00 0 
7f30f9a14000-7f30f9cfc000 r--p 00000000 08:02 14491448                   /usr/lib/locale/locale-archive
7f30f9cfc000-7f30f9d00000 ---p 00000000 00:00 0 
7f30f9d00000-7f30f9dfd000 rw-p 00000000 00:00 0 
7f30f9dfd000-7f30f9e01000 ---p 00000000 00:00 0 
7f30f9e01000-7f30f9efe000 rw-p 00000000 00:00 0 
7f30f9efe000-7f30f9eff000 ---p 00000000 00:00 0 
7f30f9eff000-7f30fc000000 rw-p 00000000 00:00 0 
7f30fc000000-7f30fc021000 rw-p 00000000 00:00 0 
7f30fc021000-7f3100000000 ---p 00000000 00:00 0 
7f3100016000-7f310001a000 r--p 00000000 08:02 1976496                    /usr/lib/jvm/java-11-openjdk/lib/libnet.so
7f310001a000-7f3100029000 r-xp 00004000 08:02 1976496                    /usr/lib/jvm/java-11-openjdk/lib/libnet.so
7f3100029000-7f310002d000 r--p 00013000 08:02 1976496                    /usr/lib/jvm/java-11-openjdk/lib/libnet.so
7f310002d000-7f310002e000 r--p 00016000 08:02 1976496                    /usr/lib/jvm/java-11-openjdk/lib/libnet.so
7f310002e000-7f310002f000 rw-p 00017000 08:02 1976496                    /usr/lib/jvm/java-11-openjdk/lib/libnet.so
7f310002f000-7f3100036000 r--p 00000000 08:02 1976501                    /usr/lib/jvm/java-11-openjdk/lib/libnio.so
7f3100036000-7f310003d000 r-xp 00007000 08:02 1976501                    /usr/lib/jvm/java-11-openjdk/lib/libnio.so
7f310003d000-7f3100040000 r--p 0000e000 08:02 1976501                    /usr/lib/jvm/java-11-openjdk/lib/libnio.so
7f3100040000-7f3100041000 r--p 00010000 08:02 1976501                    /usr/lib/jvm/java-11-openjdk/lib/libnio.so
7f3100041000-7f3100042000 rw-p 00011000 08:02 1976501                    /usr/lib/jvm/java-11-openjdk/lib/libnio.so
7f3100042000-7f3100606000 rw-p 00000000 00:00 0 
7f3100606000-7f3100946000 ---p 00000000 00:00 0 
7f3100946000-7f3100947000 ---p 00000000 00:00 0 
7f3100947000-7f3100a48000 rw-p 00000000 00:00 0 
7f3100a48000-7f3100a49000 ---p 00000000 00:00 0 
7f3100a49000-7f3101352000 rw-p 00000000 00:00 0 
7f3101352000-7f3101353000 ---p 00000000 00:00 0 
7f3101353000-7f3101454000 rw-p 00000000 00:00 0 
7f3101454000-7f3101455000 ---p 00000000 00:00 0 
7f3101455000-7f3101e28000 rw-p 00000000 00:00 0 
7f3101e28000-7f3109340000 ---p 00000000 00:00 0 
7f3109340000-7f3109b10000 rw-p 00000000 00:00 0 
7f3109b10000-7f3111028000 ---p 00000000 00:00 0 
7f3111028000-7f3111122000 rw-p 00000000 00:00 0 
7f3111122000-7f3111fc5000 ---p 00000000 00:00 0 
7f3111fc5000-7f31120bf000 rw-p 00000000 00:00 0 
7f31120bf000-7f3112f62000 ---p 00000000 00:00 0 
7f3112f62000-7f311305c000 rw-p 00000000 00:00 0 
7f311305c000-7f3113eff000 ---p 00000000 00:00 0 
7f3113eff000-7f3114000000 rw-p 00000000 00:00 0 
7f3114000000-7f3114021000 rw-p 00000000 00:00 0 
7f3114021000-7f3118000000 ---p 00000000 00:00 0 
7f3118008000-7f3118751000 rw-p 00000000 00:00 0 
7f3118751000-7f3118752000 ---p 00000000 00:00 0 
7f3118752000-7f3118853000 rw-p 00000000 00:00 0 
7f3118853000-7f3118ac3000 rwxp 00000000 00:00 0 
7f3118ac3000-7f3118de4000 ---p 00000000 00:00 0 
7f3118de4000-7f3119054000 rwxp 00000000 00:00 0 
7f3119054000-7f312031b000 ---p 00000000 00:00 0 
7f312031b000-7f312058b000 rwxp 00000000 00:00 0 
7f312058b000-7f3127853000 ---p 00000000 00:00 0 
7f3127853000-7f3130000000 r--s 00000000 08:02 1976524                    /usr/lib/jvm/java-11-openjdk/lib/modules
7f3130000000-7f3130430000 rw-p 00000000 00:00 0 
7f3130430000-7f3134000000 ---p 00000000 00:00 0 
7f3134010000-7f3134054000 rw-p 00000000 00:00 0 
7f3134054000-7f313413a000 ---p 00000000 00:00 0 
7f313413a000-7f313413f000 rw-p 00000000 00:00 0 
7f313413f000-7f3134225000 ---p 00000000 00:00 0 
7f3134225000-7f313422a000 rw-p 00000000 00:00 0 
7f313422a000-7f3134231000 ---p 00000000 00:00 0 
7f3134231000-7f3134233000 r--p 00000000 08:02 1976523                    /usr/lib/jvm/java-11-openjdk/lib/libzip.so
7f3134233000-7f3134237000 r-xp 00002000 08:02 1976523                    /usr/lib/jvm/java-11-openjdk/lib/libzip.so
7f3134237000-7f3134239000 r--p 00006000 08:02 1976523                    /usr/lib/jvm/java-11-openjdk/lib/libzip.so
7f3134239000-7f313423a000 r--p 00007000 08:02 1976523                    /usr/lib/jvm/java-11-openjdk/lib/libzip.so
7f313423a000-7f313423b000 rw-p 00008000 08:02 1976523                    /usr/lib/jvm/java-11-openjdk/lib/libzip.so
7f313423b000-7f3134243000 rw-s 00000000 00:24 469815                     /tmp/hsperfdata_stepanov/2844719
7f3134243000-7f3134251000 r--p 00000000 08:02 1976470                    /usr/lib/jvm/java-11-openjdk/lib/libjava.so
7f3134251000-7f3134266000 r-xp 0000e000 08:02 1976470                    /usr/lib/jvm/java-11-openjdk/lib/libjava.so
7f3134266000-7f313426c000 r--p 00023000 08:02 1976470                    /usr/lib/jvm/java-11-openjdk/lib/libjava.so
7f313426c000-7f313426d000 ---p 00029000 08:02 1976470                    /usr/lib/jvm/java-11-openjdk/lib/libjava.so
7f313426d000-7f313426e000 r--p 00029000 08:02 1976470                    /usr/lib/jvm/java-11-openjdk/lib/libjava.so
7f313426e000-7f313426f000 rw-p 0002a000 08:02 1976470                    /usr/lib/jvm/java-11-openjdk/lib/libjava.so
7f313426f000-7f3134270000 rw-p 00000000 00:00 0 
7f3134270000-7f3134273000 r--p 00000000 08:02 14421227                   /usr/lib/librt-2.33.so
7f3134273000-7f3134277000 r-xp 00003000 08:02 14421227                   /usr/lib/librt-2.33.so
7f3134277000-7f3134279000 r--p 00007000 08:02 14421227                   /usr/lib/librt-2.33.so
7f3134279000-7f313427a000 r--p 00008000 08:02 14421227                   /usr/lib/librt-2.33.so
7f313427a000-7f313427b000 rw-p 00009000 08:02 14421227                   /usr/lib/librt-2.33.so
7f313427b000-7f313427f000 ---p 00000000 00:00 0 
7f313427f000-7f313437c000 rw-p 00000000 00:00 0 
7f313437c000-7f313437f000 r--p 00000000 08:02 14421476                   /usr/lib/libgcc_s.so.1
7f313437f000-7f3134391000 r-xp 00003000 08:02 14421476                   /usr/lib/libgcc_s.so.1
7f3134391000-7f3134394000 r--p 00015000 08:02 14421476                   /usr/lib/libgcc_s.so.1
7f3134394000-7f3134395000 ---p 00018000 08:02 14421476                   /usr/lib/libgcc_s.so.1
7f3134395000-7f3134396000 r--p 00018000 08:02 14421476                   /usr/lib/libgcc_s.so.1
7f3134396000-7f3134397000 rw-p 00019000 08:02 14421476                   /usr/lib/libgcc_s.so.1
7f3134397000-7f31343a6000 r--p 00000000 08:02 14421113                   /usr/lib/libm-2.33.so
7f31343a6000-7f3134440000 r-xp 0000f000 08:02 14421113                   /usr/lib/libm-2.33.so
7f3134440000-7f31344d8000 r--p 000a9000 08:02 14421113                   /usr/lib/libm-2.33.so
7f31344d8000-7f31344d9000 ---p 00141000 08:02 14421113                   /usr/lib/libm-2.33.so
7f31344d9000-7f31344da000 r--p 00141000 08:02 14421113                   /usr/lib/libm-2.33.so
7f31344da000-7f31344db000 rw-p 00142000 08:02 14421113                   /usr/lib/libm-2.33.so
7f31344db000-7f3134574000 r--p 00000000 08:02 14477167                   /usr/lib/libstdc++.so.6.0.29
7f3134574000-7f3134674000 r-xp 00099000 08:02 14477167                   /usr/lib/libstdc++.so.6.0.29
7f3134674000-7f31346e0000 r--p 00199000 08:02 14477167                   /usr/lib/libstdc++.so.6.0.29
7f31346e0000-7f31346ed000 r--p 00204000 08:02 14477167                   /usr/lib/libstdc++.so.6.0.29
7f31346ed000-7f31346ee000 rw-p 00211000 08:02 14477167                   /usr/lib/libstdc++.so.6.0.29
7f31346ee000-7f31346f1000 rw-p 00000000 00:00 0 
7f31346f1000-7f3134969000 r--p 00000000 08:02 1976538                    /usr/lib/jvm/java-11-openjdk/lib/server/libjvm.so
7f3134969000-7f313556d000 r-xp 00278000 08:02 1976538                    /usr/lib/jvm/java-11-openjdk/lib/server/libjvm.so
7f313556d000-7f31357ad000 r--p 00e7c000 08:02 1976538                    /usr/lib/jvm/java-11-openjdk/lib/server/libjvm.so
7f31357ad000-7f31357ae000 ---p 010bc000 08:02 1976538                    /usr/lib/jvm/java-11-openjdk/lib/server/libjvm.so
7f31357ae000-7f313586f000 r--p 010bc000 08:02 1976538                    /usr/lib/jvm/java-11-openjdk/lib/server/libjvm.so
7f313586f000-7f31358a9000 rw-p 0117d000 08:02 1976538                    /usr/lib/jvm/java-11-openjdk/lib/server/libjvm.so
7f31358a9000-7f3135901000 rw-p 00000000 00:00 0 
7f3135901000-7f3135908000 r--p 00000000 08:02 14421201                   /usr/lib/libpthread-2.33.so
7f3135908000-7f3135917000 r-xp 00007000 08:02 14421201                   /usr/lib/libpthread-2.33.so
7f3135917000-7f313591b000 r--p 00016000 08:02 14421201                   /usr/lib/libpthread-2.33.so
7f313591b000-7f313591c000 ---p 0001a000 08:02 14421201                   /usr/lib/libpthread-2.33.so
7f313591c000-7f313591d000 r--p 0001a000 08:02 14421201                   /usr/lib/libpthread-2.33.so
7f313591d000-7f313591e000 rw-p 0001b000 08:02 14421201                   /usr/lib/libpthread-2.33.so
7f313591e000-7f3135922000 rw-p 00000000 00:00 0 
7f3135922000-7f3135924000 r--p 00000000 08:02 14421089                   /usr/lib/libdl-2.33.so
7f3135924000-7f3135926000 r-xp 00002000 08:02 14421089                   /usr/lib/libdl-2.33.so
7f3135926000-7f3135927000 r--p 00004000 08:02 14421089                   /usr/lib/libdl-2.33.so
7f3135927000-7f3135928000 r--p 00004000 08:02 14421089                   /usr/lib/libdl-2.33.so
7f3135928000-7f3135929000 rw-p 00005000 08:02 14421089                   /usr/lib/libdl-2.33.so
7f3135929000-7f313592c000 r--p 00000000 08:02 14439370                   /usr/lib/libz.so.1.2.11
7f313592c000-7f313593a000 r-xp 00003000 08:02 14439370                   /usr/lib/libz.so.1.2.11
7f313593a000-7f3135940000 r--p 00011000 08:02 14439370                   /usr/lib/libz.so.1.2.11
7f3135940000-7f3135941000 ---p 00017000 08:02 14439370                   /usr/lib/libz.so.1.2.11
7f3135941000-7f3135942000 r--p 00017000 08:02 14439370                   /usr/lib/libz.so.1.2.11
7f3135942000-7f3135943000 rw-p 00018000 08:02 14439370                   /usr/lib/libz.so.1.2.11
7f3135943000-7f3135969000 r--p 00000000 08:02 14421056                   /usr/lib/libc-2.33.so
7f3135969000-7f3135ab4000 r-xp 00026000 08:02 14421056                   /usr/lib/libc-2.33.so
7f3135ab4000-7f3135b00000 r--p 00171000 08:02 14421056                   /usr/lib/libc-2.33.so
7f3135b00000-7f3135b03000 r--p 001bc000 08:02 14421056                   /usr/lib/libc-2.33.so
7f3135b03000-7f3135b06000 rw-p 001bf000 08:02 14421056                   /usr/lib/libc-2.33.so
7f3135b06000-7f3135b0f000 rw-p 00000000 00:00 0 
7f3135b16000-7f3135b18000 r--p 00000000 08:02 14421153                   /usr/lib/libnss_compat-2.33.so
7f3135b18000-7f3135b1e000 r-xp 00002000 08:02 14421153                   /usr/lib/libnss_compat-2.33.so
7f3135b1e000-7f3135b1f000 r--p 00008000 08:02 14421153                   /usr/lib/libnss_compat-2.33.so
7f3135b1f000-7f3135b20000 r--p 00008000 08:02 14421153                   /usr/lib/libnss_compat-2.33.so
7f3135b20000-7f3135b21000 rw-p 00009000 08:02 14421153                   /usr/lib/libnss_compat-2.33.so
7f3135b21000-7f3135b22000 ---p 00000000 00:00 0 
7f3135b22000-7f3135b23000 r--p 00000000 00:00 0 
7f3135b23000-7f3135b25000 r--p 00000000 08:02 1976476                    /usr/lib/jvm/java-11-openjdk/lib/libjimage.so
7f3135b25000-7f3135b28000 r-xp 00002000 08:02 1976476                    /usr/lib/jvm/java-11-openjdk/lib/libjimage.so
7f3135b28000-7f3135b29000 r--p 00005000 08:02 1976476                    /usr/lib/jvm/java-11-openjdk/lib/libjimage.so
7f3135b29000-7f3135b2a000 ---p 00006000 08:02 1976476                    /usr/lib/jvm/java-11-openjdk/lib/libjimage.so
7f3135b2a000-7f3135b2b000 r--p 00006000 08:02 1976476                    /usr/lib/jvm/java-11-openjdk/lib/libjimage.so
7f3135b2b000-7f3135b2c000 rw-p 00007000 08:02 1976476                    /usr/lib/jvm/java-11-openjdk/lib/libjimage.so
7f3135b2c000-7f3135b31000 r--p 00000000 08:02 1976521                    /usr/lib/jvm/java-11-openjdk/lib/libverify.so
7f3135b31000-7f3135b38000 r-xp 00005000 08:02 1976521                    /usr/lib/jvm/java-11-openjdk/lib/libverify.so
7f3135b38000-7f3135b3a000 r--p 0000c000 08:02 1976521                    /usr/lib/jvm/java-11-openjdk/lib/libverify.so
7f3135b3a000-7f3135b3c000 r--p 0000d000 08:02 1976521                    /usr/lib/jvm/java-11-openjdk/lib/libverify.so
7f3135b3c000-7f3135b3d000 rw-p 0000f000 08:02 1976521                    /usr/lib/jvm/java-11-openjdk/lib/libverify.so
7f3135b3d000-7f3135b40000 r--p 00000000 08:02 1976252                    /usr/lib/jvm/java-11-openjdk/lib/jli/libjli.so
7f3135b40000-7f3135b4a000 r-xp 00003000 08:02 1976252                    /usr/lib/jvm/java-11-openjdk/lib/jli/libjli.so
7f3135b4a000-7f3135b4d000 r--p 0000d000 08:02 1976252                    /usr/lib/jvm/java-11-openjdk/lib/jli/libjli.so
7f3135b4d000-7f3135b4e000 ---p 00010000 08:02 1976252                    /usr/lib/jvm/java-11-openjdk/lib/jli/libjli.so
7f3135b4e000-7f3135b4f000 r--p 00010000 08:02 1976252                    /usr/lib/jvm/java-11-openjdk/lib/jli/libjli.so
7f3135b4f000-7f3135b50000 rw-p 00011000 08:02 1976252                    /usr/lib/jvm/java-11-openjdk/lib/jli/libjli.so
7f3135b50000-7f3135b52000 rw-p 00000000 00:00 0 
7f3135b52000-7f3135b53000 r--p 00000000 08:02 14420974                   /usr/lib/ld-2.33.so
7f3135b53000-7f3135b77000 r-xp 00001000 08:02 14420974                   /usr/lib/ld-2.33.so
7f3135b77000-7f3135b80000 r--p 00025000 08:02 14420974                   /usr/lib/ld-2.33.so
7f3135b80000-7f3135b82000 r--p 0002d000 08:02 14420974                   /usr/lib/ld-2.33.so
7f3135b82000-7f3135b84000 rw-p 0002f000 08:02 14420974                   /usr/lib/ld-2.33.so
7ffe1e465000-7ffe1e486000 rw-p 00000000 00:00 0                          [stack]
7ffe1e573000-7ffe1e577000 r--p 00000000 00:00 0                          [vvar]
7ffe1e577000-7ffe1e579000 r-xp 00000000 00:00 0                          [vdso]
ffffffffff600000-ffffffffff601000 --xp 00000000 00:00 0                  [vsyscall]


VM Arguments:
java_command: Tmp0Kt
java_class_path (initial): tmp/lib/kotlin-stdlib-1.4.0.jar:tmp/lib/kotlin-stdlib-common-1.4.0.jar:tmp/lib/kotlin-test-1.4.0.jar:tmp/lib/kotlin-test-common-1.4.0.jar:tmp/lib/kotlin-reflect-1.4.0.jar:tmp/lib/kotlin-script-runtime-1.4.0.jar:tmp/lib/kotlin-stdlib-jdk8-1.4.0.jar:tmp/lib/kotlin-stdlib-jdk7-1.4.0.jar:tmp/tmp.jar
Launcher Type: SUN_STANDARD

[Global flags]
     intx CICompilerCount                          = 4                                         {product} {ergonomic}
     uint ConcGCThreads                            = 2                                         {product} {ergonomic}
     uint G1ConcRefinementThreads                  = 8                                         {product} {ergonomic}
   size_t G1HeapRegionSize                         = 2097152                                   {product} {ergonomic}
    uintx GCDrainStackTargetSize                   = 64                                        {product} {ergonomic}
   size_t InitialHeapSize                          = 524288000                                 {product} {ergonomic}
   size_t MarkStackSize                            = 4194304                                   {product} {ergonomic}
   size_t MaxHeapSize                              = 8382316544                                {product} {ergonomic}
   size_t MaxNewSize                               = 5028970496                                {product} {ergonomic}
   size_t MinHeapDeltaBytes                        = 2097152                                   {product} {ergonomic}
    uintx NonNMethodCodeHeapSize                   = 5836300                                {pd product} {ergonomic}
    uintx NonProfiledCodeHeapSize                  = 122910970                              {pd product} {ergonomic}
    uintx ProfiledCodeHeapSize                     = 122910970                              {pd product} {ergonomic}
    uintx ReservedCodeCacheSize                    = 251658240                              {pd product} {ergonomic}
     bool SegmentedCodeCache                       = true                                      {product} {ergonomic}
     bool UseCompressedClassPointers               = true                                 {lp64_product} {ergonomic}
     bool UseCompressedOops                        = true                                 {lp64_product} {ergonomic}
     bool UseG1GC                                  = true                                      {product} {ergonomic}

Logging:
Log output configuration:
 #0: stdout all=warning uptime,level,tags
 #1: stderr all=off uptime,level,tags

Environment Variables:
JAVA_HOME=/usr/lib/jvm/java-11-openjdk
PATH=/usr/lib/jvm/java-14-openjdk/bin:/usr/local/bin:/usr/local/sbin:/usr/bin:/opt/android-sdk/tools:/opt/android-sdk/tools/bin:/usr/lib/jvm/default/bin:/usr/lib/smlnj/bin
LD_LIBRARY_PATH=/opt/cuda/lib64
SHELL=/bin/bash
DISPLAY=:0.0
LANG=en_US.UTF-8

Signal Handlers:
SIGSEGV: [libjvm.so+0xe0a500], sa_mask[0]=11111111011111111101111111111110, sa_flags=SA_RESTART|SA_SIGINFO
SIGBUS: [libjvm.so+0xe0a500], sa_mask[0]=11111111011111111101111111111110, sa_flags=SA_RESTART|SA_SIGINFO
SIGFPE: [libjvm.so+0xe0a500], sa_mask[0]=11111111011111111101111111111110, sa_flags=SA_RESTART|SA_SIGINFO
SIGPIPE: [libjvm.so+0xbf93d0], sa_mask[0]=11111111011111111101111111111110, sa_flags=SA_RESTART|SA_SIGINFO
SIGXFSZ: [libjvm.so+0xbf93d0], sa_mask[0]=11111111011111111101111111111110, sa_flags=SA_RESTART|SA_SIGINFO
SIGILL: [libjvm.so+0xe0a500], sa_mask[0]=11111111011111111101111111111110, sa_flags=SA_RESTART|SA_SIGINFO
SIGUSR2: [libjvm.so+0xbf9260], sa_mask[0]=00100000000000000000000000000000, sa_flags=SA_RESTART|SA_SIGINFO
SIGHUP: [libjvm.so+0xbf9860], sa_mask[0]=11111111011111111101111111111110, sa_flags=SA_RESTART|SA_SIGINFO
SIGINT: [libjvm.so+0xbf9860], sa_mask[0]=11111111011111111101111111111110, sa_flags=SA_RESTART|SA_SIGINFO
SIGTERM: [libjvm.so+0xbf9860], sa_mask[0]=11111111011111111101111111111110, sa_flags=SA_RESTART|SA_SIGINFO
SIGQUIT: [libjvm.so+0xbf9860], sa_mask[0]=11111111011111111101111111111110, sa_flags=SA_RESTART|SA_SIGINFO


---------------  S Y S T E M  ---------------

OS:LSB_VERSION=1.4
DISTRIB_ID=Arch
DISTRIB_RELEASE=rolling
DISTRIB_DESCRIPTION="Arch Linux"
uname:Linux 5.15.4-arch1-1 #1 SMP PREEMPT Sun, 21 Nov 2021 21:34:33 +0000 x86_64
OS uptime: 9 days 17:18 hours
libc:glibc 2.33 NPTL 2.33 
rlimit (soft/hard): STACK 8192k/infinity , CORE infinity/infinity , NPROC 127832/127832 , NOFILE 524288/524288 , AS infinity/infinity , CPU infinity/infinity , DATA infinity/infinity , FSIZE infinity/infinity , MEMLOCK 1024k/1024k
load average:2.74 2.62 2.87

/proc/meminfo:
MemTotal:       32740680 kB
MemFree:        14455792 kB
MemAvailable:   20531988 kB
Buffers:          385292 kB
Cached:          6212188 kB
SwapCached:            0 kB
Active:          2298888 kB
Inactive:       15168544 kB
Active(anon):      55284 kB
Inactive(anon): 11156064 kB
Active(file):    2243604 kB
Inactive(file):  4012480 kB
Unevictable:      264664 kB
Mlocked:              64 kB
SwapTotal:      32575484 kB
SwapFree:       32575484 kB
Dirty:               980 kB
Writeback:             0 kB
AnonPages:      11134880 kB
Mapped:          1347464 kB
Shmem:            341396 kB
KReclaimable:     283268 kB
Slab:             375812 kB
SReclaimable:     283268 kB
SUnreclaim:        92544 kB
KernelStack:       14576 kB
PageTables:        46288 kB
NFS_Unstable:          0 kB
Bounce:                0 kB
WritebackTmp:          0 kB
CommitLimit:    48945824 kB
Committed_AS:   14742188 kB
VmallocTotal:   34359738367 kB
VmallocUsed:       38436 kB
VmallocChunk:          0 kB
Percpu:             6080 kB
HardwareCorrupted:     0 kB
AnonHugePages:         0 kB
ShmemHugePages:        0 kB
ShmemPmdMapped:        0 kB
FileHugePages:         0 kB
FilePmdMapped:         0 kB
CmaTotal:              0 kB
CmaFree:               0 kB
HugePages_Total:       0
HugePages_Free:        0
HugePages_Rsvd:        0
HugePages_Surp:        0
Hugepagesize:       2048 kB
Hugetlb:               0 kB
DirectMap4k:      393304 kB
DirectMap2M:    22542336 kB
DirectMap1G:    11534336 kB

/sys/kernel/mm/transparent_hugepage/enabled:
always [madvise] never
/sys/kernel/mm/transparent_hugepage/defrag (defrag/compaction efforts parameter):
always defer defer+madvise [madvise] never

Process Memory:
Virtual Size: 11677508K (peak: 11677508K)
Resident Set Size: 114216K (peak: 114216K) (anon: 95128K, file: 19056K, shmem: 32K)
Swapped out: 0K
C-Heap outstanding allocations: 14359K

/proc/sys/kernel/threads-max (system-wide limit on the number of threads):
255665
/proc/sys/vm/max_map_count (maximum number of memory map areas a process may have):
65530
/proc/sys/kernel/pid_max (system-wide limit on number of process identifiers):
4194304

Steal ticks since vm start: 0
Steal ticks percentage since vm start:  0.000

CPU:total 8 (initial active 8) (4 cores per cpu, 2 threads per core) family 6 model 60 stepping 3 microcode 0x1c, cmov, cx8, fxsr, mmx, sse, sse2, sse3, ssse3, sse4.1, sse4.2, popcnt, avx, avx2, aes, clmul, erms, lzcnt, ht, tsc, tscinvbit, bmi1, bmi2, fma
CPU Model and flags from /proc/cpuinfo:
model name	: Intel(R) Core(TM) i7-4790 CPU @ 3.60GHz
flags		: fpu vme de pse tsc msr pae mce cx8 apic sep mtrr pge mca cmov pat pse36 clflush dts acpi mmx fxsr sse sse2 ss ht tm pbe syscall nx pdpe1gb rdtscp lm constant_tsc arch_perfmon pebs bts rep_good nopl xtopology nonstop_tsc cpuid aperfmperf pni pclmulqdq dtes64 monitor ds_cpl vmx smx est tm2 ssse3 sdbg fma cx16 xtpr pdcm pcid sse4_1 sse4_2 x2apic movbe popcnt aes xsave avx f16c rdrand lahf_lm abm cpuid_fault invpcid_single pti tpr_shadow vnmi flexpriority ept vpid ept_ad fsgsbase tsc_adjust bmi1 avx2 smep bmi2 erms invpcid xsaveopt dtherm ida arat pln pts
Online cpus:
0-7
Offline cpus:

BIOS frequency limitation:
<Not Available>
Frequency switch latency (ns):
20000
Available cpu frequencies:
<Not Available>
Current governor:
schedutil
Core performance/turbo boost:
<Not Available>

Memory: 4k page, physical 32740680k(14455792k free), swap 32575484k(32575484k free)

vm_info: OpenJDK 64-Bit Server VM (11.0.13+8) for linux-amd64 JRE (11.0.13+8), built on Nov  9 2021 19:45:44 by "builduser" with gcc 11.1.0

END.
