#
# A fatal error has been detected by the Java Runtime Environment:
#
#  SIGSEGV (0xb) at pc=0x00007fe6623a8c6a, pid=2832593, tid=2832615
#
# JRE version: OpenJDK Runtime Environment (11.0.13+8) (build 11.0.13+8)
# Java VM: OpenJDK 64-Bit Server VM (11.0.13+8, mixed mode, tiered, compressed oops, g1 gc, linux-amd64)
# Problematic frame:
# V  [libjvm.so+0x5b7c6a]
#
# Core dump will be written. Default location: Core dumps may be processed with "/usr/lib/systemd/systemd-coredump %P %u %g %s %t %c %h" (or dumping to /home/stepanov/workspace/guidedBBF/bbfgradle/core.2832593)
#
# If you would like to submit a bug report, please visit:
#   https://bugreport.java.com/bugreport/crash.jsp
#

---------------  S U M M A R Y ------------

Command Line: Tmp0Kt

Host: Intel(R) Core(TM) i7-4790 CPU @ 3.60GHz, 8 cores, 31G, Arch Linux
Time: Fri Dec  3 09:40:41 2021 MSK elapsed time: 0.206509 seconds (0d 0h 0m 0s)

---------------  T H R E A D  ---------------

Current thread (0x00007fe60008e000):  JavaThread "C2 CompilerThread2" daemon [_thread_in_native, id=2832615, stack(0x00007fe62c7e2000,0x00007fe62c8e3000)]


Current CompileTask:
C2:    206  253 %     4       kotlin.UnsignedKt::ulongCompare @ 411 (12 bytes)

Stack: [0x00007fe62c7e2000,0x00007fe62c8e3000],  sp=0x00007fe62c8dfd70,  free space=1015k
Native frames: (J=compiled Java code, A=aot compiled Java code, j=interpreted, Vv=VM code, C=native code)
V  [libjvm.so+0x5b7c6a]
V  [libjvm.so+0x5b7de2]
V  [libjvm.so+0x594f9d]
V  [libjvm.so+0xc34b84]
V  [libjvm.so+0x55b19c]
V  [libjvm.so+0x63045e]
V  [libjvm.so+0x55a4c5]
V  [libjvm.so+0x6394c6]
V  [libjvm.so+0x63a788]
V  [libjvm.so+0xd9c2f8]
V  [libjvm.so+0xd997d1]
V  [libjvm.so+0xc03641]


siginfo: si_signo: 11 (SIGSEGV), si_code: 1 (SEGV_MAPERR), si_addr: 0x0000000500000037

Register to memory mapping:

RAX=0x0000000500000037 is an unknown value
RBX=0x00007fe5f01df840 points into unknown readable memory: 0x00007fe62c8e1970 | 70 19 8e 2c e6 7f 00 00
RCX=0x0 is NULL
RDX=0x00007fe5f0120fb0 points into unknown readable memory: 0x00007fe5f0120fc0 | c0 0f 12 f0 e5 7f 00 00
RSP=0x00007fe62c8dfd70 is pointing into the stack for thread: 0x00007fe60008e000
RBP=0x00007fe62c8dfdd0 is pointing into the stack for thread: 0x00007fe60008e000
RSI=0x000000000000019b is an unknown value
RDI=0x00007fe5f01df840 points into unknown readable memory: 0x00007fe62c8e1970 | 70 19 8e 2c e6 7f 00 00
R8 =0x00007fe5f01de240 points into unknown readable memory: 0x00007fe662eb6fb8 | b8 6f eb 62 e6 7f 00 00
R9 =0x00000000ffffffff is an unknown value
R10=0x00007fe5fc135810 points into unknown readable memory: 0x00000000000007f0 | f0 07 00 00 00 00 00 00
R11=0x00007fe5f01df1fc points into unknown readable memory: e5 7f 00 00
R12=0x00007fe6000850f0 points into unknown readable memory: 0x0000000700000006 | 06 00 00 00 07 00 00 00
R13=0x00007fe5f0120fb0 points into unknown readable memory: 0x00007fe5f0120fc0 | c0 0f 12 f0 e5 7f 00 00
R14=0x00007fe5f0120f80 points into unknown readable memory: 0x00007fe5f01df8d0 | d0 f8 1d f0 e5 7f 00 00
R15=0x00007fe5f011d630 points into unknown readable memory: 0x0000000000000000 | 00 00 00 00 00 00 00 00


Registers:
RAX=0x0000000500000037, RBX=0x00007fe5f01df840, RCX=0x0000000000000000, RDX=0x00007fe5f0120fb0
RSP=0x00007fe62c8dfd70, RBP=0x00007fe62c8dfdd0, RSI=0x000000000000019b, RDI=0x00007fe5f01df840
R8 =0x00007fe5f01de240, R9 =0x00000000ffffffff, R10=0x00007fe5fc135810, R11=0x00007fe5f01df1fc
R12=0x00007fe6000850f0, R13=0x00007fe5f0120fb0, R14=0x00007fe5f0120f80, R15=0x00007fe5f011d630
RIP=0x00007fe6623a8c6a, EFLAGS=0x0000000000010246, CSGSFS=0x002b000000000033, ERR=0x0000000000000004
  TRAPNO=0x000000000000000e

Top of Stack: (sp=0x00007fe62c8dfd70)
0x00007fe62c8dfd70:   00007fe5fc19c5d0 0000000000000000
0x00007fe62c8dfd80:   00007fe5f011d630 00007fe5f0120f80
0x00007fe62c8dfd90:   00000000000083b0 00007fe5f0125618
0x00007fe62c8dfda0:   00007fe62c8e0cf0 00007fe62c8dfe80 

Instructions: (pc=0x00007fe6623a8c6a)
0x00007fe6623a8b6a:   48 85 ff 74 16 48 8d 15 e8 7c 8e 00 48 8d 35 23
0x00007fe6623a8b7a:   7d 8e 00 31 c0 67 e8 fb 22 88 00 48 83 7b 30 00
0x00007fe6623a8b8a:   0f 85 a0 fd ff ff 48 8d 05 c7 7c 8e 00 48 89 43
0x00007fe6623a8b9a:   30 e9 90 fd ff ff 4d 89 4d 50 89 95 70 ff ff ff
0x00007fe6623a8baa:   4c 89 6b 50 e9 47 fd ff ff 31 c0 eb 8c 90 0f 1f
0x00007fe6623a8bba:   84 00 00 00 00 00 55 48 89 e5 41 57 41 56 41 55
0x00007fe6623a8bca:   41 54 53 48 89 fb 48 83 ec 38 66 48 8d 3d 04 63
0x00007fe6623a8bda:   bc 00 66 48 ff 15 3c 5d bc 00 31 f6 bf 28 00 00
0x00007fe6623a8bea:   00 48 8b 00 4c 8b a0 78 02 00 00 49 8b 44 24 20
0x00007fe6623a8bfa:   f3 41 0f 6f 4c 24 10 48 89 45 c8 49 8b 44 24 28
0x00007fe6623a8c0a:   66 49 0f 7e cf 0f 29 4d b0 48 89 45 c0 67 e8 13
0x00007fe6623a8c1a:   62 6f 00 49 89 c6 48 85 c0 74 0b 48 89 de 48 89
0x00007fe6623a8c2a:   c7 e8 d0 77 ff ff 31 f6 bf 08 00 00 00 67 e8 f3
0x00007fe6623a8c3a:   61 6f 00 49 89 c5 48 85 c0 74 08 48 89 c7 e8 83
0x00007fe6623a8c4a:   72 ff ff 8b 73 18 31 c0 48 8b 7b 10 83 fe ff 0f
0x00007fe6623a8c5a:   44 f0 67 e8 4e 51 fe ff 31 c9 4c 89 ea 48 89 df
0x00007fe6623a8c6a:   8b 30 e8 3f c3 ff ff 48 89 df 48 89 45 a8 e8 93
0x00007fe6623a8c7a:   ee ff ff 48 8b 13 48 83 7a 60 00 74 49 49 83 3f
0x00007fe6623a8c8a:   00 74 16 4c 89 e7 48 8b 75 c0 67 e8 f6 16 e7 ff
0x00007fe6623a8c9a:   4c 89 ff 67 e8 fd 08 e7 ff 66 0f 6f 55 b0 48 8b
0x00007fe6623a8caa:   45 c8 41 0f 11 54 24 10 49 89 44 24 20 48 83 c4
0x00007fe6623a8cba:   38 5b 41 5c 41 5d 41 5e 41 5f 5d c3 66 2e 0f 1f
0x00007fe6623a8cca:   84 00 00 00 00 00 48 83 7b 30 00 75 b0 48 8b 4d
0x00007fe6623a8cda:   a8 48 89 c6 48 8b 79 28 e8 59 78 ff ff 48 8b 75
0x00007fe6623a8cea:   a8 48 89 df 4d 89 e8 4c 89 f1 ba 01 00 00 00 e8
0x00007fe6623a8cfa:   32 fa ff ff 48 8b 3b 48 83 7f 60 00 0f 85 7b ff
0x00007fe6623a8d0a:   ff ff 48 83 7b 30 00 0f 85 70 ff ff ff 48 8b 43
0x00007fe6623a8d1a:   68 48 83 78 10 00 74 30 67 e8 78 e3 fc ff 83 f8
0x00007fe6623a8d2a:   03 7e 25 eb 31 90 48 8b 46 50 4c 89 e9 4c 89 f2
0x00007fe6623a8d3a:   48 89 df 48 89 43 50 48 c7 46 50 00 00 00 00 c6
0x00007fe6623a8d4a:   46 4b 00 e8 6e e8 ff ff 48 8b 73 50 48 85 f6 75
0x00007fe6623a8d5a:   d5 e9 27 ff ff ff 48 8b 73 68 4c 89 e9 4c 89 f2 


Stack slot to memory mapping:
stack at sp + 0 slots: 0x00007fe5fc19c5d0 points into unknown readable memory: 0x00007fe662ec3430 | 30 34 ec 62 e6 7f 00 00
stack at sp + 1 slots: 0x0 is NULL
stack at sp + 2 slots: 0x00007fe5f011d630 points into unknown readable memory: 0x0000000000000000 | 00 00 00 00 00 00 00 00
stack at sp + 3 slots: 0x00007fe5f0120f80 points into unknown readable memory: 0x00007fe5f01df8d0 | d0 f8 1d f0 e5 7f 00 00
stack at sp + 4 slots: 0x00000000000083b0 is an unknown value
stack at sp + 5 slots: 0x00007fe5f0125618 points into unknown readable memory: 0x0000000000007ff5 | f5 7f 00 00 00 00 00 00
stack at sp + 6 slots: 0x00007fe62c8e0cf0 is pointing into the stack for thread: 0x00007fe60008e000
stack at sp + 7 slots: 0x00007fe62c8dfe80 is pointing into the stack for thread: 0x00007fe60008e000


---------------  P R O C E S S  ---------------

Threads class SMR info:
_java_thread_list=0x00007fe60008f4f0, length=11, elements={
0x00007fe65c016800, 0x00007fe65c25a000, 0x00007fe65c25e000, 0x00007fe65c273000,
0x00007fe65c275000, 0x00007fe65c277000, 0x00007fe65c279000, 0x00007fe65c27b800,
0x00007fe65c347800, 0x00007fe600083800, 0x00007fe60008e000
}

Java Threads: ( => current thread )
  0x00007fe65c016800 JavaThread "main" [_thread_in_Java, id=2832597, stack(0x00007fe66197b000,0x00007fe661a7c000)]
  0x00007fe65c25a000 JavaThread "Reference Handler" daemon [_thread_blocked, id=2832604, stack(0x00007fe62d4d5000,0x00007fe62d5d6000)]
  0x00007fe65c25e000 JavaThread "Finalizer" daemon [_thread_blocked, id=2832605, stack(0x00007fe62d3d4000,0x00007fe62d4d5000)]
  0x00007fe65c273000 JavaThread "Signal Dispatcher" daemon [_thread_blocked, id=2832606, stack(0x00007fe62cfeb000,0x00007fe62d0ec000)]
  0x00007fe65c275000 JavaThread "Service Thread" daemon [_thread_blocked, id=2832607, stack(0x00007fe62ceea000,0x00007fe62cfeb000)]
  0x00007fe65c277000 JavaThread "C2 CompilerThread0" daemon [_thread_blocked, id=2832608, stack(0x00007fe62cde9000,0x00007fe62ceea000)]
  0x00007fe65c279000 JavaThread "C1 CompilerThread0" daemon [_thread_blocked, id=2832609, stack(0x00007fe62cce8000,0x00007fe62cde9000)]
  0x00007fe65c27b800 JavaThread "Sweeper thread" daemon [_thread_blocked, id=2832610, stack(0x00007fe62cbe7000,0x00007fe62cce8000)]
  0x00007fe65c347800 JavaThread "Common-Cleaner" daemon [_thread_blocked, id=2832613, stack(0x00007fe62c9e4000,0x00007fe62cae5000)]
  0x00007fe600083800 JavaThread "C2 CompilerThread1" daemon [_thread_blocked, id=2832614, stack(0x00007fe62c8e3000,0x00007fe62c9e4000)]
=>0x00007fe60008e000 JavaThread "C2 CompilerThread2" daemon [_thread_in_native, id=2832615, stack(0x00007fe62c7e2000,0x00007fe62c8e3000)]

Other Threads:
  0x00007fe65c252000 VMThread "VM Thread" [stack: 0x00007fe62d5d8000,0x00007fe62d6d8000] [id=2832603]
  0x00007fe65c33a000 WatcherThread [stack: 0x00007fe62cae7000,0x00007fe62cbe7000] [id=2832612]
  0x00007fe65c02e800 GCTaskThread "GC Thread#0" [stack: 0x00007fe66164f000,0x00007fe66174f000] [id=2832598]
  0x00007fe618001000 GCTaskThread "GC Thread#1" [stack: 0x00007fe62c6e2000,0x00007fe62c7e2000] [id=2832616]
  0x00007fe618002800 GCTaskThread "GC Thread#2" [stack: 0x00007fe62c5e0000,0x00007fe62c6e0000] [id=2832617]
  0x00007fe618004000 GCTaskThread "GC Thread#3" [stack: 0x00007fe62c4de000,0x00007fe62c5de000] [id=2832618]
  0x00007fe618006000 GCTaskThread "GC Thread#4" [stack: 0x00007fe62c3dc000,0x00007fe62c4dc000] [id=2832619]
  0x00007fe618008000 GCTaskThread "GC Thread#5" [stack: 0x00007fe62c2da000,0x00007fe62c3da000] [id=2832620]
  0x00007fe618009800 GCTaskThread "GC Thread#6" [stack: 0x00007fe62c1d8000,0x00007fe62c2d8000] [id=2832621]
  0x00007fe61800b000 GCTaskThread "GC Thread#7" [stack: 0x00007fe62c0d6000,0x00007fe62c1d6000] [id=2832622]
  0x00007fe65c069000 ConcurrentGCThread "G1 Main Marker" [stack: 0x00007fe660c04000,0x00007fe660d04000] [id=2832599]
  0x00007fe65c06a800 ConcurrentGCThread "G1 Conc#0" [stack: 0x00007fe660b02000,0x00007fe660c02000] [id=2832600]
  0x00007fe65c1ec800 ConcurrentGCThread "G1 Refine#0" [stack: 0x00007fe6601f8000,0x00007fe6602f8000] [id=2832601]
  0x00007fe65c1ee000 ConcurrentGCThread "G1 Young RemSet Sampling" [stack: 0x00007fe6600f6000,0x00007fe6601f6000] [id=2832602]

Threads with active compile tasks:
C2 CompilerThread2    208  253 %     4       kotlin.UnsignedKt::ulongCompare @ 411 (12 bytes)

VM state:not at safepoint (normal execution)

VM Mutex/Monitor currently owned by a thread: None

Heap address: 0x000000060c600000, size: 7994 MB, Compressed Oops mode: Zero based, Oop shift amount: 3
Narrow klass base: 0x0000000800000000, Narrow klass shift: 0
Compressed class space size: 1073741824 Address: 0x0000000800000000

Heap:
 garbage-first heap   total 512000K, used 44041K [0x000000060c600000, 0x0000000800000000)
  region size 2048K, 23 young (47104K), 1 survivors (2048K)
 Metaspace       used 5197K, capacity 5296K, committed 5376K, reserved 1056768K
  class space    used 418K, capacity 464K, committed 512K, reserved 1048576K
Heap Regions: E=young(eden), S=young(survivor), O=old, HS=humongous(starts), HC=humongous(continues), CS=collection set, F=free, A=archive, TAMS=top-at-mark-start (previous, next)
|   0|0x000000060c600000, 0x000000060c600000, 0x000000060c800000|  0%| F|  |TAMS 0x000000060c600000, 0x000000060c600000| Untracked 
|   1|0x000000060c800000, 0x000000060c800000, 0x000000060ca00000|  0%| F|  |TAMS 0x000000060c800000, 0x000000060c800000| Untracked 
|   2|0x000000060ca00000, 0x000000060ca00000, 0x000000060cc00000|  0%| F|  |TAMS 0x000000060ca00000, 0x000000060ca00000| Untracked 
|   3|0x000000060cc00000, 0x000000060cc00000, 0x000000060ce00000|  0%| F|  |TAMS 0x000000060cc00000, 0x000000060cc00000| Untracked 
|   4|0x000000060ce00000, 0x000000060ce00000, 0x000000060d000000|  0%| F|  |TAMS 0x000000060ce00000, 0x000000060ce00000| Untracked 
|   5|0x000000060d000000, 0x000000060d000000, 0x000000060d200000|  0%| F|  |TAMS 0x000000060d000000, 0x000000060d000000| Untracked 
|   6|0x000000060d200000, 0x000000060d200000, 0x000000060d400000|  0%| F|  |TAMS 0x000000060d200000, 0x000000060d200000| Untracked 
|   7|0x000000060d400000, 0x000000060d400000, 0x000000060d600000|  0%| F|  |TAMS 0x000000060d400000, 0x000000060d400000| Untracked 
|   8|0x000000060d600000, 0x000000060d600000, 0x000000060d800000|  0%| F|  |TAMS 0x000000060d600000, 0x000000060d600000| Untracked 
|   9|0x000000060d800000, 0x000000060d800000, 0x000000060da00000|  0%| F|  |TAMS 0x000000060d800000, 0x000000060d800000| Untracked 
|  10|0x000000060da00000, 0x000000060da00000, 0x000000060dc00000|  0%| F|  |TAMS 0x000000060da00000, 0x000000060da00000| Untracked 
|  11|0x000000060dc00000, 0x000000060dc00000, 0x000000060de00000|  0%| F|  |TAMS 0x000000060dc00000, 0x000000060dc00000| Untracked 
|  12|0x000000060de00000, 0x000000060de00000, 0x000000060e000000|  0%| F|  |TAMS 0x000000060de00000, 0x000000060de00000| Untracked 
|  13|0x000000060e000000, 0x000000060e000000, 0x000000060e200000|  0%| F|  |TAMS 0x000000060e000000, 0x000000060e000000| Untracked 
|  14|0x000000060e200000, 0x000000060e200000, 0x000000060e400000|  0%| F|  |TAMS 0x000000060e200000, 0x000000060e200000| Untracked 
|  15|0x000000060e400000, 0x000000060e400000, 0x000000060e600000|  0%| F|  |TAMS 0x000000060e400000, 0x000000060e400000| Untracked 
|  16|0x000000060e600000, 0x000000060e600000, 0x000000060e800000|  0%| F|  |TAMS 0x000000060e600000, 0x000000060e600000| Untracked 
|  17|0x000000060e800000, 0x000000060e800000, 0x000000060ea00000|  0%| F|  |TAMS 0x000000060e800000, 0x000000060e800000| Untracked 
|  18|0x000000060ea00000, 0x000000060ea00000, 0x000000060ec00000|  0%| F|  |TAMS 0x000000060ea00000, 0x000000060ea00000| Untracked 
|  19|0x000000060ec00000, 0x000000060ec00000, 0x000000060ee00000|  0%| F|  |TAMS 0x000000060ec00000, 0x000000060ec00000| Untracked 
|  20|0x000000060ee00000, 0x000000060ee00000, 0x000000060f000000|  0%| F|  |TAMS 0x000000060ee00000, 0x000000060ee00000| Untracked 
|  21|0x000000060f000000, 0x000000060f000000, 0x000000060f200000|  0%| F|  |TAMS 0x000000060f000000, 0x000000060f000000| Untracked 
|  22|0x000000060f200000, 0x000000060f200000, 0x000000060f400000|  0%| F|  |TAMS 0x000000060f200000, 0x000000060f200000| Untracked 
|  23|0x000000060f400000, 0x000000060f400000, 0x000000060f600000|  0%| F|  |TAMS 0x000000060f400000, 0x000000060f400000| Untracked 
|  24|0x000000060f600000, 0x000000060f600000, 0x000000060f800000|  0%| F|  |TAMS 0x000000060f600000, 0x000000060f600000| Untracked 
|  25|0x000000060f800000, 0x000000060f800000, 0x000000060fa00000|  0%| F|  |TAMS 0x000000060f800000, 0x000000060f800000| Untracked 
|  26|0x000000060fa00000, 0x000000060fa00000, 0x000000060fc00000|  0%| F|  |TAMS 0x000000060fa00000, 0x000000060fa00000| Untracked 
|  27|0x000000060fc00000, 0x000000060fc00000, 0x000000060fe00000|  0%| F|  |TAMS 0x000000060fc00000, 0x000000060fc00000| Untracked 
|  28|0x000000060fe00000, 0x000000060fe00000, 0x0000000610000000|  0%| F|  |TAMS 0x000000060fe00000, 0x000000060fe00000| Untracked 
|  29|0x0000000610000000, 0x0000000610000000, 0x0000000610200000|  0%| F|  |TAMS 0x0000000610000000, 0x0000000610000000| Untracked 
|  30|0x0000000610200000, 0x0000000610200000, 0x0000000610400000|  0%| F|  |TAMS 0x0000000610200000, 0x0000000610200000| Untracked 
|  31|0x0000000610400000, 0x0000000610400000, 0x0000000610600000|  0%| F|  |TAMS 0x0000000610400000, 0x0000000610400000| Untracked 
|  32|0x0000000610600000, 0x0000000610600000, 0x0000000610800000|  0%| F|  |TAMS 0x0000000610600000, 0x0000000610600000| Untracked 
|  33|0x0000000610800000, 0x0000000610800000, 0x0000000610a00000|  0%| F|  |TAMS 0x0000000610800000, 0x0000000610800000| Untracked 
|  34|0x0000000610a00000, 0x0000000610a00000, 0x0000000610c00000|  0%| F|  |TAMS 0x0000000610a00000, 0x0000000610a00000| Untracked 
|  35|0x0000000610c00000, 0x0000000610c00000, 0x0000000610e00000|  0%| F|  |TAMS 0x0000000610c00000, 0x0000000610c00000| Untracked 
|  36|0x0000000610e00000, 0x0000000610e00000, 0x0000000611000000|  0%| F|  |TAMS 0x0000000610e00000, 0x0000000610e00000| Untracked 
|  37|0x0000000611000000, 0x0000000611000000, 0x0000000611200000|  0%| F|  |TAMS 0x0000000611000000, 0x0000000611000000| Untracked 
|  38|0x0000000611200000, 0x0000000611200000, 0x0000000611400000|  0%| F|  |TAMS 0x0000000611200000, 0x0000000611200000| Untracked 
|  39|0x0000000611400000, 0x0000000611400000, 0x0000000611600000|  0%| F|  |TAMS 0x0000000611400000, 0x0000000611400000| Untracked 
|  40|0x0000000611600000, 0x0000000611600000, 0x0000000611800000|  0%| F|  |TAMS 0x0000000611600000, 0x0000000611600000| Untracked 
|  41|0x0000000611800000, 0x0000000611800000, 0x0000000611a00000|  0%| F|  |TAMS 0x0000000611800000, 0x0000000611800000| Untracked 
|  42|0x0000000611a00000, 0x0000000611a00000, 0x0000000611c00000|  0%| F|  |TAMS 0x0000000611a00000, 0x0000000611a00000| Untracked 
|  43|0x0000000611c00000, 0x0000000611c00000, 0x0000000611e00000|  0%| F|  |TAMS 0x0000000611c00000, 0x0000000611c00000| Untracked 
|  44|0x0000000611e00000, 0x0000000611e00000, 0x0000000612000000|  0%| F|  |TAMS 0x0000000611e00000, 0x0000000611e00000| Untracked 
|  45|0x0000000612000000, 0x0000000612000000, 0x0000000612200000|  0%| F|  |TAMS 0x0000000612000000, 0x0000000612000000| Untracked 
|  46|0x0000000612200000, 0x0000000612200000, 0x0000000612400000|  0%| F|  |TAMS 0x0000000612200000, 0x0000000612200000| Untracked 
|  47|0x0000000612400000, 0x0000000612400000, 0x0000000612600000|  0%| F|  |TAMS 0x0000000612400000, 0x0000000612400000| Untracked 
|  48|0x0000000612600000, 0x0000000612600000, 0x0000000612800000|  0%| F|  |TAMS 0x0000000612600000, 0x0000000612600000| Untracked 
|  49|0x0000000612800000, 0x0000000612800000, 0x0000000612a00000|  0%| F|  |TAMS 0x0000000612800000, 0x0000000612800000| Untracked 
|  50|0x0000000612a00000, 0x0000000612a00000, 0x0000000612c00000|  0%| F|  |TAMS 0x0000000612a00000, 0x0000000612a00000| Untracked 
|  51|0x0000000612c00000, 0x0000000612c00000, 0x0000000612e00000|  0%| F|  |TAMS 0x0000000612c00000, 0x0000000612c00000| Untracked 
|  52|0x0000000612e00000, 0x0000000612e00000, 0x0000000613000000|  0%| F|  |TAMS 0x0000000612e00000, 0x0000000612e00000| Untracked 
|  53|0x0000000613000000, 0x0000000613000000, 0x0000000613200000|  0%| F|  |TAMS 0x0000000613000000, 0x0000000613000000| Untracked 
|  54|0x0000000613200000, 0x0000000613200000, 0x0000000613400000|  0%| F|  |TAMS 0x0000000613200000, 0x0000000613200000| Untracked 
|  55|0x0000000613400000, 0x0000000613400000, 0x0000000613600000|  0%| F|  |TAMS 0x0000000613400000, 0x0000000613400000| Untracked 
|  56|0x0000000613600000, 0x0000000613600000, 0x0000000613800000|  0%| F|  |TAMS 0x0000000613600000, 0x0000000613600000| Untracked 
|  57|0x0000000613800000, 0x0000000613800000, 0x0000000613a00000|  0%| F|  |TAMS 0x0000000613800000, 0x0000000613800000| Untracked 
|  58|0x0000000613a00000, 0x0000000613a00000, 0x0000000613c00000|  0%| F|  |TAMS 0x0000000613a00000, 0x0000000613a00000| Untracked 
|  59|0x0000000613c00000, 0x0000000613c00000, 0x0000000613e00000|  0%| F|  |TAMS 0x0000000613c00000, 0x0000000613c00000| Untracked 
|  60|0x0000000613e00000, 0x0000000613e00000, 0x0000000614000000|  0%| F|  |TAMS 0x0000000613e00000, 0x0000000613e00000| Untracked 
|  61|0x0000000614000000, 0x0000000614000000, 0x0000000614200000|  0%| F|  |TAMS 0x0000000614000000, 0x0000000614000000| Untracked 
|  62|0x0000000614200000, 0x0000000614200000, 0x0000000614400000|  0%| F|  |TAMS 0x0000000614200000, 0x0000000614200000| Untracked 
|  63|0x0000000614400000, 0x0000000614400000, 0x0000000614600000|  0%| F|  |TAMS 0x0000000614400000, 0x0000000614400000| Untracked 
|  64|0x0000000614600000, 0x0000000614600000, 0x0000000614800000|  0%| F|  |TAMS 0x0000000614600000, 0x0000000614600000| Untracked 
|  65|0x0000000614800000, 0x0000000614800000, 0x0000000614a00000|  0%| F|  |TAMS 0x0000000614800000, 0x0000000614800000| Untracked 
|  66|0x0000000614a00000, 0x0000000614a00000, 0x0000000614c00000|  0%| F|  |TAMS 0x0000000614a00000, 0x0000000614a00000| Untracked 
|  67|0x0000000614c00000, 0x0000000614c00000, 0x0000000614e00000|  0%| F|  |TAMS 0x0000000614c00000, 0x0000000614c00000| Untracked 
|  68|0x0000000614e00000, 0x0000000614e00000, 0x0000000615000000|  0%| F|  |TAMS 0x0000000614e00000, 0x0000000614e00000| Untracked 
|  69|0x0000000615000000, 0x0000000615000000, 0x0000000615200000|  0%| F|  |TAMS 0x0000000615000000, 0x0000000615000000| Untracked 
|  70|0x0000000615200000, 0x0000000615200000, 0x0000000615400000|  0%| F|  |TAMS 0x0000000615200000, 0x0000000615200000| Untracked 
|  71|0x0000000615400000, 0x0000000615400000, 0x0000000615600000|  0%| F|  |TAMS 0x0000000615400000, 0x0000000615400000| Untracked 
|  72|0x0000000615600000, 0x0000000615600000, 0x0000000615800000|  0%| F|  |TAMS 0x0000000615600000, 0x0000000615600000| Untracked 
|  73|0x0000000615800000, 0x0000000615800000, 0x0000000615a00000|  0%| F|  |TAMS 0x0000000615800000, 0x0000000615800000| Untracked 
|  74|0x0000000615a00000, 0x0000000615a00000, 0x0000000615c00000|  0%| F|  |TAMS 0x0000000615a00000, 0x0000000615a00000| Untracked 
|  75|0x0000000615c00000, 0x0000000615c00000, 0x0000000615e00000|  0%| F|  |TAMS 0x0000000615c00000, 0x0000000615c00000| Untracked 
|  76|0x0000000615e00000, 0x0000000615e00000, 0x0000000616000000|  0%| F|  |TAMS 0x0000000615e00000, 0x0000000615e00000| Untracked 
|  77|0x0000000616000000, 0x0000000616000000, 0x0000000616200000|  0%| F|  |TAMS 0x0000000616000000, 0x0000000616000000| Untracked 
|  78|0x0000000616200000, 0x0000000616200000, 0x0000000616400000|  0%| F|  |TAMS 0x0000000616200000, 0x0000000616200000| Untracked 
|  79|0x0000000616400000, 0x0000000616400000, 0x0000000616600000|  0%| F|  |TAMS 0x0000000616400000, 0x0000000616400000| Untracked 
|  80|0x0000000616600000, 0x0000000616600000, 0x0000000616800000|  0%| F|  |TAMS 0x0000000616600000, 0x0000000616600000| Untracked 
|  81|0x0000000616800000, 0x0000000616800000, 0x0000000616a00000|  0%| F|  |TAMS 0x0000000616800000, 0x0000000616800000| Untracked 
|  82|0x0000000616a00000, 0x0000000616a00000, 0x0000000616c00000|  0%| F|  |TAMS 0x0000000616a00000, 0x0000000616a00000| Untracked 
|  83|0x0000000616c00000, 0x0000000616c00000, 0x0000000616e00000|  0%| F|  |TAMS 0x0000000616c00000, 0x0000000616c00000| Untracked 
|  84|0x0000000616e00000, 0x0000000616e00000, 0x0000000617000000|  0%| F|  |TAMS 0x0000000616e00000, 0x0000000616e00000| Untracked 
|  85|0x0000000617000000, 0x0000000617000000, 0x0000000617200000|  0%| F|  |TAMS 0x0000000617000000, 0x0000000617000000| Untracked 
|  86|0x0000000617200000, 0x0000000617200000, 0x0000000617400000|  0%| F|  |TAMS 0x0000000617200000, 0x0000000617200000| Untracked 
|  87|0x0000000617400000, 0x0000000617400000, 0x0000000617600000|  0%| F|  |TAMS 0x0000000617400000, 0x0000000617400000| Untracked 
|  88|0x0000000617600000, 0x0000000617600000, 0x0000000617800000|  0%| F|  |TAMS 0x0000000617600000, 0x0000000617600000| Untracked 
|  89|0x0000000617800000, 0x0000000617800000, 0x0000000617a00000|  0%| F|  |TAMS 0x0000000617800000, 0x0000000617800000| Untracked 
|  90|0x0000000617a00000, 0x0000000617a00000, 0x0000000617c00000|  0%| F|  |TAMS 0x0000000617a00000, 0x0000000617a00000| Untracked 
|  91|0x0000000617c00000, 0x0000000617c00000, 0x0000000617e00000|  0%| F|  |TAMS 0x0000000617c00000, 0x0000000617c00000| Untracked 
|  92|0x0000000617e00000, 0x0000000617e00000, 0x0000000618000000|  0%| F|  |TAMS 0x0000000617e00000, 0x0000000617e00000| Untracked 
|  93|0x0000000618000000, 0x0000000618000000, 0x0000000618200000|  0%| F|  |TAMS 0x0000000618000000, 0x0000000618000000| Untracked 
|  94|0x0000000618200000, 0x0000000618200000, 0x0000000618400000|  0%| F|  |TAMS 0x0000000618200000, 0x0000000618200000| Untracked 
|  95|0x0000000618400000, 0x0000000618400000, 0x0000000618600000|  0%| F|  |TAMS 0x0000000618400000, 0x0000000618400000| Untracked 
|  96|0x0000000618600000, 0x0000000618600000, 0x0000000618800000|  0%| F|  |TAMS 0x0000000618600000, 0x0000000618600000| Untracked 
|  97|0x0000000618800000, 0x0000000618800000, 0x0000000618a00000|  0%| F|  |TAMS 0x0000000618800000, 0x0000000618800000| Untracked 
|  98|0x0000000618a00000, 0x0000000618a00000, 0x0000000618c00000|  0%| F|  |TAMS 0x0000000618a00000, 0x0000000618a00000| Untracked 
|  99|0x0000000618c00000, 0x0000000618c00000, 0x0000000618e00000|  0%| F|  |TAMS 0x0000000618c00000, 0x0000000618c00000| Untracked 
| 100|0x0000000618e00000, 0x0000000618e00000, 0x0000000619000000|  0%| F|  |TAMS 0x0000000618e00000, 0x0000000618e00000| Untracked 
| 101|0x0000000619000000, 0x0000000619000000, 0x0000000619200000|  0%| F|  |TAMS 0x0000000619000000, 0x0000000619000000| Untracked 
| 102|0x0000000619200000, 0x0000000619200000, 0x0000000619400000|  0%| F|  |TAMS 0x0000000619200000, 0x0000000619200000| Untracked 
| 103|0x0000000619400000, 0x0000000619400000, 0x0000000619600000|  0%| F|  |TAMS 0x0000000619400000, 0x0000000619400000| Untracked 
| 104|0x0000000619600000, 0x0000000619600000, 0x0000000619800000|  0%| F|  |TAMS 0x0000000619600000, 0x0000000619600000| Untracked 
| 105|0x0000000619800000, 0x0000000619800000, 0x0000000619a00000|  0%| F|  |TAMS 0x0000000619800000, 0x0000000619800000| Untracked 
| 106|0x0000000619a00000, 0x0000000619a00000, 0x0000000619c00000|  0%| F|  |TAMS 0x0000000619a00000, 0x0000000619a00000| Untracked 
| 107|0x0000000619c00000, 0x0000000619c00000, 0x0000000619e00000|  0%| F|  |TAMS 0x0000000619c00000, 0x0000000619c00000| Untracked 
| 108|0x0000000619e00000, 0x0000000619e00000, 0x000000061a000000|  0%| F|  |TAMS 0x0000000619e00000, 0x0000000619e00000| Untracked 
| 109|0x000000061a000000, 0x000000061a000000, 0x000000061a200000|  0%| F|  |TAMS 0x000000061a000000, 0x000000061a000000| Untracked 
| 110|0x000000061a200000, 0x000000061a200000, 0x000000061a400000|  0%| F|  |TAMS 0x000000061a200000, 0x000000061a200000| Untracked 
| 111|0x000000061a400000, 0x000000061a400000, 0x000000061a600000|  0%| F|  |TAMS 0x000000061a400000, 0x000000061a400000| Untracked 
| 112|0x000000061a600000, 0x000000061a600000, 0x000000061a800000|  0%| F|  |TAMS 0x000000061a600000, 0x000000061a600000| Untracked 
| 113|0x000000061a800000, 0x000000061a800000, 0x000000061aa00000|  0%| F|  |TAMS 0x000000061a800000, 0x000000061a800000| Untracked 
| 114|0x000000061aa00000, 0x000000061aa00000, 0x000000061ac00000|  0%| F|  |TAMS 0x000000061aa00000, 0x000000061aa00000| Untracked 
| 115|0x000000061ac00000, 0x000000061ac00000, 0x000000061ae00000|  0%| F|  |TAMS 0x000000061ac00000, 0x000000061ac00000| Untracked 
| 116|0x000000061ae00000, 0x000000061ae00000, 0x000000061b000000|  0%| F|  |TAMS 0x000000061ae00000, 0x000000061ae00000| Untracked 
| 117|0x000000061b000000, 0x000000061b000000, 0x000000061b200000|  0%| F|  |TAMS 0x000000061b000000, 0x000000061b000000| Untracked 
| 118|0x000000061b200000, 0x000000061b200000, 0x000000061b400000|  0%| F|  |TAMS 0x000000061b200000, 0x000000061b200000| Untracked 
| 119|0x000000061b400000, 0x000000061b400000, 0x000000061b600000|  0%| F|  |TAMS 0x000000061b400000, 0x000000061b400000| Untracked 
| 120|0x000000061b600000, 0x000000061b600000, 0x000000061b800000|  0%| F|  |TAMS 0x000000061b600000, 0x000000061b600000| Untracked 
| 121|0x000000061b800000, 0x000000061b800000, 0x000000061ba00000|  0%| F|  |TAMS 0x000000061b800000, 0x000000061b800000| Untracked 
| 122|0x000000061ba00000, 0x000000061ba00000, 0x000000061bc00000|  0%| F|  |TAMS 0x000000061ba00000, 0x000000061ba00000| Untracked 
| 123|0x000000061bc00000, 0x000000061bc00000, 0x000000061be00000|  0%| F|  |TAMS 0x000000061bc00000, 0x000000061bc00000| Untracked 
| 124|0x000000061be00000, 0x000000061be00000, 0x000000061c000000|  0%| F|  |TAMS 0x000000061be00000, 0x000000061be00000| Untracked 
| 125|0x000000061c000000, 0x000000061c000000, 0x000000061c200000|  0%| F|  |TAMS 0x000000061c000000, 0x000000061c000000| Untracked 
| 126|0x000000061c200000, 0x000000061c200000, 0x000000061c400000|  0%| F|  |TAMS 0x000000061c200000, 0x000000061c200000| Untracked 
| 127|0x000000061c400000, 0x000000061c400000, 0x000000061c600000|  0%| F|  |TAMS 0x000000061c400000, 0x000000061c400000| Untracked 
| 128|0x000000061c600000, 0x000000061c600000, 0x000000061c800000|  0%| F|  |TAMS 0x000000061c600000, 0x000000061c600000| Untracked 
| 129|0x000000061c800000, 0x000000061c800000, 0x000000061ca00000|  0%| F|  |TAMS 0x000000061c800000, 0x000000061c800000| Untracked 
| 130|0x000000061ca00000, 0x000000061ca00000, 0x000000061cc00000|  0%| F|  |TAMS 0x000000061ca00000, 0x000000061ca00000| Untracked 
| 131|0x000000061cc00000, 0x000000061cc00000, 0x000000061ce00000|  0%| F|  |TAMS 0x000000061cc00000, 0x000000061cc00000| Untracked 
| 132|0x000000061ce00000, 0x000000061ce00000, 0x000000061d000000|  0%| F|  |TAMS 0x000000061ce00000, 0x000000061ce00000| Untracked 
| 133|0x000000061d000000, 0x000000061d000000, 0x000000061d200000|  0%| F|  |TAMS 0x000000061d000000, 0x000000061d000000| Untracked 
| 134|0x000000061d200000, 0x000000061d200000, 0x000000061d400000|  0%| F|  |TAMS 0x000000061d200000, 0x000000061d200000| Untracked 
| 135|0x000000061d400000, 0x000000061d400000, 0x000000061d600000|  0%| F|  |TAMS 0x000000061d400000, 0x000000061d400000| Untracked 
| 136|0x000000061d600000, 0x000000061d600000, 0x000000061d800000|  0%| F|  |TAMS 0x000000061d600000, 0x000000061d600000| Untracked 
| 137|0x000000061d800000, 0x000000061d800000, 0x000000061da00000|  0%| F|  |TAMS 0x000000061d800000, 0x000000061d800000| Untracked 
| 138|0x000000061da00000, 0x000000061da00000, 0x000000061dc00000|  0%| F|  |TAMS 0x000000061da00000, 0x000000061da00000| Untracked 
| 139|0x000000061dc00000, 0x000000061dc00000, 0x000000061de00000|  0%| F|  |TAMS 0x000000061dc00000, 0x000000061dc00000| Untracked 
| 140|0x000000061de00000, 0x000000061de00000, 0x000000061e000000|  0%| F|  |TAMS 0x000000061de00000, 0x000000061de00000| Untracked 
| 141|0x000000061e000000, 0x000000061e000000, 0x000000061e200000|  0%| F|  |TAMS 0x000000061e000000, 0x000000061e000000| Untracked 
| 142|0x000000061e200000, 0x000000061e200000, 0x000000061e400000|  0%| F|  |TAMS 0x000000061e200000, 0x000000061e200000| Untracked 
| 143|0x000000061e400000, 0x000000061e400000, 0x000000061e600000|  0%| F|  |TAMS 0x000000061e400000, 0x000000061e400000| Untracked 
| 144|0x000000061e600000, 0x000000061e600000, 0x000000061e800000|  0%| F|  |TAMS 0x000000061e600000, 0x000000061e600000| Untracked 
| 145|0x000000061e800000, 0x000000061e800000, 0x000000061ea00000|  0%| F|  |TAMS 0x000000061e800000, 0x000000061e800000| Untracked 
| 146|0x000000061ea00000, 0x000000061ea00000, 0x000000061ec00000|  0%| F|  |TAMS 0x000000061ea00000, 0x000000061ea00000| Untracked 
| 147|0x000000061ec00000, 0x000000061ec00000, 0x000000061ee00000|  0%| F|  |TAMS 0x000000061ec00000, 0x000000061ec00000| Untracked 
| 148|0x000000061ee00000, 0x000000061ee00000, 0x000000061f000000|  0%| F|  |TAMS 0x000000061ee00000, 0x000000061ee00000| Untracked 
| 149|0x000000061f000000, 0x000000061f000000, 0x000000061f200000|  0%| F|  |TAMS 0x000000061f000000, 0x000000061f000000| Untracked 
| 150|0x000000061f200000, 0x000000061f200000, 0x000000061f400000|  0%| F|  |TAMS 0x000000061f200000, 0x000000061f200000| Untracked 
| 151|0x000000061f400000, 0x000000061f400000, 0x000000061f600000|  0%| F|  |TAMS 0x000000061f400000, 0x000000061f400000| Untracked 
| 152|0x000000061f600000, 0x000000061f600000, 0x000000061f800000|  0%| F|  |TAMS 0x000000061f600000, 0x000000061f600000| Untracked 
| 153|0x000000061f800000, 0x000000061f800000, 0x000000061fa00000|  0%| F|  |TAMS 0x000000061f800000, 0x000000061f800000| Untracked 
| 154|0x000000061fa00000, 0x000000061fa00000, 0x000000061fc00000|  0%| F|  |TAMS 0x000000061fa00000, 0x000000061fa00000| Untracked 
| 155|0x000000061fc00000, 0x000000061fc00000, 0x000000061fe00000|  0%| F|  |TAMS 0x000000061fc00000, 0x000000061fc00000| Untracked 
| 156|0x000000061fe00000, 0x000000061fe00000, 0x0000000620000000|  0%| F|  |TAMS 0x000000061fe00000, 0x000000061fe00000| Untracked 
| 157|0x0000000620000000, 0x0000000620000000, 0x0000000620200000|  0%| F|  |TAMS 0x0000000620000000, 0x0000000620000000| Untracked 
| 158|0x0000000620200000, 0x0000000620200000, 0x0000000620400000|  0%| F|  |TAMS 0x0000000620200000, 0x0000000620200000| Untracked 
| 159|0x0000000620400000, 0x0000000620400000, 0x0000000620600000|  0%| F|  |TAMS 0x0000000620400000, 0x0000000620400000| Untracked 
| 160|0x0000000620600000, 0x0000000620600000, 0x0000000620800000|  0%| F|  |TAMS 0x0000000620600000, 0x0000000620600000| Untracked 
| 161|0x0000000620800000, 0x0000000620800000, 0x0000000620a00000|  0%| F|  |TAMS 0x0000000620800000, 0x0000000620800000| Untracked 
| 162|0x0000000620a00000, 0x0000000620a00000, 0x0000000620c00000|  0%| F|  |TAMS 0x0000000620a00000, 0x0000000620a00000| Untracked 
| 163|0x0000000620c00000, 0x0000000620c00000, 0x0000000620e00000|  0%| F|  |TAMS 0x0000000620c00000, 0x0000000620c00000| Untracked 
| 164|0x0000000620e00000, 0x0000000620e00000, 0x0000000621000000|  0%| F|  |TAMS 0x0000000620e00000, 0x0000000620e00000| Untracked 
| 165|0x0000000621000000, 0x0000000621000000, 0x0000000621200000|  0%| F|  |TAMS 0x0000000621000000, 0x0000000621000000| Untracked 
| 166|0x0000000621200000, 0x0000000621200000, 0x0000000621400000|  0%| F|  |TAMS 0x0000000621200000, 0x0000000621200000| Untracked 
| 167|0x0000000621400000, 0x0000000621400000, 0x0000000621600000|  0%| F|  |TAMS 0x0000000621400000, 0x0000000621400000| Untracked 
| 168|0x0000000621600000, 0x0000000621600000, 0x0000000621800000|  0%| F|  |TAMS 0x0000000621600000, 0x0000000621600000| Untracked 
| 169|0x0000000621800000, 0x0000000621800000, 0x0000000621a00000|  0%| F|  |TAMS 0x0000000621800000, 0x0000000621800000| Untracked 
| 170|0x0000000621a00000, 0x0000000621a00000, 0x0000000621c00000|  0%| F|  |TAMS 0x0000000621a00000, 0x0000000621a00000| Untracked 
| 171|0x0000000621c00000, 0x0000000621c00000, 0x0000000621e00000|  0%| F|  |TAMS 0x0000000621c00000, 0x0000000621c00000| Untracked 
| 172|0x0000000621e00000, 0x0000000621e00000, 0x0000000622000000|  0%| F|  |TAMS 0x0000000621e00000, 0x0000000621e00000| Untracked 
| 173|0x0000000622000000, 0x0000000622000000, 0x0000000622200000|  0%| F|  |TAMS 0x0000000622000000, 0x0000000622000000| Untracked 
| 174|0x0000000622200000, 0x0000000622200000, 0x0000000622400000|  0%| F|  |TAMS 0x0000000622200000, 0x0000000622200000| Untracked 
| 175|0x0000000622400000, 0x0000000622400000, 0x0000000622600000|  0%| F|  |TAMS 0x0000000622400000, 0x0000000622400000| Untracked 
| 176|0x0000000622600000, 0x0000000622600000, 0x0000000622800000|  0%| F|  |TAMS 0x0000000622600000, 0x0000000622600000| Untracked 
| 177|0x0000000622800000, 0x0000000622800000, 0x0000000622a00000|  0%| F|  |TAMS 0x0000000622800000, 0x0000000622800000| Untracked 
| 178|0x0000000622a00000, 0x0000000622a00000, 0x0000000622c00000|  0%| F|  |TAMS 0x0000000622a00000, 0x0000000622a00000| Untracked 
| 179|0x0000000622c00000, 0x0000000622c00000, 0x0000000622e00000|  0%| F|  |TAMS 0x0000000622c00000, 0x0000000622c00000| Untracked 
| 180|0x0000000622e00000, 0x0000000622e00000, 0x0000000623000000|  0%| F|  |TAMS 0x0000000622e00000, 0x0000000622e00000| Untracked 
| 181|0x0000000623000000, 0x0000000623000000, 0x0000000623200000|  0%| F|  |TAMS 0x0000000623000000, 0x0000000623000000| Untracked 
| 182|0x0000000623200000, 0x0000000623200000, 0x0000000623400000|  0%| F|  |TAMS 0x0000000623200000, 0x0000000623200000| Untracked 
| 183|0x0000000623400000, 0x0000000623400000, 0x0000000623600000|  0%| F|  |TAMS 0x0000000623400000, 0x0000000623400000| Untracked 
| 184|0x0000000623600000, 0x0000000623600000, 0x0000000623800000|  0%| F|  |TAMS 0x0000000623600000, 0x0000000623600000| Untracked 
| 185|0x0000000623800000, 0x0000000623800000, 0x0000000623a00000|  0%| F|  |TAMS 0x0000000623800000, 0x0000000623800000| Untracked 
| 186|0x0000000623a00000, 0x0000000623a00000, 0x0000000623c00000|  0%| F|  |TAMS 0x0000000623a00000, 0x0000000623a00000| Untracked 
| 187|0x0000000623c00000, 0x0000000623c00000, 0x0000000623e00000|  0%| F|  |TAMS 0x0000000623c00000, 0x0000000623c00000| Untracked 
| 188|0x0000000623e00000, 0x0000000623e00000, 0x0000000624000000|  0%| F|  |TAMS 0x0000000623e00000, 0x0000000623e00000| Untracked 
| 189|0x0000000624000000, 0x0000000624000000, 0x0000000624200000|  0%| F|  |TAMS 0x0000000624000000, 0x0000000624000000| Untracked 
| 190|0x0000000624200000, 0x0000000624200000, 0x0000000624400000|  0%| F|  |TAMS 0x0000000624200000, 0x0000000624200000| Untracked 
| 191|0x0000000624400000, 0x0000000624400000, 0x0000000624600000|  0%| F|  |TAMS 0x0000000624400000, 0x0000000624400000| Untracked 
| 192|0x0000000624600000, 0x0000000624600000, 0x0000000624800000|  0%| F|  |TAMS 0x0000000624600000, 0x0000000624600000| Untracked 
| 193|0x0000000624800000, 0x0000000624800000, 0x0000000624a00000|  0%| F|  |TAMS 0x0000000624800000, 0x0000000624800000| Untracked 
| 194|0x0000000624a00000, 0x0000000624a00000, 0x0000000624c00000|  0%| F|  |TAMS 0x0000000624a00000, 0x0000000624a00000| Untracked 
| 195|0x0000000624c00000, 0x0000000624c00000, 0x0000000624e00000|  0%| F|  |TAMS 0x0000000624c00000, 0x0000000624c00000| Untracked 
| 196|0x0000000624e00000, 0x0000000624e00000, 0x0000000625000000|  0%| F|  |TAMS 0x0000000624e00000, 0x0000000624e00000| Untracked 
| 197|0x0000000625000000, 0x0000000625000000, 0x0000000625200000|  0%| F|  |TAMS 0x0000000625000000, 0x0000000625000000| Untracked 
| 198|0x0000000625200000, 0x0000000625200000, 0x0000000625400000|  0%| F|  |TAMS 0x0000000625200000, 0x0000000625200000| Untracked 
| 199|0x0000000625400000, 0x0000000625400000, 0x0000000625600000|  0%| F|  |TAMS 0x0000000625400000, 0x0000000625400000| Untracked 
| 200|0x0000000625600000, 0x0000000625600000, 0x0000000625800000|  0%| F|  |TAMS 0x0000000625600000, 0x0000000625600000| Untracked 
| 201|0x0000000625800000, 0x0000000625800000, 0x0000000625a00000|  0%| F|  |TAMS 0x0000000625800000, 0x0000000625800000| Untracked 
| 202|0x0000000625a00000, 0x0000000625a00000, 0x0000000625c00000|  0%| F|  |TAMS 0x0000000625a00000, 0x0000000625a00000| Untracked 
| 203|0x0000000625c00000, 0x0000000625c00000, 0x0000000625e00000|  0%| F|  |TAMS 0x0000000625c00000, 0x0000000625c00000| Untracked 
| 204|0x0000000625e00000, 0x0000000625e00000, 0x0000000626000000|  0%| F|  |TAMS 0x0000000625e00000, 0x0000000625e00000| Untracked 
| 205|0x0000000626000000, 0x0000000626000000, 0x0000000626200000|  0%| F|  |TAMS 0x0000000626000000, 0x0000000626000000| Untracked 
| 206|0x0000000626200000, 0x0000000626200000, 0x0000000626400000|  0%| F|  |TAMS 0x0000000626200000, 0x0000000626200000| Untracked 
| 207|0x0000000626400000, 0x0000000626400000, 0x0000000626600000|  0%| F|  |TAMS 0x0000000626400000, 0x0000000626400000| Untracked 
| 208|0x0000000626600000, 0x0000000626600000, 0x0000000626800000|  0%| F|  |TAMS 0x0000000626600000, 0x0000000626600000| Untracked 
| 209|0x0000000626800000, 0x0000000626800000, 0x0000000626a00000|  0%| F|  |TAMS 0x0000000626800000, 0x0000000626800000| Untracked 
| 210|0x0000000626a00000, 0x0000000626a00000, 0x0000000626c00000|  0%| F|  |TAMS 0x0000000626a00000, 0x0000000626a00000| Untracked 
| 211|0x0000000626c00000, 0x0000000626c00000, 0x0000000626e00000|  0%| F|  |TAMS 0x0000000626c00000, 0x0000000626c00000| Untracked 
| 212|0x0000000626e00000, 0x0000000626e00000, 0x0000000627000000|  0%| F|  |TAMS 0x0000000626e00000, 0x0000000626e00000| Untracked 
| 213|0x0000000627000000, 0x0000000627000000, 0x0000000627200000|  0%| F|  |TAMS 0x0000000627000000, 0x0000000627000000| Untracked 
| 214|0x0000000627200000, 0x0000000627200000, 0x0000000627400000|  0%| F|  |TAMS 0x0000000627200000, 0x0000000627200000| Untracked 
| 215|0x0000000627400000, 0x0000000627400000, 0x0000000627600000|  0%| F|  |TAMS 0x0000000627400000, 0x0000000627400000| Untracked 
| 216|0x0000000627600000, 0x0000000627600000, 0x0000000627800000|  0%| F|  |TAMS 0x0000000627600000, 0x0000000627600000| Untracked 
| 217|0x0000000627800000, 0x0000000627800000, 0x0000000627a00000|  0%| F|  |TAMS 0x0000000627800000, 0x0000000627800000| Untracked 
| 218|0x0000000627a00000, 0x0000000627a00000, 0x0000000627c00000|  0%| F|  |TAMS 0x0000000627a00000, 0x0000000627a00000| Untracked 
| 219|0x0000000627c00000, 0x0000000627c00000, 0x0000000627e00000|  0%| F|  |TAMS 0x0000000627c00000, 0x0000000627c00000| Untracked 
| 220|0x0000000627e00000, 0x0000000627e00000, 0x0000000628000000|  0%| F|  |TAMS 0x0000000627e00000, 0x0000000627e00000| Untracked 
| 221|0x0000000628000000, 0x0000000628000000, 0x0000000628200000|  0%| F|  |TAMS 0x0000000628000000, 0x0000000628000000| Untracked 
| 222|0x0000000628200000, 0x0000000628200000, 0x0000000628400000|  0%| F|  |TAMS 0x0000000628200000, 0x0000000628200000| Untracked 
| 223|0x0000000628400000, 0x0000000628400000, 0x0000000628600000|  0%| F|  |TAMS 0x0000000628400000, 0x0000000628400000| Untracked 
| 224|0x0000000628600000, 0x0000000628600000, 0x0000000628800000|  0%| F|  |TAMS 0x0000000628600000, 0x0000000628600000| Untracked 
| 225|0x0000000628800000, 0x0000000628800000, 0x0000000628a00000|  0%| F|  |TAMS 0x0000000628800000, 0x0000000628800000| Untracked 
| 226|0x0000000628a00000, 0x0000000628b00800, 0x0000000628c00000| 50%| E|  |TAMS 0x0000000628a00000, 0x0000000628a00000| Complete 
| 227|0x0000000628c00000, 0x0000000628e00000, 0x0000000628e00000|100%| E|CS|TAMS 0x0000000628c00000, 0x0000000628c00000| Complete 
| 228|0x0000000628e00000, 0x0000000629000000, 0x0000000629000000|100%| E|CS|TAMS 0x0000000628e00000, 0x0000000628e00000| Complete 
| 229|0x0000000629000000, 0x0000000629200000, 0x0000000629200000|100%| E|CS|TAMS 0x0000000629000000, 0x0000000629000000| Complete 
| 230|0x0000000629200000, 0x0000000629400000, 0x0000000629400000|100%| E|CS|TAMS 0x0000000629200000, 0x0000000629200000| Complete 
| 231|0x0000000629400000, 0x0000000629600000, 0x0000000629600000|100%| E|CS|TAMS 0x0000000629400000, 0x0000000629400000| Complete 
| 232|0x0000000629600000, 0x0000000629800000, 0x0000000629800000|100%| E|CS|TAMS 0x0000000629600000, 0x0000000629600000| Complete 
| 233|0x0000000629800000, 0x0000000629a00000, 0x0000000629a00000|100%| E|CS|TAMS 0x0000000629800000, 0x0000000629800000| Complete 
| 234|0x0000000629a00000, 0x0000000629c00000, 0x0000000629c00000|100%| E|CS|TAMS 0x0000000629a00000, 0x0000000629a00000| Complete 
| 235|0x0000000629c00000, 0x0000000629e00000, 0x0000000629e00000|100%| E|CS|TAMS 0x0000000629c00000, 0x0000000629c00000| Complete 
| 236|0x0000000629e00000, 0x000000062a000000, 0x000000062a000000|100%| E|CS|TAMS 0x0000000629e00000, 0x0000000629e00000| Complete 
| 237|0x000000062a000000, 0x000000062a1024d0, 0x000000062a200000| 50%| S|CS|TAMS 0x000000062a000000, 0x000000062a000000| Complete 
| 238|0x000000062a200000, 0x000000062a400000, 0x000000062a400000|100%| E|CS|TAMS 0x000000062a200000, 0x000000062a200000| Complete 
| 239|0x000000062a400000, 0x000000062a600000, 0x000000062a600000|100%| E|CS|TAMS 0x000000062a400000, 0x000000062a400000| Complete 
| 240|0x000000062a600000, 0x000000062a800000, 0x000000062a800000|100%| E|CS|TAMS 0x000000062a600000, 0x000000062a600000| Complete 
| 241|0x000000062a800000, 0x000000062aa00000, 0x000000062aa00000|100%| E|CS|TAMS 0x000000062a800000, 0x000000062a800000| Complete 
| 242|0x000000062aa00000, 0x000000062ac00000, 0x000000062ac00000|100%| E|CS|TAMS 0x000000062aa00000, 0x000000062aa00000| Complete 
| 243|0x000000062ac00000, 0x000000062ae00000, 0x000000062ae00000|100%| E|CS|TAMS 0x000000062ac00000, 0x000000062ac00000| Complete 
| 244|0x000000062ae00000, 0x000000062b000000, 0x000000062b000000|100%| E|CS|TAMS 0x000000062ae00000, 0x000000062ae00000| Complete 
| 245|0x000000062b000000, 0x000000062b200000, 0x000000062b200000|100%| E|CS|TAMS 0x000000062b000000, 0x000000062b000000| Complete 
| 246|0x000000062b200000, 0x000000062b400000, 0x000000062b400000|100%| E|CS|TAMS 0x000000062b200000, 0x000000062b200000| Complete 
| 247|0x000000062b400000, 0x000000062b600000, 0x000000062b600000|100%| E|CS|TAMS 0x000000062b400000, 0x000000062b400000| Complete 
| 248|0x000000062b600000, 0x000000062b800000, 0x000000062b800000|100%| E|CS|TAMS 0x000000062b600000, 0x000000062b600000| Complete 
| 249|0x000000062b800000, 0x000000062ba00000, 0x000000062ba00000|100%| E|CS|TAMS 0x000000062b800000, 0x000000062b800000| Complete 

Card table byte_map: [0x00007fe63e0c6000,0x00007fe63f063000] _byte_map_base: 0x00007fe63b063000

Marking Bits (Prev, Next): (CMBitMap*) 0x00007fe65c0583e8, (CMBitMap*) 0x00007fe65c058420
 Prev Bits: [0x00007fe635441000, 0x00007fe63d129000)
 Next Bits: [0x00007fe62d759000, 0x00007fe635441000)

Polling page: 0x00007fe663221000

Metaspace:

Usage:
  Non-class:      4.72 MB capacity,     4.67 MB ( 99%) used,    51.04 KB (  1%) free+waste,     1.25 KB ( <1%) overhead. 
      Class:    464.00 KB capacity,   418.24 KB ( 90%) used,    45.07 KB ( 10%) free+waste,   704 bytes ( <1%) overhead. 
       Both:      5.17 MB capacity,     5.08 MB ( 98%) used,    96.11 KB (  2%) free+waste,     1.94 KB ( <1%) overhead. 

Virtual space:
  Non-class space:        8.00 MB reserved,       4.75 MB ( 59%) committed 
      Class space:        1.00 GB reserved,     512.00 KB ( <1%) committed 
             Both:        1.01 GB reserved,       5.25 MB ( <1%) committed 

Chunk freelists:
   Non-Class:  20.00 KB
       Class:  16.00 KB
        Both:  36.00 KB

MaxMetaspaceSize: unlimited
CompressedClassSpaceSize: 1.00 GB
Initial GC threshold: 20.80 MB
Current GC threshold: 20.80 MB
CDS: off

CodeHeap 'non-profiled nmethods': size=120032Kb used=168Kb max_used=168Kb free=119863Kb
 bounds [0x00007fe64c31b000, 0x00007fe64c58b000, 0x00007fe653853000]
CodeHeap 'profiled nmethods': size=120028Kb used=349Kb max_used=349Kb free=119678Kb
 bounds [0x00007fe644de4000, 0x00007fe645054000, 0x00007fe64c31b000]
CodeHeap 'non-nmethods': size=5700Kb used=1060Kb max_used=1098Kb free=4639Kb
 bounds [0x00007fe644853000, 0x00007fe644ac3000, 0x00007fe644de4000]
 total_blobs=546 nmethods=252 adapters=208
 compilation: enabled
              stopped_count=0, restarted_count=0
 full_count=0

Compilation events (20 events):
Event: 0.158 Thread 0x00007fe60008e000 nmethod 217 0x00007fe64c33a190 code [0x00007fe64c33a380, 0x00007fe64c33b078]
Event: 0.158 Thread 0x00007fe60008e000  239       4       coverage.MyMethodBasedCoverage::putEntry (86 bytes)
Event: 0.159 Thread 0x00007fe600083800 nmethod 224 0x00007fe64c33ba90 code [0x00007fe64c33bc80, 0x00007fe64c33c838]
Event: 0.159 Thread 0x00007fe600083800  240       4       java.util.LinkedHashMap::afterNodeAccess (116 bytes)
Event: 0.160 Thread 0x00007fe65c277000 nmethod 220 0x00007fe64c33d290 code [0x00007fe64c33d480, 0x00007fe64c33e118]
Event: 0.160 Thread 0x00007fe600083800 nmethod 240 0x00007fe64c33eb10 code [0x00007fe64c33eca0, 0x00007fe64c33ed18]
Event: 0.160 Thread 0x00007fe65c277000  236       4       kotlin.text.StringsKt__StringsKt::split (176 bytes)
Event: 0.160 Thread 0x00007fe600083800  237       4       kotlin.text.StringsKt__StringsKt::split$StringsKt__StringsKt (246 bytes)
Event: 0.161 Thread 0x00007fe60008e000 nmethod 239 0x00007fe64c33ee10 code [0x00007fe64c33f000, 0x00007fe64c33f250]
Event: 0.161 Thread 0x00007fe60008e000  238       4       coverage.CoverageEntry::<init> (51 bytes)
Event: 0.163 Thread 0x00007fe60008e000 nmethod 238 0x00007fe64c33f590 code [0x00007fe64c33f720, 0x00007fe64c33fb98]
Event: 0.163 Thread 0x00007fe60008e000  241       4       kotlin.jvm.internal.Intrinsics::checkNotNullExpressionValue (38 bytes)
Event: 0.163 Thread 0x00007fe60008e000 nmethod 241 0x00007fe64c33fd10 code [0x00007fe64c33fea0, 0x00007fe64c33fef8]
Event: 0.179 Thread 0x00007fe600083800 nmethod 237 0x00007fe64c340010 code [0x00007fe64c340260, 0x00007fe64c341b18]
Event: 0.179 Thread 0x00007fe65c277000 nmethod 236 0x00007fe64c342990 code [0x00007fe64c342be0, 0x00007fe64c3444d8]
Event: 0.186 Thread 0x00007fe65c279000  251 %     3       Tmp0Kt::testEmptyULongLoop2 @ 141 (443 bytes)
Event: 0.187 Thread 0x00007fe65c279000 nmethod 251% 0x00007fe644e37290 code [0x00007fe644e37660, 0x00007fe644e389f0]
Event: 0.187 Thread 0x00007fe65c279000  252       3       Tmp0Kt::testEmptyULongLoop2 (443 bytes)
Event: 0.187 Thread 0x00007fe65c279000 nmethod 252 0x00007fe644e39410 code [0x00007fe644e397e0, 0x00007fe644e3aaf0]
Event: 0.190 Thread 0x00007fe60008e000  253 %     4       kotlin.UnsignedKt::ulongCompare @ 411 (12 bytes)

GC Heap History (2 events):
Event: 0.158 GC heap before
{Heap before GC invocations=0 (full 0):
 garbage-first heap   total 512000K, used 22528K [0x000000060c600000, 0x0000000800000000)
  region size 2048K, 12 young (24576K), 0 survivors (0K)
 Metaspace       used 5195K, capacity 5296K, committed 5376K, reserved 1056768K
  class space    used 418K, capacity 464K, committed 512K, reserved 1048576K
}
Event: 0.159 GC heap after
{Heap after GC invocations=1 (full 0):
 garbage-first heap   total 512000K, used 1033K [0x000000060c600000, 0x0000000800000000)
  region size 2048K, 1 young (2048K), 1 survivors (2048K)
 Metaspace       used 5195K, capacity 5296K, committed 5376K, reserved 1056768K
  class space    used 418K, capacity 464K, committed 512K, reserved 1048576K
}

Deoptimization events (4 events):
Event: 0.072 Thread 0x00007fe65c016800 Uncommon trap: trap_request=0xffffff4d fr.pc=0x00007fe64c31f30c relative=0x00000000000001ec
Event: 0.072 Thread 0x00007fe65c016800 Uncommon trap: reason=unstable_if action=reinterpret pc=0x00007fe64c31f30c method=java.lang.String.hashCode()I @ 14 c2
Event: 0.072 Thread 0x00007fe65c016800 DEOPT PACKING pc=0x00007fe64c31f30c sp=0x00007fe661a798e0
Event: 0.072 Thread 0x00007fe65c016800 DEOPT UNPACKING pc=0x00007fe64489cea5 sp=0x00007fe661a79890 mode 2

Classes redefined (0 events):
No events

Internal exceptions (0 events):
No events

Events (20 events):
Event: 0.088 loading class java/util/AbstractList$ListItr
Event: 0.088 loading class java/util/AbstractList$Itr
Event: 0.088 loading class java/util/AbstractList$Itr done
Event: 0.088 loading class java/util/AbstractList$ListItr done
Event: 0.088 loading class kotlin/UnsignedKt
Event: 0.088 loading class kotlin/UnsignedKt done
Event: 0.089 loading class kotlin/ranges/URangesKt
Event: 0.089 loading class kotlin/ranges/URangesKt done
Event: 0.089 loading class kotlin/ranges/URangesKt___URangesKt
Event: 0.089 loading class kotlin/ranges/URangesKt___URangesKt done
Event: 0.099 Thread 0x00007fe600083800 Thread added: 0x00007fe600083800
Event: 0.099 Protecting memory [0x00007fe62c8e3000,0x00007fe62c8e7000] with protection modes 0
Event: 0.100 Thread 0x00007fe60008e000 Thread added: 0x00007fe60008e000
Event: 0.100 Protecting memory [0x00007fe62c7e2000,0x00007fe62c7e6000] with protection modes 0
Event: 0.158 Executing VM operation: G1CollectForAllocation
Event: 0.159 Executing VM operation: G1CollectForAllocation done
Event: 0.159 Executing VM operation: RevokeBias
Event: 0.159 Executing VM operation: RevokeBias done
Event: 0.159 Executing VM operation: RevokeBias
Event: 0.159 Executing VM operation: RevokeBias done


Dynamic libraries:
60c600000-62ba00000 rw-p 00000000 00:00 0 
62ba00000-800000000 ---p 00000000 00:00 0 
800000000-800080000 rw-p 00000000 00:00 0 
800080000-840000000 ---p 00000000 00:00 0 
55bf37f27000-55bf37f28000 r--p 00000000 08:02 1968997                    /usr/lib/jvm/java-11-openjdk/bin/java
55bf37f28000-55bf37f29000 r-xp 00001000 08:02 1968997                    /usr/lib/jvm/java-11-openjdk/bin/java
55bf37f29000-55bf37f2a000 r--p 00002000 08:02 1968997                    /usr/lib/jvm/java-11-openjdk/bin/java
55bf37f2a000-55bf37f2b000 r--p 00002000 08:02 1968997                    /usr/lib/jvm/java-11-openjdk/bin/java
55bf37f2b000-55bf37f2c000 rw-p 00003000 08:02 1968997                    /usr/lib/jvm/java-11-openjdk/bin/java
55bf388f7000-55bf38918000 rw-p 00000000 00:00 0                          [heap]
7fe5cc000000-7fe5cc021000 rw-p 00000000 00:00 0 
7fe5cc021000-7fe5d0000000 ---p 00000000 00:00 0 
7fe5d0000000-7fe5d0021000 rw-p 00000000 00:00 0 
7fe5d0021000-7fe5d4000000 ---p 00000000 00:00 0 
7fe5d4000000-7fe5d4021000 rw-p 00000000 00:00 0 
7fe5d4021000-7fe5d8000000 ---p 00000000 00:00 0 
7fe5d8000000-7fe5d8021000 rw-p 00000000 00:00 0 
7fe5d8021000-7fe5dc000000 ---p 00000000 00:00 0 
7fe5dc000000-7fe5dc021000 rw-p 00000000 00:00 0 
7fe5dc021000-7fe5e0000000 ---p 00000000 00:00 0 
7fe5e0000000-7fe5e0021000 rw-p 00000000 00:00 0 
7fe5e0021000-7fe5e4000000 ---p 00000000 00:00 0 
7fe5e4000000-7fe5e4402000 rw-p 00000000 00:00 0 
7fe5e4402000-7fe5e8000000 ---p 00000000 00:00 0 
7fe5e8000000-7fe5e8021000 rw-p 00000000 00:00 0 
7fe5e8021000-7fe5ec000000 ---p 00000000 00:00 0 
7fe5ec000000-7fe5ec021000 rw-p 00000000 00:00 0 
7fe5ec021000-7fe5f0000000 ---p 00000000 00:00 0 
7fe5f0000000-7fe5f048f000 rw-p 00000000 00:00 0 
7fe5f048f000-7fe5f4000000 ---p 00000000 00:00 0 
7fe5f4000000-7fe5f4021000 rw-p 00000000 00:00 0 
7fe5f4021000-7fe5f8000000 ---p 00000000 00:00 0 
7fe5f8000000-7fe5f8021000 rw-p 00000000 00:00 0 
7fe5f8021000-7fe5fc000000 ---p 00000000 00:00 0 
7fe5fc000000-7fe5fc45c000 rw-p 00000000 00:00 0 
7fe5fc45c000-7fe600000000 ---p 00000000 00:00 0 
7fe600000000-7fe6000b0000 rw-p 00000000 00:00 0 
7fe6000b0000-7fe604000000 ---p 00000000 00:00 0 
7fe604000000-7fe604021000 rw-p 00000000 00:00 0 
7fe604021000-7fe608000000 ---p 00000000 00:00 0 
7fe608000000-7fe608021000 rw-p 00000000 00:00 0 
7fe608021000-7fe60c000000 ---p 00000000 00:00 0 
7fe60c000000-7fe60c021000 rw-p 00000000 00:00 0 
7fe60c021000-7fe610000000 ---p 00000000 00:00 0 
7fe610000000-7fe610021000 rw-p 00000000 00:00 0 
7fe610021000-7fe614000000 ---p 00000000 00:00 0 
7fe614000000-7fe614021000 rw-p 00000000 00:00 0 
7fe614021000-7fe618000000 ---p 00000000 00:00 0 
7fe618000000-7fe618021000 rw-p 00000000 00:00 0 
7fe618021000-7fe61c000000 ---p 00000000 00:00 0 
7fe61c000000-7fe61c021000 rw-p 00000000 00:00 0 
7fe61c021000-7fe620000000 ---p 00000000 00:00 0 
7fe620000000-7fe620021000 rw-p 00000000 00:00 0 
7fe620021000-7fe624000000 ---p 00000000 00:00 0 
7fe626000000-7fe628000000 rw-p 00000000 00:00 0 
7fe628000000-7fe628021000 rw-p 00000000 00:00 0 
7fe628021000-7fe62c000000 ---p 00000000 00:00 0 
7fe62c0d4000-7fe62c0d5000 ---p 00000000 00:00 0 
7fe62c0d5000-7fe62c1d6000 rw-p 00000000 00:00 0 
7fe62c1d6000-7fe62c1d7000 ---p 00000000 00:00 0 
7fe62c1d7000-7fe62c2d8000 rw-p 00000000 00:00 0 
7fe62c2d8000-7fe62c2d9000 ---p 00000000 00:00 0 
7fe62c2d9000-7fe62c3da000 rw-p 00000000 00:00 0 
7fe62c3da000-7fe62c3db000 ---p 00000000 00:00 0 
7fe62c3db000-7fe62c4dc000 rw-p 00000000 00:00 0 
7fe62c4dc000-7fe62c4dd000 ---p 00000000 00:00 0 
7fe62c4dd000-7fe62c5de000 rw-p 00000000 00:00 0 
7fe62c5de000-7fe62c5df000 ---p 00000000 00:00 0 
7fe62c5df000-7fe62c6e0000 rw-p 00000000 00:00 0 
7fe62c6e0000-7fe62c6e1000 ---p 00000000 00:00 0 
7fe62c6e1000-7fe62c7e2000 rw-p 00000000 00:00 0 
7fe62c7e2000-7fe62c7e6000 ---p 00000000 00:00 0 
7fe62c7e6000-7fe62c8e3000 rw-p 00000000 00:00 0 
7fe62c8e3000-7fe62c8e7000 ---p 00000000 00:00 0 
7fe62c8e7000-7fe62c9e4000 rw-p 00000000 00:00 0 
7fe62c9e4000-7fe62c9e8000 ---p 00000000 00:00 0 
7fe62c9e8000-7fe62cae5000 rw-p 00000000 00:00 0 
7fe62cae5000-7fe62cae6000 ---p 00000000 00:00 0 
7fe62cae6000-7fe62cbe7000 rw-p 00000000 00:00 0 
7fe62cbe7000-7fe62cbeb000 ---p 00000000 00:00 0 
7fe62cbeb000-7fe62cce8000 rw-p 00000000 00:00 0 
7fe62cce8000-7fe62ccec000 ---p 00000000 00:00 0 
7fe62ccec000-7fe62cde9000 rw-p 00000000 00:00 0 
7fe62cde9000-7fe62cded000 ---p 00000000 00:00 0 
7fe62cded000-7fe62ceea000 rw-p 00000000 00:00 0 
7fe62ceea000-7fe62ceee000 ---p 00000000 00:00 0 
7fe62ceee000-7fe62cfeb000 rw-p 00000000 00:00 0 
7fe62cfeb000-7fe62cfef000 ---p 00000000 00:00 0 
7fe62cfef000-7fe62d0ec000 rw-p 00000000 00:00 0 
7fe62d0ec000-7fe62d3d4000 r--p 00000000 08:02 14491448                   /usr/lib/locale/locale-archive
7fe62d3d4000-7fe62d3d8000 ---p 00000000 00:00 0 
7fe62d3d8000-7fe62d4d5000 rw-p 00000000 00:00 0 
7fe62d4d5000-7fe62d4d9000 ---p 00000000 00:00 0 
7fe62d4d9000-7fe62d5d6000 rw-p 00000000 00:00 0 
7fe62d5d6000-7fe62d5d7000 ---p 00000000 00:00 0 
7fe62d5d7000-7fe62df29000 rw-p 00000000 00:00 0 
7fe62df29000-7fe635441000 ---p 00000000 00:00 0 
7fe635441000-7fe635c11000 rw-p 00000000 00:00 0 
7fe635c11000-7fe63d129000 ---p 00000000 00:00 0 
7fe63d129000-7fe63d223000 rw-p 00000000 00:00 0 
7fe63d223000-7fe63e0c6000 ---p 00000000 00:00 0 
7fe63e0c6000-7fe63e1c0000 rw-p 00000000 00:00 0 
7fe63e1c0000-7fe63f063000 ---p 00000000 00:00 0 
7fe63f063000-7fe63f15d000 rw-p 00000000 00:00 0 
7fe63f15d000-7fe640000000 ---p 00000000 00:00 0 
7fe640000000-7fe640021000 rw-p 00000000 00:00 0 
7fe640021000-7fe644000000 ---p 00000000 00:00 0 
7fe644022000-7fe644513000 rw-p 00000000 00:00 0 
7fe644513000-7fe644853000 ---p 00000000 00:00 0 
7fe644853000-7fe644ac3000 rwxp 00000000 00:00 0 
7fe644ac3000-7fe644de4000 ---p 00000000 00:00 0 
7fe644de4000-7fe645054000 rwxp 00000000 00:00 0 
7fe645054000-7fe64c31b000 ---p 00000000 00:00 0 
7fe64c31b000-7fe64c58b000 rwxp 00000000 00:00 0 
7fe64c58b000-7fe653853000 ---p 00000000 00:00 0 
7fe653853000-7fe65c000000 r--s 00000000 08:02 1976524                    /usr/lib/jvm/java-11-openjdk/lib/modules
7fe65c000000-7fe65c458000 rw-p 00000000 00:00 0 
7fe65c458000-7fe660000000 ---p 00000000 00:00 0 
7fe660003000-7fe660007000 r--p 00000000 08:02 1976496                    /usr/lib/jvm/java-11-openjdk/lib/libnet.so
7fe660007000-7fe660016000 r-xp 00004000 08:02 1976496                    /usr/lib/jvm/java-11-openjdk/lib/libnet.so
7fe660016000-7fe66001a000 r--p 00013000 08:02 1976496                    /usr/lib/jvm/java-11-openjdk/lib/libnet.so
7fe66001a000-7fe66001b000 r--p 00016000 08:02 1976496                    /usr/lib/jvm/java-11-openjdk/lib/libnet.so
7fe66001b000-7fe66001c000 rw-p 00017000 08:02 1976496                    /usr/lib/jvm/java-11-openjdk/lib/libnet.so
7fe66001c000-7fe660023000 r--p 00000000 08:02 1976501                    /usr/lib/jvm/java-11-openjdk/lib/libnio.so
7fe660023000-7fe66002a000 r-xp 00007000 08:02 1976501                    /usr/lib/jvm/java-11-openjdk/lib/libnio.so
7fe66002a000-7fe66002d000 r--p 0000e000 08:02 1976501                    /usr/lib/jvm/java-11-openjdk/lib/libnio.so
7fe66002d000-7fe66002e000 r--p 00010000 08:02 1976501                    /usr/lib/jvm/java-11-openjdk/lib/libnio.so
7fe66002e000-7fe66002f000 rw-p 00011000 08:02 1976501                    /usr/lib/jvm/java-11-openjdk/lib/libnio.so
7fe66002f000-7fe6600f4000 rw-p 00000000 00:00 0 
7fe6600f4000-7fe6600f5000 ---p 00000000 00:00 0 
7fe6600f5000-7fe6601f6000 rw-p 00000000 00:00 0 
7fe6601f6000-7fe6601f7000 ---p 00000000 00:00 0 
7fe6601f7000-7fe660b00000 rw-p 00000000 00:00 0 
7fe660b00000-7fe660b01000 ---p 00000000 00:00 0 
7fe660b01000-7fe660c02000 rw-p 00000000 00:00 0 
7fe660c02000-7fe660c03000 ---p 00000000 00:00 0 
7fe660c03000-7fe66164d000 rw-p 00000000 00:00 0 
7fe66164d000-7fe66164e000 ---p 00000000 00:00 0 
7fe66164e000-7fe661754000 rw-p 00000000 00:00 0 
7fe661754000-7fe66183a000 ---p 00000000 00:00 0 
7fe66183a000-7fe66183f000 rw-p 00000000 00:00 0 
7fe66183f000-7fe661925000 ---p 00000000 00:00 0 
7fe661925000-7fe66192a000 rw-p 00000000 00:00 0 
7fe66192a000-7fe661931000 ---p 00000000 00:00 0 
7fe661931000-7fe661933000 r--p 00000000 08:02 1976523                    /usr/lib/jvm/java-11-openjdk/lib/libzip.so
7fe661933000-7fe661937000 r-xp 00002000 08:02 1976523                    /usr/lib/jvm/java-11-openjdk/lib/libzip.so
7fe661937000-7fe661939000 r--p 00006000 08:02 1976523                    /usr/lib/jvm/java-11-openjdk/lib/libzip.so
7fe661939000-7fe66193a000 r--p 00007000 08:02 1976523                    /usr/lib/jvm/java-11-openjdk/lib/libzip.so
7fe66193a000-7fe66193b000 rw-p 00008000 08:02 1976523                    /usr/lib/jvm/java-11-openjdk/lib/libzip.so
7fe66193b000-7fe661943000 rw-s 00000000 00:24 469250                     /tmp/hsperfdata_stepanov/2832593
7fe661943000-7fe661951000 r--p 00000000 08:02 1976470                    /usr/lib/jvm/java-11-openjdk/lib/libjava.so
7fe661951000-7fe661966000 r-xp 0000e000 08:02 1976470                    /usr/lib/jvm/java-11-openjdk/lib/libjava.so
7fe661966000-7fe66196c000 r--p 00023000 08:02 1976470                    /usr/lib/jvm/java-11-openjdk/lib/libjava.so
7fe66196c000-7fe66196d000 ---p 00029000 08:02 1976470                    /usr/lib/jvm/java-11-openjdk/lib/libjava.so
7fe66196d000-7fe66196e000 r--p 00029000 08:02 1976470                    /usr/lib/jvm/java-11-openjdk/lib/libjava.so
7fe66196e000-7fe66196f000 rw-p 0002a000 08:02 1976470                    /usr/lib/jvm/java-11-openjdk/lib/libjava.so
7fe66196f000-7fe661970000 rw-p 00000000 00:00 0 
7fe661970000-7fe661973000 r--p 00000000 08:02 14421227                   /usr/lib/librt-2.33.so
7fe661973000-7fe661977000 r-xp 00003000 08:02 14421227                   /usr/lib/librt-2.33.so
7fe661977000-7fe661979000 r--p 00007000 08:02 14421227                   /usr/lib/librt-2.33.so
7fe661979000-7fe66197a000 r--p 00008000 08:02 14421227                   /usr/lib/librt-2.33.so
7fe66197a000-7fe66197b000 rw-p 00009000 08:02 14421227                   /usr/lib/librt-2.33.so
7fe66197b000-7fe66197f000 ---p 00000000 00:00 0 
7fe66197f000-7fe661a7c000 rw-p 00000000 00:00 0 
7fe661a7c000-7fe661a7f000 r--p 00000000 08:02 14421476                   /usr/lib/libgcc_s.so.1
7fe661a7f000-7fe661a91000 r-xp 00003000 08:02 14421476                   /usr/lib/libgcc_s.so.1
7fe661a91000-7fe661a94000 r--p 00015000 08:02 14421476                   /usr/lib/libgcc_s.so.1
7fe661a94000-7fe661a95000 ---p 00018000 08:02 14421476                   /usr/lib/libgcc_s.so.1
7fe661a95000-7fe661a96000 r--p 00018000 08:02 14421476                   /usr/lib/libgcc_s.so.1
7fe661a96000-7fe661a97000 rw-p 00019000 08:02 14421476                   /usr/lib/libgcc_s.so.1
7fe661a97000-7fe661aa6000 r--p 00000000 08:02 14421113                   /usr/lib/libm-2.33.so
7fe661aa6000-7fe661b40000 r-xp 0000f000 08:02 14421113                   /usr/lib/libm-2.33.so
7fe661b40000-7fe661bd8000 r--p 000a9000 08:02 14421113                   /usr/lib/libm-2.33.so
7fe661bd8000-7fe661bd9000 ---p 00141000 08:02 14421113                   /usr/lib/libm-2.33.so
7fe661bd9000-7fe661bda000 r--p 00141000 08:02 14421113                   /usr/lib/libm-2.33.so
7fe661bda000-7fe661bdb000 rw-p 00142000 08:02 14421113                   /usr/lib/libm-2.33.so
7fe661bdb000-7fe661c74000 r--p 00000000 08:02 14477167                   /usr/lib/libstdc++.so.6.0.29
7fe661c74000-7fe661d74000 r-xp 00099000 08:02 14477167                   /usr/lib/libstdc++.so.6.0.29
7fe661d74000-7fe661de0000 r--p 00199000 08:02 14477167                   /usr/lib/libstdc++.so.6.0.29
7fe661de0000-7fe661ded000 r--p 00204000 08:02 14477167                   /usr/lib/libstdc++.so.6.0.29
7fe661ded000-7fe661dee000 rw-p 00211000 08:02 14477167                   /usr/lib/libstdc++.so.6.0.29
7fe661dee000-7fe661df1000 rw-p 00000000 00:00 0 
7fe661df1000-7fe662069000 r--p 00000000 08:02 1976538                    /usr/lib/jvm/java-11-openjdk/lib/server/libjvm.so
7fe662069000-7fe662c6d000 r-xp 00278000 08:02 1976538                    /usr/lib/jvm/java-11-openjdk/lib/server/libjvm.so
7fe662c6d000-7fe662ead000 r--p 00e7c000 08:02 1976538                    /usr/lib/jvm/java-11-openjdk/lib/server/libjvm.so
7fe662ead000-7fe662eae000 ---p 010bc000 08:02 1976538                    /usr/lib/jvm/java-11-openjdk/lib/server/libjvm.so
7fe662eae000-7fe662f6f000 r--p 010bc000 08:02 1976538                    /usr/lib/jvm/java-11-openjdk/lib/server/libjvm.so
7fe662f6f000-7fe662fa9000 rw-p 0117d000 08:02 1976538                    /usr/lib/jvm/java-11-openjdk/lib/server/libjvm.so
7fe662fa9000-7fe663001000 rw-p 00000000 00:00 0 
7fe663001000-7fe663008000 r--p 00000000 08:02 14421201                   /usr/lib/libpthread-2.33.so
7fe663008000-7fe663017000 r-xp 00007000 08:02 14421201                   /usr/lib/libpthread-2.33.so
7fe663017000-7fe66301b000 r--p 00016000 08:02 14421201                   /usr/lib/libpthread-2.33.so
7fe66301b000-7fe66301c000 ---p 0001a000 08:02 14421201                   /usr/lib/libpthread-2.33.so
7fe66301c000-7fe66301d000 r--p 0001a000 08:02 14421201                   /usr/lib/libpthread-2.33.so
7fe66301d000-7fe66301e000 rw-p 0001b000 08:02 14421201                   /usr/lib/libpthread-2.33.so
7fe66301e000-7fe663022000 rw-p 00000000 00:00 0 
7fe663022000-7fe663024000 r--p 00000000 08:02 14421089                   /usr/lib/libdl-2.33.so
7fe663024000-7fe663026000 r-xp 00002000 08:02 14421089                   /usr/lib/libdl-2.33.so
7fe663026000-7fe663027000 r--p 00004000 08:02 14421089                   /usr/lib/libdl-2.33.so
7fe663027000-7fe663028000 r--p 00004000 08:02 14421089                   /usr/lib/libdl-2.33.so
7fe663028000-7fe663029000 rw-p 00005000 08:02 14421089                   /usr/lib/libdl-2.33.so
7fe663029000-7fe66302c000 r--p 00000000 08:02 14439370                   /usr/lib/libz.so.1.2.11
7fe66302c000-7fe66303a000 r-xp 00003000 08:02 14439370                   /usr/lib/libz.so.1.2.11
7fe66303a000-7fe663040000 r--p 00011000 08:02 14439370                   /usr/lib/libz.so.1.2.11
7fe663040000-7fe663041000 ---p 00017000 08:02 14439370                   /usr/lib/libz.so.1.2.11
7fe663041000-7fe663042000 r--p 00017000 08:02 14439370                   /usr/lib/libz.so.1.2.11
7fe663042000-7fe663043000 rw-p 00018000 08:02 14439370                   /usr/lib/libz.so.1.2.11
7fe663043000-7fe663069000 r--p 00000000 08:02 14421056                   /usr/lib/libc-2.33.so
7fe663069000-7fe6631b4000 r-xp 00026000 08:02 14421056                   /usr/lib/libc-2.33.so
7fe6631b4000-7fe663200000 r--p 00171000 08:02 14421056                   /usr/lib/libc-2.33.so
7fe663200000-7fe663203000 r--p 001bc000 08:02 14421056                   /usr/lib/libc-2.33.so
7fe663203000-7fe663206000 rw-p 001bf000 08:02 14421056                   /usr/lib/libc-2.33.so
7fe663206000-7fe66320f000 rw-p 00000000 00:00 0 
7fe663216000-7fe663218000 r--p 00000000 08:02 14421153                   /usr/lib/libnss_compat-2.33.so
7fe663218000-7fe66321e000 r-xp 00002000 08:02 14421153                   /usr/lib/libnss_compat-2.33.so
7fe66321e000-7fe66321f000 r--p 00008000 08:02 14421153                   /usr/lib/libnss_compat-2.33.so
7fe66321f000-7fe663220000 r--p 00008000 08:02 14421153                   /usr/lib/libnss_compat-2.33.so
7fe663220000-7fe663221000 rw-p 00009000 08:02 14421153                   /usr/lib/libnss_compat-2.33.so
7fe663221000-7fe663222000 ---p 00000000 00:00 0 
7fe663222000-7fe663223000 r--p 00000000 00:00 0 
7fe663223000-7fe663225000 r--p 00000000 08:02 1976476                    /usr/lib/jvm/java-11-openjdk/lib/libjimage.so
7fe663225000-7fe663228000 r-xp 00002000 08:02 1976476                    /usr/lib/jvm/java-11-openjdk/lib/libjimage.so
7fe663228000-7fe663229000 r--p 00005000 08:02 1976476                    /usr/lib/jvm/java-11-openjdk/lib/libjimage.so
7fe663229000-7fe66322a000 ---p 00006000 08:02 1976476                    /usr/lib/jvm/java-11-openjdk/lib/libjimage.so
7fe66322a000-7fe66322b000 r--p 00006000 08:02 1976476                    /usr/lib/jvm/java-11-openjdk/lib/libjimage.so
7fe66322b000-7fe66322c000 rw-p 00007000 08:02 1976476                    /usr/lib/jvm/java-11-openjdk/lib/libjimage.so
7fe66322c000-7fe663231000 r--p 00000000 08:02 1976521                    /usr/lib/jvm/java-11-openjdk/lib/libverify.so
7fe663231000-7fe663238000 r-xp 00005000 08:02 1976521                    /usr/lib/jvm/java-11-openjdk/lib/libverify.so
7fe663238000-7fe66323a000 r--p 0000c000 08:02 1976521                    /usr/lib/jvm/java-11-openjdk/lib/libverify.so
7fe66323a000-7fe66323c000 r--p 0000d000 08:02 1976521                    /usr/lib/jvm/java-11-openjdk/lib/libverify.so
7fe66323c000-7fe66323d000 rw-p 0000f000 08:02 1976521                    /usr/lib/jvm/java-11-openjdk/lib/libverify.so
7fe66323d000-7fe663240000 r--p 00000000 08:02 1976252                    /usr/lib/jvm/java-11-openjdk/lib/jli/libjli.so
7fe663240000-7fe66324a000 r-xp 00003000 08:02 1976252                    /usr/lib/jvm/java-11-openjdk/lib/jli/libjli.so
7fe66324a000-7fe66324d000 r--p 0000d000 08:02 1976252                    /usr/lib/jvm/java-11-openjdk/lib/jli/libjli.so
7fe66324d000-7fe66324e000 ---p 00010000 08:02 1976252                    /usr/lib/jvm/java-11-openjdk/lib/jli/libjli.so
7fe66324e000-7fe66324f000 r--p 00010000 08:02 1976252                    /usr/lib/jvm/java-11-openjdk/lib/jli/libjli.so
7fe66324f000-7fe663250000 rw-p 00011000 08:02 1976252                    /usr/lib/jvm/java-11-openjdk/lib/jli/libjli.so
7fe663250000-7fe663252000 rw-p 00000000 00:00 0 
7fe663252000-7fe663253000 r--p 00000000 08:02 14420974                   /usr/lib/ld-2.33.so
7fe663253000-7fe663277000 r-xp 00001000 08:02 14420974                   /usr/lib/ld-2.33.so
7fe663277000-7fe663280000 r--p 00025000 08:02 14420974                   /usr/lib/ld-2.33.so
7fe663280000-7fe663282000 r--p 0002d000 08:02 14420974                   /usr/lib/ld-2.33.so
7fe663282000-7fe663284000 rw-p 0002f000 08:02 14420974                   /usr/lib/ld-2.33.so
7ffe09c35000-7ffe09c56000 rw-p 00000000 00:00 0                          [stack]
7ffe09dbe000-7ffe09dc2000 r--p 00000000 00:00 0                          [vvar]
7ffe09dc2000-7ffe09dc4000 r-xp 00000000 00:00 0                          [vdso]
ffffffffff600000-ffffffffff601000 --xp 00000000 00:00 0                  [vsyscall]


VM Arguments:
java_command: Tmp0Kt
java_class_path (initial): tmp/lib/kotlin-stdlib-1.4.0.jar:tmp/lib/kotlin-stdlib-common-1.4.0.jar:tmp/lib/kotlin-test-1.4.0.jar:tmp/lib/kotlin-test-common-1.4.0.jar:tmp/lib/kotlin-reflect-1.4.0.jar:tmp/lib/kotlin-script-runtime-1.4.0.jar:tmp/lib/kotlin-stdlib-jdk8-1.4.0.jar:tmp/lib/kotlin-stdlib-jdk7-1.4.0.jar:tmp/tmp.jar
Launcher Type: SUN_STANDARD

[Global flags]
     intx CICompilerCount                          = 4                                         {product} {ergonomic}
     uint ConcGCThreads                            = 2                                         {product} {ergonomic}
     uint G1ConcRefinementThreads                  = 8                                         {product} {ergonomic}
   size_t G1HeapRegionSize                         = 2097152                                   {product} {ergonomic}
    uintx GCDrainStackTargetSize                   = 64                                        {product} {ergonomic}
   size_t InitialHeapSize                          = 524288000                                 {product} {ergonomic}
   size_t MarkStackSize                            = 4194304                                   {product} {ergonomic}
   size_t MaxHeapSize                              = 8382316544                                {product} {ergonomic}
   size_t MaxNewSize                               = 5028970496                                {product} {ergonomic}
   size_t MinHeapDeltaBytes                        = 2097152                                   {product} {ergonomic}
    uintx NonNMethodCodeHeapSize                   = 5836300                                {pd product} {ergonomic}
    uintx NonProfiledCodeHeapSize                  = 122910970                              {pd product} {ergonomic}
    uintx ProfiledCodeHeapSize                     = 122910970                              {pd product} {ergonomic}
    uintx ReservedCodeCacheSize                    = 251658240                              {pd product} {ergonomic}
     bool SegmentedCodeCache                       = true                                      {product} {ergonomic}
     bool UseCompressedClassPointers               = true                                 {lp64_product} {ergonomic}
     bool UseCompressedOops                        = true                                 {lp64_product} {ergonomic}
     bool UseG1GC                                  = true                                      {product} {ergonomic}

Logging:
Log output configuration:
 #0: stdout all=warning uptime,level,tags
 #1: stderr all=off uptime,level,tags

Environment Variables:
JAVA_HOME=/usr/lib/jvm/java-11-openjdk
PATH=/usr/lib/jvm/java-14-openjdk/bin:/usr/local/bin:/usr/local/sbin:/usr/bin:/opt/android-sdk/tools:/opt/android-sdk/tools/bin:/usr/lib/jvm/default/bin:/usr/lib/smlnj/bin
LD_LIBRARY_PATH=/opt/cuda/lib64
SHELL=/bin/bash
DISPLAY=:0.0
LANG=en_US.UTF-8

Signal Handlers:
SIGSEGV: [libjvm.so+0xe0a500], sa_mask[0]=11111111011111111101111111111110, sa_flags=SA_RESTART|SA_SIGINFO
SIGBUS: [libjvm.so+0xe0a500], sa_mask[0]=11111111011111111101111111111110, sa_flags=SA_RESTART|SA_SIGINFO
SIGFPE: [libjvm.so+0xe0a500], sa_mask[0]=11111111011111111101111111111110, sa_flags=SA_RESTART|SA_SIGINFO
SIGPIPE: [libjvm.so+0xbf93d0], sa_mask[0]=11111111011111111101111111111110, sa_flags=SA_RESTART|SA_SIGINFO
SIGXFSZ: [libjvm.so+0xbf93d0], sa_mask[0]=11111111011111111101111111111110, sa_flags=SA_RESTART|SA_SIGINFO
SIGILL: [libjvm.so+0xe0a500], sa_mask[0]=11111111011111111101111111111110, sa_flags=SA_RESTART|SA_SIGINFO
SIGUSR2: [libjvm.so+0xbf9260], sa_mask[0]=00100000000000000000000000000000, sa_flags=SA_RESTART|SA_SIGINFO
SIGHUP: [libjvm.so+0xbf9860], sa_mask[0]=11111111011111111101111111111110, sa_flags=SA_RESTART|SA_SIGINFO
SIGINT: [libjvm.so+0xbf9860], sa_mask[0]=11111111011111111101111111111110, sa_flags=SA_RESTART|SA_SIGINFO
SIGTERM: [libjvm.so+0xbf9860], sa_mask[0]=11111111011111111101111111111110, sa_flags=SA_RESTART|SA_SIGINFO
SIGQUIT: [libjvm.so+0xbf9860], sa_mask[0]=11111111011111111101111111111110, sa_flags=SA_RESTART|SA_SIGINFO


---------------  S Y S T E M  ---------------

OS:LSB_VERSION=1.4
DISTRIB_ID=Arch
DISTRIB_RELEASE=rolling
DISTRIB_DESCRIPTION="Arch Linux"
uname:Linux 5.15.4-arch1-1 #1 SMP PREEMPT Sun, 21 Nov 2021 21:34:33 +0000 x86_64
OS uptime: 9 days 17:07 hours
libc:glibc 2.33 NPTL 2.33 
rlimit (soft/hard): STACK 8192k/infinity , CORE infinity/infinity , NPROC 127832/127832 , NOFILE 524288/524288 , AS infinity/infinity , CPU infinity/infinity , DATA infinity/infinity , FSIZE infinity/infinity , MEMLOCK 1024k/1024k
load average:3.75 3.26 3.13

/proc/meminfo:
MemTotal:       32740680 kB
MemFree:        16084192 kB
MemAvailable:   22012000 kB
Buffers:          385204 kB
Cached:          6068156 kB
SwapCached:            0 kB
Active:          2298732 kB
Inactive:       13563584 kB
Active(anon):      55284 kB
Inactive(anon):  9695072 kB
Active(file):    2243448 kB
Inactive(file):  3868512 kB
Unevictable:      264664 kB
Mlocked:              64 kB
SwapTotal:      32575484 kB
SwapFree:       32575484 kB
Dirty:              1116 kB
Writeback:             0 kB
AnonPages:       9673840 kB
Mapped:          1347276 kB
Shmem:            341396 kB
KReclaimable:     279004 kB
Slab:             371616 kB
SReclaimable:     279004 kB
SUnreclaim:        92612 kB
KernelStack:       15728 kB
PageTables:        43484 kB
NFS_Unstable:          0 kB
Bounce:                0 kB
WritebackTmp:          0 kB
CommitLimit:    48945824 kB
Committed_AS:   13490000 kB
VmallocTotal:   34359738367 kB
VmallocUsed:       39024 kB
VmallocChunk:          0 kB
Percpu:             5792 kB
HardwareCorrupted:     0 kB
AnonHugePages:         0 kB
ShmemHugePages:        0 kB
ShmemPmdMapped:        0 kB
FileHugePages:         0 kB
FilePmdMapped:         0 kB
CmaTotal:              0 kB
CmaFree:               0 kB
HugePages_Total:       0
HugePages_Free:        0
HugePages_Rsvd:        0
HugePages_Surp:        0
Hugepagesize:       2048 kB
Hugetlb:               0 kB
DirectMap4k:      393304 kB
DirectMap2M:    22542336 kB
DirectMap1G:    11534336 kB

/sys/kernel/mm/transparent_hugepage/enabled:
always [madvise] never
/sys/kernel/mm/transparent_hugepage/defrag (defrag/compaction efforts parameter):
always defer defer+madvise [madvise] never

Process Memory:
Virtual Size: 11677508K (peak: 11677508K)
Resident Set Size: 97668K (peak: 97668K) (anon: 78532K, file: 19104K, shmem: 32K)
Swapped out: 0K
C-Heap outstanding allocations: 13912K

/proc/sys/kernel/threads-max (system-wide limit on the number of threads):
255665
/proc/sys/vm/max_map_count (maximum number of memory map areas a process may have):
65530
/proc/sys/kernel/pid_max (system-wide limit on number of process identifiers):
4194304

Steal ticks since vm start: 0
Steal ticks percentage since vm start:  0.000

CPU:total 8 (initial active 8) (4 cores per cpu, 2 threads per core) family 6 model 60 stepping 3 microcode 0x1c, cmov, cx8, fxsr, mmx, sse, sse2, sse3, ssse3, sse4.1, sse4.2, popcnt, avx, avx2, aes, clmul, erms, lzcnt, ht, tsc, tscinvbit, bmi1, bmi2, fma
CPU Model and flags from /proc/cpuinfo:
model name	: Intel(R) Core(TM) i7-4790 CPU @ 3.60GHz
flags		: fpu vme de pse tsc msr pae mce cx8 apic sep mtrr pge mca cmov pat pse36 clflush dts acpi mmx fxsr sse sse2 ss ht tm pbe syscall nx pdpe1gb rdtscp lm constant_tsc arch_perfmon pebs bts rep_good nopl xtopology nonstop_tsc cpuid aperfmperf pni pclmulqdq dtes64 monitor ds_cpl vmx smx est tm2 ssse3 sdbg fma cx16 xtpr pdcm pcid sse4_1 sse4_2 x2apic movbe popcnt aes xsave avx f16c rdrand lahf_lm abm cpuid_fault invpcid_single pti tpr_shadow vnmi flexpriority ept vpid ept_ad fsgsbase tsc_adjust bmi1 avx2 smep bmi2 erms invpcid xsaveopt dtherm ida arat pln pts
Online cpus:
0-7
Offline cpus:

BIOS frequency limitation:
<Not Available>
Frequency switch latency (ns):
20000
Available cpu frequencies:
<Not Available>
Current governor:
schedutil
Core performance/turbo boost:
<Not Available>

Memory: 4k page, physical 32740680k(16083688k free), swap 32575484k(32575484k free)

vm_info: OpenJDK 64-Bit Server VM (11.0.13+8) for linux-amd64 JRE (11.0.13+8), built on Nov  9 2021 19:45:44 by "builduser" with gcc 11.1.0

END.
